... building the model
... training
epoch 1, minibatch 100/100, validation error 70.454545 %
     epoch 1, minibatch 100/100, test error of best model 69.828283 %
epoch 2, minibatch 100/100, validation error 69.101010 %
     epoch 2, minibatch 100/100, test error of best model 68.181818 %
epoch 3, minibatch 100/100, validation error 68.515152 %
     epoch 3, minibatch 100/100, test error of best model 67.505051 %
epoch 4, minibatch 100/100, validation error 68.080808 %
     epoch 4, minibatch 100/100, test error of best model 66.868687 %
epoch 5, minibatch 100/100, validation error 67.767677 %
     epoch 5, minibatch 100/100, test error of best model 66.272727 %
epoch 6, minibatch 100/100, validation error 67.282828 %
     epoch 6, minibatch 100/100, test error of best model 65.757576 %
epoch 7, minibatch 100/100, validation error 67.232323 %
     epoch 7, minibatch 100/100, test error of best model 65.282828 %
epoch 8, minibatch 100/100, validation error 66.929293 %
     epoch 8, minibatch 100/100, test error of best model 64.868687 %
epoch 9, minibatch 100/100, validation error 66.626263 %
     epoch 9, minibatch 100/100, test error of best model 64.787879 %
epoch 10, minibatch 100/100, validation error 66.464646 %
     epoch 10, minibatch 100/100, test error of best model 64.565657 %
epoch 11, minibatch 100/100, validation error 66.121212 %
     epoch 11, minibatch 100/100, test error of best model 64.474747 %
epoch 12, minibatch 100/100, validation error 66.171717 %
epoch 13, minibatch 100/100, validation error 66.232323 %
epoch 14, minibatch 100/100, validation error 66.020202 %
     epoch 14, minibatch 100/100, test error of best model 64.020202 %
epoch 15, minibatch 100/100, validation error 65.949495 %
     epoch 15, minibatch 100/100, test error of best model 64.030303 %
epoch 16, minibatch 100/100, validation error 65.707071 %
     epoch 16, minibatch 100/100, test error of best model 63.838384 %
epoch 17, minibatch 100/100, validation error 65.464646 %
     epoch 17, minibatch 100/100, test error of best model 63.595960 %
epoch 18, minibatch 100/100, validation error 65.292929 %
     epoch 18, minibatch 100/100, test error of best model 63.626263 %
epoch 19, minibatch 100/100, validation error 65.121212 %
     epoch 19, minibatch 100/100, test error of best model 63.373737 %
epoch 20, minibatch 100/100, validation error 64.878788 %
     epoch 20, minibatch 100/100, test error of best model 63.383838 %
epoch 21, minibatch 100/100, validation error 64.797980 %
     epoch 21, minibatch 100/100, test error of best model 63.151515 %
epoch 22, minibatch 100/100, validation error 64.606061 %
     epoch 22, minibatch 100/100, test error of best model 62.808081 %
epoch 23, minibatch 100/100, validation error 64.555556 %
     epoch 23, minibatch 100/100, test error of best model 62.828283 %
epoch 24, minibatch 100/100, validation error 64.454545 %
     epoch 24, minibatch 100/100, test error of best model 62.676768 %
epoch 25, minibatch 100/100, validation error 64.515152 %
epoch 26, minibatch 100/100, validation error 64.333333 %
     epoch 26, minibatch 100/100, test error of best model 62.636364 %
epoch 27, minibatch 100/100, validation error 64.101010 %
     epoch 27, minibatch 100/100, test error of best model 62.474747 %
epoch 28, minibatch 100/100, validation error 64.050505 %
     epoch 28, minibatch 100/100, test error of best model 62.282828 %
epoch 29, minibatch 100/100, validation error 63.868687 %
     epoch 29, minibatch 100/100, test error of best model 62.151515 %
epoch 30, minibatch 100/100, validation error 63.545455 %
     epoch 30, minibatch 100/100, test error of best model 62.464646 %
epoch 31, minibatch 100/100, validation error 63.606061 %
epoch 32, minibatch 100/100, validation error 63.515152 %
     epoch 32, minibatch 100/100, test error of best model 62.050505 %
epoch 33, minibatch 100/100, validation error 63.393939 %
     epoch 33, minibatch 100/100, test error of best model 62.060606 %
epoch 34, minibatch 100/100, validation error 63.191919 %
     epoch 34, minibatch 100/100, test error of best model 61.848485 %
epoch 35, minibatch 100/100, validation error 63.070707 %
     epoch 35, minibatch 100/100, test error of best model 61.828283 %
epoch 36, minibatch 100/100, validation error 63.232323 %
epoch 37, minibatch 100/100, validation error 63.151515 %
epoch 38, minibatch 100/100, validation error 62.939394 %
     epoch 38, minibatch 100/100, test error of best model 61.767677 %
epoch 39, minibatch 100/100, validation error 62.727273 %
     epoch 39, minibatch 100/100, test error of best model 61.747475 %
epoch 40, minibatch 100/100, validation error 62.717172 %
     epoch 40, minibatch 100/100, test error of best model 61.717172 %
epoch 41, minibatch 100/100, validation error 62.757576 %
epoch 42, minibatch 100/100, validation error 62.626263 %
     epoch 42, minibatch 100/100, test error of best model 61.747475 %
epoch 43, minibatch 100/100, validation error 62.787879 %
epoch 44, minibatch 100/100, validation error 62.575758 %
     epoch 44, minibatch 100/100, test error of best model 61.464646 %
epoch 45, minibatch 100/100, validation error 62.404040 %
     epoch 45, minibatch 100/100, test error of best model 61.373737 %
epoch 46, minibatch 100/100, validation error 62.313131 %
     epoch 46, minibatch 100/100, test error of best model 61.414141 %
epoch 47, minibatch 100/100, validation error 62.474747 %
epoch 48, minibatch 100/100, validation error 62.363636 %
epoch 49, minibatch 100/100, validation error 62.343434 %
epoch 50, minibatch 100/100, validation error 62.424242 %
epoch 51, minibatch 100/100, validation error 62.272727 %
     epoch 51, minibatch 100/100, test error of best model 61.323232 %
epoch 52, minibatch 100/100, validation error 62.363636 %
epoch 53, minibatch 100/100, validation error 62.202020 %
     epoch 53, minibatch 100/100, test error of best model 61.191919 %
epoch 54, minibatch 100/100, validation error 62.353535 %
epoch 55, minibatch 100/100, validation error 62.222222 %
epoch 56, minibatch 100/100, validation error 62.111111 %
     epoch 56, minibatch 100/100, test error of best model 60.929293 %
epoch 57, minibatch 100/100, validation error 61.989899 %
     epoch 57, minibatch 100/100, test error of best model 60.838384 %
epoch 58, minibatch 100/100, validation error 61.858586 %
     epoch 58, minibatch 100/100, test error of best model 61.070707 %
epoch 59, minibatch 100/100, validation error 61.868687 %
epoch 60, minibatch 100/100, validation error 61.595960 %
     epoch 60, minibatch 100/100, test error of best model 61.070707 %
epoch 61, minibatch 100/100, validation error 61.606061 %
epoch 62, minibatch 100/100, validation error 61.676768 %
epoch 63, minibatch 100/100, validation error 61.656566 %
epoch 64, minibatch 100/100, validation error 61.737374 %
epoch 65, minibatch 100/100, validation error 61.747475 %
epoch 66, minibatch 100/100, validation error 61.666667 %
epoch 67, minibatch 100/100, validation error 61.646465 %
epoch 68, minibatch 100/100, validation error 61.626263 %
epoch 69, minibatch 100/100, validation error 61.515152 %
     epoch 69, minibatch 100/100, test error of best model 60.545455 %
epoch 70, minibatch 100/100, validation error 61.626263 %
epoch 71, minibatch 100/100, validation error 61.636364 %
epoch 72, minibatch 100/100, validation error 61.535354 %
epoch 73, minibatch 100/100, validation error 61.353535 %
     epoch 73, minibatch 100/100, test error of best model 60.414141 %
epoch 74, minibatch 100/100, validation error 61.333333 %
     epoch 74, minibatch 100/100, test error of best model 60.353535 %
epoch 75, minibatch 100/100, validation error 61.191919 %
     epoch 75, minibatch 100/100, test error of best model 60.343434 %
epoch 76, minibatch 100/100, validation error 61.181818 %
     epoch 76, minibatch 100/100, test error of best model 60.353535 %
epoch 77, minibatch 100/100, validation error 61.242424 %
epoch 78, minibatch 100/100, validation error 61.151515 %
     epoch 78, minibatch 100/100, test error of best model 60.202020 %
epoch 79, minibatch 100/100, validation error 61.040404 %
     epoch 79, minibatch 100/100, test error of best model 60.080808 %
epoch 80, minibatch 100/100, validation error 60.919192 %
     epoch 80, minibatch 100/100, test error of best model 60.202020 %
epoch 81, minibatch 100/100, validation error 60.969697 %
epoch 82, minibatch 100/100, validation error 60.828283 %
     epoch 82, minibatch 100/100, test error of best model 60.161616 %
epoch 83, minibatch 100/100, validation error 60.868687 %
epoch 84, minibatch 100/100, validation error 61.060606 %
epoch 85, minibatch 100/100, validation error 60.929293 %
epoch 86, minibatch 100/100, validation error 60.818182 %
     epoch 86, minibatch 100/100, test error of best model 60.000000 %
epoch 87, minibatch 100/100, validation error 60.828283 %
epoch 88, minibatch 100/100, validation error 60.686869 %
     epoch 88, minibatch 100/100, test error of best model 60.010101 %
epoch 89, minibatch 100/100, validation error 60.747475 %
epoch 90, minibatch 100/100, validation error 60.737374 %
epoch 91, minibatch 100/100, validation error 60.727273 %
epoch 92, minibatch 100/100, validation error 60.757576 %
epoch 93, minibatch 100/100, validation error 60.929293 %
epoch 94, minibatch 100/100, validation error 60.767677 %
epoch 95, minibatch 100/100, validation error 60.696970 %
epoch 96, minibatch 100/100, validation error 60.787879 %
epoch 97, minibatch 100/100, validation error 60.878788 %
epoch 98, minibatch 100/100, validation error 60.919192 %
epoch 99, minibatch 100/100, validation error 60.949495 %
epoch 100, minibatch 100/100, validation error 60.828283 %
epoch 101, minibatch 100/100, validation error 60.848485 %
epoch 102, minibatch 100/100, validation error 60.939394 %
epoch 103, minibatch 100/100, validation error 60.939394 %
epoch 104, minibatch 100/100, validation error 60.929293 %
epoch 105, minibatch 100/100, validation error 61.050505 %
epoch 106, minibatch 100/100, validation error 61.030303 %
epoch 107, minibatch 100/100, validation error 61.090909 %
epoch 108, minibatch 100/100, validation error 61.020202 %
epoch 109, minibatch 100/100, validation error 60.787879 %
epoch 110, minibatch 100/100, validation error 61.000000 %
epoch 111, minibatch 100/100, validation error 60.878788 %
epoch 112, minibatch 100/100, validation error 61.020202 %
epoch 113, minibatch 100/100, validation error 60.929293 %
epoch 114, minibatch 100/100, validation error 60.777778 %
epoch 115, minibatch 100/100, validation error 60.727273 %
epoch 116, minibatch 100/100, validation error 60.656566 %
     epoch 116, minibatch 100/100, test error of best model 59.727273 %
epoch 117, minibatch 100/100, validation error 60.686869 %
epoch 118, minibatch 100/100, validation error 60.666667 %
epoch 119, minibatch 100/100, validation error 60.606061 %
     epoch 119, minibatch 100/100, test error of best model 59.959596 %
epoch 120, minibatch 100/100, validation error 60.707071 %
epoch 121, minibatch 100/100, validation error 60.696970 %
epoch 122, minibatch 100/100, validation error 60.676768 %
epoch 123, minibatch 100/100, validation error 60.727273 %
epoch 124, minibatch 100/100, validation error 60.686869 %
epoch 125, minibatch 100/100, validation error 60.656566 %
epoch 126, minibatch 100/100, validation error 60.525253 %
     epoch 126, minibatch 100/100, test error of best model 59.888889 %
epoch 127, minibatch 100/100, validation error 60.666667 %
epoch 128, minibatch 100/100, validation error 60.666667 %
epoch 129, minibatch 100/100, validation error 60.676768 %
epoch 130, minibatch 100/100, validation error 60.414141 %
     epoch 130, minibatch 100/100, test error of best model 59.898990 %
epoch 131, minibatch 100/100, validation error 60.757576 %
epoch 132, minibatch 100/100, validation error 60.878788 %
epoch 133, minibatch 100/100, validation error 60.929293 %
epoch 134, minibatch 100/100, validation error 60.818182 %
epoch 135, minibatch 100/100, validation error 60.707071 %
epoch 136, minibatch 100/100, validation error 60.515152 %
epoch 137, minibatch 100/100, validation error 60.868687 %
epoch 138, minibatch 100/100, validation error 61.000000 %
epoch 139, minibatch 100/100, validation error 60.646465 %
epoch 140, minibatch 100/100, validation error 60.474747 %
epoch 141, minibatch 100/100, validation error 60.595960 %
epoch 142, minibatch 100/100, validation error 60.515152 %
epoch 143, minibatch 100/100, validation error 60.494949 %
epoch 144, minibatch 100/100, validation error 60.373737 %
     epoch 144, minibatch 100/100, test error of best model 59.808081 %
epoch 145, minibatch 100/100, validation error 60.555556 %
epoch 146, minibatch 100/100, validation error 60.343434 %
     epoch 146, minibatch 100/100, test error of best model 59.808081 %
epoch 147, minibatch 100/100, validation error 60.393939 %
epoch 148, minibatch 100/100, validation error 60.535354 %
epoch 149, minibatch 100/100, validation error 60.454545 %
epoch 150, minibatch 100/100, validation error 60.393939 %
epoch 151, minibatch 100/100, validation error 60.404040 %
epoch 152, minibatch 100/100, validation error 60.373737 %
epoch 153, minibatch 100/100, validation error 60.373737 %
epoch 154, minibatch 100/100, validation error 60.353535 %
epoch 155, minibatch 100/100, validation error 60.171717 %
     epoch 155, minibatch 100/100, test error of best model 59.686869 %
epoch 156, minibatch 100/100, validation error 60.232323 %
epoch 157, minibatch 100/100, validation error 60.262626 %
epoch 158, minibatch 100/100, validation error 60.292929 %
epoch 159, minibatch 100/100, validation error 60.414141 %
epoch 160, minibatch 100/100, validation error 60.424242 %
epoch 161, minibatch 100/100, validation error 60.515152 %
epoch 162, minibatch 100/100, validation error 60.545455 %
epoch 163, minibatch 100/100, validation error 60.747475 %
epoch 164, minibatch 100/100, validation error 60.515152 %
epoch 165, minibatch 100/100, validation error 60.494949 %
epoch 166, minibatch 100/100, validation error 60.666667 %
epoch 167, minibatch 100/100, validation error 60.777778 %
epoch 168, minibatch 100/100, validation error 60.606061 %
epoch 169, minibatch 100/100, validation error 60.606061 %
epoch 170, minibatch 100/100, validation error 60.737374 %
epoch 171, minibatch 100/100, validation error 60.838384 %
epoch 172, minibatch 100/100, validation error 60.888889 %
epoch 173, minibatch 100/100, validation error 60.919192 %
epoch 174, minibatch 100/100, validation error 60.878788 %
epoch 175, minibatch 100/100, validation error 60.838384 %
epoch 176, minibatch 100/100, validation error 61.050505 %
epoch 177, minibatch 100/100, validation error 61.040404 %
epoch 178, minibatch 100/100, validation error 60.767677 %
epoch 179, minibatch 100/100, validation error 60.727273 %
epoch 180, minibatch 100/100, validation error 60.737374 %
epoch 181, minibatch 100/100, validation error 60.737374 %
epoch 182, minibatch 100/100, validation error 60.676768 %
epoch 183, minibatch 100/100, validation error 60.848485 %
epoch 184, minibatch 100/100, validation error 60.737374 %
epoch 185, minibatch 100/100, validation error 61.101010 %
epoch 186, minibatch 100/100, validation error 61.222222 %
epoch 187, minibatch 100/100, validation error 60.757576 %
epoch 188, minibatch 100/100, validation error 60.838384 %
epoch 189, minibatch 100/100, validation error 60.707071 %
epoch 190, minibatch 100/100, validation error 61.111111 %
epoch 191, minibatch 100/100, validation error 60.696970 %
epoch 192, minibatch 100/100, validation error 60.696970 %
epoch 193, minibatch 100/100, validation error 60.656566 %
epoch 194, minibatch 100/100, validation error 60.747475 %
epoch 195, minibatch 100/100, validation error 60.656566 %
epoch 196, minibatch 100/100, validation error 60.888889 %
epoch 197, minibatch 100/100, validation error 60.979798 %
epoch 198, minibatch 100/100, validation error 60.434343 %
epoch 199, minibatch 100/100, validation error 60.666667 %
epoch 200, minibatch 100/100, validation error 61.070707 %
epoch 201, minibatch 100/100, validation error 60.848485 %
epoch 202, minibatch 100/100, validation error 60.898990 %
epoch 203, minibatch 100/100, validation error 60.949495 %
epoch 204, minibatch 100/100, validation error 60.959596 %
epoch 205, minibatch 100/100, validation error 60.787879 %
epoch 206, minibatch 100/100, validation error 60.868687 %
epoch 207, minibatch 100/100, validation error 60.828283 %
epoch 208, minibatch 100/100, validation error 60.828283 %
epoch 209, minibatch 100/100, validation error 60.828283 %
epoch 210, minibatch 100/100, validation error 60.848485 %
epoch 211, minibatch 100/100, validation error 61.020202 %
epoch 212, minibatch 100/100, validation error 61.101010 %
epoch 213, minibatch 100/100, validation error 60.828283 %
epoch 214, minibatch 100/100, validation error 61.080808 %
epoch 215, minibatch 100/100, validation error 60.858586 %
epoch 216, minibatch 100/100, validation error 60.909091 %
epoch 217, minibatch 100/100, validation error 60.949495 %
epoch 218, minibatch 100/100, validation error 60.989899 %
epoch 219, minibatch 100/100, validation error 61.070707 %
epoch 220, minibatch 100/100, validation error 61.010101 %
epoch 221, minibatch 100/100, validation error 60.949495 %
epoch 222, minibatch 100/100, validation error 60.828283 %
epoch 223, minibatch 100/100, validation error 60.949495 %
epoch 224, minibatch 100/100, validation error 60.838384 %
epoch 225, minibatch 100/100, validation error 60.797980 %
epoch 226, minibatch 100/100, validation error 60.878788 %
epoch 227, minibatch 100/100, validation error 60.797980 %
epoch 228, minibatch 100/100, validation error 61.010101 %
epoch 229, minibatch 100/100, validation error 60.898990 %
epoch 230, minibatch 100/100, validation error 60.959596 %
epoch 231, minibatch 100/100, validation error 60.949495 %
epoch 232, minibatch 100/100, validation error 60.969697 %
epoch 233, minibatch 100/100, validation error 60.898990 %
epoch 234, minibatch 100/100, validation error 60.787879 %
epoch 235, minibatch 100/100, validation error 61.010101 %
epoch 236, minibatch 100/100, validation error 60.808081 %
epoch 237, minibatch 100/100, validation error 60.898990 %
epoch 238, minibatch 100/100, validation error 60.959596 %
epoch 239, minibatch 100/100, validation error 60.838384 %
epoch 240, minibatch 100/100, validation error 60.868687 %
epoch 241, minibatch 100/100, validation error 60.898990 %
epoch 242, minibatch 100/100, validation error 60.878788 %
epoch 243, minibatch 100/100, validation error 61.020202 %
epoch 244, minibatch 100/100, validation error 61.000000 %
epoch 245, minibatch 100/100, validation error 60.929293 %
epoch 246, minibatch 100/100, validation error 60.949495 %
epoch 247, minibatch 100/100, validation error 61.151515 %
epoch 248, minibatch 100/100, validation error 61.121212 %
epoch 249, minibatch 100/100, validation error 61.222222 %
epoch 250, minibatch 100/100, validation error 61.272727 %
epoch 251, minibatch 100/100, validation error 61.202020 %
epoch 252, minibatch 100/100, validation error 60.989899 %
epoch 253, minibatch 100/100, validation error 61.020202 %
epoch 254, minibatch 100/100, validation error 60.898990 %
epoch 255, minibatch 100/100, validation error 60.808081 %
epoch 256, minibatch 100/100, validation error 60.909091 %
epoch 257, minibatch 100/100, validation error 60.898990 %
epoch 258, minibatch 100/100, validation error 60.888889 %
epoch 259, minibatch 100/100, validation error 60.727273 %
epoch 260, minibatch 100/100, validation error 60.808081 %
epoch 261, minibatch 100/100, validation error 60.797980 %
epoch 262, minibatch 100/100, validation error 60.707071 %
epoch 263, minibatch 100/100, validation error 60.828283 %
epoch 264, minibatch 100/100, validation error 60.979798 %
epoch 265, minibatch 100/100, validation error 60.707071 %
epoch 266, minibatch 100/100, validation error 60.909091 %
epoch 267, minibatch 100/100, validation error 60.797980 %
epoch 268, minibatch 100/100, validation error 60.656566 %
epoch 269, minibatch 100/100, validation error 60.878788 %
epoch 270, minibatch 100/100, validation error 60.636364 %
epoch 271, minibatch 100/100, validation error 60.696970 %
epoch 272, minibatch 100/100, validation error 60.808081 %
epoch 273, minibatch 100/100, validation error 60.787879 %
epoch 274, minibatch 100/100, validation error 60.737374 %
epoch 275, minibatch 100/100, validation error 60.595960 %
epoch 276, minibatch 100/100, validation error 60.484848 %
epoch 277, minibatch 100/100, validation error 60.656566 %
epoch 278, minibatch 100/100, validation error 60.575758 %
epoch 279, minibatch 100/100, validation error 60.474747 %
epoch 280, minibatch 100/100, validation error 60.585859 %
epoch 281, minibatch 100/100, validation error 60.727273 %
epoch 282, minibatch 100/100, validation error 60.535354 %
epoch 283, minibatch 100/100, validation error 60.737374 %
epoch 284, minibatch 100/100, validation error 60.878788 %
epoch 285, minibatch 100/100, validation error 61.080808 %
epoch 286, minibatch 100/100, validation error 61.060606 %
epoch 287, minibatch 100/100, validation error 60.898990 %
epoch 288, minibatch 100/100, validation error 60.838384 %
epoch 289, minibatch 100/100, validation error 60.868687 %
epoch 290, minibatch 100/100, validation error 60.969697 %
epoch 291, minibatch 100/100, validation error 60.767677 %
epoch 292, minibatch 100/100, validation error 60.949495 %
epoch 293, minibatch 100/100, validation error 60.919192 %
epoch 294, minibatch 100/100, validation error 60.969697 %
epoch 295, minibatch 100/100, validation error 61.030303 %
epoch 296, minibatch 100/100, validation error 60.979798 %
epoch 297, minibatch 100/100, validation error 60.949495 %
epoch 298, minibatch 100/100, validation error 60.959596 %
epoch 299, minibatch 100/100, validation error 61.131313 %
epoch 300, minibatch 100/100, validation error 61.212121 %
epoch 301, minibatch 100/100, validation error 61.141414 %
epoch 302, minibatch 100/100, validation error 61.272727 %
epoch 303, minibatch 100/100, validation error 61.242424 %
epoch 304, minibatch 100/100, validation error 61.313131 %
epoch 305, minibatch 100/100, validation error 61.181818 %
epoch 306, minibatch 100/100, validation error 61.060606 %
epoch 307, minibatch 100/100, validation error 61.070707 %
epoch 308, minibatch 100/100, validation error 61.121212 %
epoch 309, minibatch 100/100, validation error 61.060606 %
epoch 310, minibatch 100/100, validation error 61.222222 %
epoch 311, minibatch 100/100, validation error 61.090909 %
epoch 312, minibatch 100/100, validation error 60.969697 %
epoch 313, minibatch 100/100, validation error 61.010101 %
epoch 314, minibatch 100/100, validation error 61.141414 %
epoch 315, minibatch 100/100, validation error 61.010101 %
epoch 316, minibatch 100/100, validation error 61.333333 %
epoch 317, minibatch 100/100, validation error 61.111111 %
epoch 318, minibatch 100/100, validation error 61.222222 %
epoch 319, minibatch 100/100, validation error 61.141414 %
epoch 320, minibatch 100/100, validation error 61.151515 %
epoch 321, minibatch 100/100, validation error 61.232323 %
epoch 322, minibatch 100/100, validation error 61.262626 %
epoch 323, minibatch 100/100, validation error 61.171717 %
epoch 324, minibatch 100/100, validation error 61.212121 %
epoch 325, minibatch 100/100, validation error 61.111111 %
epoch 326, minibatch 100/100, validation error 61.111111 %
epoch 327, minibatch 100/100, validation error 61.212121 %
epoch 328, minibatch 100/100, validation error 61.060606 %
epoch 329, minibatch 100/100, validation error 61.242424 %
epoch 330, minibatch 100/100, validation error 61.101010 %
epoch 331, minibatch 100/100, validation error 61.070707 %
epoch 332, minibatch 100/100, validation error 61.303030 %
epoch 333, minibatch 100/100, validation error 61.363636 %
epoch 334, minibatch 100/100, validation error 61.282828 %
epoch 335, minibatch 100/100, validation error 61.222222 %
epoch 336, minibatch 100/100, validation error 61.313131 %
epoch 337, minibatch 100/100, validation error 61.222222 %
epoch 338, minibatch 100/100, validation error 61.161616 %
epoch 339, minibatch 100/100, validation error 61.252525 %
epoch 340, minibatch 100/100, validation error 61.434343 %
epoch 341, minibatch 100/100, validation error 61.626263 %
epoch 342, minibatch 100/100, validation error 61.444444 %
epoch 343, minibatch 100/100, validation error 61.414141 %
epoch 344, minibatch 100/100, validation error 61.444444 %
epoch 345, minibatch 100/100, validation error 61.464646 %
epoch 346, minibatch 100/100, validation error 61.272727 %
epoch 347, minibatch 100/100, validation error 61.515152 %
epoch 348, minibatch 100/100, validation error 61.434343 %
epoch 349, minibatch 100/100, validation error 61.444444 %
epoch 350, minibatch 100/100, validation error 61.383838 %
epoch 351, minibatch 100/100, validation error 61.505051 %
epoch 352, minibatch 100/100, validation error 61.464646 %
epoch 353, minibatch 100/100, validation error 61.323232 %
epoch 354, minibatch 100/100, validation error 61.555556 %
epoch 355, minibatch 100/100, validation error 61.505051 %
epoch 356, minibatch 100/100, validation error 61.414141 %
epoch 357, minibatch 100/100, validation error 61.656566 %
epoch 358, minibatch 100/100, validation error 61.444444 %
epoch 359, minibatch 100/100, validation error 61.434343 %
epoch 360, minibatch 100/100, validation error 61.353535 %
epoch 361, minibatch 100/100, validation error 61.212121 %
epoch 362, minibatch 100/100, validation error 61.282828 %
epoch 363, minibatch 100/100, validation error 61.424242 %
epoch 364, minibatch 100/100, validation error 61.353535 %
epoch 365, minibatch 100/100, validation error 61.404040 %
epoch 366, minibatch 100/100, validation error 61.262626 %
epoch 367, minibatch 100/100, validation error 61.333333 %
epoch 368, minibatch 100/100, validation error 61.070707 %
epoch 369, minibatch 100/100, validation error 61.181818 %
epoch 370, minibatch 100/100, validation error 61.212121 %
epoch 371, minibatch 100/100, validation error 61.404040 %
epoch 372, minibatch 100/100, validation error 61.222222 %
epoch 373, minibatch 100/100, validation error 61.333333 %
epoch 374, minibatch 100/100, validation error 61.414141 %
epoch 375, minibatch 100/100, validation error 61.393939 %
epoch 376, minibatch 100/100, validation error 61.404040 %
epoch 377, minibatch 100/100, validation error 61.454545 %
epoch 378, minibatch 100/100, validation error 61.212121 %
epoch 379, minibatch 100/100, validation error 61.464646 %
epoch 380, minibatch 100/100, validation error 61.424242 %
epoch 381, minibatch 100/100, validation error 61.434343 %
epoch 382, minibatch 100/100, validation error 61.474747 %
epoch 383, minibatch 100/100, validation error 61.444444 %
epoch 384, minibatch 100/100, validation error 61.323232 %
epoch 385, minibatch 100/100, validation error 61.363636 %
epoch 386, minibatch 100/100, validation error 61.282828 %
epoch 387, minibatch 100/100, validation error 61.414141 %
epoch 388, minibatch 100/100, validation error 61.252525 %
epoch 389, minibatch 100/100, validation error 61.383838 %
epoch 390, minibatch 100/100, validation error 61.212121 %
epoch 391, minibatch 100/100, validation error 61.505051 %
epoch 392, minibatch 100/100, validation error 61.373737 %
epoch 393, minibatch 100/100, validation error 61.424242 %
epoch 394, minibatch 100/100, validation error 61.414141 %
epoch 395, minibatch 100/100, validation error 61.474747 %
epoch 396, minibatch 100/100, validation error 61.272727 %
epoch 397, minibatch 100/100, validation error 61.272727 %
epoch 398, minibatch 100/100, validation error 61.383838 %
epoch 399, minibatch 100/100, validation error 61.454545 %
epoch 400, minibatch 100/100, validation error 61.222222 %
epoch 401, minibatch 100/100, validation error 61.161616 %
epoch 402, minibatch 100/100, validation error 61.161616 %
epoch 403, minibatch 100/100, validation error 61.444444 %
epoch 404, minibatch 100/100, validation error 61.525253 %
epoch 405, minibatch 100/100, validation error 61.575758 %
epoch 406, minibatch 100/100, validation error 61.212121 %
epoch 407, minibatch 100/100, validation error 61.626263 %
epoch 408, minibatch 100/100, validation error 61.303030 %
epoch 409, minibatch 100/100, validation error 61.626263 %
epoch 410, minibatch 100/100, validation error 61.282828 %
epoch 411, minibatch 100/100, validation error 61.414141 %
epoch 412, minibatch 100/100, validation error 61.212121 %
epoch 413, minibatch 100/100, validation error 61.424242 %
epoch 414, minibatch 100/100, validation error 61.292929 %
epoch 415, minibatch 100/100, validation error 61.222222 %
epoch 416, minibatch 100/100, validation error 61.343434 %
epoch 417, minibatch 100/100, validation error 61.454545 %
epoch 418, minibatch 100/100, validation error 61.555556 %
epoch 419, minibatch 100/100, validation error 61.282828 %
epoch 420, minibatch 100/100, validation error 61.363636 %
epoch 421, minibatch 100/100, validation error 61.363636 %
epoch 422, minibatch 100/100, validation error 61.656566 %
epoch 423, minibatch 100/100, validation error 61.636364 %
epoch 424, minibatch 100/100, validation error 61.565657 %
epoch 425, minibatch 100/100, validation error 61.616162 %
epoch 426, minibatch 100/100, validation error 61.555556 %
epoch 427, minibatch 100/100, validation error 61.505051 %
epoch 428, minibatch 100/100, validation error 61.636364 %
epoch 429, minibatch 100/100, validation error 61.767677 %
epoch 430, minibatch 100/100, validation error 61.717172 %
epoch 431, minibatch 100/100, validation error 61.585859 %
epoch 432, minibatch 100/100, validation error 61.727273 %
epoch 433, minibatch 100/100, validation error 61.595960 %
epoch 434, minibatch 100/100, validation error 61.686869 %
epoch 435, minibatch 100/100, validation error 61.838384 %
epoch 436, minibatch 100/100, validation error 61.848485 %
epoch 437, minibatch 100/100, validation error 61.676768 %
epoch 438, minibatch 100/100, validation error 61.595960 %
epoch 439, minibatch 100/100, validation error 61.707071 %
epoch 440, minibatch 100/100, validation error 61.646465 %
epoch 441, minibatch 100/100, validation error 61.686869 %
epoch 442, minibatch 100/100, validation error 61.777778 %
epoch 443, minibatch 100/100, validation error 61.828283 %
epoch 444, minibatch 100/100, validation error 61.626263 %
epoch 445, minibatch 100/100, validation error 61.818182 %
epoch 446, minibatch 100/100, validation error 61.747475 %
epoch 447, minibatch 100/100, validation error 61.737374 %
epoch 448, minibatch 100/100, validation error 61.747475 %
epoch 449, minibatch 100/100, validation error 61.747475 %
epoch 450, minibatch 100/100, validation error 61.757576 %
epoch 451, minibatch 100/100, validation error 61.787879 %
epoch 452, minibatch 100/100, validation error 61.868687 %
epoch 453, minibatch 100/100, validation error 62.030303 %
epoch 454, minibatch 100/100, validation error 61.949495 %
epoch 455, minibatch 100/100, validation error 61.929293 %
epoch 456, minibatch 100/100, validation error 61.868687 %
epoch 457, minibatch 100/100, validation error 61.989899 %
epoch 458, minibatch 100/100, validation error 61.949495 %
epoch 459, minibatch 100/100, validation error 61.767677 %
epoch 460, minibatch 100/100, validation error 62.040404 %
epoch 461, minibatch 100/100, validation error 62.000000 %
epoch 462, minibatch 100/100, validation error 61.777778 %
epoch 463, minibatch 100/100, validation error 61.787879 %
epoch 464, minibatch 100/100, validation error 61.838384 %
epoch 465, minibatch 100/100, validation error 61.828283 %
epoch 466, minibatch 100/100, validation error 61.989899 %
epoch 467, minibatch 100/100, validation error 62.010101 %
epoch 468, minibatch 100/100, validation error 61.969697 %
epoch 469, minibatch 100/100, validation error 61.959596 %
epoch 470, minibatch 100/100, validation error 61.979798 %
epoch 471, minibatch 100/100, validation error 62.050505 %
epoch 472, minibatch 100/100, validation error 62.010101 %
epoch 473, minibatch 100/100, validation error 61.939394 %
epoch 474, minibatch 100/100, validation error 62.121212 %
epoch 475, minibatch 100/100, validation error 62.030303 %
epoch 476, minibatch 100/100, validation error 62.151515 %
epoch 477, minibatch 100/100, validation error 62.040404 %
epoch 478, minibatch 100/100, validation error 62.161616 %
epoch 479, minibatch 100/100, validation error 62.090909 %
epoch 480, minibatch 100/100, validation error 62.202020 %
epoch 481, minibatch 100/100, validation error 62.212121 %
epoch 482, minibatch 100/100, validation error 62.070707 %
epoch 483, minibatch 100/100, validation error 62.101010 %
epoch 484, minibatch 100/100, validation error 62.020202 %
epoch 485, minibatch 100/100, validation error 62.111111 %
epoch 486, minibatch 100/100, validation error 62.181818 %
epoch 487, minibatch 100/100, validation error 61.959596 %
epoch 488, minibatch 100/100, validation error 62.080808 %
epoch 489, minibatch 100/100, validation error 62.010101 %
epoch 490, minibatch 100/100, validation error 61.949495 %
epoch 491, minibatch 100/100, validation error 62.080808 %
epoch 492, minibatch 100/100, validation error 62.353535 %
epoch 493, minibatch 100/100, validation error 61.979798 %
epoch 494, minibatch 100/100, validation error 62.111111 %
epoch 495, minibatch 100/100, validation error 62.373737 %
epoch 496, minibatch 100/100, validation error 62.171717 %
epoch 497, minibatch 100/100, validation error 62.313131 %
epoch 498, minibatch 100/100, validation error 62.313131 %
epoch 499, minibatch 100/100, validation error 62.292929 %
epoch 500, minibatch 100/100, validation error 62.404040 %
Optimization complete. Best validation score of 60.171717 % obtained at iteration 15500, with test performance 59.686869 %
