training samples: 40000
... normal training
.... generating models
.... started
epoch 1, minibatch 312/312:
  train err: 60.384113 %
  valid err: 61.017627 %
  test  err: 60.436696 %
  current best
t: 23.872428
epoch 2, minibatch 312/312:
  train err: 52.979767 %
  valid err: 54.006410 %
  test  err: 53.475559 %
  current best
t: 23.834413
epoch 3, minibatch 312/312:
  train err: 47.743890 %
  valid err: 49.469152 %
  test  err: 48.577723 %
  current best
t: 23.845864
epoch 4, minibatch 312/312:
  train err: 44.020432 %
  valid err: 46.674681 %
  test  err: 45.412660 %
  current best
t: 23.92356
epoch 5, minibatch 312/312:
  train err: 41.381210 %
  valid err: 44.431090 %
  test  err: 43.118989 %
  current best
t: 23.834405
epoch 6, minibatch 312/312:
  train err: 38.869691 %
  valid err: 42.528045 %
  test  err: 41.436297 %
  current best
t: 23.841405
epoch 7, minibatch 312/312:
  train err: 35.787261 %
  valid err: 40.294471 %
  test  err: 39.403045 %
  current best
t: 24.223521
epoch 8, minibatch 312/312:
  train err: 33.178085 %
  valid err: 38.371393 %
  test  err: 37.700319 %
  current best
t: 24.14501
epoch 9, minibatch 312/312:
  train err: 30.371094 %
  valid err: 36.448318 %
  test  err: 36.027643 %
  current best
t: 23.933721
epoch 10, minibatch 312/312:
  train err: 27.899641 %
  valid err: 34.875801 %
  test  err: 34.395033 %
  current best
t: 23.966153
epoch 11, minibatch 312/312:
  train err: 25.984076 %
  valid err: 33.934295 %
  test  err: 33.633813 %
  current best
t: 23.926649
epoch 12, minibatch 312/312:
  train err: 24.123597 %
  valid err: 32.982773 %
  test  err: 32.872596 %
  current best
t: 23.958027
epoch 13, minibatch 312/312:
  train err: 22.568610 %
  valid err: 32.411858 %
  test  err: 32.101363 %
  current best
t: 23.832655
epoch 14, minibatch 312/312:
  train err: 21.041165 %
  valid err: 31.690705 %
  test  err: 31.430289 %
  current best
t: 23.978458
epoch 15, minibatch 312/312:
  train err: 19.648938 %
  valid err: 31.310096 %
  test  err: 31.270033 %
  current best
t: 24.318603
epoch 16, minibatch 312/312:
  train err: 18.241687 %
  valid err: 30.859375 %
  test  err: 30.969551 %
  current best
t: 24.151286
epoch 17, minibatch 312/312:
  train err: 16.889523 %
  valid err: 30.368590 %
  test  err: 30.498797 %
  current best
t: 23.592072
epoch 18, minibatch 312/312:
  train err: 15.692608 %
  valid err: 29.997995 %
  test  err: 30.258414 %
  current best
t: 13.395018
epoch 19, minibatch 312/312:
  train err: 14.655949 %
  valid err: 29.847756 %
  test  err: 30.148238 %
  current best
t: 13.621811
epoch 20, minibatch 312/312:
  train err: 13.799579 %
  valid err: 29.687500 %
  test  err: 30.038062 %
  current best
t: 13.3442
epoch 21, minibatch 312/312:
  train err: 12.955730 %
  valid err: 29.647437 %
  test  err: 29.877806 %
  current best
t: 13.35538
epoch 22, minibatch 312/312:
  train err: 12.204527 %
  valid err: 29.547277 %
  test  err: 29.727563 %
  current best
t: 13.328486
epoch 23, minibatch 312/312:
  train err: 11.548477 %
  valid err: 29.477164 %
  test  err: 29.577324 %
  current best
t: 13.35406
epoch 24, minibatch 312/312:
  train err: 10.922476 %
  valid err: 29.286858 %
  test  err: 29.427084 %
  current best
t: 13.356604
epoch 25, minibatch 312/312:
  train err: 10.334034 %
  valid err: 29.156652 %
  test  err: 29.397035 %
  current best
t: 13.359156
epoch 26, minibatch 312/312:
  train err: 9.785657 %
  valid err: 29.006410 %
  test  err: 29.316908 %
  current best
t: 13.359268
epoch 27, minibatch 312/312:
  train err: 9.289864 %
  valid err: 28.866187 %
  test  err: 29.166666 %
  current best
t: 13.363714
epoch 28, minibatch 312/312:
  train err: 8.826622 %
  valid err: 28.846154 %
  test  err: 29.116586 %
  current best
t: 13.357566
epoch 29, minibatch 312/312:
  train err: 8.388422 %
  valid err: 28.635818 %
  test  err: 29.046473 %
  current best
t: 13.361037
epoch 30, minibatch 312/312:
  train err: 7.990284 %
  valid err: 28.725961 %
  test  err: 29.016426 %
t: 13.234419
epoch 31, minibatch 312/312:
  train err: 7.674780 %
  valid err: 28.715944 %
  test  err: 29.066506 %
t: 13.228138
epoch 32, minibatch 312/312:
  train err: 7.416867 %
  valid err: 28.635818 %
  test  err: 28.996393 %
t: 13.239966
epoch 33, minibatch 312/312:
  train err: 7.163962 %
  valid err: 28.635818 %
  test  err: 29.026443 %
t: 13.235008
epoch 34, minibatch 312/312:
  train err: 6.901041 %
  valid err: 28.555688 %
  test  err: 28.936297 %
  current best
t: 13.362352
epoch 35, minibatch 312/312:
  train err: 6.643129 %
  valid err: 28.495592 %
  test  err: 28.886217 %
  current best
t: 13.358124
epoch 36, minibatch 312/312:
  train err: 6.492889 %
  valid err: 28.465545 %
  test  err: 28.786057 %
  current best
t: 13.355419
epoch 37, minibatch 312/312:
  train err: 6.360176 %
  valid err: 28.505608 %
  test  err: 28.786057 %
t: 13.235462
epoch 38, minibatch 312/312:
  train err: 6.199920 %
  valid err: 28.515625 %
  test  err: 28.735977 %
t: 13.220946
epoch 39, minibatch 312/312:
  train err: 6.052183 %
  valid err: 28.465545 %
  test  err: 28.725961 %
t: 13.229443
epoch 40, minibatch 312/312:
  train err: 5.916967 %
  valid err: 28.475562 %
  test  err: 28.715944 %
t: 13.219556
epoch 41, minibatch 312/312:
  train err: 5.781751 %
  valid err: 28.485578 %
  test  err: 28.705931 %
t: 13.219714
epoch 42, minibatch 312/312:
  train err: 5.706631 %
  valid err: 28.445512 %
  test  err: 28.695914 %
  current best
t: 13.349884
epoch 43, minibatch 312/312:
  train err: 5.606470 %
  valid err: 28.485578 %
  test  err: 28.705931 %
t: 13.231552
epoch 44, minibatch 312/312:
  train err: 5.533854 %
  valid err: 28.535658 %
  test  err: 28.635818 %
t: 13.234534
epoch 45, minibatch 312/312:
  train err: 5.496294 %
  valid err: 28.525642 %
  test  err: 28.615785 %
t: 13.242993
epoch 46, minibatch 312/312:
  train err: 5.428686 %
  valid err: 28.495592 %
  test  err: 28.555688 %
t: 13.240827
epoch 47, minibatch 312/312:
  train err: 5.371094 %
  valid err: 28.535658 %
  test  err: 28.545672 %
t: 13.238584
epoch 48, minibatch 312/312:
  train err: 5.308494 %
  valid err: 28.545672 %
  test  err: 28.505608 %
t: 13.254738
epoch 49, minibatch 312/312:
  train err: 5.250901 %
  valid err: 28.565705 %
  test  err: 28.525642 %
t: 13.243289
epoch 50, minibatch 312/312:
  train err: 5.208333 %
  valid err: 28.595755 %
  test  err: 28.555688 %
t: 13.249296
epoch 51, minibatch 312/312:
  train err: 5.170773 %
  valid err: 28.585738 %
  test  err: 28.535658 %
t: 13.251491
epoch 52, minibatch 312/312:
  train err: 5.105669 %
  valid err: 28.595755 %
  test  err: 28.555688 %
t: 13.235334
epoch 53, minibatch 312/312:
  train err: 5.080629 %
  valid err: 28.605768 %
  test  err: 28.595755 %
t: 13.250008
epoch 54, minibatch 312/312:
  train err: 5.053085 %
  valid err: 28.555688 %
  test  err: 28.625801 %
t: 13.247912
epoch 55, minibatch 312/312:
  train err: 5.043069 %
  valid err: 28.535658 %
  test  err: 28.635818 %
t: 13.234347
epoch 56, minibatch 312/312:
  train err: 5.028045 %
  valid err: 28.545672 %
  test  err: 28.655848 %
t: 13.252283
epoch 57, minibatch 312/312:
  train err: 5.005509 %
  valid err: 28.535658 %
  test  err: 28.675881 %
t: 13.225328
epoch 58, minibatch 312/312:
  train err: 4.997997 %
  valid err: 28.545672 %
  test  err: 28.665864 %
t: 13.235009
epoch 59, minibatch 312/312:
  train err: 4.987981 %
  valid err: 28.565705 %
  test  err: 28.675881 %
t: 13.237561
epoch 60, minibatch 312/312:
  train err: 4.977965 %
  valid err: 28.585738 %
  test  err: 28.675881 %
t: 13.22737
epoch 61, minibatch 312/312:
  train err: 4.965445 %
  valid err: 28.595755 %
  test  err: 28.705931 %
t: 13.279585
epoch 62, minibatch 312/312:
  train err: 4.947917 %
  valid err: 28.635818 %
  test  err: 28.705931 %
t: 13.491506
epoch 63, minibatch 312/312:
  train err: 4.937901 %
  valid err: 28.615785 %
  test  err: 28.715944 %
t: 20.547107
epoch 64, minibatch 312/312:
  train err: 4.927885 %
  valid err: 28.565705 %
  test  err: 28.695914 %
t: 23.756618
epoch 65, minibatch 312/312:
  train err: 4.912861 %
  valid err: 28.545672 %
  test  err: 28.715944 %
t: 23.699256
epoch 66, minibatch 312/312:
  train err: 4.910357 %
  valid err: 28.525642 %
  test  err: 28.675881 %
t: 23.720738
epoch 67, minibatch 312/312:
  train err: 4.912861 %
  valid err: 28.535658 %
  test  err: 28.685898 %
t: 23.690161
epoch 68, minibatch 312/312:
  train err: 4.912861 %
  valid err: 28.505608 %
  test  err: 28.695914 %
t: 24.119031
epoch 69, minibatch 312/312:
  train err: 4.907852 %
  valid err: 28.505608 %
  test  err: 28.695914 %
t: 23.814101
epoch 70, minibatch 312/312:
  train err: 4.892829 %
  valid err: 28.505608 %
  test  err: 28.705931 %
t: 23.785692
epoch 71, minibatch 312/312:
  train err: 4.892829 %
  valid err: 28.505608 %
  test  err: 28.695914 %
t: 23.957929
epoch 72, minibatch 312/312:
  train err: 4.892829 %
  valid err: 28.515625 %
  test  err: 28.685898 %
t: 23.785898
epoch 73, minibatch 312/312:
  train err: 4.890325 %
  valid err: 28.515625 %
  test  err: 28.695914 %
t: 23.714742
epoch 74, minibatch 312/312:
  train err: 4.885317 %
  valid err: 28.515625 %
  test  err: 28.685898 %
t: 23.8146
epoch 75, minibatch 312/312:
  train err: 4.885317 %
  valid err: 28.515625 %
  test  err: 28.715944 %
t: 24.02816
epoch 76, minibatch 312/312:
  train err: 4.880308 %
  valid err: 28.505608 %
  test  err: 28.725961 %
t: 24.105969
epoch 77, minibatch 312/312:
  train err: 4.865285 %
  valid err: 28.505608 %
  test  err: 28.735977 %
t: 23.691869
epoch 78, minibatch 312/312:
  train err: 4.860276 %
  valid err: 28.505608 %
  test  err: 28.735977 %
t: 23.752817
epoch 79, minibatch 312/312:
  train err: 4.842748 %
  valid err: 28.505608 %
  test  err: 28.735977 %
t: 23.734241
epoch 80, minibatch 312/312:
  train err: 4.832732 %
  valid err: 28.505608 %
  test  err: 28.725961 %
t: 23.67766
epoch 81, minibatch 312/312:
  train err: 4.827724 %
  valid err: 28.505608 %
  test  err: 28.725961 %
t: 23.736883
epoch 82, minibatch 312/312:
  train err: 4.817708 %
  valid err: 28.515625 %
  test  err: 28.725961 %
t: 23.919913
epoch 83, minibatch 312/312:
  train err: 4.812700 %
  valid err: 28.515625 %
  test  err: 28.725961 %
t: 24.182973
epoch 84, minibatch 312/312:
  train err: 4.802684 %
  valid err: 28.515625 %
  test  err: 28.715944 %
t: 23.747325
epoch 85, minibatch 312/312:
  train err: 4.797676 %
  valid err: 28.525642 %
  test  err: 28.715944 %
t: 23.770449
epoch 86, minibatch 312/312:
  train err: 4.787660 %
  valid err: 28.535658 %
  test  err: 28.695914 %
t: 23.761241
epoch 87, minibatch 312/312:
  train err: 4.777644 %
  valid err: 28.525642 %
  test  err: 28.695914 %
t: 23.75563
epoch 88, minibatch 312/312:
  train err: 4.770132 %
  valid err: 28.535658 %
  test  err: 28.695914 %
t: 23.763319
epoch 89, minibatch 312/312:
  train err: 4.767628 %
  valid err: 28.535658 %
  test  err: 28.695914 %
t: 23.631548
epoch 90, minibatch 312/312:
  train err: 4.762620 %
  valid err: 28.515625 %
  test  err: 28.695914 %
t: 24.162
epoch 91, minibatch 312/312:
  train err: 4.757612 %
  valid err: 28.535658 %
  test  err: 28.695914 %
t: 23.960376
epoch 92, minibatch 312/312:
  train err: 4.755108 %
  valid err: 28.545672 %
  test  err: 28.695914 %
t: 23.760274
epoch 93, minibatch 312/312:
  train err: 4.747596 %
  valid err: 28.545672 %
  test  err: 28.695914 %
t: 23.730048
epoch 94, minibatch 312/312:
  train err: 4.742588 %
  valid err: 28.545672 %
  test  err: 28.685898 %
t: 23.810991
epoch 95, minibatch 312/312:
  train err: 4.740084 %
  valid err: 28.535658 %
  test  err: 28.685898 %
t: 23.673275
epoch 96, minibatch 312/312:
  train err: 4.740084 %
  valid err: 28.545672 %
  test  err: 28.685898 %
t: 23.796598
epoch 97, minibatch 312/312:
  train err: 4.735076 %
  valid err: 28.545672 %
  test  err: 28.685898 %
t: 23.979732
epoch 98, minibatch 312/312:
  train err: 4.725060 %
  valid err: 28.535658 %
  test  err: 28.685898 %
t: 23.97624
epoch 99, minibatch 312/312:
  train err: 4.720052 %
  valid err: 28.535658 %
  test  err: 28.685898 %
t: 23.743512
epoch 100, minibatch 312/312:
  train err: 4.715044 %
  valid err: 28.525642 %
  test  err: 28.685898 %
t: 23.78964
Optimization complete. Best valid score of 28.445512 % obtained at iteration 13104, epoch 42, with test performance 28.695914 %
