training samples: 40000
... normal training
.... generating models
.... started
epoch 1, minibatch 312/312:
  train err: 79.830229 %
  valid err: 81.870991 %
  test  err: 81.280047 %
  current best
t: 34.736441
epoch 2, minibatch 312/312:
  train err: 71.364182 %
  valid err: 74.949920 %
  test  err: 74.789661 %
  current best
t: 34.810261
epoch 3, minibatch 312/312:
  train err: 63.822114 %
  valid err: 70.202321 %
  test  err: 69.991988 %
  current best
t: 34.881953
epoch 4, minibatch 312/312:
  train err: 57.201523 %
  valid err: 67.037261 %
  test  err: 67.177486 %
  current best
t: 34.935406
epoch 5, minibatch 312/312:
  train err: 50.979066 %
  valid err: 64.983976 %
  test  err: 64.953929 %
  current best
t: 34.961822
epoch 6, minibatch 312/312:
  train err: 46.657151 %
  valid err: 65.194309 %
  test  err: 64.633411 %
t: 34.828151
epoch 7, minibatch 312/312:
  train err: 44.583833 %
  valid err: 67.227566 %
  test  err: 66.025639 %
t: 34.863987
epoch 8, minibatch 312/312:
  train err: 36.275542 %
  valid err: 65.995592 %
  test  err: 64.603364 %
t: 34.867777
epoch 9, minibatch 312/312:
  train err: 29.189202 %
  valid err: 65.044069 %
  test  err: 63.521636 %
t: 34.845925
epoch 10, minibatch 312/312:
  train err: 24.211238 %
  valid err: 64.863783 %
  test  err: 63.401443 %
  current best
t: 34.986287
epoch 11, minibatch 312/312:
  train err: 17.167468 %
  valid err: 63.491589 %
  test  err: 61.999196 %
  current best
t: 34.983973
epoch 12, minibatch 312/312:
  train err: 12.024239 %
  valid err: 62.920672 %
  test  err: 61.628604 %
  current best
t: 35.018993
epoch 13, minibatch 312/312:
  train err: 9.079527 %
  valid err: 62.309694 %
  test  err: 60.697114 %
  current best
t: 35.003963
epoch 14, minibatch 312/312:
  train err: 6.179888 %
  valid err: 62.299681 %
  test  err: 60.857373 %
  current best
t: 35.015264
epoch 15, minibatch 312/312:
  train err: 3.490585 %
  valid err: 61.728764 %
  test  err: 60.216343 %
  current best
t: 35.022544
epoch 16, minibatch 312/312:
  train err: 2.128405 %
  valid err: 61.698717 %
  test  err: 60.296476 %
  current best
t: 35.002965
epoch 17, minibatch 312/312:
  train err: 1.129307 %
  valid err: 61.207932 %
  test  err: 60.146236 %
  current best
t: 35.005759
epoch 18, minibatch 312/312:
  train err: 0.696114 %
  valid err: 60.907453 %
  test  err: 60.026044 %
  current best
t: 35.010536
epoch 19, minibatch 312/312:
  train err: 0.400641 %
  valid err: 61.057693 %
  test  err: 60.066104 %
t: 34.866343
epoch 20, minibatch 312/312:
  train err: 0.217849 %
  valid err: 60.837340 %
  test  err: 59.965944 %
  current best
t: 35.014198
epoch 21, minibatch 312/312:
  train err: 0.150240 %
  valid err: 60.757214 %
  test  err: 59.885818 %
  current best
t: 34.983269
epoch 22, minibatch 312/312:
  train err: 0.105168 %
  valid err: 60.847354 %
  test  err: 59.775639 %
t: 34.856611
epoch 23, minibatch 312/312:
  train err: 0.082632 %
  valid err: 60.827321 %
  test  err: 59.755611 %
t: 34.900968
epoch 24, minibatch 312/312:
  train err: 0.060096 %
  valid err: 60.667068 %
  test  err: 59.725559 %
  current best
t: 35.03172
epoch 25, minibatch 312/312:
  train err: 0.050080 %
  valid err: 60.677081 %
  test  err: 59.665465 %
t: 34.871113
epoch 26, minibatch 312/312:
  train err: 0.040064 %
  valid err: 60.677081 %
  test  err: 59.645432 %
t: 34.848472
epoch 27, minibatch 312/312:
  train err: 0.035056 %
  valid err: 60.707134 %
  test  err: 59.505206 %
t: 34.882788
epoch 28, minibatch 312/312:
  train err: 0.030048 %
  valid err: 60.667068 %
  test  err: 59.455127 %
t: 34.909283
epoch 29, minibatch 312/312:
  train err: 0.030048 %
  valid err: 60.657054 %
  test  err: 59.555286 %
  current best
t: 35.009093
epoch 30, minibatch 312/312:
  train err: 0.030048 %
  valid err: 60.667068 %
  test  err: 59.525239 %
t: 34.858067
epoch 31, minibatch 312/312:
  train err: 0.030048 %
  valid err: 60.657054 %
  test  err: 59.475160 %
t: 34.894133
epoch 32, minibatch 312/312:
  train err: 0.027544 %
  valid err: 60.667068 %
  test  err: 59.485179 %
t: 34.877709
epoch 33, minibatch 312/312:
  train err: 0.027544 %
  valid err: 60.586941 %
  test  err: 59.485179 %
  current best
t: 35.015037
epoch 34, minibatch 312/312:
  train err: 0.027544 %
  valid err: 60.576922 %
  test  err: 59.495193 %
  current best
t: 35.01167
epoch 35, minibatch 312/312:
  train err: 0.027544 %
  valid err: 60.596955 %
  test  err: 59.465146 %
t: 34.883424
epoch 36, minibatch 312/312:
  train err: 0.022536 %
  valid err: 60.586941 %
  test  err: 59.475160 %
t: 34.888092
epoch 37, minibatch 312/312:
  train err: 0.022536 %
  valid err: 60.627002 %
  test  err: 59.445113 %
t: 34.870333
epoch 38, minibatch 312/312:
  train err: 0.017528 %
  valid err: 60.647035 %
  test  err: 59.465146 %
t: 34.893451
epoch 39, minibatch 312/312:
  train err: 0.017528 %
  valid err: 60.657054 %
  test  err: 59.495193 %
t: 34.881707
epoch 40, minibatch 312/312:
  train err: 0.017528 %
  valid err: 60.677081 %
  test  err: 59.495193 %
t: 34.87681
epoch 41, minibatch 312/312:
  train err: 0.017528 %
  valid err: 60.707134 %
  test  err: 59.495193 %
t: 34.873361
epoch 42, minibatch 312/312:
  train err: 0.017528 %
  valid err: 60.687101 %
  test  err: 59.475160 %
t: 34.876687
epoch 43, minibatch 312/312:
  train err: 0.015024 %
  valid err: 60.657054 %
  test  err: 59.475160 %
t: 34.878686
epoch 44, minibatch 312/312:
  train err: 0.015024 %
  valid err: 60.627002 %
  test  err: 59.445113 %
t: 34.89383
epoch 45, minibatch 312/312:
  train err: 0.015024 %
  valid err: 60.637021 %
  test  err: 59.445113 %
t: 34.862201
epoch 46, minibatch 312/312:
  train err: 0.015024 %
  valid err: 60.647035 %
  test  err: 59.425080 %
t: 34.87506
epoch 47, minibatch 312/312:
  train err: 0.015024 %
  valid err: 60.657054 %
  test  err: 59.415066 %
t: 34.869556
epoch 48, minibatch 312/312:
  train err: 0.015024 %
  valid err: 60.677081 %
  test  err: 59.415066 %
t: 34.869314
epoch 49, minibatch 312/312:
  train err: 0.015024 %
  valid err: 60.707134 %
  test  err: 59.425080 %
t: 34.867152
epoch 50, minibatch 312/312:
  train err: 0.015024 %
  valid err: 60.707134 %
  test  err: 59.405047 %
t: 34.878497
epoch 51, minibatch 312/312:
  train err: 0.015024 %
  valid err: 60.697114 %
  test  err: 59.395033 %
t: 34.882846
epoch 52, minibatch 312/312:
  train err: 0.015024 %
  valid err: 60.697114 %
  test  err: 59.395033 %
t: 34.86769
epoch 53, minibatch 312/312:
  train err: 0.015024 %
  valid err: 60.697114 %
  test  err: 59.395033 %
t: 34.852691
epoch 54, minibatch 312/312:
  train err: 0.015024 %
  valid err: 60.687101 %
  test  err: 59.385014 %
t: 34.888829
epoch 55, minibatch 312/312:
  train err: 0.015024 %
  valid err: 60.687101 %
  test  err: 59.375000 %
t: 34.869571
epoch 56, minibatch 312/312:
  train err: 0.015024 %
  valid err: 60.687101 %
  test  err: 59.364986 %
t: 34.860635
epoch 57, minibatch 312/312:
  train err: 0.015024 %
  valid err: 60.687101 %
  test  err: 59.354967 %
t: 34.873688
epoch 58, minibatch 312/312:
  train err: 0.015024 %
  valid err: 60.697114 %
  test  err: 59.354967 %
t: 34.888444
epoch 59, minibatch 312/312:
  train err: 0.015024 %
  valid err: 60.697114 %
  test  err: 59.354967 %
t: 34.868444
epoch 60, minibatch 312/312:
  train err: 0.015024 %
  valid err: 60.697114 %
  test  err: 59.354967 %
t: 34.876867
epoch 61, minibatch 312/312:
  train err: 0.015024 %
  valid err: 60.707134 %
  test  err: 59.354967 %
t: 34.861889
epoch 62, minibatch 312/312:
  train err: 0.015024 %
  valid err: 60.697114 %
  test  err: 59.354967 %
t: 34.87273
epoch 63, minibatch 312/312:
  train err: 0.015024 %
  valid err: 60.697114 %
  test  err: 59.344953 %
t: 34.890694
epoch 64, minibatch 312/312:
  train err: 0.012520 %
  valid err: 60.697114 %
  test  err: 59.344953 %
t: 34.874961
epoch 65, minibatch 312/312:
  train err: 0.012520 %
  valid err: 60.697114 %
  test  err: 59.344953 %
t: 34.886208
epoch 66, minibatch 312/312:
  train err: 0.012520 %
  valid err: 60.707134 %
  test  err: 59.344953 %
t: 34.894403
epoch 67, minibatch 312/312:
  train err: 0.012520 %
  valid err: 60.707134 %
  test  err: 59.344953 %
t: 34.933823
epoch 68, minibatch 312/312:
  train err: 0.012520 %
  valid err: 60.707134 %
  test  err: 59.344953 %
t: 34.908121
epoch 69, minibatch 312/312:
  train err: 0.012520 %
  valid err: 60.707134 %
  test  err: 59.344953 %
t: 34.911608
epoch 70, minibatch 312/312:
  train err: 0.012520 %
  valid err: 60.707134 %
  test  err: 59.344953 %
t: 34.901694
epoch 71, minibatch 312/312:
  train err: 0.012520 %
  valid err: 60.707134 %
  test  err: 59.344953 %
t: 34.890547
epoch 72, minibatch 312/312:
  train err: 0.012520 %
  valid err: 60.707134 %
  test  err: 59.344953 %
t: 34.902309
epoch 73, minibatch 312/312:
  train err: 0.012520 %
  valid err: 60.707134 %
  test  err: 59.334934 %
t: 34.888697
epoch 74, minibatch 312/312:
  train err: 0.012520 %
  valid err: 60.707134 %
  test  err: 59.334934 %
t: 34.892442
epoch 75, minibatch 312/312:
  train err: 0.012520 %
  valid err: 60.707134 %
  test  err: 59.334934 %
t: 34.915196
epoch 76, minibatch 312/312:
  train err: 0.012520 %
  valid err: 60.707134 %
  test  err: 59.334934 %
t: 34.885362
epoch 77, minibatch 312/312:
  train err: 0.012520 %
  valid err: 60.707134 %
  test  err: 59.334934 %
t: 34.905321
epoch 78, minibatch 312/312:
  train err: 0.012520 %
  valid err: 60.707134 %
  test  err: 59.324920 %
t: 34.872824
epoch 79, minibatch 312/312:
  train err: 0.012520 %
  valid err: 60.707134 %
  test  err: 59.324920 %
t: 34.874061
epoch 80, minibatch 312/312:
  train err: 0.012520 %
  valid err: 60.707134 %
  test  err: 59.324920 %
t: 34.850621
epoch 81, minibatch 312/312:
  train err: 0.012520 %
  valid err: 60.707134 %
  test  err: 59.324920 %
t: 34.843386
epoch 82, minibatch 312/312:
  train err: 0.012520 %
  valid err: 60.707134 %
  test  err: 59.324920 %
t: 34.861933
epoch 83, minibatch 312/312:
  train err: 0.012520 %
  valid err: 60.717148 %
  test  err: 59.324920 %
t: 34.872174
epoch 84, minibatch 312/312:
  train err: 0.012520 %
  valid err: 60.717148 %
  test  err: 59.324920 %
t: 34.894494
epoch 85, minibatch 312/312:
  train err: 0.012520 %
  valid err: 60.717148 %
  test  err: 59.324920 %
t: 34.885104
epoch 86, minibatch 312/312:
  train err: 0.012520 %
  valid err: 60.717148 %
  test  err: 59.324920 %
t: 34.872201
epoch 87, minibatch 312/312:
  train err: 0.012520 %
  valid err: 60.717148 %
  test  err: 59.324920 %
t: 34.879226
epoch 88, minibatch 312/312:
  train err: 0.012520 %
  valid err: 60.717148 %
  test  err: 59.324920 %
t: 34.88279
epoch 89, minibatch 312/312:
  train err: 0.012520 %
  valid err: 60.717148 %
  test  err: 59.324920 %
t: 34.895105
epoch 90, minibatch 312/312:
  train err: 0.012520 %
  valid err: 60.717148 %
  test  err: 59.324920 %
t: 34.89368
epoch 91, minibatch 312/312:
  train err: 0.012520 %
  valid err: 60.717148 %
  test  err: 59.324920 %
t: 34.867207
epoch 92, minibatch 312/312:
  train err: 0.012520 %
  valid err: 60.717148 %
  test  err: 59.324920 %
t: 34.885663
epoch 93, minibatch 312/312:
  train err: 0.012520 %
  valid err: 60.727161 %
  test  err: 59.324920 %
t: 34.871271
epoch 94, minibatch 312/312:
  train err: 0.012520 %
  valid err: 60.727161 %
  test  err: 59.324920 %
t: 34.850682
epoch 95, minibatch 312/312:
  train err: 0.012520 %
  valid err: 60.727161 %
  test  err: 59.324920 %
t: 34.863597
epoch 96, minibatch 312/312:
  train err: 0.012520 %
  valid err: 60.727161 %
  test  err: 59.324920 %
t: 34.859468
epoch 97, minibatch 312/312:
  train err: 0.012520 %
  valid err: 60.727161 %
  test  err: 59.324920 %
t: 34.858099
epoch 98, minibatch 312/312:
  train err: 0.012520 %
  valid err: 60.727161 %
  test  err: 59.324920 %
t: 34.872808
epoch 99, minibatch 312/312:
  train err: 0.012520 %
  valid err: 60.717148 %
  test  err: 59.324920 %
t: 34.867118
epoch 100, minibatch 312/312:
  train err: 0.012520 %
  valid err: 60.717148 %
  test  err: 59.324920 %
t: 34.868339
Optimization complete. Best valid score of 60.576922 % obtained at iteration 10608, epoch 34, with test performance 59.495193 %
