training samples: 40000
... normal training
.... generating models
.... started
epoch 1, minibatch 312/312:
  train err: 45.327523 %
  valid err: 47.085336 %
  test  err: 47.976762 %
  current best
t: 29.220957
epoch 2, minibatch 312/312:
  train err: 38.824621 %
  valid err: 41.336137 %
  test  err: 42.457932 %
  current best
t: 29.236184
epoch 3, minibatch 312/312:
  train err: 34.708032 %
  valid err: 38.351363 %
  test  err: 39.302886 %
  current best
t: 29.240127
epoch 4, minibatch 312/312:
  train err: 34.184694 %
  valid err: 39.102563 %
  test  err: 39.593348 %
t: 29.048931
epoch 5, minibatch 312/312:
  train err: 28.553185 %
  valid err: 34.955931 %
  test  err: 35.947517 %
  current best
t: 29.257582
epoch 6, minibatch 312/312:
  train err: 24.614383 %
  valid err: 34.545273 %
  test  err: 35.016027 %
  current best
t: 29.261016
epoch 7, minibatch 312/312:
  train err: 22.881611 %
  valid err: 33.964342 %
  test  err: 34.715545 %
  current best
t: 29.261249
epoch 8, minibatch 312/312:
  train err: 21.168870 %
  valid err: 33.473557 %
  test  err: 34.395033 %
  current best
t: 29.267105
epoch 9, minibatch 312/312:
  train err: 20.750701 %
  valid err: 34.254807 %
  test  err: 35.226363 %
t: 29.067779
epoch 10, minibatch 312/312:
  train err: 18.426983 %
  valid err: 33.092949 %
  test  err: 34.465143 %
  current best
t: 29.272071
epoch 11, minibatch 312/312:
  train err: 19.012921 %
  valid err: 34.775642 %
  test  err: 35.967547 %
t: 29.080572
epoch 12, minibatch 312/312:
  train err: 18.176582 %
  valid err: 35.817307 %
  test  err: 36.638620 %
t: 29.090523
epoch 13, minibatch 312/312:
  train err: 12.712841 %
  valid err: 33.233172 %
  test  err: 34.154648 %
t: 29.088488
epoch 14, minibatch 312/312:
  train err: 11.358173 %
  valid err: 32.862580 %
  test  err: 33.343348 %
  current best
t: 29.278397
epoch 15, minibatch 312/312:
  train err: 11.545973 %
  valid err: 33.213142 %
  test  err: 33.383414 %
t: 29.083698
epoch 16, minibatch 312/312:
  train err: 9.074520 %
  valid err: 32.211539 %
  test  err: 33.463541 %
  current best
t: 29.291976
epoch 17, minibatch 312/312:
  train err: 6.931090 %
  valid err: 31.700721 %
  test  err: 32.351762 %
  current best
t: 29.281786
epoch 18, minibatch 312/312:
  train err: 7.817508 %
  valid err: 32.562098 %
  test  err: 33.293268 %
t: 29.092907
epoch 19, minibatch 312/312:
  train err: 7.008714 %
  valid err: 32.732370 %
  test  err: 33.383414 %
t: 29.087166
epoch 20, minibatch 312/312:
  train err: 5.356070 %
  valid err: 32.451922 %
  test  err: 32.982773 %
t: 29.087441
epoch 21, minibatch 312/312:
  train err: 4.023938 %
  valid err: 31.941107 %
  test  err: 32.391828 %
t: 29.087596
epoch 22, minibatch 312/312:
  train err: 3.998898 %
  valid err: 32.181489 %
  test  err: 32.732370 %
t: 29.086579
epoch 23, minibatch 312/312:
  train err: 2.962240 %
  valid err: 31.610578 %
  test  err: 32.151443 %
  current best
t: 29.284496
epoch 24, minibatch 312/312:
  train err: 2.724359 %
  valid err: 32.021233 %
  test  err: 31.921074 %
t: 29.079348
epoch 25, minibatch 312/312:
  train err: 2.293670 %
  valid err: 31.650642 %
  test  err: 32.321715 %
t: 29.085642
epoch 26, minibatch 312/312:
  train err: 2.201022 %
  valid err: 31.690705 %
  test  err: 32.111380 %
t: 29.085543
epoch 27, minibatch 312/312:
  train err: 2.103365 %
  valid err: 31.780848 %
  test  err: 32.161459 %
t: 29.080189
epoch 28, minibatch 312/312:
  train err: 1.670172 %
  valid err: 31.229967 %
  test  err: 31.860977 %
  current best
t: 29.281983
epoch 29, minibatch 312/312:
  train err: 1.720252 %
  valid err: 31.470352 %
  test  err: 31.620592 %
t: 29.077857
epoch 30, minibatch 312/312:
  train err: 1.404748 %
  valid err: 31.109777 %
  test  err: 31.660658 %
  current best
t: 29.281697
epoch 31, minibatch 312/312:
  train err: 1.595052 %
  valid err: 31.129807 %
  test  err: 32.291666 %
t: 29.079896
epoch 32, minibatch 312/312:
  train err: 1.449820 %
  valid err: 31.500402 %
  test  err: 32.401842 %
t: 29.079169
epoch 33, minibatch 312/312:
  train err: 1.079227 %
  valid err: 31.310096 %
  test  err: 32.051283 %
t: 29.078456
epoch 34, minibatch 312/312:
  train err: 1.204427 %
  valid err: 31.089744 %
  test  err: 31.550482 %
  current best
t: 29.285664
epoch 35, minibatch 312/312:
  train err: 1.006611 %
  valid err: 31.540465 %
  test  err: 31.780848 %
t: 29.075707
epoch 36, minibatch 312/312:
  train err: 0.966546 %
  valid err: 31.209937 %
  test  err: 31.730768 %
t: 29.077452
epoch 37, minibatch 312/312:
  train err: 1.096755 %
  valid err: 31.009614 %
  test  err: 31.971154 %
  current best
t: 29.283219
epoch 38, minibatch 312/312:
  train err: 1.079227 %
  valid err: 31.350160 %
  test  err: 31.850961 %
t: 29.078091
epoch 39, minibatch 312/312:
  train err: 0.843850 %
  valid err: 31.450319 %
  test  err: 32.081330 %
t: 29.081406
epoch 40, minibatch 312/312:
  train err: 0.761218 %
  valid err: 31.159857 %
  test  err: 31.961137 %
t: 29.074321
epoch 41, minibatch 312/312:
  train err: 0.388121 %
  valid err: 30.829328 %
  test  err: 31.119791 %
  current best
t: 29.280834
epoch 42, minibatch 312/312:
  train err: 0.773738 %
  valid err: 31.039664 %
  test  err: 31.540465 %
t: 29.088067
epoch 43, minibatch 312/312:
  train err: 0.425681 %
  valid err: 30.909455 %
  test  err: 31.560495 %
t: 29.086142
epoch 44, minibatch 312/312:
  train err: 0.753706 %
  valid err: 30.969551 %
  test  err: 31.881011 %
t: 29.075481
epoch 45, minibatch 312/312:
  train err: 0.944010 %
  valid err: 31.370193 %
  test  err: 31.590545 %
t: 29.083327
epoch 46, minibatch 312/312:
  train err: 0.833834 %
  valid err: 31.560495 %
  test  err: 32.201523 %
t: 29.080806
epoch 47, minibatch 312/312:
  train err: 0.676082 %
  valid err: 31.290063 %
  test  err: 31.941107 %
t: 29.083395
epoch 48, minibatch 312/312:
  train err: 0.828826 %
  valid err: 31.510416 %
  test  err: 31.961137 %
t: 29.085117
epoch 49, minibatch 312/312:
  train err: 0.470753 %
  valid err: 30.899438 %
  test  err: 31.590545 %
t: 29.084928
epoch 50, minibatch 312/312:
  train err: 0.941506 %
  valid err: 31.780848 %
  test  err: 31.971154 %
t: 29.082572
epoch 51, minibatch 312/312:
  train err: 0.453225 %
  valid err: 31.119791 %
  test  err: 31.780848 %
t: 29.077632
epoch 52, minibatch 312/312:
  train err: 0.590946 %
  valid err: 31.330130 %
  test  err: 32.171473 %
t: 29.076215
epoch 53, minibatch 312/312:
  train err: 0.503305 %
  valid err: 31.350160 %
  test  err: 32.111380 %
t: 29.075787
epoch 54, minibatch 312/312:
  train err: 0.393129 %
  valid err: 31.189904 %
  test  err: 31.670672 %
t: 29.080651
epoch 55, minibatch 312/312:
  train err: 1.014123 %
  valid err: 31.790864 %
  test  err: 32.101363 %
t: 29.07621
epoch 56, minibatch 312/312:
  train err: 0.453225 %
  valid err: 30.799279 %
  test  err: 31.470352 %
  current best
t: 29.27998
epoch 57, minibatch 312/312:
  train err: 0.538361 %
  valid err: 31.280047 %
  test  err: 31.870994 %
t: 29.077837
epoch 58, minibatch 312/312:
  train err: 0.378105 %
  valid err: 30.739182 %
  test  err: 31.640625 %
  current best
t: 29.278054
epoch 59, minibatch 312/312:
  train err: 0.237881 %
  valid err: 30.689102 %
  test  err: 31.760818 %
  current best
t: 29.275991
epoch 60, minibatch 312/312:
  train err: 0.430689 %
  valid err: 31.189904 %
  test  err: 31.981170 %
t: 29.077449
epoch 61, minibatch 312/312:
  train err: 0.335537 %
  valid err: 31.229967 %
  test  err: 31.770834 %
t: 29.083207
epoch 62, minibatch 312/312:
  train err: 0.473257 %
  valid err: 31.550482 %
  test  err: 31.931090 %
t: 29.080809
epoch 63, minibatch 312/312:
  train err: 0.418169 %
  valid err: 31.380209 %
  test  err: 32.061297 %
t: 29.065458
epoch 64, minibatch 312/312:
  train err: 0.403145 %
  valid err: 30.819312 %
  test  err: 31.750801 %
t: 29.081509
epoch 65, minibatch 312/312:
  train err: 0.623498 %
  valid err: 31.029648 %
  test  err: 32.572114 %
t: 29.087139
epoch 66, minibatch 312/312:
  train err: 0.205329 %
  valid err: 31.219953 %
  test  err: 32.041267 %
t: 29.085324
epoch 67, minibatch 312/312:
  train err: 0.180288 %
  valid err: 30.849358 %
  test  err: 31.229967 %
t: 29.077798
epoch 68, minibatch 312/312:
  train err: 0.225361 %
  valid err: 31.139824 %
  test  err: 31.129807 %
t: 29.070715
epoch 69, minibatch 312/312:
  train err: 0.265425 %
  valid err: 31.340143 %
  test  err: 31.850961 %
t: 29.076641
epoch 70, minibatch 312/312:
  train err: 0.307993 %
  valid err: 31.340143 %
  test  err: 31.911057 %
t: 29.079858
epoch 71, minibatch 312/312:
  train err: 0.323017 %
  valid err: 30.959535 %
  test  err: 31.911057 %
t: 29.081112
epoch 72, minibatch 312/312:
  train err: 0.175280 %
  valid err: 31.270033 %
  test  err: 31.410256 %
t: 29.076653
epoch 73, minibatch 312/312:
  train err: 0.428185 %
  valid err: 30.789262 %
  test  err: 31.640625 %
t: 29.082688
epoch 74, minibatch 312/312:
  train err: 0.140224 %
  valid err: 31.400239 %
  test  err: 31.550482 %
t: 29.072066
epoch 75, minibatch 312/312:
  train err: 0.350561 %
  valid err: 31.390223 %
  test  err: 31.810898 %
t: 29.0706
epoch 76, minibatch 312/312:
  train err: 0.242889 %
  valid err: 31.270033 %
  test  err: 31.510416 %
t: 29.07912
epoch 77, minibatch 312/312:
  train err: 0.292969 %
  valid err: 31.099761 %
  test  err: 31.951120 %
t: 29.078046
epoch 78, minibatch 312/312:
  train err: 0.488281 %
  valid err: 31.630608 %
  test  err: 31.891027 %
t: 29.08522
epoch 79, minibatch 312/312:
  train err: 0.160256 %
  valid err: 31.189904 %
  test  err: 32.001203 %
t: 29.094563
epoch 80, minibatch 312/312:
  train err: 0.180288 %
  valid err: 31.370193 %
  test  err: 31.820914 %
t: 29.090903
epoch 81, minibatch 312/312:
  train err: 0.250401 %
  valid err: 31.239983 %
  test  err: 31.901041 %
t: 29.082456
epoch 82, minibatch 312/312:
  train err: 0.222857 %
  valid err: 31.239983 %
  test  err: 31.260017 %
t: 29.07939
epoch 83, minibatch 312/312:
  train err: 0.192808 %
  valid err: 31.149840 %
  test  err: 31.750801 %
t: 29.096718
epoch 84, minibatch 312/312:
  train err: 0.110176 %
  valid err: 30.909455 %
  test  err: 31.330130 %
t: 29.097969
epoch 85, minibatch 312/312:
  train err: 0.145232 %
  valid err: 31.089744 %
  test  err: 31.440306 %
t: 29.093844
epoch 86, minibatch 312/312:
  train err: 0.270433 %
  valid err: 31.560495 %
  test  err: 31.820914 %
t: 29.089099
epoch 87, minibatch 312/312:
  train err: 0.207833 %
  valid err: 31.670672 %
  test  err: 31.961137 %
t: 29.084345
epoch 88, minibatch 312/312:
  train err: 0.102664 %
  valid err: 31.430289 %
  test  err: 31.540465 %
t: 29.083409
epoch 89, minibatch 312/312:
  train err: 0.195312 %
  valid err: 30.889422 %
  test  err: 31.550482 %
t: 29.079686
epoch 90, minibatch 312/312:
  train err: 0.085136 %
  valid err: 30.929488 %
  test  err: 31.189904 %
t: 29.072841
epoch 91, minibatch 312/312:
  train err: 0.180288 %
  valid err: 31.360176 %
  test  err: 31.530449 %
t: 29.103055
epoch 92, minibatch 312/312:
  train err: 0.130208 %
  valid err: 31.039664 %
  test  err: 31.260017 %
t: 29.098383
epoch 93, minibatch 312/312:
  train err: 0.257913 %
  valid err: 31.330130 %
  test  err: 31.660658 %
t: 29.095499
epoch 94, minibatch 312/312:
  train err: 0.107672 %
  valid err: 32.001203 %
  test  err: 31.570512 %
t: 29.087538
epoch 95, minibatch 312/312:
  train err: 0.097656 %
  valid err: 31.189904 %
  test  err: 31.119791 %
t: 29.087018
epoch 96, minibatch 312/312:
  train err: 0.220353 %
  valid err: 31.340143 %
  test  err: 31.710738 %
t: 29.084465
epoch 97, minibatch 312/312:
  train err: 0.165264 %
  valid err: 31.069711 %
  test  err: 31.921074 %
t: 29.080551
epoch 98, minibatch 312/312:
  train err: 0.152744 %
  valid err: 31.300080 %
  test  err: 31.800881 %
t: 29.07659
epoch 99, minibatch 312/312:
  train err: 0.067608 %
  valid err: 31.089744 %
  test  err: 31.400239 %
t: 29.08088
epoch 100, minibatch 312/312:
  train err: 0.287961 %
  valid err: 31.810898 %
  test  err: 31.700721 %
t: 29.082842
Optimization complete. Best valid score of 30.689102 % obtained at iteration 18408, epoch 59, with test performance 31.760818 %
