training samples: 40000
... normal training
.... generating models
.... started
epoch 1, minibatch 312/312:
  train err: 44.846755 %
  valid err: 46.965143 %
  test  err: 46.975160 %
  current best
t: 27.859722
epoch 2, minibatch 312/312:
  train err: 29.805189 %
  valid err: 35.496795 %
  test  err: 35.486779 %
  current best
t: 27.886254
epoch 3, minibatch 312/312:
  train err: 21.824920 %
  valid err: 31.360176 %
  test  err: 31.370193 %
  current best
t: 27.624664
epoch 4, minibatch 312/312:
  train err: 15.857872 %
  valid err: 29.356971 %
  test  err: 29.587340 %
  current best
t: 27.101851
epoch 5, minibatch 312/312:
  train err: 11.761318 %
  valid err: 29.306892 %
  test  err: 29.286858 %
  current best
t: 27.835348
epoch 6, minibatch 312/312:
  train err: 11.333133 %
  valid err: 30.969551 %
  test  err: 30.919471 %
t: 27.60153
epoch 7, minibatch 312/312:
  train err: 8.804087 %
  valid err: 30.458733 %
  test  err: 30.128205 %
t: 27.611139
epoch 8, minibatch 312/312:
  train err: 5.563902 %
  valid err: 29.326922 %
  test  err: 29.326922 %
t: 27.745346
epoch 9, minibatch 312/312:
  train err: 4.972957 %
  valid err: 28.745994 %
  test  err: 28.926283 %
  current best
t: 27.749558
epoch 10, minibatch 312/312:
  train err: 4.509715 %
  valid err: 29.016426 %
  test  err: 29.847756 %
t: 27.070219
epoch 11, minibatch 312/312:
  train err: 3.069912 %
  valid err: 28.094953 %
  test  err: 28.595755 %
  current best
t: 27.533419
epoch 12, minibatch 312/312:
  train err: 2.241086 %
  valid err: 27.964744 %
  test  err: 28.465545 %
  current best
t: 27.762951
epoch 13, minibatch 312/312:
  train err: 2.962240 %
  valid err: 28.555688 %
  test  err: 28.365386 %
t: 27.74682
epoch 14, minibatch 312/312:
  train err: 2.333734 %
  valid err: 28.485578 %
  test  err: 28.255209 %
t: 27.731199
epoch 15, minibatch 312/312:
  train err: 1.319611 %
  valid err: 27.253607 %
  test  err: 27.303687 %
  current best
t: 27.85028
epoch 16, minibatch 312/312:
  train err: 1.407252 %
  valid err: 27.894631 %
  test  err: 27.393830 %
t: 27.140579
epoch 17, minibatch 312/312:
  train err: 1.181891 %
  valid err: 27.263620 %
  test  err: 27.534056 %
t: 27.194113
epoch 18, minibatch 312/312:
  train err: 0.523337 %
  valid err: 26.732773 %
  test  err: 26.512420 %
  current best
t: 27.85747
epoch 19, minibatch 312/312:
  train err: 0.465745 %
  valid err: 26.832932 %
  test  err: 27.133414 %
t: 27.694311
epoch 20, minibatch 312/312:
  train err: 0.463241 %
  valid err: 26.772836 %
  test  err: 27.143431 %
t: 27.716274
epoch 21, minibatch 312/312:
  train err: 0.363081 %
  valid err: 27.163461 %
  test  err: 27.483973 %
t: 27.688483
epoch 22, minibatch 312/312:
  train err: 0.277945 %
  valid err: 26.752806 %
  test  err: 26.953125 %
t: 27.400903
epoch 23, minibatch 312/312:
  train err: 0.260417 %
  valid err: 26.502404 %
  test  err: 26.842949 %
  current best
t: 27.228311
epoch 24, minibatch 312/312:
  train err: 0.242889 %
  valid err: 26.762819 %
  test  err: 26.442307 %
t: 27.743337
epoch 25, minibatch 312/312:
  train err: 0.227865 %
  valid err: 26.862982 %
  test  err: 26.862982 %
t: 27.68326
epoch 26, minibatch 312/312:
  train err: 0.032552 %
  valid err: 26.131812 %
  test  err: 26.452324 %
  current best
t: 27.883563
epoch 27, minibatch 312/312:
  train err: 0.040064 %
  valid err: 26.452324 %
  test  err: 26.161858 %
t: 27.637433
epoch 28, minibatch 312/312:
  train err: 0.070112 %
  valid err: 26.101762 %
  test  err: 26.282051 %
  current best
t: 27.785352
epoch 29, minibatch 312/312:
  train err: 0.020032 %
  valid err: 26.842949 %
  test  err: 26.081732 %
t: 27.051414
epoch 30, minibatch 312/312:
  train err: 0.017528 %
  valid err: 25.921473 %
  test  err: 26.151842 %
  current best
t: 27.714813
epoch 31, minibatch 312/312:
  train err: 0.010016 %
  valid err: 26.292068 %
  test  err: 26.161858 %
t: 27.729308
epoch 32, minibatch 312/312:
  train err: 0.002504 %
  valid err: 26.272035 %
  test  err: 25.961539 %
t: 27.760741
epoch 33, minibatch 312/312:
  train err: 0.002504 %
  valid err: 25.881410 %
  test  err: 25.781250 %
  current best
t: 20.283659
epoch 34, minibatch 312/312:
  train err: 0.000000 %
  valid err: 26.041666 %
  test  err: 25.771233 %
t: 13.620851
epoch 35, minibatch 312/312:
  train err: 0.000000 %
  valid err: 25.731170 %
  test  err: 25.811297 %
  current best
t: 13.761965
epoch 36, minibatch 312/312:
  train err: 0.000000 %
  valid err: 25.771233 %
  test  err: 25.741187 %
t: 13.6343
epoch 37, minibatch 312/312:
  train err: 0.000000 %
  valid err: 25.721154 %
  test  err: 25.811297 %
  current best
t: 13.771844
epoch 38, minibatch 312/312:
  train err: 0.000000 %
  valid err: 25.701120 %
  test  err: 25.761217 %
  current best
t: 13.762877
epoch 39, minibatch 312/312:
  train err: 0.000000 %
  valid err: 25.681090 %
  test  err: 25.711137 %
  current best
t: 13.770351
epoch 40, minibatch 312/312:
  train err: 0.000000 %
  valid err: 25.691107 %
  test  err: 25.671074 %
t: 13.651555
epoch 41, minibatch 312/312:
  train err: 0.000000 %
  valid err: 25.731170 %
  test  err: 25.681090 %
t: 13.632575
epoch 42, minibatch 312/312:
  train err: 0.000000 %
  valid err: 25.721154 %
  test  err: 25.681090 %
t: 13.644541
epoch 43, minibatch 312/312:
  train err: 0.000000 %
  valid err: 25.721154 %
  test  err: 25.691107 %
t: 13.658841
epoch 44, minibatch 312/312:
  train err: 0.000000 %
  valid err: 25.731170 %
  test  err: 25.671074 %
t: 13.646391
epoch 45, minibatch 312/312:
  train err: 0.000000 %
  valid err: 25.711137 %
  test  err: 25.671074 %
t: 13.648106
epoch 46, minibatch 312/312:
  train err: 0.000000 %
  valid err: 25.721154 %
  test  err: 25.651041 %
t: 13.665667
epoch 47, minibatch 312/312:
  train err: 0.000000 %
  valid err: 25.741187 %
  test  err: 25.661057 %
t: 13.647009
epoch 48, minibatch 312/312:
  train err: 0.000000 %
  valid err: 25.741187 %
  test  err: 25.681090 %
t: 13.651988
epoch 49, minibatch 312/312:
  train err: 0.000000 %
  valid err: 25.741187 %
  test  err: 25.691107 %
t: 13.646043
epoch 50, minibatch 312/312:
  train err: 0.000000 %
  valid err: 25.741187 %
  test  err: 25.671074 %
t: 13.642256
epoch 51, minibatch 312/312:
  train err: 0.000000 %
  valid err: 25.741187 %
  test  err: 25.661057 %
t: 13.629111
epoch 52, minibatch 312/312:
  train err: 0.000000 %
  valid err: 25.741187 %
  test  err: 25.671074 %
t: 13.636188
epoch 53, minibatch 312/312:
  train err: 0.000000 %
  valid err: 25.741187 %
  test  err: 25.671074 %
t: 13.634219
epoch 54, minibatch 312/312:
  train err: 0.000000 %
  valid err: 25.761217 %
  test  err: 25.661057 %
t: 13.634071
epoch 55, minibatch 312/312:
  train err: 0.000000 %
  valid err: 25.761217 %
  test  err: 25.661057 %
t: 13.633531
epoch 56, minibatch 312/312:
  train err: 0.000000 %
  valid err: 25.751203 %
  test  err: 25.641027 %
t: 13.657328
epoch 57, minibatch 312/312:
  train err: 0.000000 %
  valid err: 25.751203 %
  test  err: 25.651041 %
t: 13.648009
epoch 58, minibatch 312/312:
  train err: 0.000000 %
  valid err: 25.751203 %
  test  err: 25.661057 %
t: 13.631461
epoch 59, minibatch 312/312:
  train err: 0.000000 %
  valid err: 25.751203 %
  test  err: 25.661057 %
t: 13.642083
epoch 60, minibatch 312/312:
  train err: 0.000000 %
  valid err: 25.751203 %
  test  err: 25.651041 %
t: 13.613825
epoch 61, minibatch 312/312:
  train err: 0.000000 %
  valid err: 25.751203 %
  test  err: 25.651041 %
t: 13.833623
epoch 62, minibatch 312/312:
  train err: 0.000000 %
  valid err: 25.751203 %
  test  err: 25.651041 %
t: 13.662585
epoch 63, minibatch 312/312:
  train err: 0.000000 %
  valid err: 25.751203 %
  test  err: 25.651041 %
t: 13.595144
epoch 64, minibatch 312/312:
  train err: 0.000000 %
  valid err: 25.741187 %
  test  err: 25.651041 %
t: 13.598621
epoch 65, minibatch 312/312:
  train err: 0.000000 %
  valid err: 25.761217 %
  test  err: 25.651041 %
t: 13.625649
epoch 66, minibatch 312/312:
  train err: 0.000000 %
  valid err: 25.761217 %
  test  err: 25.651041 %
t: 13.6319
epoch 67, minibatch 312/312:
  train err: 0.000000 %
  valid err: 25.771233 %
  test  err: 25.651041 %
t: 13.635582
epoch 68, minibatch 312/312:
  train err: 0.000000 %
  valid err: 25.781250 %
  test  err: 25.651041 %
t: 13.867789
epoch 69, minibatch 312/312:
  train err: 0.000000 %
  valid err: 25.781250 %
  test  err: 25.661057 %
t: 13.721392
epoch 70, minibatch 312/312:
  train err: 0.000000 %
  valid err: 25.781250 %
  test  err: 25.671074 %
t: 13.609862
epoch 71, minibatch 312/312:
  train err: 0.000000 %
  valid err: 25.781250 %
  test  err: 25.661057 %
t: 13.59874
epoch 72, minibatch 312/312:
  train err: 0.000000 %
  valid err: 25.791267 %
  test  err: 25.661057 %
t: 13.615539
epoch 73, minibatch 312/312:
  train err: 0.000000 %
  valid err: 25.811297 %
  test  err: 25.661057 %
t: 13.617857
epoch 74, minibatch 312/312:
  train err: 0.000000 %
  valid err: 25.811297 %
  test  err: 25.661057 %
t: 13.589968
epoch 75, minibatch 312/312:
  train err: 0.000000 %
  valid err: 25.791267 %
  test  err: 25.661057 %
t: 13.587861
epoch 76, minibatch 312/312:
  train err: 0.000000 %
  valid err: 25.791267 %
  test  err: 25.661057 %
t: 13.587945
epoch 77, minibatch 312/312:
  train err: 0.000000 %
  valid err: 25.791267 %
  test  err: 25.661057 %
t: 13.600645
epoch 78, minibatch 312/312:
  train err: 0.000000 %
  valid err: 25.791267 %
  test  err: 25.661057 %
t: 13.580364
epoch 79, minibatch 312/312:
  train err: 0.000000 %
  valid err: 25.781250 %
  test  err: 25.671074 %
t: 13.830356
epoch 80, minibatch 312/312:
  train err: 0.000000 %
  valid err: 25.771233 %
  test  err: 25.671074 %
t: 13.710156
epoch 81, minibatch 312/312:
  train err: 0.000000 %
  valid err: 25.771233 %
  test  err: 25.671074 %
t: 13.576299
epoch 82, minibatch 312/312:
  train err: 0.000000 %
  valid err: 25.771233 %
  test  err: 25.671074 %
t: 13.596962
epoch 83, minibatch 312/312:
  train err: 0.000000 %
  valid err: 25.771233 %
  test  err: 25.671074 %
t: 13.599142
epoch 84, minibatch 312/312:
  train err: 0.000000 %
  valid err: 25.771233 %
  test  err: 25.671074 %
t: 13.596378
epoch 85, minibatch 312/312:
  train err: 0.000000 %
  valid err: 25.771233 %
  test  err: 25.671074 %
t: 13.588745
epoch 86, minibatch 312/312:
  train err: 0.000000 %
  valid err: 25.771233 %
  test  err: 25.671074 %
t: 13.597915
epoch 87, minibatch 312/312:
  train err: 0.000000 %
  valid err: 25.761217 %
  test  err: 25.671074 %
t: 13.604334
epoch 88, minibatch 312/312:
  train err: 0.000000 %
  valid err: 25.751203 %
  test  err: 25.671074 %
t: 13.601384
epoch 89, minibatch 312/312:
  train err: 0.000000 %
  valid err: 25.751203 %
  test  err: 25.671074 %
t: 13.604122
epoch 90, minibatch 312/312:
  train err: 0.000000 %
  valid err: 25.751203 %
  test  err: 25.681090 %
t: 13.59397
epoch 91, minibatch 312/312:
  train err: 0.000000 %
  valid err: 25.751203 %
  test  err: 25.681090 %
t: 13.614024
epoch 92, minibatch 312/312:
  train err: 0.000000 %
  valid err: 25.751203 %
  test  err: 25.681090 %
t: 13.603992
epoch 93, minibatch 312/312:
  train err: 0.000000 %
  valid err: 25.751203 %
  test  err: 25.681090 %
t: 13.580172
epoch 94, minibatch 312/312:
  train err: 0.000000 %
  valid err: 25.751203 %
  test  err: 25.681090 %
t: 13.597163
epoch 95, minibatch 312/312:
  train err: 0.000000 %
  valid err: 25.751203 %
  test  err: 25.681090 %
t: 13.607299
epoch 96, minibatch 312/312:
  train err: 0.000000 %
  valid err: 25.751203 %
  test  err: 25.681090 %
t: 13.588838
epoch 97, minibatch 312/312:
  train err: 0.000000 %
  valid err: 25.751203 %
  test  err: 25.681090 %
t: 13.598899
epoch 98, minibatch 312/312:
  train err: 0.000000 %
  valid err: 25.751203 %
  test  err: 25.681090 %
t: 13.590558
epoch 99, minibatch 312/312:
  train err: 0.000000 %
  valid err: 25.751203 %
  test  err: 25.681090 %
t: 13.600698
epoch 100, minibatch 312/312:
  train err: 0.000000 %
  valid err: 25.751203 %
  test  err: 25.681090 %
t: 13.586608
Optimization complete. Best valid score of 25.681090 % obtained at iteration 12168, epoch 39, with test performance 25.711137 %
