... loading data
training samples: 50000
... normal training
.... generating models
.... started
epoch 1, minibatch 195/195:
  train err: 4.445112 %
  valid err: 4.186699 %
  test  err: 4.957933 %
  current best
t: 6.306368
epoch 2, minibatch 195/195:
  train err: 2.137420 %
  valid err: 2.694311 %
  test  err: 3.074920 %
  current best
t: 6.322346
epoch 3, minibatch 195/195:
  train err: 1.885016 %
  valid err: 2.744391 %
  test  err: 3.044872 %
t: 6.0961
epoch 4, minibatch 195/195:
  train err: 1.143830 %
  valid err: 2.413862 %
  test  err: 2.754407 %
  current best
t: 6.25715
epoch 5, minibatch 195/195:
  train err: 0.629006 %
  valid err: 2.123397 %
  test  err: 2.243590 %
  current best
t: 6.26501
epoch 6, minibatch 195/195:
  train err: 0.472756 %
  valid err: 2.083333 %
  test  err: 2.123397 %
  current best
t: 6.260962
epoch 7, minibatch 195/195:
  train err: 0.332532 %
  valid err: 1.903045 %
  test  err: 1.963141 %
  current best
t: 6.268106
epoch 8, minibatch 195/195:
  train err: 0.204327 %
  valid err: 2.033253 %
  test  err: 2.053285 %
t: 6.101746
epoch 9, minibatch 195/195:
  train err: 0.198317 %
  valid err: 1.782853 %
  test  err: 1.993189 %
  current best
t: 6.273826
epoch 10, minibatch 195/195:
  train err: 0.150240 %
  valid err: 1.862981 %
  test  err: 1.933093 %
t: 6.117248
epoch 11, minibatch 195/195:
  train err: 0.030048 %
  valid err: 1.832933 %
  test  err: 1.732772 %
t: 6.119247
epoch 12, minibatch 195/195:
  train err: 0.028045 %
  valid err: 1.692708 %
  test  err: 1.682692 %
  current best
t: 6.272928
epoch 13, minibatch 195/195:
  train err: 0.016026 %
  valid err: 1.642628 %
  test  err: 1.742788 %
  current best
t: 6.277656
epoch 14, minibatch 195/195:
  train err: 0.000000 %
  valid err: 1.552484 %
  test  err: 1.632612 %
  current best
t: 6.271467
epoch 15, minibatch 195/195:
  train err: 0.000000 %
  valid err: 1.572516 %
  test  err: 1.592548 %
t: 6.115462
epoch 16, minibatch 195/195:
  train err: 0.000000 %
  valid err: 1.552484 %
  test  err: 1.472356 %
t: 6.122027
epoch 17, minibatch 195/195:
  train err: 0.000000 %
  valid err: 1.582532 %
  test  err: 1.592548 %
t: 6.127487
epoch 18, minibatch 195/195:
  train err: 0.000000 %
  valid err: 1.592548 %
  test  err: 1.582532 %
t: 6.119211
epoch 19, minibatch 195/195:
  train err: 0.000000 %
  valid err: 1.592548 %
  test  err: 1.582532 %
t: 6.114677
epoch 20, minibatch 195/195:
  train err: 0.000000 %
  valid err: 1.592548 %
  test  err: 1.582532 %
t: 6.116101
epoch 21, minibatch 195/195:
  train err: 0.000000 %
  valid err: 1.592548 %
  test  err: 1.582532 %
t: 6.115004
epoch 22, minibatch 195/195:
  train err: 0.000000 %
  valid err: 1.602564 %
  test  err: 1.582532 %
t: 6.129228
epoch 23, minibatch 195/195:
  train err: 0.000000 %
  valid err: 1.602564 %
  test  err: 1.582532 %
t: 6.129
epoch 24, minibatch 195/195:
  train err: 0.000000 %
  valid err: 1.602564 %
  test  err: 1.592548 %
t: 6.121886
epoch 25, minibatch 195/195:
  train err: 0.000000 %
  valid err: 1.602564 %
  test  err: 1.592548 %
t: 6.136641
epoch 26, minibatch 195/195:
  train err: 0.000000 %
  valid err: 1.612580 %
  test  err: 1.592548 %
t: 6.107046
epoch 27, minibatch 195/195:
  train err: 0.000000 %
  valid err: 1.612580 %
  test  err: 1.592548 %
t: 6.13365
epoch 28, minibatch 195/195:
  train err: 0.000000 %
  valid err: 1.612580 %
  test  err: 1.592548 %
t: 6.036442
epoch 29, minibatch 195/195:
  train err: 0.000000 %
  valid err: 1.612580 %
  test  err: 1.592548 %
t: 6.058798
epoch 30, minibatch 195/195:
  train err: 0.000000 %
  valid err: 1.612580 %
  test  err: 1.592548 %
t: 6.039621
epoch 31, minibatch 195/195:
  train err: 0.000000 %
  valid err: 1.612580 %
  test  err: 1.592548 %
t: 6.053364
epoch 32, minibatch 195/195:
  train err: 0.000000 %
  valid err: 1.612580 %
  test  err: 1.602564 %
t: 6.040537
epoch 33, minibatch 195/195:
  train err: 0.000000 %
  valid err: 1.612580 %
  test  err: 1.602564 %
t: 6.056485
epoch 34, minibatch 195/195:
  train err: 0.000000 %
  valid err: 1.612580 %
  test  err: 1.602564 %
t: 6.044788
epoch 35, minibatch 195/195:
  train err: 0.000000 %
  valid err: 1.612580 %
  test  err: 1.602564 %
t: 6.0566
epoch 36, minibatch 195/195:
  train err: 0.000000 %
  valid err: 1.612580 %
  test  err: 1.602564 %
t: 6.040317
epoch 37, minibatch 195/195:
  train err: 0.000000 %
  valid err: 1.612580 %
  test  err: 1.602564 %
t: 6.057772
epoch 38, minibatch 195/195:
  train err: 0.000000 %
  valid err: 1.612580 %
  test  err: 1.602564 %
t: 6.050436
epoch 39, minibatch 195/195:
  train err: 0.000000 %
  valid err: 1.612580 %
  test  err: 1.602564 %
t: 6.055288
epoch 40, minibatch 195/195:
  train err: 0.000000 %
  valid err: 1.612580 %
  test  err: 1.602564 %
t: 6.055111
epoch 41, minibatch 195/195:
  train err: 0.000000 %
  valid err: 1.612580 %
  test  err: 1.602564 %
t: 6.044056
epoch 42, minibatch 195/195:
  train err: 0.000000 %
  valid err: 1.612580 %
  test  err: 1.602564 %
t: 6.048756
epoch 43, minibatch 195/195:
  train err: 0.000000 %
  valid err: 1.612580 %
  test  err: 1.602564 %
t: 6.057528
epoch 44, minibatch 195/195:
  train err: 0.000000 %
  valid err: 1.622596 %
  test  err: 1.602564 %
t: 6.053937
epoch 45, minibatch 195/195:
  train err: 0.000000 %
  valid err: 1.622596 %
  test  err: 1.602564 %
t: 6.036436
epoch 46, minibatch 195/195:
  train err: 0.000000 %
  valid err: 1.622596 %
  test  err: 1.602564 %
t: 6.062415
epoch 47, minibatch 195/195:
  train err: 0.000000 %
  valid err: 1.622596 %
  test  err: 1.602564 %
t: 6.050909
epoch 48, minibatch 195/195:
  train err: 0.000000 %
  valid err: 1.622596 %
  test  err: 1.602564 %
t: 6.061842
epoch 49, minibatch 195/195:
  train err: 0.000000 %
  valid err: 1.622596 %
  test  err: 1.602564 %
t: 6.046841
epoch 50, minibatch 195/195:
  train err: 0.000000 %
  valid err: 1.622596 %
  test  err: 1.602564 %
t: 6.061784
epoch 51, minibatch 195/195:
  train err: 0.000000 %
  valid err: 1.622596 %
  test  err: 1.602564 %
t: 6.045266
epoch 52, minibatch 195/195:
  train err: 0.000000 %
  valid err: 1.622596 %
  test  err: 1.602564 %
t: 6.044827
epoch 53, minibatch 195/195:
  train err: 0.000000 %
  valid err: 1.622596 %
  test  err: 1.602564 %
t: 6.047971
epoch 54, minibatch 195/195:
  train err: 0.000000 %
  valid err: 1.622596 %
  test  err: 1.602564 %
t: 6.036447
epoch 55, minibatch 195/195:
  train err: 0.000000 %
  valid err: 1.622596 %
  test  err: 1.602564 %
t: 6.044634
epoch 56, minibatch 195/195:
  train err: 0.000000 %
  valid err: 1.622596 %
  test  err: 1.602564 %
t: 6.041714
epoch 57, minibatch 195/195:
  train err: 0.000000 %
  valid err: 1.622596 %
  test  err: 1.602564 %
t: 6.057341
epoch 58, minibatch 195/195:
  train err: 0.000000 %
  valid err: 1.622596 %
  test  err: 1.602564 %
t: 6.046438
epoch 59, minibatch 195/195:
  train err: 0.000000 %
  valid err: 1.622596 %
  test  err: 1.602564 %
t: 6.05114
epoch 60, minibatch 195/195:
  train err: 0.000000 %
  valid err: 1.622596 %
  test  err: 1.602564 %
t: 6.042165
epoch 61, minibatch 195/195:
  train err: 0.000000 %
  valid err: 1.622596 %
  test  err: 1.602564 %
t: 6.046616
epoch 62, minibatch 195/195:
  train err: 0.000000 %
  valid err: 1.622596 %
  test  err: 1.602564 %
t: 6.047762
epoch 63, minibatch 195/195:
  train err: 0.000000 %
  valid err: 1.622596 %
  test  err: 1.602564 %
t: 6.044357
epoch 64, minibatch 195/195:
  train err: 0.000000 %
  valid err: 1.622596 %
  test  err: 1.602564 %
t: 6.043056
epoch 65, minibatch 195/195:
  train err: 0.000000 %
  valid err: 1.622596 %
  test  err: 1.602564 %
t: 6.045264
epoch 66, minibatch 195/195:
  train err: 0.000000 %
  valid err: 1.622596 %
  test  err: 1.602564 %
t: 6.057032
epoch 67, minibatch 195/195:
  train err: 0.000000 %
  valid err: 1.622596 %
  test  err: 1.602564 %
t: 6.039429
epoch 68, minibatch 195/195:
  train err: 0.000000 %
  valid err: 1.622596 %
  test  err: 1.602564 %
t: 6.049532
epoch 69, minibatch 195/195:
  train err: 0.000000 %
  valid err: 1.622596 %
  test  err: 1.602564 %
t: 6.048184
epoch 70, minibatch 195/195:
  train err: 0.000000 %
  valid err: 1.622596 %
  test  err: 1.602564 %
t: 6.045264
epoch 71, minibatch 195/195:
  train err: 0.000000 %
  valid err: 1.622596 %
  test  err: 1.602564 %
t: 6.048388
epoch 72, minibatch 195/195:
  train err: 0.000000 %
  valid err: 1.622596 %
  test  err: 1.602564 %
t: 6.043516
epoch 73, minibatch 195/195:
  train err: 0.000000 %
  valid err: 1.622596 %
  test  err: 1.602564 %
t: 6.049017
epoch 74, minibatch 195/195:
  train err: 0.000000 %
  valid err: 1.622596 %
  test  err: 1.602564 %
t: 6.040603
epoch 75, minibatch 195/195:
  train err: 0.000000 %
  valid err: 1.622596 %
  test  err: 1.602564 %
t: 6.05421
epoch 76, minibatch 195/195:
  train err: 0.000000 %
  valid err: 1.622596 %
  test  err: 1.602564 %
t: 6.038456
epoch 77, minibatch 195/195:
  train err: 0.000000 %
  valid err: 1.622596 %
  test  err: 1.602564 %
t: 6.053962
epoch 78, minibatch 195/195:
  train err: 0.000000 %
  valid err: 1.622596 %
  test  err: 1.602564 %
t: 6.036102
epoch 79, minibatch 195/195:
  train err: 0.000000 %
  valid err: 1.622596 %
  test  err: 1.602564 %
t: 6.043971
epoch 80, minibatch 195/195:
  train err: 0.000000 %
  valid err: 1.622596 %
  test  err: 1.602564 %
t: 6.056947
epoch 81, minibatch 195/195:
  train err: 0.000000 %
  valid err: 1.622596 %
  test  err: 1.602564 %
t: 6.057508
epoch 82, minibatch 195/195:
  train err: 0.000000 %
  valid err: 1.622596 %
  test  err: 1.602564 %
t: 6.053269
epoch 83, minibatch 195/195:
  train err: 0.000000 %
  valid err: 1.622596 %
  test  err: 1.602564 %
t: 6.054122
epoch 84, minibatch 195/195:
  train err: 0.000000 %
  valid err: 1.622596 %
  test  err: 1.602564 %
t: 6.037745
epoch 85, minibatch 195/195:
  train err: 0.000000 %
  valid err: 1.622596 %
  test  err: 1.602564 %
t: 6.043536
epoch 86, minibatch 195/195:
  train err: 0.000000 %
  valid err: 1.622596 %
  test  err: 1.602564 %
t: 6.046599
epoch 87, minibatch 195/195:
  train err: 0.000000 %
  valid err: 1.622596 %
  test  err: 1.602564 %
t: 6.051099
epoch 88, minibatch 195/195:
  train err: 0.000000 %
  valid err: 1.622596 %
  test  err: 1.602564 %
t: 6.046736
epoch 89, minibatch 195/195:
  train err: 0.000000 %
  valid err: 1.622596 %
  test  err: 1.602564 %
t: 6.048264
epoch 90, minibatch 195/195:
  train err: 0.000000 %
  valid err: 1.622596 %
  test  err: 1.602564 %
t: 6.048127
epoch 91, minibatch 195/195:
  train err: 0.000000 %
  valid err: 1.622596 %
  test  err: 1.602564 %
t: 6.047876
epoch 92, minibatch 195/195:
  train err: 0.000000 %
  valid err: 1.622596 %
  test  err: 1.602564 %
t: 6.044289
epoch 93, minibatch 195/195:
  train err: 0.000000 %
  valid err: 1.622596 %
  test  err: 1.602564 %
t: 6.04687
epoch 94, minibatch 195/195:
  train err: 0.000000 %
  valid err: 1.622596 %
  test  err: 1.602564 %
t: 6.048774
epoch 95, minibatch 195/195:
  train err: 0.000000 %
  valid err: 1.622596 %
  test  err: 1.602564 %
t: 6.046057
epoch 96, minibatch 195/195:
  train err: 0.000000 %
  valid err: 1.622596 %
  test  err: 1.602564 %
t: 6.041961
epoch 97, minibatch 195/195:
  train err: 0.000000 %
  valid err: 1.622596 %
  test  err: 1.602564 %
t: 6.053113
epoch 98, minibatch 195/195:
  train err: 0.000000 %
  valid err: 1.622596 %
  test  err: 1.602564 %
t: 6.048088
epoch 99, minibatch 195/195:
  train err: 0.000000 %
  valid err: 1.622596 %
  test  err: 1.602564 %
t: 6.054903
epoch 100, minibatch 195/195:
  train err: 0.000000 %
  valid err: 1.622596 %
  test  err: 1.602564 %
t: 6.045061
Optimization complete. Best valid score of 1.552484 % obtained at iteration 2730, epoch 14, with test performance 1.632612 %
