... loading data
..transforming dataset
training samples: 60000
... normal training
.... generating models
.... started
epoch 1, minibatch 234/234:
  train err: 9.518563 %
  valid err: 20.668069 %
  test  err: 19.010417 %
  current best
t: 17.951237
epoch 2, minibatch 234/234:
  train err: 5.644030 %
  valid err: 16.299412 %
  test  err: 15.965545 %
  current best
t: 17.497705
epoch 3, minibatch 234/234:
  train err: 4.156651 %
  valid err: 6.947783 %
  test  err: 6.260016 %
  current best
t: 17.463312
epoch 4, minibatch 234/234:
  train err: 3.879540 %
  valid err: 8.855836 %
  test  err: 7.892628 %
t: 17.460805
epoch 5, minibatch 234/234:
  train err: 3.600761 %
  valid err: 7.827524 %
  test  err: 7.852564 %
t: 17.268833
epoch 6, minibatch 234/234:
  train err: 2.832866 %
  valid err: 3.034856 %
  test  err: 2.924679 %
  current best
t: 17.632101
epoch 7, minibatch 234/234:
  train err: 2.617521 %
  valid err: 4.577324 %
  test  err: 4.497195 %
t: 17.417721
epoch 8, minibatch 234/234:
  train err: 2.352097 %
  valid err: 3.058226 %
  test  err: 2.814503 %
t: 17.458427
epoch 9, minibatch 234/234:
  train err: 3.617455 %
  valid err: 7.687300 %
  test  err: 7.742388 %
t: 17.462406
epoch 10, minibatch 234/234:
  train err: 2.046608 %
  valid err: 2.886285 %
  test  err: 2.804487 %
  current best
t: 17.861323
epoch 11, minibatch 234/234:
  train err: 1.878005 %
  valid err: 2.597489 %
  test  err: 2.584135 %
  current best
t: 17.598626
epoch 12, minibatch 234/234:
  train err: 2.193510 %
  valid err: 4.238448 %
  test  err: 4.627404 %
t: 17.273617
epoch 13, minibatch 234/234:
  train err: 1.856303 %
  valid err: 1.837941 %
  test  err: 1.512420 %
  current best
t: 17.383076
epoch 14, minibatch 234/234:
  train err: 3.675881 %
  valid err: 5.851028 %
  test  err: 5.919471 %
t: 17.598946
epoch 15, minibatch 234/234:
  train err: 1.771167 %
  valid err: 3.226830 %
  test  err: 3.104968 %
t: 17.486427
epoch 16, minibatch 234/234:
  train err: 2.023237 %
  valid err: 3.886218 %
  test  err: 3.956330 %
t: 17.313695
epoch 17, minibatch 234/234:
  train err: 2.198518 %
  valid err: 3.488915 %
  test  err: 3.235176 %
t: 17.223188
epoch 18, minibatch 234/234:
  train err: 1.964810 %
  valid err: 3.856170 %
  test  err: 3.165064 %
t: 17.390761
epoch 19, minibatch 234/234:
  train err: 1.867989 %
  valid err: 3.834468 %
  test  err: 3.465545 %
t: 17.323823
epoch 20, minibatch 234/234:
  train err: 1.545807 %
  valid err: 1.657652 %
  test  err: 1.692708 %
  current best
t: 17.455744
epoch 21, minibatch 234/234:
  train err: 1.562500 %
  valid err: 2.919671 %
  test  err: 2.704327 %
t: 17.162508
epoch 22, minibatch 234/234:
  train err: 1.455662 %
  valid err: 1.505743 %
  test  err: 1.362179 %
  current best
t: 17.466209
epoch 23, minibatch 234/234:
  train err: 1.627604 %
  valid err: 1.423945 %
  test  err: 1.252003 %
  current best
t: 17.315444
epoch 24, minibatch 234/234:
  train err: 1.650975 %
  valid err: 1.742788 %
  test  err: 1.893029 %
t: 17.310889
epoch 25, minibatch 234/234:
  train err: 1.517428 %
  valid err: 1.136819 %
  test  err: 1.091747 %
  current best
t: 17.559982
epoch 26, minibatch 234/234:
  train err: 1.116787 %
  valid err: 1.570847 %
  test  err: 1.492388 %
t: 17.358837
epoch 27, minibatch 234/234:
  train err: 1.090077 %
  valid err: 1.520767 %
  test  err: 1.512420 %
t: 17.341236
epoch 28, minibatch 234/234:
  train err: 1.614249 %
  valid err: 6.144832 %
  test  err: 6.670673 %
t: 17.17043
epoch 29, minibatch 234/234:
  train err: 1.081731 %
  valid err: 1.335470 %
  test  err: 1.452324 %
t: 17.530654
epoch 30, minibatch 234/234:
  train err: 1.277043 %
  valid err: 2.529046 %
  test  err: 2.804487 %
t: 17.641058
epoch 31, minibatch 234/234:
  train err: 1.036659 %
  valid err: 0.871394 %
  test  err: 0.951522 %
  current best
t: 17.837458
epoch 32, minibatch 234/234:
  train err: 1.297075 %
  valid err: 2.475628 %
  test  err: 2.864583 %
t: 17.249645
epoch 33, minibatch 234/234:
  train err: 1.253673 %
  valid err: 1.091747 %
  test  err: 1.141827 %
t: 17.370537
epoch 34, minibatch 234/234:
  train err: 1.019965 %
  valid err: 1.307091 %
  test  err: 1.302083 %
t: 17.573436
epoch 35, minibatch 234/234:
  train err: 1.751135 %
  valid err: 1.754474 %
  test  err: 1.562500 %
t: 17.589299
epoch 36, minibatch 234/234:
  train err: 1.213608 %
  valid err: 1.245326 %
  test  err: 1.362179 %
t: 17.519796
epoch 37, minibatch 234/234:
  train err: 1.135150 %
  valid err: 1.226963 %
  test  err: 1.292067 %
t: 17.241137
epoch 38, minibatch 234/234:
  train err: 1.684362 %
  valid err: 3.754340 %
  test  err: 3.846154 %
t: 17.357704
epoch 39, minibatch 234/234:
  train err: 0.844685 %
  valid err: 1.402244 %
  test  err: 1.442308 %
t: 17.515157
epoch 40, minibatch 234/234:
  train err: 0.822983 %
  valid err: 0.674412 %
  test  err: 0.901442 %
  current best
t: 17.425316
epoch 41, minibatch 234/234:
  train err: 0.909789 %
  valid err: 1.051683 %
  test  err: 1.071715 %
t: 17.485835
epoch 42, minibatch 234/234:
  train err: 1.063368 %
  valid err: 1.258681 %
  test  err: 1.342147 %
t: 17.285739
epoch 43, minibatch 234/234:
  train err: 1.083400 %
  valid err: 0.802951 %
  test  err: 0.781250 %
t: 17.468818
epoch 44, minibatch 234/234:
  train err: 1.195246 %
  valid err: 1.016627 %
  test  err: 1.352163 %
t: 17.527889
epoch 45, minibatch 234/234:
  train err: 1.243657 %
  valid err: 1.260350 %
  test  err: 1.332131 %
t: 17.276093
epoch 46, minibatch 234/234:
  train err: 1.196915 %
  valid err: 2.495660 %
  test  err: 2.574119 %
t: 17.528475
epoch 47, minibatch 234/234:
  train err: 0.858040 %
  valid err: 0.908120 %
  test  err: 1.191907 %
t: 17.342682
epoch 48, minibatch 234/234:
  train err: 1.198584 %
  valid err: 1.479033 %
  test  err: 1.442308 %
t: 17.538052
epoch 49, minibatch 234/234:
  train err: 0.941506 %
  valid err: 1.103432 %
  test  err: 1.221955 %
t: 17.315061
epoch 50, minibatch 234/234:
  train err: 1.337139 %
  valid err: 1.789530 %
  test  err: 2.043269 %
t: 17.595833
epoch 51, minibatch 234/234:
  train err: 1.106771 %
  valid err: 0.903112 %
  test  err: 1.081731 %
t: 17.265653
epoch 52, minibatch 234/234:
  train err: 1.128472 %
  valid err: 0.851362 %
  test  err: 1.011619 %
t: 17.385389
epoch 53, minibatch 234/234:
  train err: 0.739517 %
  valid err: 0.717815 %
  test  err: 0.971554 %
t: 17.337137
epoch 54, minibatch 234/234:
  train err: 1.510751 %
  valid err: 2.053285 %
  test  err: 2.313702 %
t: 17.697258
epoch 55, minibatch 234/234:
  train err: 1.133480 %
  valid err: 1.347155 %
  test  err: 1.562500 %
t: 17.432687
epoch 56, minibatch 234/234:
  train err: 1.014957 %
  valid err: 1.091747 %
  test  err: 1.312099 %
t: 17.300299
epoch 57, minibatch 234/234:
  train err: 0.874733 %
  valid err: 0.684428 %
  test  err: 0.791266 %
t: 17.387003
epoch 58, minibatch 234/234:
  train err: 1.160190 %
  valid err: 1.036659 %
  test  err: 1.061699 %
t: 17.511111
epoch 59, minibatch 234/234:
  train err: 0.812967 %
  valid err: 0.993256 %
  test  err: 1.021635 %
t: 17.509528
epoch 60, minibatch 234/234:
  train err: 1.727764 %
  valid err: 2.891293 %
  test  err: 2.694311 %
t: 17.578894
epoch 61, minibatch 234/234:
  train err: 1.148504 %
  valid err: 0.978232 %
  test  err: 1.071715 %
t: 17.489419
epoch 62, minibatch 234/234:
  train err: 0.989917 %
  valid err: 0.846354 %
  test  err: 0.791266 %
t: 17.466818
epoch 63, minibatch 234/234:
  train err: 1.295406 %
  valid err: 1.171875 %
  test  err: 1.442308 %
t: 17.303557
epoch 64, minibatch 234/234:
  train err: 1.489049 %
  valid err: 1.577524 %
  test  err: 1.732772 %
t: 17.64536
epoch 65, minibatch 234/234:
  train err: 0.918136 %
  valid err: 1.006611 %
  test  err: 1.161859 %
t: 17.277896
epoch 66, minibatch 234/234:
  train err: 1.353833 %
  valid err: 2.373798 %
  test  err: 2.383814 %
t: 17.591636
epoch 67, minibatch 234/234:
  train err: 1.018296 %
  valid err: 0.918136 %
  test  err: 1.081731 %
t: 17.616474
epoch 68, minibatch 234/234:
  train err: 1.524105 %
  valid err: 1.265358 %
  test  err: 1.352163 %
t: 17.649996
epoch 69, minibatch 234/234:
  train err: 0.792935 %
  valid err: 0.906450 %
  test  err: 1.252003 %
t: 17.558741
epoch 70, minibatch 234/234:
  train err: 0.936498 %
  valid err: 1.028312 %
  test  err: 1.191907 %
t: 17.771987
epoch 71, minibatch 234/234:
  train err: 1.282051 %
  valid err: 0.721154 %
  test  err: 1.011619 %
t: 17.478865
epoch 72, minibatch 234/234:
  train err: 0.702791 %
  valid err: 0.889757 %
  test  err: 0.811298 %
t: 17.472931
epoch 73, minibatch 234/234:
  train err: 0.856370 %
  valid err: 1.252003 %
  test  err: 1.512420 %
t: 17.380218
epoch 74, minibatch 234/234:
  train err: 0.843015 %
  valid err: 1.011619 %
  test  err: 1.241987 %
t: 17.455423
epoch 75, minibatch 234/234:
  train err: 0.874733 %
  valid err: 0.727831 %
  test  err: 0.891426 %
t: 17.247545
epoch 76, minibatch 234/234:
  train err: 0.787927 %
  valid err: 0.883080 %
  test  err: 1.071715 %
t: 17.580302
epoch 77, minibatch 234/234:
  train err: 0.652711 %
  valid err: 1.034989 %
  test  err: 1.091747 %
t: 17.656082
epoch 78, minibatch 234/234:
  train err: 1.519097 %
  valid err: 1.522436 %
  test  err: 1.572516 %
t: 17.789758
epoch 79, minibatch 234/234:
  train err: 1.136819 %
  valid err: 1.385550 %
  test  err: 1.502404 %
t: 17.626193
epoch 80, minibatch 234/234:
  train err: 0.971554 %
  valid err: 1.512420 %
  test  err: 1.852965 %
t: 17.509032
epoch 81, minibatch 234/234:
  train err: 1.138488 %
  valid err: 1.373865 %
  test  err: 1.662660 %
t: 17.403598
epoch 82, minibatch 234/234:
  train err: 1.295406 %
  valid err: 1.111779 %
  test  err: 1.211939 %
t: 17.537667
epoch 83, minibatch 234/234:
  train err: 0.744525 %
  valid err: 0.597623 %
  test  err: 0.691106 %
  current best
t: 17.545649
epoch 84, minibatch 234/234:
  train err: 0.809629 %
  valid err: 0.465745 %
  test  err: 0.590946 %
  current best
t: 17.977526
epoch 85, minibatch 234/234:
  train err: 0.889757 %
  valid err: 1.211939 %
  test  err: 1.462340 %
t: 17.408943
epoch 86, minibatch 234/234:
  train err: 0.971554 %
  valid err: 1.585871 %
  test  err: 1.742788 %
t: 17.703848
epoch 87, minibatch 234/234:
  train err: 0.974893 %
  valid err: 0.524172 %
  test  err: 0.641026 %
t: 17.641303
epoch 88, minibatch 234/234:
  train err: 0.719485 %
  valid err: 0.858040 %
  test  err: 0.911458 %
t: 17.567244
epoch 89, minibatch 234/234:
  train err: 0.831330 %
  valid err: 0.864717 %
  test  err: 0.981571 %
t: 17.552951
epoch 90, minibatch 234/234:
  train err: 0.684428 %
  valid err: 0.615986 %
  test  err: 0.671074 %
t: 17.671118
epoch 91, minibatch 234/234:
  train err: 0.674412 %
  valid err: 0.727831 %
  test  err: 0.981571 %
t: 17.576663
epoch 92, minibatch 234/234:
  train err: 1.006611 %
  valid err: 0.495793 %
  test  err: 0.721154 %
t: 17.5095
epoch 93, minibatch 234/234:
  train err: 0.741186 %
  valid err: 0.974893 %
  test  err: 1.241987 %
t: 17.558748
epoch 94, minibatch 234/234:
  train err: 1.220286 %
  valid err: 1.595887 %
  test  err: 1.822917 %
t: 17.560527
epoch 95, minibatch 234/234:
  train err: 0.714476 %
  valid err: 0.554220 %
  test  err: 0.691106 %
t: 17.707991
epoch 96, minibatch 234/234:
  train err: 0.766226 %
  valid err: 0.614316 %
  test  err: 0.791266 %
t: 17.514372
epoch 97, minibatch 234/234:
  train err: 0.729501 %
  valid err: 0.575921 %
  test  err: 0.821314 %
t: 17.46158
epoch 98, minibatch 234/234:
  train err: 0.871394 %
  valid err: 1.006611 %
  test  err: 1.292067 %
t: 17.890022
epoch 99, minibatch 234/234:
  train err: 1.241987 %
  valid err: 1.797877 %
  test  err: 2.403846 %
t: 17.548552
epoch 100, minibatch 234/234:
  train err: 0.782919 %
  valid err: 0.786258 %
  test  err: 1.011619 %
t: 17.562462
epoch 101, minibatch 234/234:
  train err: 1.091747 %
  valid err: 1.427284 %
  test  err: 1.682692 %
t: 17.593371
epoch 102, minibatch 234/234:
  train err: 0.574252 %
  valid err: 0.567575 %
  test  err: 0.811298 %
t: 17.635849
epoch 103, minibatch 234/234:
  train err: 1.155182 %
  valid err: 1.085069 %
  test  err: 1.532452 %
t: 17.663852
epoch 104, minibatch 234/234:
  train err: 0.812967 %
  valid err: 0.666066 %
  test  err: 0.941506 %
t: 17.752801
epoch 105, minibatch 234/234:
  train err: 0.951522 %
  valid err: 0.529180 %
  test  err: 0.791266 %
t: 17.589556
epoch 106, minibatch 234/234:
  train err: 0.711138 %
  valid err: 0.946514 %
  test  err: 1.231971 %
t: 17.757109
epoch 107, minibatch 234/234:
  train err: 0.676082 %
  valid err: 0.465745 %
  test  err: 0.651042 %
t: 17.742132
epoch 108, minibatch 234/234:
  train err: 1.110110 %
  valid err: 0.854701 %
  test  err: 0.991587 %
t: 18.002801
epoch 109, minibatch 234/234:
  train err: 0.716146 %
  valid err: 0.642695 %
  test  err: 0.911458 %
t: 17.817028
epoch 110, minibatch 234/234:
  train err: 1.061699 %
  valid err: 0.969885 %
  test  err: 1.201923 %
t: 17.921694
epoch 111, minibatch 234/234:
  train err: 1.597556 %
  valid err: 0.699452 %
  test  err: 0.921474 %
t: 18.226842
epoch 112, minibatch 234/234:
  train err: 0.639356 %
  valid err: 0.529180 %
  test  err: 0.781250 %
t: 17.746601
epoch 113, minibatch 234/234:
  train err: 0.814637 %
  valid err: 0.794605 %
  test  err: 0.911458 %
t: 17.861955
epoch 114, minibatch 234/234:
  train err: 0.834669 %
  valid err: 0.465745 %
  test  err: 0.641026 %
t: 17.467101
epoch 115, minibatch 234/234:
  train err: 0.632679 %
  valid err: 0.594284 %
  test  err: 0.771234 %
t: 17.721651
epoch 116, minibatch 234/234:
  train err: 0.626002 %
  valid err: 0.415665 %
  test  err: 0.590946 %
  current best
t: 17.903936
epoch 117, minibatch 234/234:
  train err: 0.806290 %
  valid err: 0.711138 %
  test  err: 0.931490 %
t: 17.754843
epoch 118, minibatch 234/234:
  train err: 0.687767 %
  valid err: 0.457399 %
  test  err: 0.761218 %
t: 17.733361
epoch 119, minibatch 234/234:
  train err: 0.751202 %
  valid err: 1.408921 %
  test  err: 1.682692 %
t: 17.630829
epoch 120, minibatch 234/234:
  train err: 0.759549 %
  valid err: 0.684428 %
  test  err: 0.901442 %
t: 17.750114
epoch 121, minibatch 234/234:
  train err: 2.292001 %
  valid err: 2.178486 %
  test  err: 2.123397 %
t: 17.641767
epoch 122, minibatch 234/234:
  train err: 1.018296 %
  valid err: 0.924813 %
  test  err: 1.231971 %
t: 17.858897
epoch 123, minibatch 234/234:
  train err: 1.510751 %
  valid err: 3.412126 %
  test  err: 3.786058 %
t: 17.701669
epoch 124, minibatch 234/234:
  train err: 1.046675 %
  valid err: 0.495793 %
  test  err: 0.801282 %
t: 17.777543
epoch 125, minibatch 234/234:
  train err: 0.807959 %
  valid err: 0.732839 %
  test  err: 0.821314 %
t: 17.85638
epoch 126, minibatch 234/234:
  train err: 1.150174 %
  valid err: 1.342147 %
  test  err: 1.382212 %
t: 17.821473
epoch 127, minibatch 234/234:
  train err: 1.457332 %
  valid err: 0.969885 %
  test  err: 1.111779 %
t: 17.904889
epoch 128, minibatch 234/234:
  train err: 0.891426 %
  valid err: 0.564236 %
  test  err: 0.781250 %
t: 17.723247
epoch 129, minibatch 234/234:
  train err: 0.757879 %
  valid err: 0.597623 %
  test  err: 0.751202 %
t: 17.63174
epoch 130, minibatch 234/234:
  train err: 1.193576 %
  valid err: 0.644364 %
  test  err: 0.651042 %
t: 17.643602
epoch 131, minibatch 234/234:
  train err: 1.131811 %
  valid err: 1.145166 %
  test  err: 1.181891 %
t: 18.098826
epoch 132, minibatch 234/234:
  train err: 0.762887 %
  valid err: 0.402310 %
  test  err: 0.631010 %
  current best
t: 18.433843
epoch 133, minibatch 234/234:
  train err: 0.626002 %
  valid err: 0.390625 %
  test  err: 0.651042 %
  current best
t: 18.000882
epoch 134, minibatch 234/234:
  train err: 0.986579 %
  valid err: 0.619324 %
  test  err: 0.921474 %
t: 18.022371
epoch 135, minibatch 234/234:
  train err: 0.846354 %
  valid err: 0.509148 %
  test  err: 0.841346 %
t: 17.893095
epoch 136, minibatch 234/234:
  train err: 0.689436 %
  valid err: 0.355569 %
  test  err: 0.641026 %
  current best
t: 18.201205
epoch 137, minibatch 234/234:
  train err: 0.742855 %
  valid err: 0.340545 %
  test  err: 0.590946 %
  current best
t: 18.051893
epoch 138, minibatch 234/234:
  train err: 1.041667 %
  valid err: 0.918136 %
  test  err: 1.051683 %
t: 17.888325
epoch 139, minibatch 234/234:
  train err: 0.984909 %
  valid err: 0.460737 %
  test  err: 0.731170 %
t: 17.856213
epoch 140, minibatch 234/234:
  train err: 1.091747 %
  valid err: 0.599292 %
  test  err: 0.741186 %
t: 17.785637
epoch 141, minibatch 234/234:
  train err: 0.639356 %
  valid err: 0.550881 %
  test  err: 0.691106 %
t: 17.668913
epoch 142, minibatch 234/234:
  train err: 0.667735 %
  valid err: 0.510817 %
  test  err: 0.701122 %
t: 17.978521
epoch 143, minibatch 234/234:
  train err: 0.771234 %
  valid err: 0.871394 %
  test  err: 0.931490 %
t: 18.149865
epoch 144, minibatch 234/234:
  train err: 0.958200 %
  valid err: 0.884749 %
  test  err: 1.151843 %
t: 18.069152
epoch 145, minibatch 234/234:
  train err: 1.046675 %
  valid err: 1.180222 %
  test  err: 1.282051 %
t: 17.692927
epoch 146, minibatch 234/234:
  train err: 0.634348 %
  valid err: 0.333868 %
  test  err: 0.560897 %
  current best
t: 18.113741
epoch 147, minibatch 234/234:
  train err: 0.804621 %
  valid err: 0.804621 %
  test  err: 1.061699 %
t: 17.522794
epoch 148, minibatch 234/234:
  train err: 0.762887 %
  valid err: 0.649372 %
  test  err: 0.851362 %
t: 17.723912
epoch 149, minibatch 234/234:
  train err: 0.782919 %
  valid err: 0.918136 %
  test  err: 1.161859 %
t: 17.994371
epoch 150, minibatch 234/234:
  train err: 0.752871 %
  valid err: 0.704460 %
  test  err: 0.871394 %
t: 17.885034
epoch 151, minibatch 234/234:
  train err: 0.782919 %
  valid err: 0.661058 %
  test  err: 0.931490 %
t: 17.912647
epoch 152, minibatch 234/234:
  train err: 0.515825 %
  valid err: 0.430689 %
  test  err: 0.721154 %
t: 17.569701
epoch 153, minibatch 234/234:
  train err: 0.906450 %
  valid err: 0.509148 %
  test  err: 0.681090 %
t: 18.048483
epoch 154, minibatch 234/234:
  train err: 0.599292 %
  valid err: 0.519164 %
  test  err: 0.771234 %
t: 17.716976
epoch 155, minibatch 234/234:
  train err: 0.620994 %
  valid err: 0.485777 %
  test  err: 0.781250 %
t: 17.952464
epoch 156, minibatch 234/234:
  train err: 0.921474 %
  valid err: 0.434028 %
  test  err: 0.761218 %
t: 17.903383
epoch 157, minibatch 234/234:
  train err: 0.913128 %
  valid err: 0.829661 %
  test  err: 0.971554 %
t: 17.687762
epoch 158, minibatch 234/234:
  train err: 0.535857 %
  valid err: 0.378940 %
  test  err: 0.631010 %
t: 17.637464
epoch 159, minibatch 234/234:
  train err: 0.959869 %
  valid err: 0.719485 %
  test  err: 0.881410 %
t: 17.805658
epoch 160, minibatch 234/234:
  train err: 0.819645 %
  valid err: 1.080061 %
  test  err: 1.302083 %
t: 17.606154
epoch 161, minibatch 234/234:
  train err: 0.831330 %
  valid err: 0.457399 %
  test  err: 0.661058 %
t: 17.684937
epoch 162, minibatch 234/234:
  train err: 0.559228 %
  valid err: 0.353900 %
  test  err: 0.641026 %
t: 17.892548
epoch 163, minibatch 234/234:
  train err: 0.534188 %
  valid err: 0.353900 %
  test  err: 0.631010 %
t: 17.511092
epoch 164, minibatch 234/234:
  train err: 0.749533 %
  valid err: 0.355569 %
  test  err: 0.721154 %
t: 17.869761
epoch 165, minibatch 234/234:
  train err: 0.868056 %
  valid err: 0.891426 %
  test  err: 1.101763 %
t: 18.171975
epoch 166, minibatch 234/234:
  train err: 1.574185 %
  valid err: 0.661058 %
  test  err: 0.851362 %
t: 18.010539
epoch 167, minibatch 234/234:
  train err: 0.727831 %
  valid err: 0.419004 %
  test  err: 0.610978 %
t: 17.765226
epoch 168, minibatch 234/234:
  train err: 0.667735 %
  valid err: 0.372262 %
  test  err: 0.550881 %
t: 18.1562
epoch 169, minibatch 234/234:
  train err: 0.647703 %
  valid err: 0.440705 %
  test  err: 0.711138 %
t: 18.148586
epoch 170, minibatch 234/234:
  train err: 0.978232 %
  valid err: 0.896434 %
  test  err: 1.151843 %
t: 17.9089
epoch 171, minibatch 234/234:
  train err: 0.656050 %
  valid err: 0.425681 %
  test  err: 0.691106 %
t: 17.722075
epoch 172, minibatch 234/234:
  train err: 0.717815 %
  valid err: 0.620994 %
  test  err: 0.831330 %
t: 17.994548
epoch 173, minibatch 234/234:
  train err: 1.091747 %
  valid err: 0.666066 %
  test  err: 0.851362 %
t: 17.925651
epoch 174, minibatch 234/234:
  train err: 0.512487 %
  valid err: 0.382278 %
  test  err: 0.661058 %
t: 18.218251
epoch 175, minibatch 234/234:
  train err: 1.095085 %
  valid err: 1.257011 %
  test  err: 1.602564 %
t: 17.93815
epoch 176, minibatch 234/234:
  train err: 1.038328 %
  valid err: 1.060029 %
  test  err: 1.512420 %
t: 17.896204
epoch 177, minibatch 234/234:
  train err: 0.594284 %
  valid err: 0.380609 %
  test  err: 0.600962 %
t: 17.652256
epoch 178, minibatch 234/234:
  train err: 0.504140 %
  valid err: 0.419004 %
  test  err: 0.721154 %
t: 17.881432
epoch 179, minibatch 234/234:
  train err: 1.073384 %
  valid err: 0.626002 %
  test  err: 0.821314 %
t: 17.868266
epoch 180, minibatch 234/234:
  train err: 0.878072 %
  valid err: 0.525841 %
  test  err: 0.831330 %
t: 18.11386
epoch 181, minibatch 234/234:
  train err: 0.679420 %
  valid err: 0.252070 %
  test  err: 0.470753 %
  current best
t: 18.199458
epoch 182, minibatch 234/234:
  train err: 0.899773 %
  valid err: 0.348892 %
  test  err: 0.590946 %
t: 18.009895
epoch 183, minibatch 234/234:
  train err: 0.966546 %
  valid err: 0.315505 %
  test  err: 0.620994 %
t: 18.07476
epoch 184, minibatch 234/234:
  train err: 0.814637 %
  valid err: 0.340545 %
  test  err: 0.570913 %
t: 18.232202
epoch 185, minibatch 234/234:
  train err: 1.118456 %
  valid err: 1.226963 %
  test  err: 1.312099 %
t: 17.84598
epoch 186, minibatch 234/234:
  train err: 1.238649 %
  valid err: 0.916466 %
  test  err: 1.302083 %
t: 18.256865
epoch 187, minibatch 234/234:
  train err: 1.308761 %
  valid err: 0.534188 %
  test  err: 0.931490 %
t: 18.010632
epoch 188, minibatch 234/234:
  train err: 0.722823 %
  valid err: 0.437366 %
  test  err: 0.671074 %
t: 17.868103
epoch 189, minibatch 234/234:
  train err: 1.113448 %
  valid err: 0.600962 %
  test  err: 0.811298 %
t: 17.93468
epoch 190, minibatch 234/234:
  train err: 0.859709 %
  valid err: 0.280449 %
  test  err: 0.510817 %
t: 17.817073
epoch 191, minibatch 234/234:
  train err: 0.605970 %
  valid err: 0.375601 %
  test  err: 0.661058 %
t: 17.79784
epoch 192, minibatch 234/234:
  train err: 1.056691 %
  valid err: 0.388956 %
  test  err: 0.671074 %
t: 17.793862
epoch 193, minibatch 234/234:
  train err: 0.819645 %
  valid err: 0.682759 %
  test  err: 0.921474 %
t: 17.958672
epoch 194, minibatch 234/234:
  train err: 1.246995 %
  valid err: 0.631010 %
  test  err: 0.831330 %
t: 17.888837
epoch 195, minibatch 234/234:
  train err: 0.998264 %
  valid err: 0.457399 %
  test  err: 0.580929 %
t: 17.988262
epoch 196, minibatch 234/234:
  train err: 0.527511 %
  valid err: 0.460737 %
  test  err: 0.711138 %
t: 18.151593
epoch 197, minibatch 234/234:
  train err: 0.681090 %
  valid err: 0.489116 %
  test  err: 0.841346 %
t: 17.839791
epoch 198, minibatch 234/234:
  train err: 0.634348 %
  valid err: 0.934829 %
  test  err: 1.111779 %
t: 17.715167
epoch 199, minibatch 234/234:
  train err: 0.784589 %
  valid err: 0.639356 %
  test  err: 0.861378 %
t: 17.929715
epoch 200, minibatch 234/234:
  train err: 1.881343 %
  valid err: 0.868056 %
  test  err: 1.101763 %
t: 18.071108
epoch 201, minibatch 234/234:
  train err: 0.941506 %
  valid err: 0.447382 %
  test  err: 0.781250 %
t: 17.963515
epoch 202, minibatch 234/234:
  train err: 1.095085 %
  valid err: 0.789597 %
  test  err: 0.961538 %
t: 17.977493
epoch 203, minibatch 234/234:
  train err: 0.959869 %
  valid err: 0.429020 %
  test  err: 0.731170 %
t: 17.747982
epoch 204, minibatch 234/234:
  train err: 1.065037 %
  valid err: 0.781250 %
  test  err: 1.141827 %
t: 17.805997
epoch 205, minibatch 234/234:
  train err: 0.951522 %
  valid err: 0.667735 %
  test  err: 0.871394 %
t: 18.321763
epoch 206, minibatch 234/234:
  train err: 0.799613 %
  valid err: 0.746194 %
  test  err: 1.011619 %
t: 17.856383
epoch 207, minibatch 234/234:
  train err: 0.814637 %
  valid err: 0.377270 %
  test  err: 0.570913 %
t: 18.273569
epoch 208, minibatch 234/234:
  train err: 0.797943 %
  valid err: 0.434028 %
  test  err: 0.691106 %
t: 17.827439
epoch 209, minibatch 234/234:
  train err: 0.779581 %
  valid err: 0.308827 %
  test  err: 0.550881 %
t: 18.26335
epoch 210, minibatch 234/234:
  train err: 0.577591 %
  valid err: 0.417334 %
  test  err: 0.600962 %
t: 17.92163
epoch 211, minibatch 234/234:
  train err: 0.881410 %
  valid err: 0.691106 %
  test  err: 1.061699 %
t: 17.992777
epoch 212, minibatch 234/234:
  train err: 0.807959 %
  valid err: 0.250401 %
  test  err: 0.510817 %
  current best
t: 18.255076
epoch 213, minibatch 234/234:
  train err: 0.557559 %
  valid err: 0.372262 %
  test  err: 0.550881 %
t: 18.040959
epoch 214, minibatch 234/234:
  train err: 0.969885 %
  valid err: 0.278779 %
  test  err: 0.590946 %
t: 18.323254
epoch 215, minibatch 234/234:
  train err: 0.871394 %
  valid err: 0.325521 %
  test  err: 0.600962 %
t: 18.293317
epoch 216, minibatch 234/234:
  train err: 0.634348 %
  valid err: 0.222022 %
  test  err: 0.500801 %
  current best
t: 18.263711
epoch 217, minibatch 234/234:
  train err: 0.801282 %
  valid err: 0.469084 %
  test  err: 0.691106 %
t: 17.965337
epoch 218, minibatch 234/234:
  train err: 0.587607 %
  valid err: 0.280449 %
  test  err: 0.490785 %
t: 17.883006
epoch 219, minibatch 234/234:
  train err: 0.812967 %
  valid err: 0.295473 %
  test  err: 0.560897 %
t: 18.310205
epoch 220, minibatch 234/234:
  train err: 0.886418 %
  valid err: 0.363916 %
  test  err: 0.590946 %
t: 17.877482
epoch 221, minibatch 234/234:
  train err: 0.871394 %
  valid err: 0.469084 %
  test  err: 0.691106 %
t: 17.931804
epoch 222, minibatch 234/234:
  train err: 0.712807 %
  valid err: 0.482439 %
  test  err: 0.661058 %
t: 18.300874
epoch 223, minibatch 234/234:
  train err: 0.475761 %
  valid err: 0.275441 %
  test  err: 0.540865 %
t: 17.793655
epoch 224, minibatch 234/234:
  train err: 0.756210 %
  valid err: 0.328860 %
  test  err: 0.580929 %
t: 17.719515
epoch 225, minibatch 234/234:
  train err: 0.752871 %
  valid err: 0.287126 %
  test  err: 0.550881 %
t: 18.008108
epoch 226, minibatch 234/234:
  train err: 1.039997 %
  valid err: 0.469084 %
  test  err: 0.751202 %
t: 18.151484
epoch 227, minibatch 234/234:
  train err: 0.752871 %
  valid err: 0.293803 %
  test  err: 0.540865 %
t: 18.453672
epoch 228, minibatch 234/234:
  train err: 0.807959 %
  valid err: 0.430689 %
  test  err: 0.741186 %
t: 18.047773
epoch 229, minibatch 234/234:
  train err: 2.079995 %
  valid err: 0.898104 %
  test  err: 1.101763 %
t: 18.235609
epoch 230, minibatch 234/234:
  train err: 0.777911 %
  valid err: 0.525841 %
  test  err: 0.741186 %
t: 18.156626
epoch 231, minibatch 234/234:
  train err: 0.888088 %
  valid err: 0.769565 %
  test  err: 1.011619 %
t: 17.983058
epoch 232, minibatch 234/234:
  train err: 0.849693 %
  valid err: 0.696114 %
  test  err: 0.811298 %
t: 17.801867
epoch 233, minibatch 234/234:
  train err: 0.731170 %
  valid err: 0.328860 %
  test  err: 0.711138 %
t: 18.101866
epoch 234, minibatch 234/234:
  train err: 1.193576 %
  valid err: 0.709468 %
  test  err: 0.951522 %
t: 18.182458
epoch 235, minibatch 234/234:
  train err: 0.804621 %
  valid err: 0.415665 %
  test  err: 0.671074 %
t: 18.228832
epoch 236, minibatch 234/234:
  train err: 0.868056 %
  valid err: 0.726162 %
  test  err: 0.901442 %
t: 18.586294
epoch 237, minibatch 234/234:
  train err: 0.749533 %
  valid err: 0.457399 %
  test  err: 0.691106 %
t: 17.943938
epoch 238, minibatch 234/234:
  train err: 0.853032 %
  valid err: 0.225361 %
  test  err: 0.520833 %
t: 18.018546
epoch 239, minibatch 234/234:
  train err: 0.854701 %
  valid err: 0.378940 %
  test  err: 0.600962 %
t: 18.359736
epoch 240, minibatch 234/234:
  train err: 0.696114 %
  valid err: 0.510817 %
  test  err: 0.721154 %
t: 17.980252
epoch 241, minibatch 234/234:
  train err: 1.105101 %
  valid err: 1.033320 %
  test  err: 1.322115 %
t: 18.112025
epoch 242, minibatch 234/234:
  train err: 1.370526 %
  valid err: 0.647703 %
  test  err: 1.081731 %
t: 18.319152
epoch 243, minibatch 234/234:
  train err: 0.876402 %
  valid err: 0.565905 %
  test  err: 0.871394 %
t: 18.014599
epoch 244, minibatch 234/234:
  train err: 0.505809 %
  valid err: 0.205329 %
  test  err: 0.510817 %
  current best
t: 18.096459
epoch 245, minibatch 234/234:
  train err: 0.649372 %
  valid err: 0.415665 %
  test  err: 0.681090 %
t: 18.109633
epoch 246, minibatch 234/234:
  train err: 0.829661 %
  valid err: 0.265425 %
  test  err: 0.580929 %
t: 17.938184
epoch 247, minibatch 234/234:
  train err: 1.083400 %
  valid err: 0.584268 %
  test  err: 0.901442 %
t: 18.378357
epoch 248, minibatch 234/234:
  train err: 0.631010 %
  valid err: 0.240385 %
  test  err: 0.580929 %
t: 18.234367
epoch 249, minibatch 234/234:
  train err: 0.999933 %
  valid err: 0.437366 %
  test  err: 0.771234 %
t: 18.255232
epoch 250, minibatch 234/234:
  train err: 0.614316 %
  valid err: 0.287126 %
  test  err: 0.681090 %
t: 18.259446
epoch 251, minibatch 234/234:
  train err: 0.923144 %
  valid err: 0.267094 %
  test  err: 0.570913 %
t: 18.5736
epoch 252, minibatch 234/234:
  train err: 0.911458 %
  valid err: 0.368924 %
  test  err: 0.570913 %
t: 18.373568
epoch 253, minibatch 234/234:
  train err: 0.873064 %
  valid err: 0.348892 %
  test  err: 0.590946 %
t: 18.116972
epoch 254, minibatch 234/234:
  train err: 1.161859 %
  valid err: 0.383948 %
  test  err: 0.671074 %
t: 18.055077
epoch 255, minibatch 234/234:
  train err: 0.804621 %
  valid err: 0.290465 %
  test  err: 0.560897 %
t: 17.942152
epoch 256, minibatch 234/234:
  train err: 0.505809 %
  valid err: 0.203659 %
  test  err: 0.490785 %
  current best
t: 18.245654
epoch 257, minibatch 234/234:
  train err: 0.911458 %
  valid err: 0.482439 %
  test  err: 0.661058 %
t: 18.117703
epoch 258, minibatch 234/234:
  train err: 0.761218 %
  valid err: 0.247062 %
  test  err: 0.460737 %
t: 18.038903
epoch 259, minibatch 234/234:
  train err: 0.883080 %
  valid err: 0.632679 %
  test  err: 0.821314 %
t: 18.581353
epoch 260, minibatch 234/234:
  train err: 1.023304 %
  valid err: 0.419004 %
  test  err: 0.570913 %
t: 18.431708
epoch 261, minibatch 234/234:
  train err: 0.769565 %
  valid err: 0.275441 %
  test  err: 0.510817 %
t: 17.867229
epoch 262, minibatch 234/234:
  train err: 1.150174 %
  valid err: 0.320513 %
  test  err: 0.600962 %
t: 18.363936
epoch 263, minibatch 234/234:
  train err: 1.497396 %
  valid err: 0.480769 %
  test  err: 0.801282 %
t: 18.157999
epoch 264, minibatch 234/234:
  train err: 0.672743 %
  valid err: 0.343884 %
  test  err: 0.691106 %
t: 18.352589
epoch 265, minibatch 234/234:
  train err: 0.575921 %
  valid err: 0.238715 %
  test  err: 0.530849 %
t: 18.111227
epoch 266, minibatch 234/234:
  train err: 0.609308 %
  valid err: 0.247062 %
  test  err: 0.450721 %
t: 18.123977
epoch 267, minibatch 234/234:
  train err: 1.766159 %
  valid err: 0.455729 %
  test  err: 0.721154 %
t: 18.539901
epoch 268, minibatch 234/234:
  train err: 0.817975 %
  valid err: 0.494124 %
  test  err: 0.651042 %
t: 18.435443
epoch 269, minibatch 234/234:
  train err: 1.437300 %
  valid err: 0.764557 %
  test  err: 0.901442 %
t: 18.330378
epoch 270, minibatch 234/234:
  train err: 0.679420 %
  valid err: 0.353900 %
  test  err: 0.641026 %
t: 18.64285
epoch 271, minibatch 234/234:
  train err: 0.801282 %
  valid err: 0.460737 %
  test  err: 0.741186 %
t: 18.096247
epoch 272, minibatch 234/234:
  train err: 0.889757 %
  valid err: 0.300481 %
  test  err: 0.520833 %
t: 18.183661
epoch 273, minibatch 234/234:
  train err: 0.694444 %
  valid err: 0.228699 %
  test  err: 0.400641 %
t: 17.954551
epoch 274, minibatch 234/234:
  train err: 0.786258 %
  valid err: 0.504140 %
  test  err: 0.681090 %
t: 17.736329
epoch 275, minibatch 234/234:
  train err: 0.812967 %
  valid err: 0.490785 %
  test  err: 0.711138 %
t: 18.325003
epoch 276, minibatch 234/234:
  train err: 1.293737 %
  valid err: 0.322182 %
  test  err: 0.651042 %
t: 17.873131
epoch 277, minibatch 234/234:
  train err: 0.817975 %
  valid err: 0.287126 %
  test  err: 0.470753 %
t: 18.094636
epoch 278, minibatch 234/234:
  train err: 1.609241 %
  valid err: 0.338876 %
  test  err: 0.480769 %
t: 18.076905
epoch 279, minibatch 234/234:
  train err: 0.926482 %
  valid err: 0.333868 %
  test  err: 0.570913 %
t: 18.409667
epoch 280, minibatch 234/234:
  train err: 0.901442 %
  valid err: 0.707799 %
  test  err: 1.021635 %
t: 18.643505
epoch 281, minibatch 234/234:
  train err: 0.999933 %
  valid err: 0.303819 %
  test  err: 0.580929 %
t: 18.340554
epoch 282, minibatch 234/234:
  train err: 0.677751 %
  valid err: 0.378940 %
  test  err: 0.631010 %
t: 18.116673
epoch 283, minibatch 234/234:
  train err: 1.100093 %
  valid err: 0.283787 %
  test  err: 0.510817 %
t: 18.353327
epoch 284, minibatch 234/234:
  train err: 0.712807 %
  valid err: 0.347222 %
  test  err: 0.641026 %
t: 17.97666
epoch 285, minibatch 234/234:
  train err: 1.283721 %
  valid err: 0.298811 %
  test  err: 0.580929 %
t: 18.313642
epoch 286, minibatch 234/234:
  train err: 0.804621 %
  valid err: 0.335537 %
  test  err: 0.570913 %
t: 18.252845
epoch 287, minibatch 234/234:
  train err: 0.572583 %
  valid err: 0.475761 %
  test  err: 0.771234 %
t: 18.168069
epoch 288, minibatch 234/234:
  train err: 0.592615 %
  valid err: 0.305489 %
  test  err: 0.610978 %
t: 18.050136
epoch 289, minibatch 234/234:
  train err: 0.475761 %
  valid err: 0.439036 %
  test  err: 0.741186 %
t: 18.224779
epoch 290, minibatch 234/234:
  train err: 0.951522 %
  valid err: 0.415665 %
  test  err: 0.681090 %
t: 18.466022
epoch 291, minibatch 234/234:
  train err: 0.824653 %
  valid err: 0.262086 %
  test  err: 0.500801 %
t: 18.461831
epoch 292, minibatch 234/234:
  train err: 0.799613 %
  valid err: 0.300481 %
  test  err: 0.530849 %
t: 18.254509
epoch 293, minibatch 234/234:
  train err: 1.225294 %
  valid err: 0.292134 %
  test  err: 0.570913 %
t: 18.925654
epoch 294, minibatch 234/234:
  train err: 1.487380 %
  valid err: 0.681090 %
  test  err: 0.851362 %
t: 18.256302
epoch 295, minibatch 234/234:
  train err: 1.048344 %
  valid err: 0.402310 %
  test  err: 0.651042 %
t: 18.029639
epoch 296, minibatch 234/234:
  train err: 0.761218 %
  valid err: 0.287126 %
  test  err: 0.540865 %
t: 18.631458
epoch 297, minibatch 234/234:
  train err: 0.812967 %
  valid err: 0.410657 %
  test  err: 0.610978 %
t: 18.472067
epoch 298, minibatch 234/234:
  train err: 0.520833 %
  valid err: 0.210337 %
  test  err: 0.390625 %
t: 18.116795
epoch 299, minibatch 234/234:
  train err: 0.647703 %
  valid err: 0.203659 %
  test  err: 0.400641 %
t: 17.972104
epoch 300, minibatch 234/234:
  train err: 0.988248 %
  valid err: 0.357238 %
  test  err: 0.560897 %
t: 18.257946
epoch 301, minibatch 234/234:
  train err: 1.343817 %
  valid err: 0.358908 %
  test  err: 0.661058 %
t: 18.215858
epoch 302, minibatch 234/234:
  train err: 1.348825 %
  valid err: 0.514156 %
  test  err: 0.731170 %
t: 18.451563
epoch 303, minibatch 234/234:
  train err: 0.539196 %
  valid err: 0.257078 %
  test  err: 0.600962 %
t: 18.249294
epoch 304, minibatch 234/234:
  train err: 0.689436 %
  valid err: 0.313835 %
  test  err: 0.600962 %
t: 18.354601
epoch 305, minibatch 234/234:
  train err: 0.719485 %
  valid err: 0.293803 %
  test  err: 0.631010 %
t: 18.241474
epoch 306, minibatch 234/234:
  train err: 0.737847 %
  valid err: 0.300481 %
  test  err: 0.540865 %
t: 18.475795
epoch 307, minibatch 234/234:
  train err: 1.507412 %
  valid err: 0.883080 %
  test  err: 1.111779 %
t: 18.502557
epoch 308, minibatch 234/234:
  train err: 0.737847 %
  valid err: 0.305489 %
  test  err: 0.580929 %
t: 18.295005
epoch 309, minibatch 234/234:
  train err: 1.547476 %
  valid err: 0.507479 %
  test  err: 0.691106 %
t: 18.487169
epoch 310, minibatch 234/234:
  train err: 0.806290 %
  valid err: 0.303819 %
  test  err: 0.540865 %
t: 18.490619
epoch 311, minibatch 234/234:
  train err: 1.560831 %
  valid err: 0.817975 %
  test  err: 1.051683 %
t: 18.549185
epoch 312, minibatch 234/234:
  train err: 1.325454 %
  valid err: 0.375601 %
  test  err: 0.570913 %
t: 18.420455
epoch 313, minibatch 234/234:
  train err: 0.779581 %
  valid err: 0.382278 %
  test  err: 0.631010 %
t: 18.621753
epoch 314, minibatch 234/234:
  train err: 1.562500 %
  valid err: 0.485777 %
  test  err: 0.771234 %
t: 18.480635
epoch 315, minibatch 234/234:
  train err: 0.899773 %
  valid err: 0.248731 %
  test  err: 0.430689 %
t: 18.287418
epoch 316, minibatch 234/234:
  train err: 0.726162 %
  valid err: 0.196982 %
  test  err: 0.470753 %
  current best
t: 18.783229
epoch 317, minibatch 234/234:
  train err: 0.856370 %
  valid err: 0.270433 %
  test  err: 0.490785 %
t: 18.656757
epoch 318, minibatch 234/234:
  train err: 1.283721 %
  valid err: 0.634348 %
  test  err: 1.031651 %
t: 18.501177
epoch 319, minibatch 234/234:
  train err: 1.262019 %
  valid err: 0.402310 %
  test  err: 0.681090 %
t: 18.225621
epoch 320, minibatch 234/234:
  train err: 0.933160 %
  valid err: 0.243723 %
  test  err: 0.580929 %
t: 18.233215
epoch 321, minibatch 234/234:
  train err: 0.709468 %
  valid err: 0.363916 %
  test  err: 0.671074 %
t: 18.354855
epoch 322, minibatch 234/234:
  train err: 1.550815 %
  valid err: 0.429020 %
  test  err: 0.741186 %
t: 18.476828
epoch 323, minibatch 234/234:
  train err: 1.085069 %
  valid err: 0.247062 %
  test  err: 0.480769 %
t: 18.677371
epoch 324, minibatch 234/234:
  train err: 0.729501 %
  valid err: 0.222022 %
  test  err: 0.500801 %
t: 18.258913
epoch 325, minibatch 234/234:
  train err: 0.839677 %
  valid err: 0.559228 %
  test  err: 0.791266 %
t: 18.365586
epoch 326, minibatch 234/234:
  train err: 0.741186 %
  valid err: 0.198651 %
  test  err: 0.460737 %
t: 18.120448
epoch 327, minibatch 234/234:
  train err: 0.849693 %
  valid err: 0.273771 %
  test  err: 0.470753 %
t: 18.473895
epoch 328, minibatch 234/234:
  train err: 0.599292 %
  valid err: 0.243723 %
  test  err: 0.530849 %
t: 18.371101
epoch 329, minibatch 234/234:
  train err: 0.696114 %
  valid err: 0.225361 %
  test  err: 0.470753 %
t: 18.182214
epoch 330, minibatch 234/234:
  train err: 0.869725 %
  valid err: 0.467415 %
  test  err: 0.751202 %
t: 18.423188
epoch 331, minibatch 234/234:
  train err: 0.689436 %
  valid err: 0.220353 %
  test  err: 0.430689 %
t: 18.42006
epoch 332, minibatch 234/234:
  train err: 0.949853 %
  valid err: 0.228699 %
  test  err: 0.440705 %
t: 18.66847
epoch 333, minibatch 234/234:
  train err: 0.570913 %
  valid err: 0.469084 %
  test  err: 0.711138 %
t: 18.723186
epoch 334, minibatch 234/234:
  train err: 0.827991 %
  valid err: 0.400641 %
  test  err: 0.641026 %
t: 18.283863
epoch 335, minibatch 234/234:
  train err: 1.038328 %
  valid err: 0.213675 %
  test  err: 0.480769 %
t: 18.538416
epoch 336, minibatch 234/234:
  train err: 0.757879 %
  valid err: 0.517495 %
  test  err: 0.721154 %
t: 18.235719
epoch 337, minibatch 234/234:
  train err: 0.784589 %
  valid err: 0.250401 %
  test  err: 0.500801 %
t: 18.456714
epoch 338, minibatch 234/234:
  train err: 0.555889 %
  valid err: 0.450721 %
  test  err: 0.681090 %
t: 18.568236
epoch 339, minibatch 234/234:
  train err: 1.448985 %
  valid err: 0.373932 %
  test  err: 0.610978 %
t: 18.607011
epoch 340, minibatch 234/234:
  train err: 0.854701 %
  valid err: 0.217014 %
  test  err: 0.500801 %
t: 18.456991
epoch 341, minibatch 234/234:
  train err: 1.792869 %
  valid err: 0.308827 %
  test  err: 0.620994 %
t: 19.038103
epoch 342, minibatch 234/234:
  train err: 0.859709 %
  valid err: 0.252070 %
  test  err: 0.560897 %
t: 18.545289
epoch 343, minibatch 234/234:
  train err: 0.470753 %
  valid err: 0.320513 %
  test  err: 0.600962 %
t: 18.381838
epoch 344, minibatch 234/234:
  train err: 1.063368 %
  valid err: 0.223691 %
  test  err: 0.530849 %
t: 18.565387
epoch 345, minibatch 234/234:
  train err: 1.732772 %
  valid err: 0.385617 %
  test  err: 0.731170 %
t: 18.817134
epoch 346, minibatch 234/234:
  train err: 0.996595 %
  valid err: 0.252070 %
  test  err: 0.470753 %
t: 18.593865
epoch 347, minibatch 234/234:
  train err: 0.769565 %
  valid err: 0.312166 %
  test  err: 0.570913 %
t: 18.487287
epoch 348, minibatch 234/234:
  train err: 0.587607 %
  valid err: 0.230369 %
  test  err: 0.420673 %
t: 18.6003
epoch 349, minibatch 234/234:
  train err: 0.953192 %
  valid err: 0.258747 %
  test  err: 0.460737 %
t: 18.374509
epoch 350, minibatch 234/234:
  train err: 0.832999 %
  valid err: 0.475761 %
  test  err: 0.721154 %
t: 18.460501
epoch 351, minibatch 234/234:
  train err: 1.111779 %
  valid err: 0.265425 %
  test  err: 0.480769 %
t: 18.477733
epoch 352, minibatch 234/234:
  train err: 0.928152 %
  valid err: 0.445713 %
  test  err: 0.620994 %
t: 18.812084
epoch 353, minibatch 234/234:
  train err: 0.864717 %
  valid err: 0.222022 %
  test  err: 0.520833 %
t: 18.263774
epoch 354, minibatch 234/234:
  train err: 0.814637 %
  valid err: 0.285457 %
  test  err: 0.610978 %
t: 18.637913
epoch 355, minibatch 234/234:
  train err: 0.759549 %
  valid err: 0.227030 %
  test  err: 0.510817 %
t: 18.354416
epoch 356, minibatch 234/234:
  train err: 1.018296 %
  valid err: 0.220353 %
  test  err: 0.460737 %
t: 18.377824
epoch 357, minibatch 234/234:
  train err: 2.245259 %
  valid err: 0.340545 %
  test  err: 0.490785 %
t: 18.889225
epoch 358, minibatch 234/234:
  train err: 0.886418 %
  valid err: 0.377270 %
  test  err: 0.671074 %
t: 18.478899
epoch 359, minibatch 234/234:
  train err: 0.911458 %
  valid err: 0.353900 %
  test  err: 0.550881 %
t: 18.506672
epoch 360, minibatch 234/234:
  train err: 1.300414 %
  valid err: 0.210337 %
  test  err: 0.440705 %
t: 18.380472
epoch 361, minibatch 234/234:
  train err: 1.347155 %
  valid err: 0.268763 %
  test  err: 0.490785 %
t: 18.10468
epoch 362, minibatch 234/234:
  train err: 0.796274 %
  valid err: 0.312166 %
  test  err: 0.560897 %
t: 18.352933
epoch 363, minibatch 234/234:
  train err: 0.971554 %
  valid err: 0.228699 %
  test  err: 0.530849 %
t: 18.186848
epoch 364, minibatch 234/234:
  train err: 0.732839 %
  valid err: 0.295473 %
  test  err: 0.520833 %
t: 18.45931
epoch 365, minibatch 234/234:
  train err: 0.999933 %
  valid err: 0.273771 %
  test  err: 0.490785 %
t: 18.732452
epoch 366, minibatch 234/234:
  train err: 1.060029 %
  valid err: 0.230369 %
  test  err: 0.420673 %
t: 18.963022
epoch 367, minibatch 234/234:
  train err: 1.352163 %
  valid err: 0.797943 %
  test  err: 0.961538 %
t: 18.420081
epoch 368, minibatch 234/234:
  train err: 1.056691 %
  valid err: 0.489116 %
  test  err: 0.831330 %
t: 19.220133
epoch 369, minibatch 234/234:
  train err: 1.083400 %
  valid err: 0.258747 %
  test  err: 0.410657 %
t: 18.446582
epoch 370, minibatch 234/234:
  train err: 1.302083 %
  valid err: 0.285457 %
  test  err: 0.580929 %
t: 18.526507
epoch 371, minibatch 234/234:
  train err: 1.090077 %
  valid err: 0.242054 %
  test  err: 0.560897 %
t: 18.450027
epoch 372, minibatch 234/234:
  train err: 0.599292 %
  valid err: 0.262086 %
  test  err: 0.500801 %
t: 18.366751
epoch 373, minibatch 234/234:
  train err: 0.829661 %
  valid err: 0.245393 %
  test  err: 0.520833 %
t: 18.349784
epoch 374, minibatch 234/234:
  train err: 1.001603 %
  valid err: 0.383948 %
  test  err: 0.701122 %
t: 18.876212
epoch 375, minibatch 234/234:
  train err: 0.901442 %
  valid err: 0.307158 %
  test  err: 0.590946 %
t: 18.861121
epoch 376, minibatch 234/234:
  train err: 1.016627 %
  valid err: 0.328860 %
  test  err: 0.550881 %
t: 18.362513
epoch 377, minibatch 234/234:
  train err: 0.697783 %
  valid err: 0.208667 %
  test  err: 0.480769 %
t: 18.56389
epoch 378, minibatch 234/234:
  train err: 1.223624 %
  valid err: 0.175280 %
  test  err: 0.450721 %
  current best
t: 19.025702
epoch 379, minibatch 234/234:
  train err: 0.817975 %
  valid err: 0.198651 %
  test  err: 0.450721 %
t: 18.759835
epoch 380, minibatch 234/234:
  train err: 0.682759 %
  valid err: 0.315505 %
  test  err: 0.540865 %
t: 19.042832
epoch 381, minibatch 234/234:
  train err: 0.903112 %
  valid err: 0.186966 %
  test  err: 0.460737 %
t: 18.401509
epoch 382, minibatch 234/234:
  train err: 2.258614 %
  valid err: 0.494124 %
  test  err: 0.831330 %
t: 18.685165
epoch 383, minibatch 234/234:
  train err: 1.236979 %
  valid err: 0.327190 %
  test  err: 0.771234 %
t: 18.641363
epoch 384, minibatch 234/234:
  train err: 0.881410 %
  valid err: 0.223691 %
  test  err: 0.470753 %
t: 18.38148
epoch 385, minibatch 234/234:
  train err: 1.003272 %
  valid err: 0.270433 %
  test  err: 0.550881 %
t: 18.677876
epoch 386, minibatch 234/234:
  train err: 1.100093 %
  valid err: 0.233707 %
  test  err: 0.480769 %
t: 18.828043
epoch 387, minibatch 234/234:
  train err: 1.063368 %
  valid err: 0.390625 %
  test  err: 0.671074 %
t: 18.437604
epoch 388, minibatch 234/234:
  train err: 1.502404 %
  valid err: 0.434028 %
  test  err: 0.711138 %
t: 18.533801
epoch 389, minibatch 234/234:
  train err: 0.873064 %
  valid err: 0.250401 %
  test  err: 0.520833 %
t: 18.646518
epoch 390, minibatch 234/234:
  train err: 1.330462 %
  valid err: 0.308827 %
  test  err: 0.510817 %
t: 18.901478
epoch 391, minibatch 234/234:
  train err: 1.004941 %
  valid err: 0.457399 %
  test  err: 0.590946 %
t: 18.374711
epoch 392, minibatch 234/234:
  train err: 0.971554 %
  valid err: 0.228699 %
  test  err: 0.480769 %
t: 18.53146
epoch 393, minibatch 234/234:
  train err: 1.502404 %
  valid err: 0.627671 %
  test  err: 0.841346 %
t: 18.71646
epoch 394, minibatch 234/234:
  train err: 1.277043 %
  valid err: 0.405649 %
  test  err: 0.600962 %
t: 18.722384
epoch 395, minibatch 234/234:
  train err: 1.852965 %
  valid err: 0.333868 %
  test  err: 0.590946 %
t: 19.0065
epoch 396, minibatch 234/234:
  train err: 1.555823 %
  valid err: 0.342214 %
  test  err: 0.500801 %
t: 18.614417
epoch 397, minibatch 234/234:
  train err: 0.707799 %
  valid err: 0.268763 %
  test  err: 0.430689 %
t: 18.282969
epoch 398, minibatch 234/234:
  train err: 0.592615 %
  valid err: 0.180288 %
  test  err: 0.470753 %
t: 18.368231
epoch 399, minibatch 234/234:
  train err: 2.255275 %
  valid err: 0.355569 %
  test  err: 0.600962 %
t: 18.737051
epoch 400, minibatch 234/234:
  train err: 1.297075 %
  valid err: 0.237046 %
  test  err: 0.410657 %
t: 18.883114
epoch 401, minibatch 234/234:
  train err: 1.701055 %
  valid err: 0.248731 %
  test  err: 0.480769 %
t: 18.587636
epoch 402, minibatch 234/234:
  train err: 1.353833 %
  valid err: 0.290465 %
  test  err: 0.540865 %
t: 18.441054
epoch 403, minibatch 234/234:
  train err: 1.100093 %
  valid err: 0.185296 %
  test  err: 0.430689 %
t: 18.491111
epoch 404, minibatch 234/234:
  train err: 2.841213 %
  valid err: 0.282118 %
  test  err: 0.570913 %
t: 18.621721
epoch 405, minibatch 234/234:
  train err: 1.241987 %
  valid err: 0.525841 %
  test  err: 0.801282 %
t: 18.608771
epoch 406, minibatch 234/234:
  train err: 1.420606 %
  valid err: 0.203659 %
  test  err: 0.510817 %
t: 18.863672
epoch 407, minibatch 234/234:
  train err: 1.085069 %
  valid err: 0.250401 %
  test  err: 0.550881 %
t: 18.501869
epoch 408, minibatch 234/234:
  train err: 1.307091 %
  valid err: 0.237046 %
  test  err: 0.490785 %
t: 18.791242
epoch 409, minibatch 234/234:
  train err: 0.712807 %
  valid err: 0.258747 %
  test  err: 0.540865 %
t: 18.583409
epoch 410, minibatch 234/234:
  train err: 0.619324 %
  valid err: 0.228699 %
  test  err: 0.420673 %
t: 18.789737
epoch 411, minibatch 234/234:
  train err: 1.298745 %
  valid err: 0.232038 %
  test  err: 0.390625 %
t: 18.827025
epoch 412, minibatch 234/234:
  train err: 0.575921 %
  valid err: 0.181958 %
  test  err: 0.450721 %
t: 18.613038
epoch 413, minibatch 234/234:
  train err: 0.579260 %
  valid err: 0.337206 %
  test  err: 0.661058 %
t: 18.793108
epoch 414, minibatch 234/234:
  train err: 1.086739 %
  valid err: 0.283787 %
  test  err: 0.570913 %
t: 19.02718
epoch 415, minibatch 234/234:
  train err: 2.303686 %
  valid err: 0.268763 %
  test  err: 0.570913 %
t: 18.735915
epoch 416, minibatch 234/234:
  train err: 1.432292 %
  valid err: 0.270433 %
  test  err: 0.490785 %
t: 19.419441
epoch 417, minibatch 234/234:
  train err: 1.133480 %
  valid err: 0.295473 %
  test  err: 0.520833 %
t: 18.844069
epoch 418, minibatch 234/234:
  train err: 1.630943 %
  valid err: 0.619324 %
  test  err: 0.851362 %
t: 18.511209
epoch 419, minibatch 234/234:
  train err: 1.043336 %
  valid err: 0.268763 %
  test  err: 0.470753 %
t: 18.795156
epoch 420, minibatch 234/234:
  train err: 1.116787 %
  valid err: 0.248731 %
  test  err: 0.570913 %
t: 18.908424
epoch 421, minibatch 234/234:
  train err: 1.085069 %
  valid err: 0.263755 %
  test  err: 0.500801 %
t: 18.64106
epoch 422, minibatch 234/234:
  train err: 1.253673 %
  valid err: 0.282118 %
  test  err: 0.610978 %
t: 18.959706
epoch 423, minibatch 234/234:
  train err: 1.764490 %
  valid err: 0.233707 %
  test  err: 0.540865 %
t: 19.125842
epoch 424, minibatch 234/234:
  train err: 1.470686 %
  valid err: 0.195312 %
  test  err: 0.490785 %
t: 18.708369
epoch 425, minibatch 234/234:
  train err: 1.545807 %
  valid err: 0.368924 %
  test  err: 0.580929 %
t: 18.457928
epoch 426, minibatch 234/234:
  train err: 1.260350 %
  valid err: 0.365585 %
  test  err: 0.651042 %
t: 18.846132
epoch 427, minibatch 234/234:
  train err: 0.726162 %
  valid err: 0.282118 %
  test  err: 0.510817 %
t: 18.82729
epoch 428, minibatch 234/234:
  train err: 1.170206 %
  valid err: 0.388956 %
  test  err: 0.641026 %
t: 19.058391
epoch 429, minibatch 234/234:
  train err: 2.627537 %
  valid err: 0.500801 %
  test  err: 0.641026 %
t: 19.091036
epoch 430, minibatch 234/234:
  train err: 1.487380 %
  valid err: 0.535857 %
  test  err: 0.821314 %
t: 18.653703
epoch 431, minibatch 234/234:
  train err: 0.727831 %
  valid err: 0.408988 %
  test  err: 0.721154 %
t: 18.314243
epoch 432, minibatch 234/234:
  train err: 0.811298 %
  valid err: 0.280449 %
  test  err: 0.480769 %
t: 18.803376
epoch 433, minibatch 234/234:
  train err: 0.836338 %
  valid err: 0.287126 %
  test  err: 0.490785 %
t: 18.455393
epoch 434, minibatch 234/234:
  train err: 0.774573 %
  valid err: 0.176950 %
  test  err: 0.440705 %
t: 19.054529
epoch 435, minibatch 234/234:
  train err: 1.231971 %
  valid err: 0.158587 %
  test  err: 0.410657 %
  current best
t: 19.102619
epoch 436, minibatch 234/234:
  train err: 3.413795 %
  valid err: 0.395633 %
  test  err: 0.641026 %
t: 18.997996
epoch 437, minibatch 234/234:
  train err: 1.106771 %
  valid err: 0.330529 %
  test  err: 0.550881 %
t: 18.837176
epoch 438, minibatch 234/234:
  train err: 1.612580 %
  valid err: 0.262086 %
  test  err: 0.530849 %
t: 18.98207
epoch 439, minibatch 234/234:
  train err: 1.852965 %
  valid err: 0.696114 %
  test  err: 0.891426 %
t: 18.858474
epoch 440, minibatch 234/234:
  train err: 2.090011 %
  valid err: 0.444044 %
  test  err: 0.701122 %
t: 19.240001
epoch 441, minibatch 234/234:
  train err: 0.894765 %
  valid err: 0.277110 %
  test  err: 0.530849 %
t: 18.48241
epoch 442, minibatch 234/234:
  train err: 1.398905 %
  valid err: 0.273771 %
  test  err: 0.540865 %
t: 18.953252
epoch 443, minibatch 234/234:
  train err: 1.200254 %
  valid err: 0.260417 %
  test  err: 0.530849 %
t: 18.801364
epoch 444, minibatch 234/234:
  train err: 0.869725 %
  valid err: 0.222022 %
  test  err: 0.500801 %
t: 19.058245
epoch 445, minibatch 234/234:
  train err: 1.211939 %
  valid err: 0.193643 %
  test  err: 0.440705 %
t: 18.669921
epoch 446, minibatch 234/234:
  train err: 1.265358 %
  valid err: 0.298811 %
  test  err: 0.510817 %
t: 18.807693
epoch 447, minibatch 234/234:
  train err: 0.908120 %
  valid err: 0.295473 %
  test  err: 0.500801 %
t: 18.874405
epoch 448, minibatch 234/234:
  train err: 0.839677 %
  valid err: 0.175280 %
  test  err: 0.470753 %
t: 18.665145
epoch 449, minibatch 234/234:
  train err: 1.218616 %
  valid err: 0.257078 %
  test  err: 0.540865 %
t: 18.938882
epoch 450, minibatch 234/234:
  train err: 1.110110 %
  valid err: 0.196982 %
  test  err: 0.420673 %
t: 19.048597
epoch 451, minibatch 234/234:
  train err: 0.701122 %
  valid err: 0.203659 %
  test  err: 0.460737 %
t: 18.67698
epoch 452, minibatch 234/234:
  train err: 0.744525 %
  valid err: 0.198651 %
  test  err: 0.470753 %
t: 18.958354
epoch 453, minibatch 234/234:
  train err: 1.694378 %
  valid err: 0.348892 %
  test  err: 0.550881 %
t: 18.724088
epoch 454, minibatch 234/234:
  train err: 0.854701 %
  valid err: 0.227030 %
  test  err: 0.500801 %
t: 18.617311
epoch 455, minibatch 234/234:
  train err: 1.108440 %
  valid err: 0.328860 %
  test  err: 0.600962 %
t: 19.370728
epoch 456, minibatch 234/234:
  train err: 0.888088 %
  valid err: 0.196982 %
  test  err: 0.450721 %
t: 18.993783
epoch 457, minibatch 234/234:
  train err: 1.505743 %
  valid err: 0.267094 %
  test  err: 0.520833 %
t: 18.834359
epoch 458, minibatch 234/234:
  train err: 1.236979 %
  valid err: 0.206998 %
  test  err: 0.470753 %
t: 19.01981
epoch 459, minibatch 234/234:
  train err: 1.081731 %
  valid err: 0.247062 %
  test  err: 0.540865 %
t: 18.770743
epoch 460, minibatch 234/234:
  train err: 2.108373 %
  valid err: 0.247062 %
  test  err: 0.510817 %
t: 19.386934
epoch 461, minibatch 234/234:
  train err: 1.579193 %
  valid err: 0.303819 %
  test  err: 0.550881 %
t: 18.731193
epoch 462, minibatch 234/234:
  train err: 1.023304 %
  valid err: 0.206998 %
  test  err: 0.520833 %
t: 18.780387
epoch 463, minibatch 234/234:
  train err: 1.584201 %
  valid err: 0.223691 %
  test  err: 0.540865 %
t: 19.194651
epoch 464, minibatch 234/234:
  train err: 0.883080 %
  valid err: 0.193643 %
  test  err: 0.510817 %
t: 19.059078
epoch 465, minibatch 234/234:
  train err: 0.597623 %
  valid err: 0.218683 %
  test  err: 0.530849 %
t: 18.909624
epoch 466, minibatch 234/234:
  train err: 0.909789 %
  valid err: 0.250401 %
  test  err: 0.530849 %
t: 18.692366
epoch 467, minibatch 234/234:
  train err: 1.660991 %
  valid err: 0.422342 %
  test  err: 0.641026 %
t: 19.075927
epoch 468, minibatch 234/234:
  train err: 0.779581 %
  valid err: 0.248731 %
  test  err: 0.530849 %
t: 18.724146
epoch 469, minibatch 234/234:
  train err: 1.238649 %
  valid err: 0.407318 %
  test  err: 0.631010 %
t: 19.150036
epoch 470, minibatch 234/234:
  train err: 0.906450 %
  valid err: 0.235377 %
  test  err: 0.470753 %
t: 18.942127
epoch 471, minibatch 234/234:
  train err: 1.075053 %
  valid err: 0.185296 %
  test  err: 0.450721 %
t: 18.876778
epoch 472, minibatch 234/234:
  train err: 1.460670 %
  valid err: 0.200321 %
  test  err: 0.500801 %
t: 18.753764
epoch 473, minibatch 234/234:
  train err: 1.360510 %
  valid err: 0.218683 %
  test  err: 0.470753 %
t: 18.927146
epoch 474, minibatch 234/234:
  train err: 1.233640 %
  valid err: 0.395633 %
  test  err: 0.651042 %
t: 18.888588
epoch 475, minibatch 234/234:
  train err: 5.789263 %
  valid err: 0.567575 %
  test  err: 0.841346 %
t: 18.715153
epoch 476, minibatch 234/234:
  train err: 1.363849 %
  valid err: 0.469084 %
  test  err: 0.721154 %
t: 19.198682
epoch 477, minibatch 234/234:
  train err: 1.165198 %
  valid err: 0.278779 %
  test  err: 0.530849 %
t: 19.215159
epoch 478, minibatch 234/234:
  train err: 1.073384 %
  valid err: 0.257078 %
  test  err: 0.530849 %
t: 19.236024
epoch 479, minibatch 234/234:
  train err: 1.253673 %
  valid err: 0.185296 %
  test  err: 0.430689 %
t: 18.90923
epoch 480, minibatch 234/234:
  train err: 1.799546 %
  valid err: 0.357238 %
  test  err: 0.590946 %
t: 18.91619
epoch 481, minibatch 234/234:
  train err: 2.163462 %
  valid err: 0.288795 %
  test  err: 0.580929 %
t: 19.082922
epoch 482, minibatch 234/234:
  train err: 0.838007 %
  valid err: 0.213675 %
  test  err: 0.470753 %
t: 19.022065
epoch 483, minibatch 234/234:
  train err: 2.290331 %
  valid err: 0.185296 %
  test  err: 0.450721 %
t: 19.047213
epoch 484, minibatch 234/234:
  train err: 0.966546 %
  valid err: 0.206998 %
  test  err: 0.490785 %
t: 19.106853
epoch 485, minibatch 234/234:
  train err: 0.974893 %
  valid err: 0.200321 %
  test  err: 0.510817 %
t: 18.767921
epoch 486, minibatch 234/234:
  train err: 0.856370 %
  valid err: 0.195312 %
  test  err: 0.490785 %
t: 18.82946
epoch 487, minibatch 234/234:
  train err: 0.652711 %
  valid err: 0.200321 %
  test  err: 0.450721 %
t: 18.78365
epoch 488, minibatch 234/234:
  train err: 0.575921 %
  valid err: 0.175280 %
  test  err: 0.420673 %
t: 19.033509
epoch 489, minibatch 234/234:
  train err: 1.517428 %
  valid err: 0.136886 %
  test  err: 0.430689 %
  current best
t: 19.607782
epoch 490, minibatch 234/234:
  train err: 1.635951 %
  valid err: 0.160256 %
  test  err: 0.440705 %
t: 18.982263
epoch 491, minibatch 234/234:
  train err: 0.726162 %
  valid err: 0.235377 %
  test  err: 0.470753 %
t: 19.028517
epoch 492, minibatch 234/234:
  train err: 1.065037 %
  valid err: 0.188635 %
  test  err: 0.510817 %
t: 19.235496
epoch 493, minibatch 234/234:
  train err: 1.510751 %
  valid err: 0.220353 %
  test  err: 0.510817 %
t: 18.809036
epoch 494, minibatch 234/234:
  train err: 1.791199 %
  valid err: 0.298811 %
  test  err: 0.600962 %
t: 18.855219
epoch 495, minibatch 234/234:
  train err: 1.185230 %
  valid err: 0.382278 %
  test  err: 0.661058 %
t: 19.008466
epoch 496, minibatch 234/234:
  train err: 3.632479 %
  valid err: 0.275441 %
  test  err: 0.500801 %
t: 18.941518
epoch 497, minibatch 234/234:
  train err: 1.280382 %
  valid err: 0.205329 %
  test  err: 0.460737 %
t: 18.811088
epoch 498, minibatch 234/234:
  train err: 3.023170 %
  valid err: 0.205329 %
  test  err: 0.410657 %
t: 19.390059
epoch 499, minibatch 234/234:
  train err: 1.161859 %
  valid err: 0.185296 %
  test  err: 0.470753 %
t: 19.265571
epoch 500, minibatch 234/234:
  train err: 1.033320 %
  valid err: 0.297142 %
  test  err: 0.540865 %
t: 19.052946
Optimization complete. Best valid score of 0.136886 % obtained at iteration 114426, epoch 489, with test performance 0.430689 %
