... loading data
training samples: 50000
... normal training
.... generating models
.... started
epoch 1, minibatch 195/195:
  train err: 10.306490 %
  valid err: 9.024439 %
  test  err: 9.274840 %
  current best
t: 17.191593
epoch 2, minibatch 195/195:
  train err: 5.470753 %
  valid err: 4.837740 %
  test  err: 4.977965 %
  current best
t: 17.265323
epoch 3, minibatch 195/195:
  train err: 4.016426 %
  valid err: 3.455529 %
  test  err: 3.796074 %
  current best
t: 17.232351
epoch 4, minibatch 195/195:
  train err: 3.255208 %
  valid err: 3.054888 %
  test  err: 3.155048 %
  current best
t: 17.034751
epoch 5, minibatch 195/195:
  train err: 2.850561 %
  valid err: 2.684295 %
  test  err: 2.744391 %
  current best
t: 17.271842
epoch 6, minibatch 195/195:
  train err: 2.576122 %
  valid err: 2.473958 %
  test  err: 2.534054 %
  current best
t: 17.346596
epoch 7, minibatch 195/195:
  train err: 2.345753 %
  valid err: 2.313702 %
  test  err: 2.343750 %
  current best
t: 17.183755
epoch 8, minibatch 195/195:
  train err: 2.157452 %
  valid err: 2.193510 %
  test  err: 2.153446 %
  current best
t: 17.051093
epoch 9, minibatch 195/195:
  train err: 1.951122 %
  valid err: 2.073317 %
  test  err: 1.953125 %
  current best
t: 17.232001
epoch 10, minibatch 195/195:
  train err: 1.782853 %
  valid err: 2.023237 %
  test  err: 1.822917 %
  current best
t: 17.179263
epoch 11, minibatch 195/195:
  train err: 1.638622 %
  valid err: 1.913061 %
  test  err: 1.752804 %
  current best
t: 17.23188
epoch 12, minibatch 195/195:
  train err: 1.490385 %
  valid err: 1.792869 %
  test  err: 1.622596 %
  current best
t: 17.00972
epoch 13, minibatch 195/195:
  train err: 1.374199 %
  valid err: 1.702724 %
  test  err: 1.542468 %
  current best
t: 17.081519
epoch 14, minibatch 195/195:
  train err: 1.243990 %
  valid err: 1.612580 %
  test  err: 1.482372 %
  current best
t: 17.279174
epoch 15, minibatch 195/195:
  train err: 1.157853 %
  valid err: 1.592548 %
  test  err: 1.402244 %
  current best
t: 17.184549
epoch 16, minibatch 195/195:
  train err: 1.073718 %
  valid err: 1.532452 %
  test  err: 1.292067 %
  current best
t: 17.256103
epoch 17, minibatch 195/195:
  train err: 0.985577 %
  valid err: 1.432292 %
  test  err: 1.282051 %
  current best
t: 17.217385
epoch 18, minibatch 195/195:
  train err: 0.911458 %
  valid err: 1.402244 %
  test  err: 1.262019 %
  current best
t: 17.174232
epoch 19, minibatch 195/195:
  train err: 0.845353 %
  valid err: 1.382212 %
  test  err: 1.191907 %
  current best
t: 17.192526
epoch 20, minibatch 195/195:
  train err: 0.783253 %
  valid err: 1.352163 %
  test  err: 1.181891 %
  current best
t: 17.292773
epoch 21, minibatch 195/195:
  train err: 0.729167 %
  valid err: 1.362179 %
  test  err: 1.141827 %
t: 11.409706
epoch 22, minibatch 195/195:
  train err: 0.663061 %
  valid err: 1.332131 %
  test  err: 1.111779 %
  current best
t: 9.065535
epoch 23, minibatch 195/195:
  train err: 0.614984 %
  valid err: 1.332131 %
  test  err: 1.101763 %
t: 8.916868
epoch 24, minibatch 195/195:
  train err: 0.564904 %
  valid err: 1.322115 %
  test  err: 1.111779 %
  current best
t: 9.087163
epoch 25, minibatch 195/195:
  train err: 0.504808 %
  valid err: 1.322115 %
  test  err: 1.081731 %
t: 8.834653
epoch 26, minibatch 195/195:
  train err: 0.476763 %
  valid err: 1.312099 %
  test  err: 1.081731 %
  current best
t: 9.019996
epoch 27, minibatch 195/195:
  train err: 0.446715 %
  valid err: 1.322115 %
  test  err: 1.051683 %
t: 8.927061
epoch 28, minibatch 195/195:
  train err: 0.424680 %
  valid err: 1.302083 %
  test  err: 1.031651 %
  current best
t: 9.030468
epoch 29, minibatch 195/195:
  train err: 0.404647 %
  valid err: 1.302083 %
  test  err: 1.011619 %
t: 8.847701
epoch 30, minibatch 195/195:
  train err: 0.366587 %
  valid err: 1.282051 %
  test  err: 1.021635 %
  current best
t: 9.021962
epoch 31, minibatch 195/195:
  train err: 0.342548 %
  valid err: 1.241987 %
  test  err: 1.021635 %
  current best
t: 9.024689
epoch 32, minibatch 195/195:
  train err: 0.322516 %
  valid err: 1.231971 %
  test  err: 1.031651 %
  current best
t: 9.023597
epoch 33, minibatch 195/195:
  train err: 0.306490 %
  valid err: 1.221955 %
  test  err: 1.041667 %
  current best
t: 9.187256
epoch 34, minibatch 195/195:
  train err: 0.298478 %
  valid err: 1.191907 %
  test  err: 1.041667 %
  current best
t: 9.092044
epoch 35, minibatch 195/195:
  train err: 0.266426 %
  valid err: 1.191907 %
  test  err: 1.031651 %
t: 8.895932
epoch 36, minibatch 195/195:
  train err: 0.252404 %
  valid err: 1.171875 %
  test  err: 1.001603 %
  current best
t: 9.134046
epoch 37, minibatch 195/195:
  train err: 0.246394 %
  valid err: 1.171875 %
  test  err: 0.991587 %
t: 8.975647
epoch 38, minibatch 195/195:
  train err: 0.230369 %
  valid err: 1.151843 %
  test  err: 1.001603 %
  current best
t: 9.014806
epoch 39, minibatch 195/195:
  train err: 0.224359 %
  valid err: 1.141827 %
  test  err: 1.001603 %
  current best
t: 9.151149
epoch 40, minibatch 195/195:
  train err: 0.212340 %
  valid err: 1.121795 %
  test  err: 1.001603 %
  current best
t: 9.11528
epoch 41, minibatch 195/195:
  train err: 0.206330 %
  valid err: 1.131811 %
  test  err: 1.001603 %
t: 8.989152
epoch 42, minibatch 195/195:
  train err: 0.196314 %
  valid err: 1.111779 %
  test  err: 1.001603 %
  current best
t: 9.013293
epoch 43, minibatch 195/195:
  train err: 0.186298 %
  valid err: 1.111779 %
  test  err: 1.001603 %
t: 8.83865
epoch 44, minibatch 195/195:
  train err: 0.176282 %
  valid err: 1.111779 %
  test  err: 1.011619 %
t: 8.830473
epoch 45, minibatch 195/195:
  train err: 0.170272 %
  valid err: 1.111779 %
  test  err: 1.001603 %
t: 9.045758
epoch 46, minibatch 195/195:
  train err: 0.160256 %
  valid err: 1.131811 %
  test  err: 1.001603 %
t: 8.891425
epoch 47, minibatch 195/195:
  train err: 0.146234 %
  valid err: 1.111779 %
  test  err: 1.021635 %
t: 8.889359
epoch 48, minibatch 195/195:
  train err: 0.138221 %
  valid err: 1.111779 %
  test  err: 1.021635 %
t: 8.846966
epoch 49, minibatch 195/195:
  train err: 0.132212 %
  valid err: 1.131811 %
  test  err: 1.011619 %
t: 8.928807
epoch 50, minibatch 195/195:
  train err: 0.118189 %
  valid err: 1.121795 %
  test  err: 1.011619 %
t: 8.911416
epoch 51, minibatch 195/195:
  train err: 0.116186 %
  valid err: 1.121795 %
  test  err: 1.011619 %
t: 8.974224
epoch 52, minibatch 195/195:
  train err: 0.112179 %
  valid err: 1.121795 %
  test  err: 1.001603 %
t: 8.970486
epoch 53, minibatch 195/195:
  train err: 0.108173 %
  valid err: 1.121795 %
  test  err: 0.981571 %
t: 8.959142
epoch 54, minibatch 195/195:
  train err: 0.106170 %
  valid err: 1.121795 %
  test  err: 0.981571 %
t: 8.955987
epoch 55, minibatch 195/195:
  train err: 0.098157 %
  valid err: 1.111779 %
  test  err: 0.991587 %
t: 8.943034
epoch 56, minibatch 195/195:
  train err: 0.098157 %
  valid err: 1.121795 %
  test  err: 0.991587 %
t: 8.84342
epoch 57, minibatch 195/195:
  train err: 0.092147 %
  valid err: 1.111779 %
  test  err: 0.991587 %
t: 9.000242
epoch 58, minibatch 195/195:
  train err: 0.090144 %
  valid err: 1.101763 %
  test  err: 0.981571 %
  current best
t: 9.120013
epoch 59, minibatch 195/195:
  train err: 0.086138 %
  valid err: 1.091747 %
  test  err: 0.971554 %
  current best
t: 9.187286
epoch 60, minibatch 195/195:
  train err: 0.086138 %
  valid err: 1.091747 %
  test  err: 0.981571 %
t: 9.016411
epoch 61, minibatch 195/195:
  train err: 0.086138 %
  valid err: 1.081731 %
  test  err: 0.981571 %
  current best
t: 9.018357
epoch 62, minibatch 195/195:
  train err: 0.086138 %
  valid err: 1.061699 %
  test  err: 0.971554 %
  current best
t: 9.116001
epoch 63, minibatch 195/195:
  train err: 0.082131 %
  valid err: 1.081731 %
  test  err: 0.971554 %
t: 8.913072
epoch 64, minibatch 195/195:
  train err: 0.082131 %
  valid err: 1.091747 %
  test  err: 0.971554 %
t: 8.925608
epoch 65, minibatch 195/195:
  train err: 0.076122 %
  valid err: 1.081731 %
  test  err: 0.971554 %
t: 8.95075
epoch 66, minibatch 195/195:
  train err: 0.076122 %
  valid err: 1.091747 %
  test  err: 0.981571 %
t: 9.087353
epoch 67, minibatch 195/195:
  train err: 0.072115 %
  valid err: 1.101763 %
  test  err: 0.971554 %
t: 9.040847
epoch 68, minibatch 195/195:
  train err: 0.070112 %
  valid err: 1.091747 %
  test  err: 0.971554 %
t: 8.941676
epoch 69, minibatch 195/195:
  train err: 0.070112 %
  valid err: 1.091747 %
  test  err: 0.971554 %
t: 8.971407
epoch 70, minibatch 195/195:
  train err: 0.068109 %
  valid err: 1.081731 %
  test  err: 0.981571 %
t: 8.842169
epoch 71, minibatch 195/195:
  train err: 0.060096 %
  valid err: 1.081731 %
  test  err: 0.981571 %
t: 8.935209
epoch 72, minibatch 195/195:
  train err: 0.058093 %
  valid err: 1.081731 %
  test  err: 1.001603 %
t: 8.837587
epoch 73, minibatch 195/195:
  train err: 0.056090 %
  valid err: 1.081731 %
  test  err: 0.991587 %
t: 8.981726
epoch 74, minibatch 195/195:
  train err: 0.056090 %
  valid err: 1.091747 %
  test  err: 0.991587 %
t: 9.111579
epoch 75, minibatch 195/195:
  train err: 0.056090 %
  valid err: 1.091747 %
  test  err: 0.991587 %
t: 8.896749
epoch 76, minibatch 195/195:
  train err: 0.054087 %
  valid err: 1.091747 %
  test  err: 0.991587 %
t: 8.892883
epoch 77, minibatch 195/195:
  train err: 0.052083 %
  valid err: 1.081731 %
  test  err: 0.991587 %
t: 8.953318
epoch 78, minibatch 195/195:
  train err: 0.052083 %
  valid err: 1.071715 %
  test  err: 0.991587 %
t: 8.951006
epoch 79, minibatch 195/195:
  train err: 0.050080 %
  valid err: 1.061699 %
  test  err: 1.001603 %
t: 8.839854
epoch 80, minibatch 195/195:
  train err: 0.050080 %
  valid err: 1.061699 %
  test  err: 1.001603 %
t: 8.907978
epoch 81, minibatch 195/195:
  train err: 0.048077 %
  valid err: 1.061699 %
  test  err: 1.001603 %
t: 8.993151
epoch 82, minibatch 195/195:
  train err: 0.048077 %
  valid err: 1.061699 %
  test  err: 1.021635 %
t: 8.838859
epoch 83, minibatch 195/195:
  train err: 0.046074 %
  valid err: 1.051683 %
  test  err: 1.021635 %
  current best
t: 9.187894
epoch 84, minibatch 195/195:
  train err: 0.046074 %
  valid err: 1.051683 %
  test  err: 1.021635 %
t: 8.96022
epoch 85, minibatch 195/195:
  train err: 0.046074 %
  valid err: 1.071715 %
  test  err: 1.021635 %
t: 8.841317
epoch 86, minibatch 195/195:
  train err: 0.046074 %
  valid err: 1.071715 %
  test  err: 1.021635 %
t: 8.969577
epoch 87, minibatch 195/195:
  train err: 0.046074 %
  valid err: 1.061699 %
  test  err: 1.021635 %
t: 8.892881
epoch 88, minibatch 195/195:
  train err: 0.046074 %
  valid err: 1.061699 %
  test  err: 1.021635 %
t: 8.949834
epoch 89, minibatch 195/195:
  train err: 0.046074 %
  valid err: 1.061699 %
  test  err: 1.001603 %
t: 8.90069
epoch 90, minibatch 195/195:
  train err: 0.044071 %
  valid err: 1.061699 %
  test  err: 1.001603 %
t: 8.888975
epoch 91, minibatch 195/195:
  train err: 0.042067 %
  valid err: 1.071715 %
  test  err: 1.001603 %
t: 8.836769
epoch 92, minibatch 195/195:
  train err: 0.040064 %
  valid err: 1.061699 %
  test  err: 0.991587 %
t: 8.916163
epoch 93, minibatch 195/195:
  train err: 0.040064 %
  valid err: 1.051683 %
  test  err: 0.991587 %
t: 8.907931
epoch 94, minibatch 195/195:
  train err: 0.040064 %
  valid err: 1.041667 %
  test  err: 0.991587 %
  current best
t: 9.157581
epoch 95, minibatch 195/195:
  train err: 0.036058 %
  valid err: 1.041667 %
  test  err: 0.991587 %
t: 8.921778
epoch 96, minibatch 195/195:
  train err: 0.034054 %
  valid err: 1.041667 %
  test  err: 0.991587 %
t: 8.829237
epoch 97, minibatch 195/195:
  train err: 0.034054 %
  valid err: 1.041667 %
  test  err: 1.001603 %
t: 8.889552
epoch 98, minibatch 195/195:
  train err: 0.034054 %
  valid err: 1.041667 %
  test  err: 0.991587 %
t: 9.075186
epoch 99, minibatch 195/195:
  train err: 0.032051 %
  valid err: 1.031651 %
  test  err: 1.001603 %
  current best
t: 9.184808
epoch 100, minibatch 195/195:
  train err: 0.032051 %
  valid err: 1.031651 %
  test  err: 1.001603 %
t: 8.967937
Optimization complete. Best valid score of 1.031651 % obtained at iteration 19305, epoch 99, with test performance 1.001603 %
