... loading data
training samples: 50000
... normal training
.... generating models
.... started
epoch 1, minibatch 195/195:
  train err: 4.395032 %
  valid err: 4.026442 %
  test  err: 4.717548 %
  current best
t: 11.692845
epoch 2, minibatch 195/195:
  train err: 2.572115 %
  valid err: 3.094952 %
  test  err: 3.395433 %
  current best
t: 11.674984
epoch 3, minibatch 195/195:
  train err: 1.672676 %
  valid err: 2.644231 %
  test  err: 2.904647 %
  current best
t: 11.66804
epoch 4, minibatch 195/195:
  train err: 1.203926 %
  valid err: 2.524038 %
  test  err: 2.884615 %
  current best
t: 11.685645
epoch 5, minibatch 195/195:
  train err: 0.905449 %
  valid err: 2.323718 %
  test  err: 2.554087 %
  current best
t: 11.678412
epoch 6, minibatch 195/195:
  train err: 0.612981 %
  valid err: 2.193510 %
  test  err: 2.473958 %
  current best
t: 11.692432
epoch 7, minibatch 195/195:
  train err: 0.318510 %
  valid err: 1.883013 %
  test  err: 1.913061 %
  current best
t: 11.684738
epoch 8, minibatch 195/195:
  train err: 0.244391 %
  valid err: 1.943109 %
  test  err: 1.963141 %
t: 11.48353
epoch 9, minibatch 195/195:
  train err: 0.134215 %
  valid err: 1.983173 %
  test  err: 1.792869 %
t: 11.482281
epoch 10, minibatch 195/195:
  train err: 0.108173 %
  valid err: 1.842949 %
  test  err: 1.822917 %
  current best
t: 11.682017
epoch 11, minibatch 195/195:
  train err: 0.042067 %
  valid err: 1.802885 %
  test  err: 1.662660 %
  current best
t: 11.685168
epoch 12, minibatch 195/195:
  train err: 0.048077 %
  valid err: 1.722756 %
  test  err: 1.592548 %
  current best
t: 11.692776
epoch 13, minibatch 195/195:
  train err: 0.018029 %
  valid err: 1.642628 %
  test  err: 1.652644 %
  current best
t: 11.701825
epoch 14, minibatch 195/195:
  train err: 0.026042 %
  valid err: 1.742788 %
  test  err: 1.692708 %
t: 11.478138
epoch 15, minibatch 195/195:
  train err: 0.002003 %
  valid err: 1.652644 %
  test  err: 1.532452 %
t: 11.491442
epoch 16, minibatch 195/195:
  train err: 0.000000 %
  valid err: 1.612580 %
  test  err: 1.422276 %
  current best
t: 11.694355
epoch 17, minibatch 195/195:
  train err: 0.000000 %
  valid err: 1.612580 %
  test  err: 1.372196 %
t: 11.490787
epoch 18, minibatch 195/195:
  train err: 0.000000 %
  valid err: 1.642628 %
  test  err: 1.372196 %
t: 11.484059
epoch 19, minibatch 195/195:
  train err: 0.000000 %
  valid err: 1.642628 %
  test  err: 1.372196 %
t: 11.48385
epoch 20, minibatch 195/195:
  train err: 0.000000 %
  valid err: 1.642628 %
  test  err: 1.372196 %
t: 11.482252
epoch 21, minibatch 195/195:
  train err: 0.000000 %
  valid err: 1.632612 %
  test  err: 1.372196 %
t: 11.492367
epoch 22, minibatch 195/195:
  train err: 0.000000 %
  valid err: 1.632612 %
  test  err: 1.362179 %
t: 11.488138
epoch 23, minibatch 195/195:
  train err: 0.000000 %
  valid err: 1.632612 %
  test  err: 1.362179 %
t: 11.48602
epoch 24, minibatch 195/195:
  train err: 0.000000 %
  valid err: 1.632612 %
  test  err: 1.362179 %
t: 11.494821
epoch 25, minibatch 195/195:
  train err: 0.000000 %
  valid err: 1.632612 %
  test  err: 1.362179 %
t: 11.482609
epoch 26, minibatch 195/195:
  train err: 0.000000 %
  valid err: 1.632612 %
  test  err: 1.352163 %
t: 11.487372
epoch 27, minibatch 195/195:
  train err: 0.000000 %
  valid err: 1.622596 %
  test  err: 1.352163 %
t: 11.483748
epoch 28, minibatch 195/195:
  train err: 0.000000 %
  valid err: 1.622596 %
  test  err: 1.352163 %
t: 11.494465
epoch 29, minibatch 195/195:
  train err: 0.000000 %
  valid err: 1.622596 %
  test  err: 1.352163 %
t: 11.491796
epoch 30, minibatch 195/195:
  train err: 0.000000 %
  valid err: 1.622596 %
  test  err: 1.352163 %
t: 11.494727
epoch 31, minibatch 195/195:
  train err: 0.000000 %
  valid err: 1.622596 %
  test  err: 1.362179 %
t: 11.492155
epoch 32, minibatch 195/195:
  train err: 0.000000 %
  valid err: 1.622596 %
  test  err: 1.362179 %
t: 11.49449
epoch 33, minibatch 195/195:
  train err: 0.000000 %
  valid err: 1.622596 %
  test  err: 1.362179 %
t: 11.500101
epoch 34, minibatch 195/195:
  train err: 0.000000 %
  valid err: 1.622596 %
  test  err: 1.362179 %
t: 11.488003
epoch 35, minibatch 195/195:
  train err: 0.000000 %
  valid err: 1.622596 %
  test  err: 1.362179 %
t: 11.484428
epoch 36, minibatch 195/195:
  train err: 0.000000 %
  valid err: 1.622596 %
  test  err: 1.362179 %
t: 11.489855
epoch 37, minibatch 195/195:
  train err: 0.000000 %
  valid err: 1.622596 %
  test  err: 1.362179 %
t: 11.496378
epoch 38, minibatch 195/195:
  train err: 0.000000 %
  valid err: 1.622596 %
  test  err: 1.362179 %
t: 11.490686
epoch 39, minibatch 195/195:
  train err: 0.000000 %
  valid err: 1.622596 %
  test  err: 1.362179 %
t: 11.487053
epoch 40, minibatch 195/195:
  train err: 0.000000 %
  valid err: 1.622596 %
  test  err: 1.362179 %
t: 11.508444
epoch 41, minibatch 195/195:
  train err: 0.000000 %
  valid err: 1.622596 %
  test  err: 1.362179 %
t: 11.533093
epoch 42, minibatch 195/195:
  train err: 0.000000 %
  valid err: 1.622596 %
  test  err: 1.362179 %
t: 11.565676
epoch 43, minibatch 195/195:
  train err: 0.000000 %
  valid err: 1.622596 %
  test  err: 1.362179 %
t: 11.56243
epoch 44, minibatch 195/195:
  train err: 0.000000 %
  valid err: 1.622596 %
  test  err: 1.362179 %
t: 11.56455
epoch 45, minibatch 195/195:
  train err: 0.000000 %
  valid err: 1.622596 %
  test  err: 1.362179 %
t: 11.560212
epoch 46, minibatch 195/195:
  train err: 0.000000 %
  valid err: 1.622596 %
  test  err: 1.362179 %
t: 11.561406
epoch 47, minibatch 195/195:
  train err: 0.000000 %
  valid err: 1.622596 %
  test  err: 1.362179 %
t: 11.564274
epoch 48, minibatch 195/195:
  train err: 0.000000 %
  valid err: 1.622596 %
  test  err: 1.362179 %
t: 11.564184
epoch 49, minibatch 195/195:
  train err: 0.000000 %
  valid err: 1.622596 %
  test  err: 1.362179 %
t: 11.564505
epoch 50, minibatch 195/195:
  train err: 0.000000 %
  valid err: 1.622596 %
  test  err: 1.362179 %
t: 11.570027
epoch 51, minibatch 195/195:
  train err: 0.000000 %
  valid err: 1.622596 %
  test  err: 1.362179 %
t: 11.56821
epoch 52, minibatch 195/195:
  train err: 0.000000 %
  valid err: 1.622596 %
  test  err: 1.362179 %
t: 11.563305
epoch 53, minibatch 195/195:
  train err: 0.000000 %
  valid err: 1.622596 %
  test  err: 1.362179 %
t: 11.563325
epoch 54, minibatch 195/195:
  train err: 0.000000 %
  valid err: 1.622596 %
  test  err: 1.352163 %
t: 11.567917
epoch 55, minibatch 195/195:
  train err: 0.000000 %
  valid err: 1.622596 %
  test  err: 1.352163 %
t: 11.566606
epoch 56, minibatch 195/195:
  train err: 0.000000 %
  valid err: 1.622596 %
  test  err: 1.352163 %
t: 11.562949
epoch 57, minibatch 195/195:
  train err: 0.000000 %
  valid err: 1.622596 %
  test  err: 1.352163 %
t: 11.563325
epoch 58, minibatch 195/195:
  train err: 0.000000 %
  valid err: 1.622596 %
  test  err: 1.352163 %
t: 11.564688
epoch 59, minibatch 195/195:
  train err: 0.000000 %
  valid err: 1.622596 %
  test  err: 1.352163 %
t: 11.572493
epoch 60, minibatch 195/195:
  train err: 0.000000 %
  valid err: 1.622596 %
  test  err: 1.352163 %
t: 11.566565
epoch 61, minibatch 195/195:
  train err: 0.000000 %
  valid err: 1.622596 %
  test  err: 1.352163 %
t: 11.567299
epoch 62, minibatch 195/195:
  train err: 0.000000 %
  valid err: 1.622596 %
  test  err: 1.352163 %
t: 11.565768
epoch 63, minibatch 195/195:
  train err: 0.000000 %
  valid err: 1.622596 %
  test  err: 1.352163 %
t: 11.564757
epoch 64, minibatch 195/195:
  train err: 0.000000 %
  valid err: 1.622596 %
  test  err: 1.352163 %
t: 11.570138
epoch 65, minibatch 195/195:
  train err: 0.000000 %
  valid err: 1.622596 %
  test  err: 1.352163 %
t: 11.566359
epoch 66, minibatch 195/195:
  train err: 0.000000 %
  valid err: 1.622596 %
  test  err: 1.352163 %
t: 11.570304
epoch 67, minibatch 195/195:
  train err: 0.000000 %
  valid err: 1.622596 %
  test  err: 1.352163 %
t: 11.56597
epoch 68, minibatch 195/195:
  train err: 0.000000 %
  valid err: 1.622596 %
  test  err: 1.352163 %
t: 11.565015
epoch 69, minibatch 195/195:
  train err: 0.000000 %
  valid err: 1.622596 %
  test  err: 1.352163 %
t: 11.567693
epoch 70, minibatch 195/195:
  train err: 0.000000 %
  valid err: 1.622596 %
  test  err: 1.352163 %
t: 11.570268
epoch 71, minibatch 195/195:
  train err: 0.000000 %
  valid err: 1.622596 %
  test  err: 1.352163 %
t: 11.565305
epoch 72, minibatch 195/195:
  train err: 0.000000 %
  valid err: 1.622596 %
  test  err: 1.352163 %
t: 11.569116
epoch 73, minibatch 195/195:
  train err: 0.000000 %
  valid err: 1.622596 %
  test  err: 1.352163 %
t: 11.566144
epoch 74, minibatch 195/195:
  train err: 0.000000 %
  valid err: 1.622596 %
  test  err: 1.352163 %
t: 11.565419
epoch 75, minibatch 195/195:
  train err: 0.000000 %
  valid err: 1.622596 %
  test  err: 1.352163 %
t: 11.567464
epoch 76, minibatch 195/195:
  train err: 0.000000 %
  valid err: 1.622596 %
  test  err: 1.352163 %
t: 11.557419
epoch 77, minibatch 195/195:
  train err: 0.000000 %
  valid err: 1.622596 %
  test  err: 1.352163 %
t: 11.571615
epoch 78, minibatch 195/195:
  train err: 0.000000 %
  valid err: 1.622596 %
  test  err: 1.352163 %
t: 11.565117
epoch 79, minibatch 195/195:
  train err: 0.000000 %
  valid err: 1.622596 %
  test  err: 1.352163 %
t: 11.566713
epoch 80, minibatch 195/195:
  train err: 0.000000 %
  valid err: 1.622596 %
  test  err: 1.352163 %
t: 11.574639
epoch 81, minibatch 195/195:
  train err: 0.000000 %
  valid err: 1.622596 %
  test  err: 1.352163 %
t: 11.562525
epoch 82, minibatch 195/195:
  train err: 0.000000 %
  valid err: 1.622596 %
  test  err: 1.352163 %
t: 11.567219
epoch 83, minibatch 195/195:
  train err: 0.000000 %
  valid err: 1.622596 %
  test  err: 1.352163 %
t: 11.568317
epoch 84, minibatch 195/195:
  train err: 0.000000 %
  valid err: 1.622596 %
  test  err: 1.352163 %
t: 11.577737
epoch 85, minibatch 195/195:
  train err: 0.000000 %
  valid err: 1.622596 %
  test  err: 1.352163 %
t: 11.571241
epoch 86, minibatch 195/195:
  train err: 0.000000 %
  valid err: 1.622596 %
  test  err: 1.352163 %
t: 11.565417
epoch 87, minibatch 195/195:
  train err: 0.000000 %
  valid err: 1.622596 %
  test  err: 1.352163 %
t: 11.567952
epoch 88, minibatch 195/195:
  train err: 0.000000 %
  valid err: 1.622596 %
  test  err: 1.352163 %
t: 11.569414
epoch 89, minibatch 195/195:
  train err: 0.000000 %
  valid err: 1.622596 %
  test  err: 1.352163 %
t: 11.568306
epoch 90, minibatch 195/195:
  train err: 0.000000 %
  valid err: 1.622596 %
  test  err: 1.352163 %
t: 11.569861
epoch 91, minibatch 195/195:
  train err: 0.000000 %
  valid err: 1.622596 %
  test  err: 1.352163 %
t: 11.564009
epoch 92, minibatch 195/195:
  train err: 0.000000 %
  valid err: 1.622596 %
  test  err: 1.352163 %
t: 11.567965
epoch 93, minibatch 195/195:
  train err: 0.000000 %
  valid err: 1.622596 %
  test  err: 1.352163 %
t: 11.568631
epoch 94, minibatch 195/195:
  train err: 0.000000 %
  valid err: 1.622596 %
  test  err: 1.352163 %
t: 11.567541
epoch 95, minibatch 195/195:
  train err: 0.000000 %
  valid err: 1.622596 %
  test  err: 1.352163 %
t: 11.565523
epoch 96, minibatch 195/195:
  train err: 0.000000 %
  valid err: 1.622596 %
  test  err: 1.352163 %
t: 11.571189
epoch 97, minibatch 195/195:
  train err: 0.000000 %
  valid err: 1.622596 %
  test  err: 1.352163 %
t: 11.568464
epoch 98, minibatch 195/195:
  train err: 0.000000 %
  valid err: 1.622596 %
  test  err: 1.352163 %
t: 11.566793
epoch 99, minibatch 195/195:
  train err: 0.000000 %
  valid err: 1.622596 %
  test  err: 1.352163 %
t: 11.565712
epoch 100, minibatch 195/195:
  train err: 0.000000 %
  valid err: 1.622596 %
  test  err: 1.352163 %
t: 11.567725
Optimization complete. Best valid score of 1.612580 % obtained at iteration 3120, epoch 16, with test performance 1.422276 %
