... loading data
... building the model
... training
epoch 1, minibatch 250/250, validation error 8.000000 %
     epoch 1, minibatch 250/250, test error of best model 8.770000 %
epoch 2, minibatch 250/250, validation error 7.720000 %
     epoch 2, minibatch 250/250, test error of best model 8.320000 %
epoch 3, minibatch 250/250, validation error 7.430000 %
     epoch 3, minibatch 250/250, test error of best model 8.090000 %
epoch 4, minibatch 250/250, validation error 7.330000 %
     epoch 4, minibatch 250/250, test error of best model 7.860000 %
epoch 5, minibatch 250/250, validation error 7.360000 %
epoch 6, minibatch 250/250, validation error 7.220000 %
     epoch 6, minibatch 250/250, test error of best model 7.640000 %
epoch 7, minibatch 250/250, validation error 7.180000 %
     epoch 7, minibatch 250/250, test error of best model 7.570000 %
epoch 8, minibatch 250/250, validation error 7.180000 %
epoch 9, minibatch 250/250, validation error 7.020000 %
     epoch 9, minibatch 250/250, test error of best model 7.490000 %
epoch 10, minibatch 250/250, validation error 6.940000 %
     epoch 10, minibatch 250/250, test error of best model 7.530000 %
epoch 11, minibatch 250/250, validation error 6.950000 %
epoch 12, minibatch 250/250, validation error 6.910000 %
     epoch 12, minibatch 250/250, test error of best model 7.300000 %
epoch 13, minibatch 250/250, validation error 6.720000 %
     epoch 13, minibatch 250/250, test error of best model 7.170000 %
epoch 14, minibatch 250/250, validation error 6.670000 %
     epoch 14, minibatch 250/250, test error of best model 7.220000 %
epoch 15, minibatch 250/250, validation error 6.800000 %
epoch 16, minibatch 250/250, validation error 6.680000 %
epoch 17, minibatch 250/250, validation error 6.710000 %
epoch 18, minibatch 250/250, validation error 6.540000 %
     epoch 18, minibatch 250/250, test error of best model 7.270000 %
epoch 19, minibatch 250/250, validation error 6.440000 %
     epoch 19, minibatch 250/250, test error of best model 7.150000 %
epoch 20, minibatch 250/250, validation error 6.460000 %
epoch 21, minibatch 250/250, validation error 6.390000 %
     epoch 21, minibatch 250/250, test error of best model 7.220000 %
epoch 22, minibatch 250/250, validation error 6.430000 %
epoch 23, minibatch 250/250, validation error 6.440000 %
epoch 24, minibatch 250/250, validation error 6.350000 %
     epoch 24, minibatch 250/250, test error of best model 7.170000 %
epoch 25, minibatch 250/250, validation error 6.380000 %
epoch 26, minibatch 250/250, validation error 6.340000 %
     epoch 26, minibatch 250/250, test error of best model 7.190000 %
epoch 27, minibatch 250/250, validation error 6.350000 %
epoch 28, minibatch 250/250, validation error 6.340000 %
epoch 29, minibatch 250/250, validation error 6.290000 %
     epoch 29, minibatch 250/250, test error of best model 7.000000 %
epoch 30, minibatch 250/250, validation error 6.240000 %
     epoch 30, minibatch 250/250, test error of best model 7.010000 %
epoch 31, minibatch 250/250, validation error 6.180000 %
     epoch 31, minibatch 250/250, test error of best model 7.070000 %
epoch 32, minibatch 250/250, validation error 6.220000 %
epoch 33, minibatch 250/250, validation error 6.150000 %
     epoch 33, minibatch 250/250, test error of best model 6.980000 %
epoch 34, minibatch 250/250, validation error 6.260000 %
epoch 35, minibatch 250/250, validation error 6.250000 %
epoch 36, minibatch 250/250, validation error 6.190000 %
epoch 37, minibatch 250/250, validation error 6.110000 %
     epoch 37, minibatch 250/250, test error of best model 6.970000 %
epoch 38, minibatch 250/250, validation error 6.190000 %
epoch 39, minibatch 250/250, validation error 6.190000 %
epoch 40, minibatch 250/250, validation error 6.160000 %
epoch 41, minibatch 250/250, validation error 6.100000 %
     epoch 41, minibatch 250/250, test error of best model 6.830000 %
epoch 42, minibatch 250/250, validation error 5.960000 %
     epoch 42, minibatch 250/250, test error of best model 6.780000 %
epoch 43, minibatch 250/250, validation error 6.030000 %
epoch 44, minibatch 250/250, validation error 6.120000 %
epoch 45, minibatch 250/250, validation error 6.120000 %
epoch 46, minibatch 250/250, validation error 6.130000 %
epoch 47, minibatch 250/250, validation error 6.100000 %
epoch 48, minibatch 250/250, validation error 6.020000 %
epoch 49, minibatch 250/250, validation error 6.060000 %
epoch 50, minibatch 250/250, validation error 5.940000 %
     epoch 50, minibatch 250/250, test error of best model 6.710000 %
epoch 51, minibatch 250/250, validation error 5.840000 %
     epoch 51, minibatch 250/250, test error of best model 6.630000 %
epoch 52, minibatch 250/250, validation error 5.900000 %
epoch 53, minibatch 250/250, validation error 5.960000 %
epoch 54, minibatch 250/250, validation error 5.990000 %
epoch 55, minibatch 250/250, validation error 5.970000 %
epoch 56, minibatch 250/250, validation error 5.950000 %
epoch 57, minibatch 250/250, validation error 5.940000 %
epoch 58, minibatch 250/250, validation error 5.810000 %
     epoch 58, minibatch 250/250, test error of best model 6.690000 %
epoch 59, minibatch 250/250, validation error 5.760000 %
     epoch 59, minibatch 250/250, test error of best model 6.710000 %
epoch 60, minibatch 250/250, validation error 5.890000 %
epoch 61, minibatch 250/250, validation error 5.770000 %
epoch 62, minibatch 250/250, validation error 5.790000 %
epoch 63, minibatch 250/250, validation error 5.760000 %
epoch 64, minibatch 250/250, validation error 5.840000 %
epoch 65, minibatch 250/250, validation error 5.880000 %
epoch 66, minibatch 250/250, validation error 5.840000 %
epoch 67, minibatch 250/250, validation error 5.840000 %
epoch 68, minibatch 250/250, validation error 5.740000 %
     epoch 68, minibatch 250/250, test error of best model 6.650000 %
epoch 69, minibatch 250/250, validation error 5.780000 %
epoch 70, minibatch 250/250, validation error 5.720000 %
     epoch 70, minibatch 250/250, test error of best model 6.630000 %
epoch 71, minibatch 250/250, validation error 5.780000 %
epoch 72, minibatch 250/250, validation error 5.870000 %
epoch 73, minibatch 250/250, validation error 5.830000 %
epoch 74, minibatch 250/250, validation error 5.910000 %
epoch 75, minibatch 250/250, validation error 5.790000 %
epoch 76, minibatch 250/250, validation error 5.810000 %
epoch 77, minibatch 250/250, validation error 5.780000 %
epoch 78, minibatch 250/250, validation error 5.890000 %
epoch 79, minibatch 250/250, validation error 5.880000 %
epoch 80, minibatch 250/250, validation error 5.860000 %
epoch 81, minibatch 250/250, validation error 5.870000 %
epoch 82, minibatch 250/250, validation error 5.770000 %
epoch 83, minibatch 250/250, validation error 5.690000 %
     epoch 83, minibatch 250/250, test error of best model 6.610000 %
epoch 84, minibatch 250/250, validation error 5.760000 %
epoch 85, minibatch 250/250, validation error 5.730000 %
epoch 86, minibatch 250/250, validation error 5.770000 %
epoch 87, minibatch 250/250, validation error 5.780000 %
epoch 88, minibatch 250/250, validation error 5.840000 %
epoch 89, minibatch 250/250, validation error 5.720000 %
epoch 90, minibatch 250/250, validation error 5.670000 %
     epoch 90, minibatch 250/250, test error of best model 6.480000 %
epoch 91, minibatch 250/250, validation error 5.660000 %
     epoch 91, minibatch 250/250, test error of best model 6.480000 %
epoch 92, minibatch 250/250, validation error 5.710000 %
epoch 93, minibatch 250/250, validation error 5.710000 %
epoch 94, minibatch 250/250, validation error 5.680000 %
epoch 95, minibatch 250/250, validation error 5.670000 %
epoch 96, minibatch 250/250, validation error 5.650000 %
     epoch 96, minibatch 250/250, test error of best model 6.360000 %
epoch 97, minibatch 250/250, validation error 5.630000 %
     epoch 97, minibatch 250/250, test error of best model 6.410000 %
epoch 98, minibatch 250/250, validation error 5.700000 %
epoch 99, minibatch 250/250, validation error 5.880000 %
epoch 100, minibatch 250/250, validation error 5.690000 %
epoch 101, minibatch 250/250, validation error 5.750000 %
epoch 102, minibatch 250/250, validation error 5.770000 %
epoch 103, minibatch 250/250, validation error 5.750000 %
epoch 104, minibatch 250/250, validation error 5.740000 %
epoch 105, minibatch 250/250, validation error 5.720000 %
epoch 106, minibatch 250/250, validation error 5.680000 %
epoch 107, minibatch 250/250, validation error 5.810000 %
epoch 108, minibatch 250/250, validation error 5.800000 %
epoch 109, minibatch 250/250, validation error 5.830000 %
epoch 110, minibatch 250/250, validation error 5.780000 %
epoch 111, minibatch 250/250, validation error 5.820000 %
epoch 112, minibatch 250/250, validation error 5.720000 %
epoch 113, minibatch 250/250, validation error 5.710000 %
epoch 114, minibatch 250/250, validation error 5.630000 %
epoch 115, minibatch 250/250, validation error 5.680000 %
epoch 116, minibatch 250/250, validation error 5.650000 %
epoch 117, minibatch 250/250, validation error 5.660000 %
epoch 118, minibatch 250/250, validation error 5.670000 %
epoch 119, minibatch 250/250, validation error 5.730000 %
epoch 120, minibatch 250/250, validation error 5.680000 %
epoch 121, minibatch 250/250, validation error 5.680000 %
epoch 122, minibatch 250/250, validation error 5.700000 %
epoch 123, minibatch 250/250, validation error 5.700000 %
epoch 124, minibatch 250/250, validation error 5.640000 %
epoch 125, minibatch 250/250, validation error 5.730000 %
epoch 126, minibatch 250/250, validation error 5.750000 %
epoch 127, minibatch 250/250, validation error 5.690000 %
epoch 128, minibatch 250/250, validation error 5.790000 %
epoch 129, minibatch 250/250, validation error 5.750000 %
epoch 130, minibatch 250/250, validation error 5.670000 %
epoch 131, minibatch 250/250, validation error 5.850000 %
epoch 132, minibatch 250/250, validation error 5.670000 %
epoch 133, minibatch 250/250, validation error 5.690000 %
epoch 134, minibatch 250/250, validation error 5.630000 %
epoch 135, minibatch 250/250, validation error 5.640000 %
epoch 136, minibatch 250/250, validation error 5.660000 %
epoch 137, minibatch 250/250, validation error 5.550000 %
     epoch 137, minibatch 250/250, test error of best model 6.070000 %
epoch 138, minibatch 250/250, validation error 5.540000 %
     epoch 138, minibatch 250/250, test error of best model 6.120000 %
epoch 139, minibatch 250/250, validation error 5.540000 %
epoch 140, minibatch 250/250, validation error 5.540000 %
epoch 141, minibatch 250/250, validation error 5.390000 %
     epoch 141, minibatch 250/250, test error of best model 6.180000 %
epoch 142, minibatch 250/250, validation error 5.480000 %
epoch 143, minibatch 250/250, validation error 5.510000 %
epoch 144, minibatch 250/250, validation error 5.430000 %
epoch 145, minibatch 250/250, validation error 5.430000 %
epoch 146, minibatch 250/250, validation error 5.360000 %
     epoch 146, minibatch 250/250, test error of best model 5.940000 %
epoch 147, minibatch 250/250, validation error 5.450000 %
epoch 148, minibatch 250/250, validation error 5.470000 %
epoch 149, minibatch 250/250, validation error 5.410000 %
epoch 150, minibatch 250/250, validation error 5.330000 %
     epoch 150, minibatch 250/250, test error of best model 5.900000 %
epoch 151, minibatch 250/250, validation error 5.390000 %
epoch 152, minibatch 250/250, validation error 5.380000 %
epoch 153, minibatch 250/250, validation error 5.380000 %
epoch 154, minibatch 250/250, validation error 5.440000 %
epoch 155, minibatch 250/250, validation error 5.400000 %
epoch 156, minibatch 250/250, validation error 5.430000 %
epoch 157, minibatch 250/250, validation error 5.460000 %
epoch 158, minibatch 250/250, validation error 5.370000 %
epoch 159, minibatch 250/250, validation error 5.380000 %
epoch 160, minibatch 250/250, validation error 5.340000 %
epoch 161, minibatch 250/250, validation error 5.350000 %
epoch 162, minibatch 250/250, validation error 5.320000 %
     epoch 162, minibatch 250/250, test error of best model 5.950000 %
epoch 163, minibatch 250/250, validation error 5.330000 %
epoch 164, minibatch 250/250, validation error 5.360000 %
epoch 165, minibatch 250/250, validation error 5.260000 %
     epoch 165, minibatch 250/250, test error of best model 5.960000 %
epoch 166, minibatch 250/250, validation error 5.390000 %
epoch 167, minibatch 250/250, validation error 5.350000 %
epoch 168, minibatch 250/250, validation error 5.320000 %
epoch 169, minibatch 250/250, validation error 5.320000 %
epoch 170, minibatch 250/250, validation error 5.320000 %
epoch 171, minibatch 250/250, validation error 5.370000 %
epoch 172, minibatch 250/250, validation error 5.300000 %
epoch 173, minibatch 250/250, validation error 5.400000 %
epoch 174, minibatch 250/250, validation error 5.420000 %
epoch 175, minibatch 250/250, validation error 5.330000 %
epoch 176, minibatch 250/250, validation error 5.320000 %
epoch 177, minibatch 250/250, validation error 5.260000 %
epoch 178, minibatch 250/250, validation error 5.320000 %
epoch 179, minibatch 250/250, validation error 5.360000 %
epoch 180, minibatch 250/250, validation error 5.310000 %
epoch 181, minibatch 250/250, validation error 5.170000 %
     epoch 181, minibatch 250/250, test error of best model 5.920000 %
epoch 182, minibatch 250/250, validation error 5.180000 %
epoch 183, minibatch 250/250, validation error 5.230000 %
epoch 184, minibatch 250/250, validation error 5.170000 %
epoch 185, minibatch 250/250, validation error 5.220000 %
epoch 186, minibatch 250/250, validation error 5.150000 %
     epoch 186, minibatch 250/250, test error of best model 5.970000 %
epoch 187, minibatch 250/250, validation error 5.200000 %
epoch 188, minibatch 250/250, validation error 5.170000 %
epoch 189, minibatch 250/250, validation error 5.190000 %
epoch 190, minibatch 250/250, validation error 5.220000 %
epoch 191, minibatch 250/250, validation error 5.070000 %
     epoch 191, minibatch 250/250, test error of best model 5.910000 %
epoch 192, minibatch 250/250, validation error 5.230000 %
epoch 193, minibatch 250/250, validation error 5.180000 %
epoch 194, minibatch 250/250, validation error 5.200000 %
epoch 195, minibatch 250/250, validation error 5.170000 %
epoch 196, minibatch 250/250, validation error 5.180000 %
epoch 197, minibatch 250/250, validation error 5.260000 %
epoch 198, minibatch 250/250, validation error 5.300000 %
epoch 199, minibatch 250/250, validation error 5.190000 %
epoch 200, minibatch 250/250, validation error 5.280000 %
epoch 201, minibatch 250/250, validation error 5.250000 %
epoch 202, minibatch 250/250, validation error 5.270000 %
epoch 203, minibatch 250/250, validation error 5.240000 %
epoch 204, minibatch 250/250, validation error 5.360000 %
epoch 205, minibatch 250/250, validation error 5.200000 %
epoch 206, minibatch 250/250, validation error 5.160000 %
epoch 207, minibatch 250/250, validation error 5.200000 %
epoch 208, minibatch 250/250, validation error 5.260000 %
epoch 209, minibatch 250/250, validation error 5.240000 %
epoch 210, minibatch 250/250, validation error 5.220000 %
epoch 211, minibatch 250/250, validation error 5.260000 %
epoch 212, minibatch 250/250, validation error 5.320000 %
epoch 213, minibatch 250/250, validation error 5.220000 %
epoch 214, minibatch 250/250, validation error 5.220000 %
epoch 215, minibatch 250/250, validation error 5.230000 %
epoch 216, minibatch 250/250, validation error 5.150000 %
epoch 217, minibatch 250/250, validation error 5.300000 %
epoch 218, minibatch 250/250, validation error 5.280000 %
epoch 219, minibatch 250/250, validation error 5.440000 %
epoch 220, minibatch 250/250, validation error 5.240000 %
epoch 221, minibatch 250/250, validation error 5.300000 %
epoch 222, minibatch 250/250, validation error 5.270000 %
epoch 223, minibatch 250/250, validation error 5.330000 %
epoch 224, minibatch 250/250, validation error 5.290000 %
epoch 225, minibatch 250/250, validation error 5.200000 %
epoch 226, minibatch 250/250, validation error 5.210000 %
epoch 227, minibatch 250/250, validation error 5.330000 %
epoch 228, minibatch 250/250, validation error 5.310000 %
epoch 229, minibatch 250/250, validation error 5.280000 %
epoch 230, minibatch 250/250, validation error 5.260000 %
epoch 231, minibatch 250/250, validation error 5.360000 %
epoch 232, minibatch 250/250, validation error 5.410000 %
epoch 233, minibatch 250/250, validation error 5.330000 %
epoch 234, minibatch 250/250, validation error 5.270000 %
epoch 235, minibatch 250/250, validation error 5.370000 %
epoch 236, minibatch 250/250, validation error 5.390000 %
epoch 237, minibatch 250/250, validation error 5.450000 %
epoch 238, minibatch 250/250, validation error 5.290000 %
epoch 239, minibatch 250/250, validation error 5.390000 %
epoch 240, minibatch 250/250, validation error 5.300000 %
epoch 241, minibatch 250/250, validation error 5.380000 %
epoch 242, minibatch 250/250, validation error 5.320000 %
epoch 243, minibatch 250/250, validation error 5.350000 %
epoch 244, minibatch 250/250, validation error 5.420000 %
epoch 245, minibatch 250/250, validation error 5.340000 %
epoch 246, minibatch 250/250, validation error 5.400000 %
epoch 247, minibatch 250/250, validation error 5.390000 %
epoch 248, minibatch 250/250, validation error 5.310000 %
epoch 249, minibatch 250/250, validation error 5.270000 %
epoch 250, minibatch 250/250, validation error 5.280000 %
epoch 251, minibatch 250/250, validation error 5.230000 %
epoch 252, minibatch 250/250, validation error 5.210000 %
epoch 253, minibatch 250/250, validation error 5.310000 %
epoch 254, minibatch 250/250, validation error 5.240000 %
epoch 255, minibatch 250/250, validation error 5.200000 %
epoch 256, minibatch 250/250, validation error 5.360000 %
epoch 257, minibatch 250/250, validation error 5.310000 %
epoch 258, minibatch 250/250, validation error 5.290000 %
epoch 259, minibatch 250/250, validation error 5.220000 %
epoch 260, minibatch 250/250, validation error 5.300000 %
epoch 261, minibatch 250/250, validation error 5.310000 %
epoch 262, minibatch 250/250, validation error 5.310000 %
epoch 263, minibatch 250/250, validation error 5.280000 %
epoch 264, minibatch 250/250, validation error 5.310000 %
epoch 265, minibatch 250/250, validation error 5.300000 %
epoch 266, minibatch 250/250, validation error 5.310000 %
epoch 267, minibatch 250/250, validation error 5.270000 %
epoch 268, minibatch 250/250, validation error 5.200000 %
epoch 269, minibatch 250/250, validation error 5.190000 %
epoch 270, minibatch 250/250, validation error 5.190000 %
epoch 271, minibatch 250/250, validation error 5.220000 %
epoch 272, minibatch 250/250, validation error 5.220000 %
epoch 273, minibatch 250/250, validation error 5.120000 %
epoch 274, minibatch 250/250, validation error 5.130000 %
epoch 275, minibatch 250/250, validation error 5.160000 %
epoch 276, minibatch 250/250, validation error 5.230000 %
epoch 277, minibatch 250/250, validation error 5.200000 %
epoch 278, minibatch 250/250, validation error 5.240000 %
epoch 279, minibatch 250/250, validation error 5.320000 %
epoch 280, minibatch 250/250, validation error 5.230000 %
epoch 281, minibatch 250/250, validation error 5.270000 %
epoch 282, minibatch 250/250, validation error 5.310000 %
epoch 283, minibatch 250/250, validation error 5.320000 %
epoch 284, minibatch 250/250, validation error 5.320000 %
epoch 285, minibatch 250/250, validation error 5.290000 %
epoch 286, minibatch 250/250, validation error 5.320000 %
epoch 287, minibatch 250/250, validation error 5.340000 %
epoch 288, minibatch 250/250, validation error 5.400000 %
epoch 289, minibatch 250/250, validation error 5.340000 %
epoch 290, minibatch 250/250, validation error 5.350000 %
epoch 291, minibatch 250/250, validation error 5.370000 %
epoch 292, minibatch 250/250, validation error 5.390000 %
epoch 293, minibatch 250/250, validation error 5.370000 %
epoch 294, minibatch 250/250, validation error 5.390000 %
epoch 295, minibatch 250/250, validation error 5.280000 %
epoch 296, minibatch 250/250, validation error 5.350000 %
epoch 297, minibatch 250/250, validation error 5.380000 %
epoch 298, minibatch 250/250, validation error 5.350000 %
epoch 299, minibatch 250/250, validation error 5.310000 %
epoch 300, minibatch 250/250, validation error 5.350000 %
epoch 301, minibatch 250/250, validation error 5.310000 %
epoch 302, minibatch 250/250, validation error 5.460000 %
epoch 303, minibatch 250/250, validation error 5.400000 %
epoch 304, minibatch 250/250, validation error 5.440000 %
epoch 305, minibatch 250/250, validation error 5.450000 %
epoch 306, minibatch 250/250, validation error 5.460000 %
epoch 307, minibatch 250/250, validation error 5.450000 %
epoch 308, minibatch 250/250, validation error 5.380000 %
epoch 309, minibatch 250/250, validation error 5.410000 %
epoch 310, minibatch 250/250, validation error 5.450000 %
epoch 311, minibatch 250/250, validation error 5.340000 %
epoch 312, minibatch 250/250, validation error 5.410000 %
epoch 313, minibatch 250/250, validation error 5.340000 %
epoch 314, minibatch 250/250, validation error 5.400000 %
epoch 315, minibatch 250/250, validation error 5.330000 %
epoch 316, minibatch 250/250, validation error 5.380000 %
epoch 317, minibatch 250/250, validation error 5.410000 %
epoch 318, minibatch 250/250, validation error 5.410000 %
epoch 319, minibatch 250/250, validation error 5.370000 %
epoch 320, minibatch 250/250, validation error 5.430000 %
epoch 321, minibatch 250/250, validation error 5.370000 %
epoch 322, minibatch 250/250, validation error 5.470000 %
epoch 323, minibatch 250/250, validation error 5.450000 %
epoch 324, minibatch 250/250, validation error 5.400000 %
epoch 325, minibatch 250/250, validation error 5.440000 %
epoch 326, minibatch 250/250, validation error 5.360000 %
epoch 327, minibatch 250/250, validation error 5.370000 %
epoch 328, minibatch 250/250, validation error 5.280000 %
epoch 329, minibatch 250/250, validation error 5.240000 %
epoch 330, minibatch 250/250, validation error 5.200000 %
epoch 331, minibatch 250/250, validation error 5.280000 %
epoch 332, minibatch 250/250, validation error 5.340000 %
epoch 333, minibatch 250/250, validation error 5.230000 %
epoch 334, minibatch 250/250, validation error 5.290000 %
epoch 335, minibatch 250/250, validation error 5.210000 %
epoch 336, minibatch 250/250, validation error 5.160000 %
epoch 337, minibatch 250/250, validation error 5.160000 %
epoch 338, minibatch 250/250, validation error 5.180000 %
epoch 339, minibatch 250/250, validation error 5.230000 %
epoch 340, minibatch 250/250, validation error 5.260000 %
epoch 341, minibatch 250/250, validation error 5.260000 %
epoch 342, minibatch 250/250, validation error 5.340000 %
epoch 343, minibatch 250/250, validation error 5.320000 %
epoch 344, minibatch 250/250, validation error 5.310000 %
epoch 345, minibatch 250/250, validation error 5.360000 %
epoch 346, minibatch 250/250, validation error 5.350000 %
epoch 347, minibatch 250/250, validation error 5.330000 %
epoch 348, minibatch 250/250, validation error 5.290000 %
epoch 349, minibatch 250/250, validation error 5.400000 %
epoch 350, minibatch 250/250, validation error 5.270000 %
epoch 351, minibatch 250/250, validation error 5.180000 %
epoch 352, minibatch 250/250, validation error 5.260000 %
epoch 353, minibatch 250/250, validation error 5.330000 %
epoch 354, minibatch 250/250, validation error 5.300000 %
epoch 355, minibatch 250/250, validation error 5.420000 %
epoch 356, minibatch 250/250, validation error 5.400000 %
epoch 357, minibatch 250/250, validation error 5.380000 %
epoch 358, minibatch 250/250, validation error 5.390000 %
epoch 359, minibatch 250/250, validation error 5.390000 %
epoch 360, minibatch 250/250, validation error 5.480000 %
epoch 361, minibatch 250/250, validation error 5.380000 %
epoch 362, minibatch 250/250, validation error 5.390000 %
epoch 363, minibatch 250/250, validation error 5.490000 %
epoch 364, minibatch 250/250, validation error 5.410000 %
epoch 365, minibatch 250/250, validation error 5.400000 %
epoch 366, minibatch 250/250, validation error 5.290000 %
epoch 367, minibatch 250/250, validation error 5.380000 %
epoch 368, minibatch 250/250, validation error 5.350000 %
epoch 369, minibatch 250/250, validation error 5.370000 %
epoch 370, minibatch 250/250, validation error 5.320000 %
epoch 371, minibatch 250/250, validation error 5.340000 %
epoch 372, minibatch 250/250, validation error 5.350000 %
epoch 373, minibatch 250/250, validation error 5.510000 %
epoch 374, minibatch 250/250, validation error 5.430000 %
epoch 375, minibatch 250/250, validation error 5.480000 %
epoch 376, minibatch 250/250, validation error 5.320000 %
epoch 377, minibatch 250/250, validation error 5.340000 %
epoch 378, minibatch 250/250, validation error 5.240000 %
epoch 379, minibatch 250/250, validation error 5.350000 %
epoch 380, minibatch 250/250, validation error 5.310000 %
epoch 381, minibatch 250/250, validation error 5.290000 %
Optimization complete. Best validation score of 5.070000 % obtained at iteration 47750, with test performance 5.910000 %
