... loading data
... building the model
... training
epoch 1, minibatch 500/500, validation error 7.420000 %
     epoch 1, minibatch 500/500, test error of best model 8.030000 %
epoch 2, minibatch 500/500, validation error 5.400000 %
     epoch 2, minibatch 500/500, test error of best model 5.850000 %
epoch 3, minibatch 500/500, validation error 4.970000 %
     epoch 3, minibatch 500/500, test error of best model 5.600000 %
epoch 4, minibatch 500/500, validation error 4.330000 %
     epoch 4, minibatch 500/500, test error of best model 5.120000 %
epoch 5, minibatch 500/500, validation error 4.060000 %
     epoch 5, minibatch 500/500, test error of best model 4.820000 %
epoch 6, minibatch 500/500, validation error 3.740000 %
     epoch 6, minibatch 500/500, test error of best model 4.210000 %
epoch 7, minibatch 500/500, validation error 3.630000 %
     epoch 7, minibatch 500/500, test error of best model 3.960000 %
epoch 8, minibatch 500/500, validation error 3.600000 %
     epoch 8, minibatch 500/500, test error of best model 3.960000 %
epoch 9, minibatch 500/500, validation error 3.160000 %
     epoch 9, minibatch 500/500, test error of best model 3.530000 %
epoch 10, minibatch 500/500, validation error 3.140000 %
     epoch 10, minibatch 500/500, test error of best model 3.330000 %
epoch 11, minibatch 500/500, validation error 3.090000 %
     epoch 11, minibatch 500/500, test error of best model 3.350000 %
epoch 12, minibatch 500/500, validation error 3.450000 %
epoch 13, minibatch 500/500, validation error 3.440000 %
epoch 14, minibatch 500/500, validation error 3.070000 %
     epoch 14, minibatch 500/500, test error of best model 3.240000 %
epoch 15, minibatch 500/500, validation error 2.950000 %
     epoch 15, minibatch 500/500, test error of best model 3.110000 %
epoch 16, minibatch 500/500, validation error 2.890000 %
     epoch 16, minibatch 500/500, test error of best model 2.940000 %
epoch 17, minibatch 500/500, validation error 2.950000 %
epoch 18, minibatch 500/500, validation error 2.590000 %
     epoch 18, minibatch 500/500, test error of best model 3.020000 %
epoch 19, minibatch 500/500, validation error 3.040000 %
epoch 20, minibatch 500/500, validation error 2.850000 %
epoch 21, minibatch 500/500, validation error 2.890000 %
epoch 22, minibatch 500/500, validation error 2.700000 %
epoch 23, minibatch 500/500, validation error 2.580000 %
     epoch 23, minibatch 500/500, test error of best model 2.940000 %
epoch 24, minibatch 500/500, validation error 2.780000 %
epoch 25, minibatch 500/500, validation error 2.760000 %
epoch 26, minibatch 500/500, validation error 2.930000 %
epoch 27, minibatch 500/500, validation error 2.600000 %
epoch 28, minibatch 500/500, validation error 2.790000 %
epoch 29, minibatch 500/500, validation error 2.390000 %
     epoch 29, minibatch 500/500, test error of best model 2.590000 %
epoch 30, minibatch 500/500, validation error 2.390000 %
epoch 31, minibatch 500/500, validation error 2.550000 %
epoch 32, minibatch 500/500, validation error 2.350000 %
     epoch 32, minibatch 500/500, test error of best model 2.400000 %
epoch 33, minibatch 500/500, validation error 2.530000 %
epoch 34, minibatch 500/500, validation error 2.500000 %
epoch 35, minibatch 500/500, validation error 2.290000 %
     epoch 35, minibatch 500/500, test error of best model 2.570000 %
epoch 36, minibatch 500/500, validation error 2.340000 %
epoch 37, minibatch 500/500, validation error 2.540000 %
epoch 38, minibatch 500/500, validation error 2.330000 %
epoch 39, minibatch 500/500, validation error 2.540000 %
epoch 40, minibatch 500/500, validation error 2.490000 %
epoch 41, minibatch 500/500, validation error 2.340000 %
epoch 42, minibatch 500/500, validation error 2.530000 %
epoch 43, minibatch 500/500, validation error 2.600000 %
epoch 44, minibatch 500/500, validation error 2.760000 %
epoch 45, minibatch 500/500, validation error 2.740000 %
epoch 46, minibatch 500/500, validation error 2.630000 %
epoch 47, minibatch 500/500, validation error 2.580000 %
epoch 48, minibatch 500/500, validation error 2.710000 %
epoch 49, minibatch 500/500, validation error 2.660000 %
epoch 50, minibatch 500/500, validation error 2.670000 %
epoch 51, minibatch 500/500, validation error 2.890000 %
epoch 52, minibatch 500/500, validation error 2.720000 %
epoch 53, minibatch 500/500, validation error 2.930000 %
epoch 54, minibatch 500/500, validation error 2.530000 %
epoch 55, minibatch 500/500, validation error 2.790000 %
epoch 56, minibatch 500/500, validation error 2.840000 %
epoch 57, minibatch 500/500, validation error 2.610000 %
epoch 58, minibatch 500/500, validation error 2.760000 %
epoch 59, minibatch 500/500, validation error 3.060000 %
epoch 60, minibatch 500/500, validation error 2.560000 %
epoch 61, minibatch 500/500, validation error 2.670000 %
epoch 62, minibatch 500/500, validation error 2.830000 %
epoch 63, minibatch 500/500, validation error 3.020000 %
epoch 64, minibatch 500/500, validation error 2.640000 %
epoch 65, minibatch 500/500, validation error 2.820000 %
epoch 66, minibatch 500/500, validation error 2.810000 %
epoch 67, minibatch 500/500, validation error 2.980000 %
epoch 68, minibatch 500/500, validation error 3.040000 %
epoch 69, minibatch 500/500, validation error 2.770000 %
epoch 70, minibatch 500/500, validation error 2.960000 %
epoch 71, minibatch 500/500, validation error 2.750000 %
epoch 72, minibatch 500/500, validation error 3.040000 %
epoch 73, minibatch 500/500, validation error 2.880000 %
epoch 74, minibatch 500/500, validation error 2.830000 %
epoch 75, minibatch 500/500, validation error 2.840000 %
epoch 76, minibatch 500/500, validation error 3.030000 %
epoch 77, minibatch 500/500, validation error 3.060000 %
epoch 78, minibatch 500/500, validation error 3.190000 %
epoch 79, minibatch 500/500, validation error 2.960000 %
epoch 80, minibatch 500/500, validation error 3.150000 %
epoch 81, minibatch 500/500, validation error 3.000000 %
epoch 82, minibatch 500/500, validation error 2.980000 %
epoch 83, minibatch 500/500, validation error 3.230000 %
epoch 84, minibatch 500/500, validation error 3.140000 %
epoch 85, minibatch 500/500, validation error 3.400000 %
epoch 86, minibatch 500/500, validation error 3.470000 %
epoch 87, minibatch 500/500, validation error 3.200000 %
epoch 88, minibatch 500/500, validation error 3.240000 %
epoch 89, minibatch 500/500, validation error 3.050000 %
epoch 90, minibatch 500/500, validation error 3.150000 %
epoch 91, minibatch 500/500, validation error 3.190000 %
epoch 92, minibatch 500/500, validation error 3.210000 %
epoch 93, minibatch 500/500, validation error 3.290000 %
epoch 94, minibatch 500/500, validation error 3.070000 %
epoch 95, minibatch 500/500, validation error 3.070000 %
epoch 96, minibatch 500/500, validation error 3.280000 %
epoch 97, minibatch 500/500, validation error 3.200000 %
epoch 98, minibatch 500/500, validation error 3.140000 %
epoch 99, minibatch 500/500, validation error 3.040000 %
epoch 100, minibatch 500/500, validation error 3.200000 %
epoch 101, minibatch 500/500, validation error 3.170000 %
epoch 102, minibatch 500/500, validation error 3.140000 %
epoch 103, minibatch 500/500, validation error 3.190000 %
epoch 104, minibatch 500/500, validation error 3.050000 %
epoch 105, minibatch 500/500, validation error 3.180000 %
epoch 106, minibatch 500/500, validation error 3.090000 %
epoch 107, minibatch 500/500, validation error 3.390000 %
epoch 108, minibatch 500/500, validation error 2.660000 %
epoch 109, minibatch 500/500, validation error 3.340000 %
epoch 110, minibatch 500/500, validation error 2.960000 %
epoch 111, minibatch 500/500, validation error 2.970000 %
epoch 112, minibatch 500/500, validation error 2.860000 %
epoch 113, minibatch 500/500, validation error 3.470000 %
epoch 114, minibatch 500/500, validation error 3.260000 %
epoch 115, minibatch 500/500, validation error 3.250000 %
epoch 116, minibatch 500/500, validation error 3.510000 %
epoch 117, minibatch 500/500, validation error 3.430000 %
epoch 118, minibatch 500/500, validation error 3.620000 %
epoch 119, minibatch 500/500, validation error 3.590000 %
epoch 120, minibatch 500/500, validation error 3.340000 %
epoch 121, minibatch 500/500, validation error 3.320000 %
epoch 122, minibatch 500/500, validation error 3.350000 %
epoch 123, minibatch 500/500, validation error 3.210000 %
epoch 124, minibatch 500/500, validation error 3.230000 %
epoch 125, minibatch 500/500, validation error 3.350000 %
epoch 126, minibatch 500/500, validation error 3.340000 %
epoch 127, minibatch 500/500, validation error 3.110000 %
epoch 128, minibatch 500/500, validation error 3.240000 %
epoch 129, minibatch 500/500, validation error 3.240000 %
epoch 130, minibatch 500/500, validation error 3.500000 %
epoch 131, minibatch 500/500, validation error 3.450000 %
epoch 132, minibatch 500/500, validation error 2.990000 %
epoch 133, minibatch 500/500, validation error 2.960000 %
epoch 134, minibatch 500/500, validation error 3.100000 %
epoch 135, minibatch 500/500, validation error 3.390000 %
epoch 136, minibatch 500/500, validation error 3.410000 %
epoch 137, minibatch 500/500, validation error 3.410000 %
epoch 138, minibatch 500/500, validation error 3.270000 %
epoch 139, minibatch 500/500, validation error 3.110000 %
epoch 140, minibatch 500/500, validation error 3.350000 %
epoch 141, minibatch 500/500, validation error 3.090000 %
epoch 142, minibatch 500/500, validation error 3.310000 %
epoch 143, minibatch 500/500, validation error 3.330000 %
epoch 144, minibatch 500/500, validation error 3.200000 %
epoch 145, minibatch 500/500, validation error 3.300000 %
epoch 146, minibatch 500/500, validation error 3.450000 %
epoch 147, minibatch 500/500, validation error 3.270000 %
epoch 148, minibatch 500/500, validation error 3.330000 %
epoch 149, minibatch 500/500, validation error 3.310000 %
epoch 150, minibatch 500/500, validation error 3.860000 %
epoch 151, minibatch 500/500, validation error 2.870000 %
epoch 152, minibatch 500/500, validation error 3.080000 %
epoch 153, minibatch 500/500, validation error 3.370000 %
epoch 154, minibatch 500/500, validation error 3.630000 %
epoch 155, minibatch 500/500, validation error 3.260000 %
epoch 156, minibatch 500/500, validation error 3.190000 %
epoch 157, minibatch 500/500, validation error 3.360000 %
epoch 158, minibatch 500/500, validation error 3.330000 %
epoch 159, minibatch 500/500, validation error 3.630000 %
epoch 160, minibatch 500/500, validation error 3.160000 %
epoch 161, minibatch 500/500, validation error 3.470000 %
epoch 162, minibatch 500/500, validation error 3.280000 %
epoch 163, minibatch 500/500, validation error 3.480000 %
epoch 164, minibatch 500/500, validation error 3.320000 %
epoch 165, minibatch 500/500, validation error 3.270000 %
epoch 166, minibatch 500/500, validation error 3.270000 %
epoch 167, minibatch 500/500, validation error 3.090000 %
epoch 168, minibatch 500/500, validation error 3.140000 %
epoch 169, minibatch 500/500, validation error 3.340000 %
epoch 170, minibatch 500/500, validation error 3.210000 %
epoch 171, minibatch 500/500, validation error 3.440000 %
epoch 172, minibatch 500/500, validation error 3.460000 %
epoch 173, minibatch 500/500, validation error 3.200000 %
epoch 174, minibatch 500/500, validation error 3.420000 %
epoch 175, minibatch 500/500, validation error 3.430000 %
epoch 176, minibatch 500/500, validation error 3.330000 %
epoch 177, minibatch 500/500, validation error 3.010000 %
epoch 178, minibatch 500/500, validation error 3.200000 %
epoch 179, minibatch 500/500, validation error 2.910000 %
epoch 180, minibatch 500/500, validation error 3.150000 %
epoch 181, minibatch 500/500, validation error 3.130000 %
epoch 182, minibatch 500/500, validation error 3.090000 %
epoch 183, minibatch 500/500, validation error 3.390000 %
epoch 184, minibatch 500/500, validation error 3.360000 %
epoch 185, minibatch 500/500, validation error 3.240000 %
epoch 186, minibatch 500/500, validation error 3.200000 %
epoch 187, minibatch 500/500, validation error 3.200000 %
epoch 188, minibatch 500/500, validation error 3.300000 %
epoch 189, minibatch 500/500, validation error 3.430000 %
epoch 190, minibatch 500/500, validation error 3.740000 %
epoch 191, minibatch 500/500, validation error 3.230000 %
epoch 192, minibatch 500/500, validation error 3.270000 %
epoch 193, minibatch 500/500, validation error 3.250000 %
epoch 194, minibatch 500/500, validation error 3.420000 %
epoch 195, minibatch 500/500, validation error 2.990000 %
epoch 196, minibatch 500/500, validation error 3.230000 %
epoch 197, minibatch 500/500, validation error 3.420000 %
epoch 198, minibatch 500/500, validation error 3.270000 %
epoch 199, minibatch 500/500, validation error 3.000000 %
epoch 200, minibatch 500/500, validation error 3.260000 %
epoch 201, minibatch 500/500, validation error 3.670000 %
epoch 202, minibatch 500/500, validation error 3.560000 %
epoch 203, minibatch 500/500, validation error 3.240000 %
epoch 204, minibatch 500/500, validation error 3.430000 %
epoch 205, minibatch 500/500, validation error 3.380000 %
epoch 206, minibatch 500/500, validation error 3.410000 %
epoch 207, minibatch 500/500, validation error 3.220000 %
epoch 208, minibatch 500/500, validation error 3.500000 %
epoch 209, minibatch 500/500, validation error 3.640000 %
epoch 210, minibatch 500/500, validation error 3.460000 %
epoch 211, minibatch 500/500, validation error 3.100000 %
epoch 212, minibatch 500/500, validation error 3.290000 %
epoch 213, minibatch 500/500, validation error 3.720000 %
epoch 214, minibatch 500/500, validation error 3.230000 %
