... building the model
... training
epoch 1, minibatch 3600/3600, validation error 28.751667 %
     epoch 1, minibatch 3600/3600, test error of best model 27.570000 %
epoch 2, minibatch 3600/3600, validation error 19.995000 %
     epoch 2, minibatch 3600/3600, test error of best model 18.820000 %
epoch 3, minibatch 3600/3600, validation error 18.663333 %
     epoch 3, minibatch 3600/3600, test error of best model 17.240000 %
epoch 4, minibatch 3600/3600, validation error 18.101667 %
     epoch 4, minibatch 3600/3600, test error of best model 16.520000 %
epoch 5, minibatch 3600/3600, validation error 17.960000 %
     epoch 5, minibatch 3600/3600, test error of best model 16.410000 %
epoch 6, minibatch 3600/3600, validation error 17.836667 %
     epoch 6, minibatch 3600/3600, test error of best model 16.390000 %
epoch 7, minibatch 3600/3600, validation error 17.620000 %
     epoch 7, minibatch 3600/3600, test error of best model 16.210000 %
epoch 8, minibatch 3600/3600, validation error 17.268333 %
     epoch 8, minibatch 3600/3600, test error of best model 16.050000 %
epoch 9, minibatch 3600/3600, validation error 16.720000 %
     epoch 9, minibatch 3600/3600, test error of best model 15.560000 %
epoch 10, minibatch 3600/3600, validation error 15.943333 %
     epoch 10, minibatch 3600/3600, test error of best model 14.690000 %
epoch 11, minibatch 3600/3600, validation error 15.088333 %
     epoch 11, minibatch 3600/3600, test error of best model 13.790000 %
epoch 12, minibatch 3600/3600, validation error 14.116667 %
     epoch 12, minibatch 3600/3600, test error of best model 12.970000 %
epoch 13, minibatch 3600/3600, validation error 13.241667 %
     epoch 13, minibatch 3600/3600, test error of best model 11.920000 %
epoch 14, minibatch 3600/3600, validation error 12.323333 %
     epoch 14, minibatch 3600/3600, test error of best model 11.190000 %
epoch 15, minibatch 3600/3600, validation error 11.296667 %
     epoch 15, minibatch 3600/3600, test error of best model 10.570000 %
epoch 16, minibatch 3600/3600, validation error 10.415000 %
     epoch 16, minibatch 3600/3600, test error of best model 9.660000 %
epoch 17, minibatch 3600/3600, validation error 9.496667 %
     epoch 17, minibatch 3600/3600, test error of best model 8.850000 %
epoch 18, minibatch 3600/3600, validation error 8.711667 %
     epoch 18, minibatch 3600/3600, test error of best model 8.020000 %
epoch 19, minibatch 3600/3600, validation error 8.010000 %
     epoch 19, minibatch 3600/3600, test error of best model 7.110000 %
epoch 20, minibatch 3600/3600, validation error 7.345000 %
     epoch 20, minibatch 3600/3600, test error of best model 6.490000 %
epoch 21, minibatch 3600/3600, validation error 6.768333 %
     epoch 21, minibatch 3600/3600, test error of best model 6.090000 %
epoch 22, minibatch 3600/3600, validation error 6.273333 %
     epoch 22, minibatch 3600/3600, test error of best model 5.620000 %
epoch 23, minibatch 3600/3600, validation error 5.856667 %
     epoch 23, minibatch 3600/3600, test error of best model 5.310000 %
epoch 24, minibatch 3600/3600, validation error 5.493333 %
     epoch 24, minibatch 3600/3600, test error of best model 4.960000 %
epoch 25, minibatch 3600/3600, validation error 5.175000 %
     epoch 25, minibatch 3600/3600, test error of best model 4.820000 %
epoch 26, minibatch 3600/3600, validation error 4.885000 %
     epoch 26, minibatch 3600/3600, test error of best model 4.620000 %
epoch 27, minibatch 3600/3600, validation error 4.630000 %
     epoch 27, minibatch 3600/3600, test error of best model 4.290000 %
epoch 28, minibatch 3600/3600, validation error 4.456667 %
     epoch 28, minibatch 3600/3600, test error of best model 4.100000 %
epoch 29, minibatch 3600/3600, validation error 4.280000 %
     epoch 29, minibatch 3600/3600, test error of best model 3.930000 %
epoch 30, minibatch 3600/3600, validation error 4.105000 %
     epoch 30, minibatch 3600/3600, test error of best model 3.780000 %
epoch 31, minibatch 3600/3600, validation error 3.960000 %
     epoch 31, minibatch 3600/3600, test error of best model 3.660000 %
epoch 32, minibatch 3600/3600, validation error 3.803333 %
     epoch 32, minibatch 3600/3600, test error of best model 3.530000 %
epoch 33, minibatch 3600/3600, validation error 3.660000 %
     epoch 33, minibatch 3600/3600, test error of best model 3.440000 %
epoch 34, minibatch 3600/3600, validation error 3.560000 %
     epoch 34, minibatch 3600/3600, test error of best model 3.360000 %
epoch 35, minibatch 3600/3600, validation error 3.470000 %
     epoch 35, minibatch 3600/3600, test error of best model 3.210000 %
epoch 36, minibatch 3600/3600, validation error 3.376667 %
     epoch 36, minibatch 3600/3600, test error of best model 3.180000 %
epoch 37, minibatch 3600/3600, validation error 3.293333 %
     epoch 37, minibatch 3600/3600, test error of best model 3.090000 %
epoch 38, minibatch 3600/3600, validation error 3.208333 %
     epoch 38, minibatch 3600/3600, test error of best model 3.020000 %
epoch 39, minibatch 3600/3600, validation error 3.136667 %
     epoch 39, minibatch 3600/3600, test error of best model 2.990000 %
epoch 40, minibatch 3600/3600, validation error 3.071667 %
     epoch 40, minibatch 3600/3600, test error of best model 2.940000 %
epoch 41, minibatch 3600/3600, validation error 2.996667 %
     epoch 41, minibatch 3600/3600, test error of best model 2.890000 %
epoch 42, minibatch 3600/3600, validation error 2.948333 %
     epoch 42, minibatch 3600/3600, test error of best model 2.860000 %
epoch 43, minibatch 3600/3600, validation error 2.870000 %
     epoch 43, minibatch 3600/3600, test error of best model 2.760000 %
epoch 44, minibatch 3600/3600, validation error 2.821667 %
     epoch 44, minibatch 3600/3600, test error of best model 2.690000 %
epoch 45, minibatch 3600/3600, validation error 2.785000 %
     epoch 45, minibatch 3600/3600, test error of best model 2.660000 %
epoch 46, minibatch 3600/3600, validation error 2.725000 %
     epoch 46, minibatch 3600/3600, test error of best model 2.640000 %
epoch 47, minibatch 3600/3600, validation error 2.690000 %
     epoch 47, minibatch 3600/3600, test error of best model 2.630000 %
epoch 48, minibatch 3600/3600, validation error 2.641667 %
     epoch 48, minibatch 3600/3600, test error of best model 2.570000 %
epoch 49, minibatch 3600/3600, validation error 2.588333 %
     epoch 49, minibatch 3600/3600, test error of best model 2.490000 %
epoch 50, minibatch 3600/3600, validation error 2.541667 %
     epoch 50, minibatch 3600/3600, test error of best model 2.460000 %
epoch 51, minibatch 3600/3600, validation error 2.510000 %
     epoch 51, minibatch 3600/3600, test error of best model 2.420000 %
epoch 52, minibatch 3600/3600, validation error 2.476667 %
     epoch 52, minibatch 3600/3600, test error of best model 2.370000 %
epoch 53, minibatch 3600/3600, validation error 2.450000 %
     epoch 53, minibatch 3600/3600, test error of best model 2.340000 %
epoch 54, minibatch 3600/3600, validation error 2.415000 %
     epoch 54, minibatch 3600/3600, test error of best model 2.350000 %
epoch 55, minibatch 3600/3600, validation error 2.376667 %
     epoch 55, minibatch 3600/3600, test error of best model 2.240000 %
epoch 56, minibatch 3600/3600, validation error 2.358333 %
     epoch 56, minibatch 3600/3600, test error of best model 2.200000 %
epoch 57, minibatch 3600/3600, validation error 2.325000 %
     epoch 57, minibatch 3600/3600, test error of best model 2.150000 %
epoch 58, minibatch 3600/3600, validation error 2.280000 %
     epoch 58, minibatch 3600/3600, test error of best model 2.120000 %
epoch 59, minibatch 3600/3600, validation error 2.243333 %
     epoch 59, minibatch 3600/3600, test error of best model 2.090000 %
epoch 60, minibatch 3600/3600, validation error 2.208333 %
     epoch 60, minibatch 3600/3600, test error of best model 2.060000 %
epoch 61, minibatch 3600/3600, validation error 2.180000 %
     epoch 61, minibatch 3600/3600, test error of best model 2.040000 %
epoch 62, minibatch 3600/3600, validation error 2.151667 %
     epoch 62, minibatch 3600/3600, test error of best model 2.010000 %
epoch 63, minibatch 3600/3600, validation error 2.136667 %
     epoch 63, minibatch 3600/3600, test error of best model 1.980000 %
epoch 64, minibatch 3600/3600, validation error 2.113333 %
     epoch 64, minibatch 3600/3600, test error of best model 1.960000 %
epoch 65, minibatch 3600/3600, validation error 2.085000 %
     epoch 65, minibatch 3600/3600, test error of best model 1.880000 %
epoch 66, minibatch 3600/3600, validation error 2.060000 %
     epoch 66, minibatch 3600/3600, test error of best model 1.830000 %
epoch 67, minibatch 3600/3600, validation error 2.036667 %
     epoch 67, minibatch 3600/3600, test error of best model 1.820000 %
epoch 68, minibatch 3600/3600, validation error 2.011667 %
     epoch 68, minibatch 3600/3600, test error of best model 1.820000 %
epoch 69, minibatch 3600/3600, validation error 1.990000 %
     epoch 69, minibatch 3600/3600, test error of best model 1.820000 %
epoch 70, minibatch 3600/3600, validation error 1.971667 %
     epoch 70, minibatch 3600/3600, test error of best model 1.750000 %
epoch 71, minibatch 3600/3600, validation error 1.955000 %
     epoch 71, minibatch 3600/3600, test error of best model 1.730000 %
epoch 72, minibatch 3600/3600, validation error 1.945000 %
     epoch 72, minibatch 3600/3600, test error of best model 1.720000 %
epoch 73, minibatch 3600/3600, validation error 1.921667 %
     epoch 73, minibatch 3600/3600, test error of best model 1.720000 %
epoch 74, minibatch 3600/3600, validation error 1.898333 %
     epoch 74, minibatch 3600/3600, test error of best model 1.700000 %
epoch 75, minibatch 3600/3600, validation error 1.898333 %
epoch 76, minibatch 3600/3600, validation error 1.880000 %
     epoch 76, minibatch 3600/3600, test error of best model 1.700000 %
epoch 77, minibatch 3600/3600, validation error 1.870000 %
     epoch 77, minibatch 3600/3600, test error of best model 1.710000 %
epoch 78, minibatch 3600/3600, validation error 1.856667 %
     epoch 78, minibatch 3600/3600, test error of best model 1.680000 %
epoch 79, minibatch 3600/3600, validation error 1.836667 %
     epoch 79, minibatch 3600/3600, test error of best model 1.650000 %
epoch 80, minibatch 3600/3600, validation error 1.815000 %
     epoch 80, minibatch 3600/3600, test error of best model 1.650000 %
epoch 81, minibatch 3600/3600, validation error 1.803333 %
     epoch 81, minibatch 3600/3600, test error of best model 1.610000 %
epoch 82, minibatch 3600/3600, validation error 1.793333 %
     epoch 82, minibatch 3600/3600, test error of best model 1.610000 %
epoch 83, minibatch 3600/3600, validation error 1.768333 %
     epoch 83, minibatch 3600/3600, test error of best model 1.610000 %
epoch 84, minibatch 3600/3600, validation error 1.748333 %
     epoch 84, minibatch 3600/3600, test error of best model 1.580000 %
epoch 85, minibatch 3600/3600, validation error 1.733333 %
     epoch 85, minibatch 3600/3600, test error of best model 1.570000 %
epoch 86, minibatch 3600/3600, validation error 1.721667 %
     epoch 86, minibatch 3600/3600, test error of best model 1.570000 %
epoch 87, minibatch 3600/3600, validation error 1.711667 %
     epoch 87, minibatch 3600/3600, test error of best model 1.570000 %
epoch 88, minibatch 3600/3600, validation error 1.708333 %
     epoch 88, minibatch 3600/3600, test error of best model 1.550000 %
epoch 89, minibatch 3600/3600, validation error 1.700000 %
     epoch 89, minibatch 3600/3600, test error of best model 1.510000 %
epoch 90, minibatch 3600/3600, validation error 1.685000 %
     epoch 90, minibatch 3600/3600, test error of best model 1.500000 %
epoch 91, minibatch 3600/3600, validation error 1.675000 %
     epoch 91, minibatch 3600/3600, test error of best model 1.500000 %
epoch 92, minibatch 3600/3600, validation error 1.670000 %
     epoch 92, minibatch 3600/3600, test error of best model 1.500000 %
epoch 93, minibatch 3600/3600, validation error 1.661667 %
     epoch 93, minibatch 3600/3600, test error of best model 1.490000 %
epoch 94, minibatch 3600/3600, validation error 1.653333 %
     epoch 94, minibatch 3600/3600, test error of best model 1.480000 %
epoch 95, minibatch 3600/3600, validation error 1.645000 %
     epoch 95, minibatch 3600/3600, test error of best model 1.480000 %
epoch 96, minibatch 3600/3600, validation error 1.633333 %
     epoch 96, minibatch 3600/3600, test error of best model 1.480000 %
epoch 97, minibatch 3600/3600, validation error 1.613333 %
     epoch 97, minibatch 3600/3600, test error of best model 1.470000 %
epoch 98, minibatch 3600/3600, validation error 1.606667 %
     epoch 98, minibatch 3600/3600, test error of best model 1.470000 %
epoch 99, minibatch 3600/3600, validation error 1.605000 %
     epoch 99, minibatch 3600/3600, test error of best model 1.460000 %
epoch 100, minibatch 3600/3600, validation error 1.600000 %
     epoch 100, minibatch 3600/3600, test error of best model 1.440000 %
epoch 101, minibatch 3600/3600, validation error 1.588333 %
     epoch 101, minibatch 3600/3600, test error of best model 1.440000 %
epoch 102, minibatch 3600/3600, validation error 1.580000 %
     epoch 102, minibatch 3600/3600, test error of best model 1.450000 %
epoch 103, minibatch 3600/3600, validation error 1.570000 %
     epoch 103, minibatch 3600/3600, test error of best model 1.440000 %
epoch 104, minibatch 3600/3600, validation error 1.565000 %
     epoch 104, minibatch 3600/3600, test error of best model 1.440000 %
epoch 105, minibatch 3600/3600, validation error 1.560000 %
     epoch 105, minibatch 3600/3600, test error of best model 1.440000 %
epoch 106, minibatch 3600/3600, validation error 1.555000 %
     epoch 106, minibatch 3600/3600, test error of best model 1.440000 %
epoch 107, minibatch 3600/3600, validation error 1.555000 %
epoch 108, minibatch 3600/3600, validation error 1.543333 %
     epoch 108, minibatch 3600/3600, test error of best model 1.430000 %
epoch 109, minibatch 3600/3600, validation error 1.531667 %
     epoch 109, minibatch 3600/3600, test error of best model 1.420000 %
epoch 110, minibatch 3600/3600, validation error 1.528333 %
     epoch 110, minibatch 3600/3600, test error of best model 1.410000 %
epoch 111, minibatch 3600/3600, validation error 1.521667 %
     epoch 111, minibatch 3600/3600, test error of best model 1.400000 %
epoch 112, minibatch 3600/3600, validation error 1.521667 %
     epoch 112, minibatch 3600/3600, test error of best model 1.390000 %
epoch 113, minibatch 3600/3600, validation error 1.516667 %
     epoch 113, minibatch 3600/3600, test error of best model 1.370000 %
epoch 114, minibatch 3600/3600, validation error 1.511667 %
     epoch 114, minibatch 3600/3600, test error of best model 1.360000 %
epoch 115, minibatch 3600/3600, validation error 1.513333 %
epoch 116, minibatch 3600/3600, validation error 1.500000 %
     epoch 116, minibatch 3600/3600, test error of best model 1.350000 %
epoch 117, minibatch 3600/3600, validation error 1.500000 %
epoch 118, minibatch 3600/3600, validation error 1.486667 %
     epoch 118, minibatch 3600/3600, test error of best model 1.360000 %
epoch 119, minibatch 3600/3600, validation error 1.485000 %
     epoch 119, minibatch 3600/3600, test error of best model 1.360000 %
epoch 120, minibatch 3600/3600, validation error 1.478333 %
     epoch 120, minibatch 3600/3600, test error of best model 1.360000 %
epoch 121, minibatch 3600/3600, validation error 1.476667 %
     epoch 121, minibatch 3600/3600, test error of best model 1.360000 %
epoch 122, minibatch 3600/3600, validation error 1.466667 %
     epoch 122, minibatch 3600/3600, test error of best model 1.360000 %
epoch 123, minibatch 3600/3600, validation error 1.468333 %
epoch 124, minibatch 3600/3600, validation error 1.463333 %
     epoch 124, minibatch 3600/3600, test error of best model 1.340000 %
epoch 125, minibatch 3600/3600, validation error 1.458333 %
     epoch 125, minibatch 3600/3600, test error of best model 1.340000 %
epoch 126, minibatch 3600/3600, validation error 1.455000 %
     epoch 126, minibatch 3600/3600, test error of best model 1.330000 %
epoch 127, minibatch 3600/3600, validation error 1.450000 %
     epoch 127, minibatch 3600/3600, test error of best model 1.330000 %
epoch 128, minibatch 3600/3600, validation error 1.445000 %
     epoch 128, minibatch 3600/3600, test error of best model 1.320000 %
epoch 129, minibatch 3600/3600, validation error 1.441667 %
     epoch 129, minibatch 3600/3600, test error of best model 1.310000 %
epoch 130, minibatch 3600/3600, validation error 1.440000 %
     epoch 130, minibatch 3600/3600, test error of best model 1.320000 %
epoch 131, minibatch 3600/3600, validation error 1.426667 %
     epoch 131, minibatch 3600/3600, test error of best model 1.320000 %
epoch 132, minibatch 3600/3600, validation error 1.420000 %
     epoch 132, minibatch 3600/3600, test error of best model 1.320000 %
epoch 133, minibatch 3600/3600, validation error 1.410000 %
     epoch 133, minibatch 3600/3600, test error of best model 1.310000 %
epoch 134, minibatch 3600/3600, validation error 1.405000 %
     epoch 134, minibatch 3600/3600, test error of best model 1.330000 %
epoch 135, minibatch 3600/3600, validation error 1.398333 %
     epoch 135, minibatch 3600/3600, test error of best model 1.330000 %
epoch 136, minibatch 3600/3600, validation error 1.388333 %
     epoch 136, minibatch 3600/3600, test error of best model 1.320000 %
epoch 137, minibatch 3600/3600, validation error 1.380000 %
     epoch 137, minibatch 3600/3600, test error of best model 1.330000 %
epoch 138, minibatch 3600/3600, validation error 1.376667 %
     epoch 138, minibatch 3600/3600, test error of best model 1.330000 %
epoch 139, minibatch 3600/3600, validation error 1.368333 %
     epoch 139, minibatch 3600/3600, test error of best model 1.330000 %
epoch 140, minibatch 3600/3600, validation error 1.358333 %
     epoch 140, minibatch 3600/3600, test error of best model 1.340000 %
epoch 141, minibatch 3600/3600, validation error 1.350000 %
     epoch 141, minibatch 3600/3600, test error of best model 1.330000 %
epoch 142, minibatch 3600/3600, validation error 1.353333 %
epoch 143, minibatch 3600/3600, validation error 1.353333 %
epoch 144, minibatch 3600/3600, validation error 1.355000 %
epoch 145, minibatch 3600/3600, validation error 1.346667 %
     epoch 145, minibatch 3600/3600, test error of best model 1.360000 %
epoch 146, minibatch 3600/3600, validation error 1.343333 %
     epoch 146, minibatch 3600/3600, test error of best model 1.350000 %
epoch 147, minibatch 3600/3600, validation error 1.338333 %
     epoch 147, minibatch 3600/3600, test error of best model 1.350000 %
epoch 148, minibatch 3600/3600, validation error 1.336667 %
     epoch 148, minibatch 3600/3600, test error of best model 1.340000 %
epoch 149, minibatch 3600/3600, validation error 1.330000 %
     epoch 149, minibatch 3600/3600, test error of best model 1.340000 %
epoch 150, minibatch 3600/3600, validation error 1.318333 %
     epoch 150, minibatch 3600/3600, test error of best model 1.350000 %
epoch 151, minibatch 3600/3600, validation error 1.320000 %
epoch 152, minibatch 3600/3600, validation error 1.315000 %
     epoch 152, minibatch 3600/3600, test error of best model 1.340000 %
epoch 153, minibatch 3600/3600, validation error 1.305000 %
     epoch 153, minibatch 3600/3600, test error of best model 1.350000 %
epoch 154, minibatch 3600/3600, validation error 1.301667 %
     epoch 154, minibatch 3600/3600, test error of best model 1.370000 %
epoch 155, minibatch 3600/3600, validation error 1.296667 %
     epoch 155, minibatch 3600/3600, test error of best model 1.360000 %
epoch 156, minibatch 3600/3600, validation error 1.295000 %
     epoch 156, minibatch 3600/3600, test error of best model 1.350000 %
epoch 157, minibatch 3600/3600, validation error 1.293333 %
     epoch 157, minibatch 3600/3600, test error of best model 1.340000 %
epoch 158, minibatch 3600/3600, validation error 1.295000 %
epoch 159, minibatch 3600/3600, validation error 1.295000 %
epoch 160, minibatch 3600/3600, validation error 1.293333 %
epoch 161, minibatch 3600/3600, validation error 1.293333 %
epoch 162, minibatch 3600/3600, validation error 1.283333 %
     epoch 162, minibatch 3600/3600, test error of best model 1.330000 %
epoch 163, minibatch 3600/3600, validation error 1.285000 %
epoch 164, minibatch 3600/3600, validation error 1.278333 %
     epoch 164, minibatch 3600/3600, test error of best model 1.300000 %
epoch 165, minibatch 3600/3600, validation error 1.276667 %
     epoch 165, minibatch 3600/3600, test error of best model 1.300000 %
epoch 166, minibatch 3600/3600, validation error 1.265000 %
     epoch 166, minibatch 3600/3600, test error of best model 1.290000 %
epoch 167, minibatch 3600/3600, validation error 1.258333 %
     epoch 167, minibatch 3600/3600, test error of best model 1.290000 %
epoch 168, minibatch 3600/3600, validation error 1.263333 %
epoch 169, minibatch 3600/3600, validation error 1.263333 %
epoch 170, minibatch 3600/3600, validation error 1.260000 %
epoch 171, minibatch 3600/3600, validation error 1.261667 %
epoch 172, minibatch 3600/3600, validation error 1.256667 %
     epoch 172, minibatch 3600/3600, test error of best model 1.260000 %
epoch 173, minibatch 3600/3600, validation error 1.251667 %
     epoch 173, minibatch 3600/3600, test error of best model 1.250000 %
epoch 174, minibatch 3600/3600, validation error 1.251667 %
     epoch 174, minibatch 3600/3600, test error of best model 1.250000 %
epoch 175, minibatch 3600/3600, validation error 1.251667 %
epoch 176, minibatch 3600/3600, validation error 1.250000 %
     epoch 176, minibatch 3600/3600, test error of best model 1.250000 %
epoch 177, minibatch 3600/3600, validation error 1.251667 %
epoch 178, minibatch 3600/3600, validation error 1.250000 %
epoch 179, minibatch 3600/3600, validation error 1.246667 %
     epoch 179, minibatch 3600/3600, test error of best model 1.260000 %
epoch 180, minibatch 3600/3600, validation error 1.246667 %
epoch 181, minibatch 3600/3600, validation error 1.241667 %
     epoch 181, minibatch 3600/3600, test error of best model 1.250000 %
epoch 182, minibatch 3600/3600, validation error 1.238333 %
     epoch 182, minibatch 3600/3600, test error of best model 1.240000 %
epoch 183, minibatch 3600/3600, validation error 1.235000 %
     epoch 183, minibatch 3600/3600, test error of best model 1.240000 %
epoch 184, minibatch 3600/3600, validation error 1.235000 %
epoch 185, minibatch 3600/3600, validation error 1.235000 %
epoch 186, minibatch 3600/3600, validation error 1.233333 %
     epoch 186, minibatch 3600/3600, test error of best model 1.250000 %
epoch 187, minibatch 3600/3600, validation error 1.236667 %
epoch 188, minibatch 3600/3600, validation error 1.230000 %
     epoch 188, minibatch 3600/3600, test error of best model 1.250000 %
epoch 189, minibatch 3600/3600, validation error 1.225000 %
     epoch 189, minibatch 3600/3600, test error of best model 1.240000 %
epoch 190, minibatch 3600/3600, validation error 1.223333 %
     epoch 190, minibatch 3600/3600, test error of best model 1.240000 %
epoch 191, minibatch 3600/3600, validation error 1.221667 %
     epoch 191, minibatch 3600/3600, test error of best model 1.220000 %
epoch 192, minibatch 3600/3600, validation error 1.220000 %
     epoch 192, minibatch 3600/3600, test error of best model 1.210000 %
epoch 193, minibatch 3600/3600, validation error 1.213333 %
     epoch 193, minibatch 3600/3600, test error of best model 1.210000 %
epoch 194, minibatch 3600/3600, validation error 1.208333 %
     epoch 194, minibatch 3600/3600, test error of best model 1.190000 %
epoch 195, minibatch 3600/3600, validation error 1.206667 %
     epoch 195, minibatch 3600/3600, test error of best model 1.190000 %
epoch 196, minibatch 3600/3600, validation error 1.203333 %
     epoch 196, minibatch 3600/3600, test error of best model 1.180000 %
epoch 197, minibatch 3600/3600, validation error 1.201667 %
     epoch 197, minibatch 3600/3600, test error of best model 1.180000 %
epoch 198, minibatch 3600/3600, validation error 1.198333 %
     epoch 198, minibatch 3600/3600, test error of best model 1.180000 %
epoch 199, minibatch 3600/3600, validation error 1.195000 %
     epoch 199, minibatch 3600/3600, test error of best model 1.180000 %
epoch 200, minibatch 3600/3600, validation error 1.193333 %
     epoch 200, minibatch 3600/3600, test error of best model 1.180000 %
epoch 201, minibatch 3600/3600, validation error 1.191667 %
     epoch 201, minibatch 3600/3600, test error of best model 1.180000 %
epoch 202, minibatch 3600/3600, validation error 1.190000 %
     epoch 202, minibatch 3600/3600, test error of best model 1.180000 %
epoch 203, minibatch 3600/3600, validation error 1.191667 %
epoch 204, minibatch 3600/3600, validation error 1.188333 %
     epoch 204, minibatch 3600/3600, test error of best model 1.190000 %
epoch 205, minibatch 3600/3600, validation error 1.190000 %
epoch 206, minibatch 3600/3600, validation error 1.191667 %
epoch 207, minibatch 3600/3600, validation error 1.193333 %
epoch 208, minibatch 3600/3600, validation error 1.188333 %
epoch 209, minibatch 3600/3600, validation error 1.186667 %
     epoch 209, minibatch 3600/3600, test error of best model 1.180000 %
epoch 210, minibatch 3600/3600, validation error 1.191667 %
epoch 211, minibatch 3600/3600, validation error 1.185000 %
     epoch 211, minibatch 3600/3600, test error of best model 1.180000 %
epoch 212, minibatch 3600/3600, validation error 1.186667 %
epoch 213, minibatch 3600/3600, validation error 1.185000 %
epoch 214, minibatch 3600/3600, validation error 1.185000 %
epoch 215, minibatch 3600/3600, validation error 1.181667 %
     epoch 215, minibatch 3600/3600, test error of best model 1.170000 %
epoch 216, minibatch 3600/3600, validation error 1.171667 %
     epoch 216, minibatch 3600/3600, test error of best model 1.170000 %
epoch 217, minibatch 3600/3600, validation error 1.176667 %
epoch 218, minibatch 3600/3600, validation error 1.180000 %
epoch 219, minibatch 3600/3600, validation error 1.180000 %
epoch 220, minibatch 3600/3600, validation error 1.178333 %
epoch 221, minibatch 3600/3600, validation error 1.180000 %
epoch 222, minibatch 3600/3600, validation error 1.176667 %
epoch 223, minibatch 3600/3600, validation error 1.176667 %
epoch 224, minibatch 3600/3600, validation error 1.180000 %
epoch 225, minibatch 3600/3600, validation error 1.180000 %
epoch 226, minibatch 3600/3600, validation error 1.178333 %
epoch 227, minibatch 3600/3600, validation error 1.178333 %
epoch 228, minibatch 3600/3600, validation error 1.178333 %
epoch 229, minibatch 3600/3600, validation error 1.176667 %
epoch 230, minibatch 3600/3600, validation error 1.176667 %
epoch 231, minibatch 3600/3600, validation error 1.175000 %
epoch 232, minibatch 3600/3600, validation error 1.170000 %
     epoch 232, minibatch 3600/3600, test error of best model 1.130000 %
epoch 233, minibatch 3600/3600, validation error 1.171667 %
epoch 234, minibatch 3600/3600, validation error 1.176667 %
epoch 235, minibatch 3600/3600, validation error 1.180000 %
epoch 236, minibatch 3600/3600, validation error 1.176667 %
epoch 237, minibatch 3600/3600, validation error 1.175000 %
epoch 238, minibatch 3600/3600, validation error 1.178333 %
epoch 239, minibatch 3600/3600, validation error 1.176667 %
epoch 240, minibatch 3600/3600, validation error 1.176667 %
epoch 241, minibatch 3600/3600, validation error 1.175000 %
epoch 242, minibatch 3600/3600, validation error 1.178333 %
epoch 243, minibatch 3600/3600, validation error 1.176667 %
epoch 244, minibatch 3600/3600, validation error 1.178333 %
epoch 245, minibatch 3600/3600, validation error 1.176667 %
epoch 246, minibatch 3600/3600, validation error 1.178333 %
epoch 247, minibatch 3600/3600, validation error 1.178333 %
epoch 248, minibatch 3600/3600, validation error 1.178333 %
epoch 249, minibatch 3600/3600, validation error 1.178333 %
epoch 250, minibatch 3600/3600, validation error 1.176667 %
epoch 251, minibatch 3600/3600, validation error 1.176667 %
epoch 252, minibatch 3600/3600, validation error 1.180000 %
epoch 253, minibatch 3600/3600, validation error 1.181667 %
epoch 254, minibatch 3600/3600, validation error 1.185000 %
epoch 255, minibatch 3600/3600, validation error 1.183333 %
epoch 256, minibatch 3600/3600, validation error 1.181667 %
epoch 257, minibatch 3600/3600, validation error 1.180000 %
epoch 258, minibatch 3600/3600, validation error 1.175000 %
epoch 259, minibatch 3600/3600, validation error 1.180000 %
epoch 260, minibatch 3600/3600, validation error 1.178333 %
epoch 261, minibatch 3600/3600, validation error 1.180000 %
epoch 262, minibatch 3600/3600, validation error 1.175000 %
epoch 263, minibatch 3600/3600, validation error 1.176667 %
epoch 264, minibatch 3600/3600, validation error 1.183333 %
epoch 265, minibatch 3600/3600, validation error 1.185000 %
epoch 266, minibatch 3600/3600, validation error 1.186667 %
epoch 267, minibatch 3600/3600, validation error 1.188333 %
epoch 268, minibatch 3600/3600, validation error 1.190000 %
epoch 269, minibatch 3600/3600, validation error 1.191667 %
epoch 270, minibatch 3600/3600, validation error 1.188333 %
epoch 271, minibatch 3600/3600, validation error 1.190000 %
epoch 272, minibatch 3600/3600, validation error 1.190000 %
epoch 273, minibatch 3600/3600, validation error 1.193333 %
epoch 274, minibatch 3600/3600, validation error 1.193333 %
epoch 275, minibatch 3600/3600, validation error 1.196667 %
epoch 276, minibatch 3600/3600, validation error 1.195000 %
epoch 277, minibatch 3600/3600, validation error 1.193333 %
epoch 278, minibatch 3600/3600, validation error 1.193333 %
epoch 279, minibatch 3600/3600, validation error 1.195000 %
epoch 280, minibatch 3600/3600, validation error 1.195000 %
epoch 281, minibatch 3600/3600, validation error 1.195000 %
epoch 282, minibatch 3600/3600, validation error 1.198333 %
epoch 283, minibatch 3600/3600, validation error 1.195000 %
epoch 284, minibatch 3600/3600, validation error 1.196667 %
epoch 285, minibatch 3600/3600, validation error 1.200000 %
epoch 286, minibatch 3600/3600, validation error 1.203333 %
epoch 287, minibatch 3600/3600, validation error 1.203333 %
epoch 288, minibatch 3600/3600, validation error 1.201667 %
epoch 289, minibatch 3600/3600, validation error 1.200000 %
epoch 290, minibatch 3600/3600, validation error 1.201667 %
epoch 291, minibatch 3600/3600, validation error 1.203333 %
epoch 292, minibatch 3600/3600, validation error 1.205000 %
epoch 293, minibatch 3600/3600, validation error 1.205000 %
epoch 294, minibatch 3600/3600, validation error 1.203333 %
epoch 295, minibatch 3600/3600, validation error 1.205000 %
epoch 296, minibatch 3600/3600, validation error 1.206667 %
epoch 297, minibatch 3600/3600, validation error 1.206667 %
epoch 298, minibatch 3600/3600, validation error 1.210000 %
epoch 299, minibatch 3600/3600, validation error 1.208333 %
epoch 300, minibatch 3600/3600, validation error 1.203333 %
epoch 301, minibatch 3600/3600, validation error 1.203333 %
epoch 302, minibatch 3600/3600, validation error 1.208333 %
epoch 303, minibatch 3600/3600, validation error 1.208333 %
epoch 304, minibatch 3600/3600, validation error 1.208333 %
epoch 305, minibatch 3600/3600, validation error 1.206667 %
epoch 306, minibatch 3600/3600, validation error 1.206667 %
epoch 307, minibatch 3600/3600, validation error 1.210000 %
epoch 308, minibatch 3600/3600, validation error 1.211667 %
epoch 309, minibatch 3600/3600, validation error 1.215000 %
epoch 310, minibatch 3600/3600, validation error 1.213333 %
epoch 311, minibatch 3600/3600, validation error 1.211667 %
epoch 312, minibatch 3600/3600, validation error 1.210000 %
epoch 313, minibatch 3600/3600, validation error 1.210000 %
epoch 314, minibatch 3600/3600, validation error 1.211667 %
epoch 315, minibatch 3600/3600, validation error 1.211667 %
epoch 316, minibatch 3600/3600, validation error 1.211667 %
epoch 317, minibatch 3600/3600, validation error 1.213333 %
epoch 318, minibatch 3600/3600, validation error 1.216667 %
epoch 319, minibatch 3600/3600, validation error 1.215000 %
epoch 320, minibatch 3600/3600, validation error 1.213333 %
epoch 321, minibatch 3600/3600, validation error 1.213333 %
epoch 322, minibatch 3600/3600, validation error 1.211667 %
epoch 323, minibatch 3600/3600, validation error 1.211667 %
epoch 324, minibatch 3600/3600, validation error 1.208333 %
epoch 325, minibatch 3600/3600, validation error 1.206667 %
epoch 326, minibatch 3600/3600, validation error 1.210000 %
epoch 327, minibatch 3600/3600, validation error 1.215000 %
epoch 328, minibatch 3600/3600, validation error 1.215000 %
epoch 329, minibatch 3600/3600, validation error 1.215000 %
epoch 330, minibatch 3600/3600, validation error 1.215000 %
epoch 331, minibatch 3600/3600, validation error 1.213333 %
epoch 332, minibatch 3600/3600, validation error 1.208333 %
epoch 333, minibatch 3600/3600, validation error 1.210000 %
epoch 334, minibatch 3600/3600, validation error 1.208333 %
epoch 335, minibatch 3600/3600, validation error 1.208333 %
epoch 336, minibatch 3600/3600, validation error 1.211667 %
epoch 337, minibatch 3600/3600, validation error 1.210000 %
epoch 338, minibatch 3600/3600, validation error 1.208333 %
epoch 339, minibatch 3600/3600, validation error 1.206667 %
epoch 340, minibatch 3600/3600, validation error 1.205000 %
epoch 341, minibatch 3600/3600, validation error 1.205000 %
epoch 342, minibatch 3600/3600, validation error 1.206667 %
epoch 343, minibatch 3600/3600, validation error 1.206667 %
epoch 344, minibatch 3600/3600, validation error 1.208333 %
epoch 345, minibatch 3600/3600, validation error 1.208333 %
epoch 346, minibatch 3600/3600, validation error 1.205000 %
epoch 347, minibatch 3600/3600, validation error 1.205000 %
epoch 348, minibatch 3600/3600, validation error 1.208333 %
epoch 349, minibatch 3600/3600, validation error 1.208333 %
epoch 350, minibatch 3600/3600, validation error 1.208333 %
epoch 351, minibatch 3600/3600, validation error 1.208333 %
epoch 352, minibatch 3600/3600, validation error 1.210000 %
epoch 353, minibatch 3600/3600, validation error 1.208333 %
epoch 354, minibatch 3600/3600, validation error 1.206667 %
epoch 355, minibatch 3600/3600, validation error 1.206667 %
epoch 356, minibatch 3600/3600, validation error 1.206667 %
epoch 357, minibatch 3600/3600, validation error 1.206667 %
epoch 358, minibatch 3600/3600, validation error 1.206667 %
epoch 359, minibatch 3600/3600, validation error 1.206667 %
epoch 360, minibatch 3600/3600, validation error 1.206667 %
epoch 361, minibatch 3600/3600, validation error 1.203333 %
epoch 362, minibatch 3600/3600, validation error 1.200000 %
epoch 363, minibatch 3600/3600, validation error 1.198333 %
epoch 364, minibatch 3600/3600, validation error 1.198333 %
epoch 365, minibatch 3600/3600, validation error 1.198333 %
epoch 366, minibatch 3600/3600, validation error 1.196667 %
epoch 367, minibatch 3600/3600, validation error 1.195000 %
epoch 368, minibatch 3600/3600, validation error 1.191667 %
epoch 369, minibatch 3600/3600, validation error 1.193333 %
epoch 370, minibatch 3600/3600, validation error 1.193333 %
epoch 371, minibatch 3600/3600, validation error 1.188333 %
epoch 372, minibatch 3600/3600, validation error 1.191667 %
epoch 373, minibatch 3600/3600, validation error 1.193333 %
epoch 374, minibatch 3600/3600, validation error 1.193333 %
epoch 375, minibatch 3600/3600, validation error 1.191667 %
epoch 376, minibatch 3600/3600, validation error 1.190000 %
epoch 377, minibatch 3600/3600, validation error 1.191667 %
epoch 378, minibatch 3600/3600, validation error 1.190000 %
epoch 379, minibatch 3600/3600, validation error 1.186667 %
epoch 380, minibatch 3600/3600, validation error 1.186667 %
epoch 381, minibatch 3600/3600, validation error 1.185000 %
epoch 382, minibatch 3600/3600, validation error 1.185000 %
epoch 383, minibatch 3600/3600, validation error 1.185000 %
epoch 384, minibatch 3600/3600, validation error 1.186667 %
epoch 385, minibatch 3600/3600, validation error 1.186667 %
epoch 386, minibatch 3600/3600, validation error 1.186667 %
epoch 387, minibatch 3600/3600, validation error 1.185000 %
epoch 388, minibatch 3600/3600, validation error 1.188333 %
epoch 389, minibatch 3600/3600, validation error 1.185000 %
epoch 390, minibatch 3600/3600, validation error 1.183333 %
epoch 391, minibatch 3600/3600, validation error 1.185000 %
epoch 392, minibatch 3600/3600, validation error 1.183333 %
epoch 393, minibatch 3600/3600, validation error 1.185000 %
epoch 394, minibatch 3600/3600, validation error 1.181667 %
epoch 395, minibatch 3600/3600, validation error 1.180000 %
epoch 396, minibatch 3600/3600, validation error 1.180000 %
epoch 397, minibatch 3600/3600, validation error 1.180000 %
epoch 398, minibatch 3600/3600, validation error 1.176667 %
epoch 399, minibatch 3600/3600, validation error 1.176667 %
epoch 400, minibatch 3600/3600, validation error 1.176667 %
epoch 401, minibatch 3600/3600, validation error 1.180000 %
epoch 402, minibatch 3600/3600, validation error 1.183333 %
epoch 403, minibatch 3600/3600, validation error 1.181667 %
epoch 404, minibatch 3600/3600, validation error 1.185000 %
epoch 405, minibatch 3600/3600, validation error 1.186667 %
epoch 406, minibatch 3600/3600, validation error 1.185000 %
epoch 407, minibatch 3600/3600, validation error 1.185000 %
epoch 408, minibatch 3600/3600, validation error 1.181667 %
epoch 409, minibatch 3600/3600, validation error 1.181667 %
epoch 410, minibatch 3600/3600, validation error 1.180000 %
epoch 411, minibatch 3600/3600, validation error 1.180000 %
epoch 412, minibatch 3600/3600, validation error 1.183333 %
epoch 413, minibatch 3600/3600, validation error 1.183333 %
epoch 414, minibatch 3600/3600, validation error 1.185000 %
epoch 415, minibatch 3600/3600, validation error 1.181667 %
epoch 416, minibatch 3600/3600, validation error 1.181667 %
epoch 417, minibatch 3600/3600, validation error 1.173333 %
epoch 418, minibatch 3600/3600, validation error 1.175000 %
epoch 419, minibatch 3600/3600, validation error 1.175000 %
epoch 420, minibatch 3600/3600, validation error 1.173333 %
epoch 421, minibatch 3600/3600, validation error 1.171667 %
epoch 422, minibatch 3600/3600, validation error 1.170000 %
     epoch 422, minibatch 3600/3600, test error of best model 1.150000 %
epoch 423, minibatch 3600/3600, validation error 1.171667 %
epoch 424, minibatch 3600/3600, validation error 1.170000 %
epoch 425, minibatch 3600/3600, validation error 1.171667 %
epoch 426, minibatch 3600/3600, validation error 1.171667 %
epoch 427, minibatch 3600/3600, validation error 1.168333 %
     epoch 427, minibatch 3600/3600, test error of best model 1.170000 %
epoch 428, minibatch 3600/3600, validation error 1.171667 %
epoch 429, minibatch 3600/3600, validation error 1.168333 %
epoch 430, minibatch 3600/3600, validation error 1.170000 %
epoch 431, minibatch 3600/3600, validation error 1.170000 %
epoch 432, minibatch 3600/3600, validation error 1.171667 %
epoch 433, minibatch 3600/3600, validation error 1.170000 %
epoch 434, minibatch 3600/3600, validation error 1.171667 %
epoch 435, minibatch 3600/3600, validation error 1.170000 %
epoch 436, minibatch 3600/3600, validation error 1.166667 %
     epoch 436, minibatch 3600/3600, test error of best model 1.170000 %
epoch 437, minibatch 3600/3600, validation error 1.166667 %
epoch 438, minibatch 3600/3600, validation error 1.168333 %
epoch 439, minibatch 3600/3600, validation error 1.171667 %
epoch 440, minibatch 3600/3600, validation error 1.171667 %
epoch 441, minibatch 3600/3600, validation error 1.166667 %
epoch 442, minibatch 3600/3600, validation error 1.166667 %
     epoch 442, minibatch 3600/3600, test error of best model 1.150000 %
epoch 443, minibatch 3600/3600, validation error 1.166667 %
epoch 444, minibatch 3600/3600, validation error 1.166667 %
epoch 445, minibatch 3600/3600, validation error 1.166667 %
epoch 446, minibatch 3600/3600, validation error 1.163333 %
     epoch 446, minibatch 3600/3600, test error of best model 1.140000 %
epoch 447, minibatch 3600/3600, validation error 1.163333 %
epoch 448, minibatch 3600/3600, validation error 1.161667 %
     epoch 448, minibatch 3600/3600, test error of best model 1.140000 %
epoch 449, minibatch 3600/3600, validation error 1.163333 %
epoch 450, minibatch 3600/3600, validation error 1.163333 %
epoch 451, minibatch 3600/3600, validation error 1.160000 %
     epoch 451, minibatch 3600/3600, test error of best model 1.140000 %
epoch 452, minibatch 3600/3600, validation error 1.160000 %
epoch 453, minibatch 3600/3600, validation error 1.163333 %
epoch 454, minibatch 3600/3600, validation error 1.163333 %
epoch 455, minibatch 3600/3600, validation error 1.163333 %
epoch 456, minibatch 3600/3600, validation error 1.165000 %
epoch 457, minibatch 3600/3600, validation error 1.163333 %
epoch 458, minibatch 3600/3600, validation error 1.163333 %
epoch 459, minibatch 3600/3600, validation error 1.163333 %
epoch 460, minibatch 3600/3600, validation error 1.163333 %
epoch 461, minibatch 3600/3600, validation error 1.161667 %
epoch 462, minibatch 3600/3600, validation error 1.161667 %
epoch 463, minibatch 3600/3600, validation error 1.161667 %
epoch 464, minibatch 3600/3600, validation error 1.161667 %
epoch 465, minibatch 3600/3600, validation error 1.161667 %
epoch 466, minibatch 3600/3600, validation error 1.160000 %
epoch 467, minibatch 3600/3600, validation error 1.158333 %
     epoch 467, minibatch 3600/3600, test error of best model 1.140000 %
epoch 468, minibatch 3600/3600, validation error 1.158333 %
epoch 469, minibatch 3600/3600, validation error 1.156667 %
     epoch 469, minibatch 3600/3600, test error of best model 1.140000 %
epoch 470, minibatch 3600/3600, validation error 1.156667 %
epoch 471, minibatch 3600/3600, validation error 1.153333 %
     epoch 471, minibatch 3600/3600, test error of best model 1.140000 %
epoch 472, minibatch 3600/3600, validation error 1.153333 %
epoch 473, minibatch 3600/3600, validation error 1.153333 %
epoch 474, minibatch 3600/3600, validation error 1.151667 %
     epoch 474, minibatch 3600/3600, test error of best model 1.140000 %
epoch 475, minibatch 3600/3600, validation error 1.153333 %
epoch 476, minibatch 3600/3600, validation error 1.153333 %
epoch 477, minibatch 3600/3600, validation error 1.155000 %
epoch 478, minibatch 3600/3600, validation error 1.156667 %
epoch 479, minibatch 3600/3600, validation error 1.158333 %
epoch 480, minibatch 3600/3600, validation error 1.158333 %
epoch 481, minibatch 3600/3600, validation error 1.158333 %
epoch 482, minibatch 3600/3600, validation error 1.158333 %
epoch 483, minibatch 3600/3600, validation error 1.158333 %
epoch 484, minibatch 3600/3600, validation error 1.161667 %
epoch 485, minibatch 3600/3600, validation error 1.163333 %
epoch 486, minibatch 3600/3600, validation error 1.161667 %
epoch 487, minibatch 3600/3600, validation error 1.160000 %
epoch 488, minibatch 3600/3600, validation error 1.160000 %
epoch 489, minibatch 3600/3600, validation error 1.160000 %
epoch 490, minibatch 3600/3600, validation error 1.163333 %
epoch 491, minibatch 3600/3600, validation error 1.161667 %
epoch 492, minibatch 3600/3600, validation error 1.161667 %
epoch 493, minibatch 3600/3600, validation error 1.161667 %
epoch 494, minibatch 3600/3600, validation error 1.160000 %
epoch 495, minibatch 3600/3600, validation error 1.165000 %
epoch 496, minibatch 3600/3600, validation error 1.163333 %
epoch 497, minibatch 3600/3600, validation error 1.165000 %
epoch 498, minibatch 3600/3600, validation error 1.166667 %
epoch 499, minibatch 3600/3600, validation error 1.168333 %
epoch 500, minibatch 3600/3600, validation error 1.166667 %
epoch 501, minibatch 3600/3600, validation error 1.165000 %
epoch 502, minibatch 3600/3600, validation error 1.163333 %
epoch 503, minibatch 3600/3600, validation error 1.161667 %
epoch 504, minibatch 3600/3600, validation error 1.163333 %
epoch 505, minibatch 3600/3600, validation error 1.161667 %
epoch 506, minibatch 3600/3600, validation error 1.165000 %
epoch 507, minibatch 3600/3600, validation error 1.165000 %
epoch 508, minibatch 3600/3600, validation error 1.165000 %
epoch 509, minibatch 3600/3600, validation error 1.165000 %
epoch 510, minibatch 3600/3600, validation error 1.165000 %
epoch 511, minibatch 3600/3600, validation error 1.165000 %
epoch 512, minibatch 3600/3600, validation error 1.163333 %
epoch 513, minibatch 3600/3600, validation error 1.166667 %
epoch 514, minibatch 3600/3600, validation error 1.168333 %
epoch 515, minibatch 3600/3600, validation error 1.166667 %
epoch 516, minibatch 3600/3600, validation error 1.166667 %
epoch 517, minibatch 3600/3600, validation error 1.165000 %
epoch 518, minibatch 3600/3600, validation error 1.165000 %
epoch 519, minibatch 3600/3600, validation error 1.163333 %
epoch 520, minibatch 3600/3600, validation error 1.165000 %
epoch 521, minibatch 3600/3600, validation error 1.165000 %
epoch 522, minibatch 3600/3600, validation error 1.165000 %
epoch 523, minibatch 3600/3600, validation error 1.163333 %
epoch 524, minibatch 3600/3600, validation error 1.163333 %
epoch 525, minibatch 3600/3600, validation error 1.163333 %
epoch 526, minibatch 3600/3600, validation error 1.165000 %
epoch 527, minibatch 3600/3600, validation error 1.165000 %
epoch 528, minibatch 3600/3600, validation error 1.165000 %
epoch 529, minibatch 3600/3600, validation error 1.166667 %
epoch 530, minibatch 3600/3600, validation error 1.168333 %
epoch 531, minibatch 3600/3600, validation error 1.166667 %
epoch 532, minibatch 3600/3600, validation error 1.166667 %
epoch 533, minibatch 3600/3600, validation error 1.166667 %
epoch 534, minibatch 3600/3600, validation error 1.166667 %
epoch 535, minibatch 3600/3600, validation error 1.168333 %
epoch 536, minibatch 3600/3600, validation error 1.168333 %
epoch 537, minibatch 3600/3600, validation error 1.170000 %
epoch 538, minibatch 3600/3600, validation error 1.168333 %
epoch 539, minibatch 3600/3600, validation error 1.170000 %
epoch 540, minibatch 3600/3600, validation error 1.170000 %
epoch 541, minibatch 3600/3600, validation error 1.170000 %
epoch 542, minibatch 3600/3600, validation error 1.170000 %
epoch 543, minibatch 3600/3600, validation error 1.170000 %
epoch 544, minibatch 3600/3600, validation error 1.171667 %
epoch 545, minibatch 3600/3600, validation error 1.171667 %
epoch 546, minibatch 3600/3600, validation error 1.173333 %
epoch 547, minibatch 3600/3600, validation error 1.173333 %
epoch 548, minibatch 3600/3600, validation error 1.173333 %
epoch 549, minibatch 3600/3600, validation error 1.171667 %
epoch 550, minibatch 3600/3600, validation error 1.170000 %
epoch 551, minibatch 3600/3600, validation error 1.170000 %
epoch 552, minibatch 3600/3600, validation error 1.170000 %
epoch 553, minibatch 3600/3600, validation error 1.168333 %
epoch 554, minibatch 3600/3600, validation error 1.168333 %
epoch 555, minibatch 3600/3600, validation error 1.170000 %
epoch 556, minibatch 3600/3600, validation error 1.168333 %
epoch 557, minibatch 3600/3600, validation error 1.166667 %
epoch 558, minibatch 3600/3600, validation error 1.165000 %
epoch 559, minibatch 3600/3600, validation error 1.165000 %
epoch 560, minibatch 3600/3600, validation error 1.165000 %
epoch 561, minibatch 3600/3600, validation error 1.166667 %
epoch 562, minibatch 3600/3600, validation error 1.166667 %
epoch 563, minibatch 3600/3600, validation error 1.166667 %
epoch 564, minibatch 3600/3600, validation error 1.168333 %
epoch 565, minibatch 3600/3600, validation error 1.166667 %
epoch 566, minibatch 3600/3600, validation error 1.165000 %
epoch 567, minibatch 3600/3600, validation error 1.165000 %
epoch 568, minibatch 3600/3600, validation error 1.163333 %
epoch 569, minibatch 3600/3600, validation error 1.163333 %
epoch 570, minibatch 3600/3600, validation error 1.163333 %
epoch 571, minibatch 3600/3600, validation error 1.163333 %
epoch 572, minibatch 3600/3600, validation error 1.161667 %
epoch 573, minibatch 3600/3600, validation error 1.160000 %
epoch 574, minibatch 3600/3600, validation error 1.160000 %
epoch 575, minibatch 3600/3600, validation error 1.158333 %
epoch 576, minibatch 3600/3600, validation error 1.156667 %
epoch 577, minibatch 3600/3600, validation error 1.156667 %
epoch 578, minibatch 3600/3600, validation error 1.156667 %
epoch 579, minibatch 3600/3600, validation error 1.156667 %
epoch 580, minibatch 3600/3600, validation error 1.158333 %
epoch 581, minibatch 3600/3600, validation error 1.160000 %
epoch 582, minibatch 3600/3600, validation error 1.160000 %
epoch 583, minibatch 3600/3600, validation error 1.160000 %
epoch 584, minibatch 3600/3600, validation error 1.160000 %
epoch 585, minibatch 3600/3600, validation error 1.158333 %
epoch 586, minibatch 3600/3600, validation error 1.156667 %
epoch 587, minibatch 3600/3600, validation error 1.158333 %
epoch 588, minibatch 3600/3600, validation error 1.158333 %
epoch 589, minibatch 3600/3600, validation error 1.158333 %
epoch 590, minibatch 3600/3600, validation error 1.158333 %
epoch 591, minibatch 3600/3600, validation error 1.158333 %
epoch 592, minibatch 3600/3600, validation error 1.158333 %
epoch 593, minibatch 3600/3600, validation error 1.160000 %
epoch 594, minibatch 3600/3600, validation error 1.158333 %
epoch 595, minibatch 3600/3600, validation error 1.158333 %
epoch 596, minibatch 3600/3600, validation error 1.158333 %
epoch 597, minibatch 3600/3600, validation error 1.158333 %
epoch 598, minibatch 3600/3600, validation error 1.158333 %
epoch 599, minibatch 3600/3600, validation error 1.158333 %
epoch 600, minibatch 3600/3600, validation error 1.156667 %
epoch 601, minibatch 3600/3600, validation error 1.156667 %
epoch 602, minibatch 3600/3600, validation error 1.155000 %
epoch 603, minibatch 3600/3600, validation error 1.158333 %
epoch 604, minibatch 3600/3600, validation error 1.158333 %
epoch 605, minibatch 3600/3600, validation error 1.156667 %
epoch 606, minibatch 3600/3600, validation error 1.156667 %
epoch 607, minibatch 3600/3600, validation error 1.155000 %
epoch 608, minibatch 3600/3600, validation error 1.155000 %
epoch 609, minibatch 3600/3600, validation error 1.155000 %
epoch 610, minibatch 3600/3600, validation error 1.155000 %
epoch 611, minibatch 3600/3600, validation error 1.156667 %
epoch 612, minibatch 3600/3600, validation error 1.156667 %
epoch 613, minibatch 3600/3600, validation error 1.156667 %
epoch 614, minibatch 3600/3600, validation error 1.156667 %
epoch 615, minibatch 3600/3600, validation error 1.156667 %
epoch 616, minibatch 3600/3600, validation error 1.156667 %
epoch 617, minibatch 3600/3600, validation error 1.156667 %
epoch 618, minibatch 3600/3600, validation error 1.156667 %
epoch 619, minibatch 3600/3600, validation error 1.158333 %
epoch 620, minibatch 3600/3600, validation error 1.156667 %
epoch 621, minibatch 3600/3600, validation error 1.156667 %
epoch 622, minibatch 3600/3600, validation error 1.155000 %
epoch 623, minibatch 3600/3600, validation error 1.155000 %
epoch 624, minibatch 3600/3600, validation error 1.153333 %
epoch 625, minibatch 3600/3600, validation error 1.153333 %
epoch 626, minibatch 3600/3600, validation error 1.153333 %
epoch 627, minibatch 3600/3600, validation error 1.150000 %
     epoch 627, minibatch 3600/3600, test error of best model 1.160000 %
epoch 628, minibatch 3600/3600, validation error 1.150000 %
epoch 629, minibatch 3600/3600, validation error 1.150000 %
epoch 630, minibatch 3600/3600, validation error 1.150000 %
epoch 631, minibatch 3600/3600, validation error 1.150000 %
epoch 632, minibatch 3600/3600, validation error 1.150000 %
epoch 633, minibatch 3600/3600, validation error 1.148333 %
     epoch 633, minibatch 3600/3600, test error of best model 1.150000 %
epoch 634, minibatch 3600/3600, validation error 1.146667 %
     epoch 634, minibatch 3600/3600, test error of best model 1.150000 %
epoch 635, minibatch 3600/3600, validation error 1.146667 %
epoch 636, minibatch 3600/3600, validation error 1.146667 %
epoch 637, minibatch 3600/3600, validation error 1.146667 %
epoch 638, minibatch 3600/3600, validation error 1.146667 %
epoch 639, minibatch 3600/3600, validation error 1.148333 %
epoch 640, minibatch 3600/3600, validation error 1.148333 %
epoch 641, minibatch 3600/3600, validation error 1.148333 %
epoch 642, minibatch 3600/3600, validation error 1.148333 %
epoch 643, minibatch 3600/3600, validation error 1.148333 %
epoch 644, minibatch 3600/3600, validation error 1.148333 %
epoch 645, minibatch 3600/3600, validation error 1.150000 %
epoch 646, minibatch 3600/3600, validation error 1.150000 %
epoch 647, minibatch 3600/3600, validation error 1.150000 %
epoch 648, minibatch 3600/3600, validation error 1.148333 %
epoch 649, minibatch 3600/3600, validation error 1.146667 %
epoch 650, minibatch 3600/3600, validation error 1.146667 %
epoch 651, minibatch 3600/3600, validation error 1.146667 %
epoch 652, minibatch 3600/3600, validation error 1.146667 %
epoch 653, minibatch 3600/3600, validation error 1.146667 %
epoch 654, minibatch 3600/3600, validation error 1.146667 %
epoch 655, minibatch 3600/3600, validation error 1.145000 %
     epoch 655, minibatch 3600/3600, test error of best model 1.160000 %
epoch 656, minibatch 3600/3600, validation error 1.143333 %
     epoch 656, minibatch 3600/3600, test error of best model 1.160000 %
epoch 657, minibatch 3600/3600, validation error 1.143333 %
epoch 658, minibatch 3600/3600, validation error 1.143333 %
epoch 659, minibatch 3600/3600, validation error 1.143333 %
epoch 660, minibatch 3600/3600, validation error 1.143333 %
epoch 661, minibatch 3600/3600, validation error 1.143333 %
epoch 662, minibatch 3600/3600, validation error 1.143333 %
epoch 663, minibatch 3600/3600, validation error 1.143333 %
epoch 664, minibatch 3600/3600, validation error 1.141667 %
     epoch 664, minibatch 3600/3600, test error of best model 1.150000 %
epoch 665, minibatch 3600/3600, validation error 1.141667 %
epoch 666, minibatch 3600/3600, validation error 1.141667 %
epoch 667, minibatch 3600/3600, validation error 1.141667 %
epoch 668, minibatch 3600/3600, validation error 1.143333 %
epoch 669, minibatch 3600/3600, validation error 1.141667 %
epoch 670, minibatch 3600/3600, validation error 1.141667 %
epoch 671, minibatch 3600/3600, validation error 1.141667 %
epoch 672, minibatch 3600/3600, validation error 1.143333 %
epoch 673, minibatch 3600/3600, validation error 1.143333 %
epoch 674, minibatch 3600/3600, validation error 1.143333 %
epoch 675, minibatch 3600/3600, validation error 1.143333 %
epoch 676, minibatch 3600/3600, validation error 1.143333 %
epoch 677, minibatch 3600/3600, validation error 1.141667 %
epoch 678, minibatch 3600/3600, validation error 1.141667 %
epoch 679, minibatch 3600/3600, validation error 1.141667 %
epoch 680, minibatch 3600/3600, validation error 1.141667 %
epoch 681, minibatch 3600/3600, validation error 1.141667 %
epoch 682, minibatch 3600/3600, validation error 1.141667 %
epoch 683, minibatch 3600/3600, validation error 1.140000 %
     epoch 683, minibatch 3600/3600, test error of best model 1.150000 %
epoch 684, minibatch 3600/3600, validation error 1.138333 %
     epoch 684, minibatch 3600/3600, test error of best model 1.150000 %
epoch 685, minibatch 3600/3600, validation error 1.138333 %
epoch 686, minibatch 3600/3600, validation error 1.138333 %
epoch 687, minibatch 3600/3600, validation error 1.138333 %
epoch 688, minibatch 3600/3600, validation error 1.136667 %
     epoch 688, minibatch 3600/3600, test error of best model 1.140000 %
epoch 689, minibatch 3600/3600, validation error 1.136667 %
epoch 690, minibatch 3600/3600, validation error 1.136667 %
epoch 691, minibatch 3600/3600, validation error 1.136667 %
epoch 692, minibatch 3600/3600, validation error 1.135000 %
     epoch 692, minibatch 3600/3600, test error of best model 1.140000 %
epoch 693, minibatch 3600/3600, validation error 1.135000 %
epoch 694, minibatch 3600/3600, validation error 1.133333 %
     epoch 694, minibatch 3600/3600, test error of best model 1.140000 %
epoch 695, minibatch 3600/3600, validation error 1.133333 %
epoch 696, minibatch 3600/3600, validation error 1.133333 %
epoch 697, minibatch 3600/3600, validation error 1.133333 %
epoch 698, minibatch 3600/3600, validation error 1.133333 %
epoch 699, minibatch 3600/3600, validation error 1.130000 %
     epoch 699, minibatch 3600/3600, test error of best model 1.140000 %
epoch 700, minibatch 3600/3600, validation error 1.130000 %
epoch 701, minibatch 3600/3600, validation error 1.130000 %
epoch 702, minibatch 3600/3600, validation error 1.130000 %
epoch 703, minibatch 3600/3600, validation error 1.130000 %
epoch 704, minibatch 3600/3600, validation error 1.130000 %
epoch 705, minibatch 3600/3600, validation error 1.128333 %
     epoch 705, minibatch 3600/3600, test error of best model 1.140000 %
epoch 706, minibatch 3600/3600, validation error 1.128333 %
epoch 707, minibatch 3600/3600, validation error 1.128333 %
epoch 708, minibatch 3600/3600, validation error 1.128333 %
epoch 709, minibatch 3600/3600, validation error 1.130000 %
epoch 710, minibatch 3600/3600, validation error 1.130000 %
epoch 711, minibatch 3600/3600, validation error 1.128333 %
epoch 712, minibatch 3600/3600, validation error 1.125000 %
     epoch 712, minibatch 3600/3600, test error of best model 1.140000 %
epoch 713, minibatch 3600/3600, validation error 1.123333 %
     epoch 713, minibatch 3600/3600, test error of best model 1.140000 %
epoch 714, minibatch 3600/3600, validation error 1.121667 %
     epoch 714, minibatch 3600/3600, test error of best model 1.140000 %
epoch 715, minibatch 3600/3600, validation error 1.121667 %
epoch 716, minibatch 3600/3600, validation error 1.121667 %
epoch 717, minibatch 3600/3600, validation error 1.121667 %
epoch 718, minibatch 3600/3600, validation error 1.121667 %
epoch 719, minibatch 3600/3600, validation error 1.121667 %
epoch 720, minibatch 3600/3600, validation error 1.121667 %
epoch 721, minibatch 3600/3600, validation error 1.121667 %
epoch 722, minibatch 3600/3600, validation error 1.121667 %
epoch 723, minibatch 3600/3600, validation error 1.121667 %
epoch 724, minibatch 3600/3600, validation error 1.121667 %
epoch 725, minibatch 3600/3600, validation error 1.121667 %
epoch 726, minibatch 3600/3600, validation error 1.121667 %
epoch 727, minibatch 3600/3600, validation error 1.121667 %
epoch 728, minibatch 3600/3600, validation error 1.121667 %
epoch 729, minibatch 3600/3600, validation error 1.121667 %
epoch 730, minibatch 3600/3600, validation error 1.121667 %
epoch 731, minibatch 3600/3600, validation error 1.120000 %
     epoch 731, minibatch 3600/3600, test error of best model 1.150000 %
epoch 732, minibatch 3600/3600, validation error 1.120000 %
epoch 733, minibatch 3600/3600, validation error 1.120000 %
epoch 734, minibatch 3600/3600, validation error 1.120000 %
epoch 735, minibatch 3600/3600, validation error 1.121667 %
epoch 736, minibatch 3600/3600, validation error 1.121667 %
epoch 737, minibatch 3600/3600, validation error 1.121667 %
epoch 738, minibatch 3600/3600, validation error 1.120000 %
epoch 739, minibatch 3600/3600, validation error 1.120000 %
epoch 740, minibatch 3600/3600, validation error 1.120000 %
epoch 741, minibatch 3600/3600, validation error 1.118333 %
     epoch 741, minibatch 3600/3600, test error of best model 1.150000 %
epoch 742, minibatch 3600/3600, validation error 1.118333 %
epoch 743, minibatch 3600/3600, validation error 1.118333 %
epoch 744, minibatch 3600/3600, validation error 1.118333 %
epoch 745, minibatch 3600/3600, validation error 1.118333 %
epoch 746, minibatch 3600/3600, validation error 1.118333 %
epoch 747, minibatch 3600/3600, validation error 1.118333 %
epoch 748, minibatch 3600/3600, validation error 1.118333 %
epoch 749, minibatch 3600/3600, validation error 1.118333 %
epoch 750, minibatch 3600/3600, validation error 1.118333 %
epoch 751, minibatch 3600/3600, validation error 1.118333 %
epoch 752, minibatch 3600/3600, validation error 1.118333 %
epoch 753, minibatch 3600/3600, validation error 1.118333 %
epoch 754, minibatch 3600/3600, validation error 1.118333 %
epoch 755, minibatch 3600/3600, validation error 1.118333 %
epoch 756, minibatch 3600/3600, validation error 1.116667 %
     epoch 756, minibatch 3600/3600, test error of best model 1.160000 %
epoch 757, minibatch 3600/3600, validation error 1.116667 %
epoch 758, minibatch 3600/3600, validation error 1.116667 %
epoch 759, minibatch 3600/3600, validation error 1.116667 %
epoch 760, minibatch 3600/3600, validation error 1.116667 %
epoch 761, minibatch 3600/3600, validation error 1.116667 %
epoch 762, minibatch 3600/3600, validation error 1.116667 %
epoch 763, minibatch 3600/3600, validation error 1.116667 %
epoch 764, minibatch 3600/3600, validation error 1.115000 %
     epoch 764, minibatch 3600/3600, test error of best model 1.150000 %
epoch 765, minibatch 3600/3600, validation error 1.115000 %
epoch 766, minibatch 3600/3600, validation error 1.115000 %
epoch 767, minibatch 3600/3600, validation error 1.113333 %
     epoch 767, minibatch 3600/3600, test error of best model 1.150000 %
epoch 768, minibatch 3600/3600, validation error 1.113333 %
epoch 769, minibatch 3600/3600, validation error 1.111667 %
     epoch 769, minibatch 3600/3600, test error of best model 1.150000 %
epoch 770, minibatch 3600/3600, validation error 1.111667 %
epoch 771, minibatch 3600/3600, validation error 1.111667 %
epoch 772, minibatch 3600/3600, validation error 1.111667 %
epoch 773, minibatch 3600/3600, validation error 1.111667 %
epoch 774, minibatch 3600/3600, validation error 1.111667 %
epoch 775, minibatch 3600/3600, validation error 1.108333 %
     epoch 775, minibatch 3600/3600, test error of best model 1.150000 %
epoch 776, minibatch 3600/3600, validation error 1.108333 %
epoch 777, minibatch 3600/3600, validation error 1.108333 %
epoch 778, minibatch 3600/3600, validation error 1.108333 %
epoch 779, minibatch 3600/3600, validation error 1.108333 %
epoch 780, minibatch 3600/3600, validation error 1.110000 %
epoch 781, minibatch 3600/3600, validation error 1.110000 %
epoch 782, minibatch 3600/3600, validation error 1.110000 %
epoch 783, minibatch 3600/3600, validation error 1.110000 %
epoch 784, minibatch 3600/3600, validation error 1.110000 %
epoch 785, minibatch 3600/3600, validation error 1.110000 %
epoch 786, minibatch 3600/3600, validation error 1.110000 %
epoch 787, minibatch 3600/3600, validation error 1.110000 %
epoch 788, minibatch 3600/3600, validation error 1.110000 %
epoch 789, minibatch 3600/3600, validation error 1.110000 %
epoch 790, minibatch 3600/3600, validation error 1.110000 %
epoch 791, minibatch 3600/3600, validation error 1.108333 %
epoch 792, minibatch 3600/3600, validation error 1.108333 %
epoch 793, minibatch 3600/3600, validation error 1.105000 %
     epoch 793, minibatch 3600/3600, test error of best model 1.150000 %
epoch 794, minibatch 3600/3600, validation error 1.105000 %
epoch 795, minibatch 3600/3600, validation error 1.105000 %
epoch 796, minibatch 3600/3600, validation error 1.106667 %
epoch 797, minibatch 3600/3600, validation error 1.106667 %
epoch 798, minibatch 3600/3600, validation error 1.106667 %
epoch 799, minibatch 3600/3600, validation error 1.106667 %
epoch 800, minibatch 3600/3600, validation error 1.106667 %
epoch 801, minibatch 3600/3600, validation error 1.108333 %
epoch 802, minibatch 3600/3600, validation error 1.108333 %
epoch 803, minibatch 3600/3600, validation error 1.108333 %
epoch 804, minibatch 3600/3600, validation error 1.108333 %
epoch 805, minibatch 3600/3600, validation error 1.108333 %
epoch 806, minibatch 3600/3600, validation error 1.106667 %
epoch 807, minibatch 3600/3600, validation error 1.106667 %
epoch 808, minibatch 3600/3600, validation error 1.106667 %
epoch 809, minibatch 3600/3600, validation error 1.105000 %
epoch 810, minibatch 3600/3600, validation error 1.105000 %
epoch 811, minibatch 3600/3600, validation error 1.105000 %
epoch 812, minibatch 3600/3600, validation error 1.105000 %
epoch 813, minibatch 3600/3600, validation error 1.105000 %
epoch 814, minibatch 3600/3600, validation error 1.103333 %
     epoch 814, minibatch 3600/3600, test error of best model 1.150000 %
epoch 815, minibatch 3600/3600, validation error 1.103333 %
epoch 816, minibatch 3600/3600, validation error 1.105000 %
epoch 817, minibatch 3600/3600, validation error 1.105000 %
epoch 818, minibatch 3600/3600, validation error 1.105000 %
epoch 819, minibatch 3600/3600, validation error 1.105000 %
epoch 820, minibatch 3600/3600, validation error 1.105000 %
epoch 821, minibatch 3600/3600, validation error 1.105000 %
epoch 822, minibatch 3600/3600, validation error 1.105000 %
epoch 823, minibatch 3600/3600, validation error 1.103333 %
epoch 824, minibatch 3600/3600, validation error 1.103333 %
epoch 825, minibatch 3600/3600, validation error 1.103333 %
epoch 826, minibatch 3600/3600, validation error 1.103333 %
epoch 827, minibatch 3600/3600, validation error 1.103333 %
epoch 828, minibatch 3600/3600, validation error 1.103333 %
epoch 829, minibatch 3600/3600, validation error 1.103333 %
epoch 830, minibatch 3600/3600, validation error 1.103333 %
epoch 831, minibatch 3600/3600, validation error 1.103333 %
epoch 832, minibatch 3600/3600, validation error 1.103333 %
epoch 833, minibatch 3600/3600, validation error 1.103333 %
epoch 834, minibatch 3600/3600, validation error 1.103333 %
epoch 835, minibatch 3600/3600, validation error 1.103333 %
epoch 836, minibatch 3600/3600, validation error 1.103333 %
epoch 837, minibatch 3600/3600, validation error 1.103333 %
epoch 838, minibatch 3600/3600, validation error 1.103333 %
epoch 839, minibatch 3600/3600, validation error 1.103333 %
epoch 840, minibatch 3600/3600, validation error 1.103333 %
epoch 841, minibatch 3600/3600, validation error 1.103333 %
epoch 842, minibatch 3600/3600, validation error 1.101667 %
     epoch 842, minibatch 3600/3600, test error of best model 1.170000 %
epoch 843, minibatch 3600/3600, validation error 1.101667 %
epoch 844, minibatch 3600/3600, validation error 1.100000 %
     epoch 844, minibatch 3600/3600, test error of best model 1.170000 %
epoch 845, minibatch 3600/3600, validation error 1.100000 %
epoch 846, minibatch 3600/3600, validation error 1.100000 %
epoch 847, minibatch 3600/3600, validation error 1.100000 %
epoch 848, minibatch 3600/3600, validation error 1.100000 %
epoch 849, minibatch 3600/3600, validation error 1.100000 %
epoch 850, minibatch 3600/3600, validation error 1.101667 %
epoch 851, minibatch 3600/3600, validation error 1.101667 %
epoch 852, minibatch 3600/3600, validation error 1.101667 %
epoch 853, minibatch 3600/3600, validation error 1.101667 %
epoch 854, minibatch 3600/3600, validation error 1.101667 %
epoch 855, minibatch 3600/3600, validation error 1.101667 %
epoch 856, minibatch 3600/3600, validation error 1.101667 %
epoch 857, minibatch 3600/3600, validation error 1.101667 %
epoch 858, minibatch 3600/3600, validation error 1.100000 %
epoch 859, minibatch 3600/3600, validation error 1.100000 %
epoch 860, minibatch 3600/3600, validation error 1.100000 %
epoch 861, minibatch 3600/3600, validation error 1.100000 %
epoch 862, minibatch 3600/3600, validation error 1.100000 %
epoch 863, minibatch 3600/3600, validation error 1.100000 %
epoch 864, minibatch 3600/3600, validation error 1.098333 %
     epoch 864, minibatch 3600/3600, test error of best model 1.170000 %
epoch 865, minibatch 3600/3600, validation error 1.098333 %
epoch 866, minibatch 3600/3600, validation error 1.098333 %
epoch 867, minibatch 3600/3600, validation error 1.098333 %
epoch 868, minibatch 3600/3600, validation error 1.098333 %
epoch 869, minibatch 3600/3600, validation error 1.098333 %
epoch 870, minibatch 3600/3600, validation error 1.098333 %
epoch 871, minibatch 3600/3600, validation error 1.098333 %
epoch 872, minibatch 3600/3600, validation error 1.098333 %
epoch 873, minibatch 3600/3600, validation error 1.098333 %
epoch 874, minibatch 3600/3600, validation error 1.100000 %
epoch 875, minibatch 3600/3600, validation error 1.100000 %
epoch 876, minibatch 3600/3600, validation error 1.100000 %
epoch 877, minibatch 3600/3600, validation error 1.100000 %
epoch 878, minibatch 3600/3600, validation error 1.100000 %
epoch 879, minibatch 3600/3600, validation error 1.100000 %
epoch 880, minibatch 3600/3600, validation error 1.100000 %
epoch 881, minibatch 3600/3600, validation error 1.100000 %
epoch 882, minibatch 3600/3600, validation error 1.101667 %
epoch 883, minibatch 3600/3600, validation error 1.101667 %
epoch 884, minibatch 3600/3600, validation error 1.101667 %
epoch 885, minibatch 3600/3600, validation error 1.101667 %
epoch 886, minibatch 3600/3600, validation error 1.101667 %
epoch 887, minibatch 3600/3600, validation error 1.101667 %
epoch 888, minibatch 3600/3600, validation error 1.101667 %
epoch 889, minibatch 3600/3600, validation error 1.100000 %
epoch 890, minibatch 3600/3600, validation error 1.100000 %
epoch 891, minibatch 3600/3600, validation error 1.100000 %
epoch 892, minibatch 3600/3600, validation error 1.100000 %
epoch 893, minibatch 3600/3600, validation error 1.100000 %
epoch 894, minibatch 3600/3600, validation error 1.100000 %
epoch 895, minibatch 3600/3600, validation error 1.098333 %
epoch 896, minibatch 3600/3600, validation error 1.098333 %
epoch 897, minibatch 3600/3600, validation error 1.096667 %
     epoch 897, minibatch 3600/3600, test error of best model 1.160000 %
epoch 898, minibatch 3600/3600, validation error 1.096667 %
epoch 899, minibatch 3600/3600, validation error 1.096667 %
epoch 900, minibatch 3600/3600, validation error 1.096667 %
epoch 901, minibatch 3600/3600, validation error 1.096667 %
epoch 902, minibatch 3600/3600, validation error 1.095000 %
     epoch 902, minibatch 3600/3600, test error of best model 1.160000 %
epoch 903, minibatch 3600/3600, validation error 1.095000 %
epoch 904, minibatch 3600/3600, validation error 1.095000 %
epoch 905, minibatch 3600/3600, validation error 1.095000 %
epoch 906, minibatch 3600/3600, validation error 1.095000 %
epoch 907, minibatch 3600/3600, validation error 1.095000 %
epoch 908, minibatch 3600/3600, validation error 1.095000 %
epoch 909, minibatch 3600/3600, validation error 1.093333 %
     epoch 909, minibatch 3600/3600, test error of best model 1.160000 %
epoch 910, minibatch 3600/3600, validation error 1.093333 %
epoch 911, minibatch 3600/3600, validation error 1.093333 %
epoch 912, minibatch 3600/3600, validation error 1.093333 %
epoch 913, minibatch 3600/3600, validation error 1.091667 %
     epoch 913, minibatch 3600/3600, test error of best model 1.160000 %
epoch 914, minibatch 3600/3600, validation error 1.091667 %
epoch 915, minibatch 3600/3600, validation error 1.091667 %
epoch 916, minibatch 3600/3600, validation error 1.091667 %
epoch 917, minibatch 3600/3600, validation error 1.091667 %
epoch 918, minibatch 3600/3600, validation error 1.091667 %
epoch 919, minibatch 3600/3600, validation error 1.091667 %
epoch 920, minibatch 3600/3600, validation error 1.091667 %
epoch 921, minibatch 3600/3600, validation error 1.091667 %
epoch 922, minibatch 3600/3600, validation error 1.090000 %
     epoch 922, minibatch 3600/3600, test error of best model 1.160000 %
