... loading data
... building the model
<class 'theano.compile.function_module.Function'>
... training
epoch 1, minibatch 250/250, validation error 18.780000 %
     epoch 1, minibatch 250/250, test error of best model 19.000000 %
epoch 2, minibatch 250/250, validation error 16.480000 %
     epoch 2, minibatch 250/250, test error of best model 16.890000 %
epoch 3, minibatch 250/250, validation error 15.760000 %
     epoch 3, minibatch 250/250, test error of best model 16.250000 %
epoch 4, minibatch 250/250, validation error 15.640000 %
     epoch 4, minibatch 250/250, test error of best model 16.170000 %
epoch 5, minibatch 250/250, validation error 15.480000 %
     epoch 5, minibatch 250/250, test error of best model 16.030000 %
epoch 6, minibatch 250/250, validation error 15.470000 %
     epoch 6, minibatch 250/250, test error of best model 16.080000 %
epoch 7, minibatch 250/250, validation error 15.470000 %
epoch 8, minibatch 250/250, validation error 15.470000 %
epoch 9, minibatch 250/250, validation error 15.510000 %
epoch 10, minibatch 250/250, validation error 15.490000 %
epoch 11, minibatch 250/250, validation error 15.450000 %
     epoch 11, minibatch 250/250, test error of best model 15.890000 %
epoch 12, minibatch 250/250, validation error 15.440000 %
     epoch 12, minibatch 250/250, test error of best model 15.900000 %
epoch 13, minibatch 250/250, validation error 15.340000 %
     epoch 13, minibatch 250/250, test error of best model 15.880000 %
epoch 14, minibatch 250/250, validation error 15.380000 %
epoch 15, minibatch 250/250, validation error 15.380000 %
epoch 16, minibatch 250/250, validation error 15.370000 %
epoch 17, minibatch 250/250, validation error 15.450000 %
epoch 18, minibatch 250/250, validation error 15.280000 %
     epoch 18, minibatch 250/250, test error of best model 15.970000 %
epoch 19, minibatch 250/250, validation error 15.240000 %
     epoch 19, minibatch 250/250, test error of best model 15.890000 %
epoch 20, minibatch 250/250, validation error 15.180000 %
     epoch 20, minibatch 250/250, test error of best model 15.910000 %
epoch 21, minibatch 250/250, validation error 15.240000 %
epoch 22, minibatch 250/250, validation error 15.230000 %
epoch 23, minibatch 250/250, validation error 15.220000 %
epoch 24, minibatch 250/250, validation error 15.210000 %
epoch 25, minibatch 250/250, validation error 15.220000 %
epoch 26, minibatch 250/250, validation error 15.160000 %
     epoch 26, minibatch 250/250, test error of best model 15.910000 %
epoch 27, minibatch 250/250, validation error 15.170000 %
epoch 28, minibatch 250/250, validation error 15.170000 %
epoch 29, minibatch 250/250, validation error 15.160000 %
epoch 30, minibatch 250/250, validation error 15.080000 %
     epoch 30, minibatch 250/250, test error of best model 15.890000 %
epoch 31, minibatch 250/250, validation error 15.070000 %
     epoch 31, minibatch 250/250, test error of best model 15.890000 %
epoch 32, minibatch 250/250, validation error 15.070000 %
epoch 33, minibatch 250/250, validation error 15.060000 %
     epoch 33, minibatch 250/250, test error of best model 15.870000 %
epoch 34, minibatch 250/250, validation error 15.050000 %
     epoch 34, minibatch 250/250, test error of best model 15.870000 %
epoch 35, minibatch 250/250, validation error 15.020000 %
     epoch 35, minibatch 250/250, test error of best model 15.860000 %
epoch 36, minibatch 250/250, validation error 15.010000 %
     epoch 36, minibatch 250/250, test error of best model 15.840000 %
epoch 37, minibatch 250/250, validation error 15.020000 %
epoch 38, minibatch 250/250, validation error 15.030000 %
epoch 39, minibatch 250/250, validation error 15.020000 %
epoch 40, minibatch 250/250, validation error 15.020000 %
epoch 41, minibatch 250/250, validation error 15.020000 %
epoch 42, minibatch 250/250, validation error 15.040000 %
epoch 43, minibatch 250/250, validation error 15.050000 %
epoch 44, minibatch 250/250, validation error 15.050000 %
epoch 45, minibatch 250/250, validation error 15.050000 %
epoch 46, minibatch 250/250, validation error 15.060000 %
epoch 47, minibatch 250/250, validation error 15.060000 %
epoch 48, minibatch 250/250, validation error 15.050000 %
epoch 49, minibatch 250/250, validation error 15.040000 %
epoch 50, minibatch 250/250, validation error 15.040000 %
epoch 51, minibatch 250/250, validation error 15.040000 %
epoch 52, minibatch 250/250, validation error 15.030000 %
epoch 53, minibatch 250/250, validation error 15.030000 %
epoch 54, minibatch 250/250, validation error 15.010000 %
     epoch 54, minibatch 250/250, test error of best model 15.760000 %
epoch 55, minibatch 250/250, validation error 15.010000 %
epoch 56, minibatch 250/250, validation error 15.020000 %
epoch 57, minibatch 250/250, validation error 14.990000 %
     epoch 57, minibatch 250/250, test error of best model 15.760000 %
epoch 58, minibatch 250/250, validation error 14.990000 %
epoch 59, minibatch 250/250, validation error 14.980000 %
     epoch 59, minibatch 250/250, test error of best model 15.730000 %
epoch 60, minibatch 250/250, validation error 14.980000 %
epoch 61, minibatch 250/250, validation error 14.990000 %
epoch 62, minibatch 250/250, validation error 14.960000 %
     epoch 62, minibatch 250/250, test error of best model 15.730000 %
epoch 63, minibatch 250/250, validation error 14.950000 %
     epoch 63, minibatch 250/250, test error of best model 15.750000 %
epoch 64, minibatch 250/250, validation error 14.950000 %
epoch 65, minibatch 250/250, validation error 14.960000 %
epoch 66, minibatch 250/250, validation error 14.980000 %
epoch 67, minibatch 250/250, validation error 14.980000 %
epoch 68, minibatch 250/250, validation error 14.980000 %
epoch 69, minibatch 250/250, validation error 14.990000 %
epoch 70, minibatch 250/250, validation error 14.990000 %
epoch 71, minibatch 250/250, validation error 14.980000 %
epoch 72, minibatch 250/250, validation error 14.980000 %
epoch 73, minibatch 250/250, validation error 14.980000 %
epoch 74, minibatch 250/250, validation error 14.980000 %
epoch 75, minibatch 250/250, validation error 14.980000 %
epoch 76, minibatch 250/250, validation error 14.980000 %
epoch 77, minibatch 250/250, validation error 14.980000 %
epoch 78, minibatch 250/250, validation error 14.970000 %
epoch 79, minibatch 250/250, validation error 14.980000 %
epoch 80, minibatch 250/250, validation error 14.990000 %
epoch 81, minibatch 250/250, validation error 14.990000 %
epoch 82, minibatch 250/250, validation error 14.990000 %
epoch 83, minibatch 250/250, validation error 14.980000 %
epoch 84, minibatch 250/250, validation error 14.970000 %
epoch 85, minibatch 250/250, validation error 14.970000 %
epoch 86, minibatch 250/250, validation error 14.970000 %
epoch 87, minibatch 250/250, validation error 14.970000 %
epoch 88, minibatch 250/250, validation error 14.970000 %
epoch 89, minibatch 250/250, validation error 14.970000 %
epoch 90, minibatch 250/250, validation error 14.980000 %
epoch 91, minibatch 250/250, validation error 14.970000 %
epoch 92, minibatch 250/250, validation error 14.960000 %
epoch 93, minibatch 250/250, validation error 14.960000 %
epoch 94, minibatch 250/250, validation error 14.950000 %
epoch 95, minibatch 250/250, validation error 14.940000 %
     epoch 95, minibatch 250/250, test error of best model 15.640000 %
epoch 96, minibatch 250/250, validation error 14.930000 %
     epoch 96, minibatch 250/250, test error of best model 15.630000 %
epoch 97, minibatch 250/250, validation error 14.930000 %
epoch 98, minibatch 250/250, validation error 14.930000 %
epoch 99, minibatch 250/250, validation error 14.920000 %
     epoch 99, minibatch 250/250, test error of best model 15.600000 %
epoch 100, minibatch 250/250, validation error 14.910000 %
     epoch 100, minibatch 250/250, test error of best model 15.600000 %
epoch 101, minibatch 250/250, validation error 14.890000 %
     epoch 101, minibatch 250/250, test error of best model 15.600000 %
epoch 102, minibatch 250/250, validation error 14.880000 %
     epoch 102, minibatch 250/250, test error of best model 15.600000 %
epoch 103, minibatch 250/250, validation error 14.870000 %
     epoch 103, minibatch 250/250, test error of best model 15.600000 %
epoch 104, minibatch 250/250, validation error 14.870000 %
epoch 105, minibatch 250/250, validation error 14.870000 %
epoch 106, minibatch 250/250, validation error 14.890000 %
epoch 107, minibatch 250/250, validation error 14.890000 %
epoch 108, minibatch 250/250, validation error 14.880000 %
epoch 109, minibatch 250/250, validation error 14.880000 %
epoch 110, minibatch 250/250, validation error 14.860000 %
     epoch 110, minibatch 250/250, test error of best model 15.620000 %
epoch 111, minibatch 250/250, validation error 14.860000 %
epoch 112, minibatch 250/250, validation error 14.860000 %
epoch 113, minibatch 250/250, validation error 14.850000 %
     epoch 113, minibatch 250/250, test error of best model 15.580000 %
epoch 114, minibatch 250/250, validation error 14.850000 %
epoch 115, minibatch 250/250, validation error 14.860000 %
epoch 116, minibatch 250/250, validation error 14.870000 %
epoch 117, minibatch 250/250, validation error 14.870000 %
epoch 118, minibatch 250/250, validation error 14.870000 %
epoch 119, minibatch 250/250, validation error 14.880000 %
epoch 120, minibatch 250/250, validation error 14.870000 %
epoch 121, minibatch 250/250, validation error 14.870000 %
epoch 122, minibatch 250/250, validation error 14.880000 %
epoch 123, minibatch 250/250, validation error 14.880000 %
epoch 124, minibatch 250/250, validation error 14.880000 %
epoch 125, minibatch 250/250, validation error 14.880000 %
epoch 126, minibatch 250/250, validation error 14.880000 %
epoch 127, minibatch 250/250, validation error 14.870000 %
epoch 128, minibatch 250/250, validation error 14.880000 %
epoch 129, minibatch 250/250, validation error 14.880000 %
epoch 130, minibatch 250/250, validation error 14.890000 %
epoch 131, minibatch 250/250, validation error 14.890000 %
epoch 132, minibatch 250/250, validation error 14.890000 %
epoch 133, minibatch 250/250, validation error 14.890000 %
epoch 134, minibatch 250/250, validation error 14.890000 %
epoch 135, minibatch 250/250, validation error 14.880000 %
epoch 136, minibatch 250/250, validation error 14.870000 %
epoch 137, minibatch 250/250, validation error 14.860000 %
epoch 138, minibatch 250/250, validation error 14.840000 %
     epoch 138, minibatch 250/250, test error of best model 15.560000 %
epoch 139, minibatch 250/250, validation error 14.840000 %
epoch 140, minibatch 250/250, validation error 14.840000 %
epoch 141, minibatch 250/250, validation error 14.840000 %
epoch 142, minibatch 250/250, validation error 14.840000 %
epoch 143, minibatch 250/250, validation error 14.840000 %
epoch 144, minibatch 250/250, validation error 14.840000 %
epoch 145, minibatch 250/250, validation error 14.820000 %
     epoch 145, minibatch 250/250, test error of best model 15.560000 %
epoch 146, minibatch 250/250, validation error 14.810000 %
     epoch 146, minibatch 250/250, test error of best model 15.550000 %
epoch 147, minibatch 250/250, validation error 14.810000 %
epoch 148, minibatch 250/250, validation error 14.810000 %
     epoch 148, minibatch 250/250, test error of best model 15.550000 %
epoch 149, minibatch 250/250, validation error 14.790000 %
     epoch 149, minibatch 250/250, test error of best model 15.550000 %
epoch 150, minibatch 250/250, validation error 14.800000 %
epoch 151, minibatch 250/250, validation error 14.790000 %
epoch 152, minibatch 250/250, validation error 14.790000 %
epoch 153, minibatch 250/250, validation error 14.780000 %
     epoch 153, minibatch 250/250, test error of best model 15.550000 %
epoch 154, minibatch 250/250, validation error 14.780000 %
epoch 155, minibatch 250/250, validation error 14.780000 %
epoch 156, minibatch 250/250, validation error 14.780000 %
epoch 157, minibatch 250/250, validation error 14.780000 %
epoch 158, minibatch 250/250, validation error 14.780000 %
epoch 159, minibatch 250/250, validation error 14.780000 %
epoch 160, minibatch 250/250, validation error 14.770000 %
     epoch 160, minibatch 250/250, test error of best model 15.540000 %
epoch 161, minibatch 250/250, validation error 14.780000 %
epoch 162, minibatch 250/250, validation error 14.760000 %
     epoch 162, minibatch 250/250, test error of best model 15.550000 %
epoch 163, minibatch 250/250, validation error 14.750000 %
     epoch 163, minibatch 250/250, test error of best model 15.550000 %
epoch 164, minibatch 250/250, validation error 14.750000 %
epoch 165, minibatch 250/250, validation error 14.760000 %
epoch 166, minibatch 250/250, validation error 14.760000 %
epoch 167, minibatch 250/250, validation error 14.740000 %
     epoch 167, minibatch 250/250, test error of best model 15.550000 %
epoch 168, minibatch 250/250, validation error 14.730000 %
     epoch 168, minibatch 250/250, test error of best model 15.540000 %
epoch 169, minibatch 250/250, validation error 14.720000 %
     epoch 169, minibatch 250/250, test error of best model 15.540000 %
epoch 170, minibatch 250/250, validation error 14.710000 %
     epoch 170, minibatch 250/250, test error of best model 15.520000 %
epoch 171, minibatch 250/250, validation error 14.710000 %
epoch 172, minibatch 250/250, validation error 14.710000 %
epoch 173, minibatch 250/250, validation error 14.730000 %
epoch 174, minibatch 250/250, validation error 14.730000 %
epoch 175, minibatch 250/250, validation error 14.730000 %
epoch 176, minibatch 250/250, validation error 14.730000 %
epoch 177, minibatch 250/250, validation error 14.730000 %
epoch 178, minibatch 250/250, validation error 14.730000 %
epoch 179, minibatch 250/250, validation error 14.730000 %
epoch 180, minibatch 250/250, validation error 14.740000 %
epoch 181, minibatch 250/250, validation error 14.740000 %
epoch 182, minibatch 250/250, validation error 14.730000 %
epoch 183, minibatch 250/250, validation error 14.730000 %
epoch 184, minibatch 250/250, validation error 14.730000 %
epoch 185, minibatch 250/250, validation error 14.720000 %
epoch 186, minibatch 250/250, validation error 14.710000 %
     epoch 186, minibatch 250/250, test error of best model 15.500000 %
epoch 187, minibatch 250/250, validation error 14.710000 %
epoch 188, minibatch 250/250, validation error 14.710000 %
epoch 189, minibatch 250/250, validation error 14.710000 %
epoch 190, minibatch 250/250, validation error 14.710000 %
epoch 191, minibatch 250/250, validation error 14.720000 %
epoch 192, minibatch 250/250, validation error 14.700000 %
     epoch 192, minibatch 250/250, test error of best model 15.480000 %
epoch 193, minibatch 250/250, validation error 14.710000 %
epoch 194, minibatch 250/250, validation error 14.720000 %
epoch 195, minibatch 250/250, validation error 14.680000 %
     epoch 195, minibatch 250/250, test error of best model 15.490000 %
epoch 196, minibatch 250/250, validation error 14.680000 %
epoch 197, minibatch 250/250, validation error 14.680000 %
epoch 198, minibatch 250/250, validation error 14.680000 %
epoch 199, minibatch 250/250, validation error 14.680000 %
epoch 200, minibatch 250/250, validation error 14.680000 %
epoch 201, minibatch 250/250, validation error 14.670000 %
     epoch 201, minibatch 250/250, test error of best model 15.470000 %
epoch 202, minibatch 250/250, validation error 14.670000 %
epoch 203, minibatch 250/250, validation error 14.680000 %
epoch 204, minibatch 250/250, validation error 14.690000 %
epoch 205, minibatch 250/250, validation error 14.690000 %
epoch 206, minibatch 250/250, validation error 14.670000 %
epoch 207, minibatch 250/250, validation error 14.670000 %
epoch 208, minibatch 250/250, validation error 14.670000 %
epoch 209, minibatch 250/250, validation error 14.670000 %
epoch 210, minibatch 250/250, validation error 14.670000 %
epoch 211, minibatch 250/250, validation error 14.670000 %
epoch 212, minibatch 250/250, validation error 14.670000 %
epoch 213, minibatch 250/250, validation error 14.680000 %
epoch 214, minibatch 250/250, validation error 14.680000 %
epoch 215, minibatch 250/250, validation error 14.670000 %
epoch 216, minibatch 250/250, validation error 14.660000 %
     epoch 216, minibatch 250/250, test error of best model 15.430000 %
epoch 217, minibatch 250/250, validation error 14.660000 %
epoch 218, minibatch 250/250, validation error 14.650000 %
     epoch 218, minibatch 250/250, test error of best model 15.420000 %
epoch 219, minibatch 250/250, validation error 14.650000 %
epoch 220, minibatch 250/250, validation error 14.650000 %
epoch 221, minibatch 250/250, validation error 14.640000 %
     epoch 221, minibatch 250/250, test error of best model 15.430000 %
epoch 222, minibatch 250/250, validation error 14.650000 %
epoch 223, minibatch 250/250, validation error 14.660000 %
epoch 224, minibatch 250/250, validation error 14.660000 %
epoch 225, minibatch 250/250, validation error 14.660000 %
epoch 226, minibatch 250/250, validation error 14.650000 %
epoch 227, minibatch 250/250, validation error 14.650000 %
epoch 228, minibatch 250/250, validation error 14.650000 %
epoch 229, minibatch 250/250, validation error 14.650000 %
epoch 230, minibatch 250/250, validation error 14.650000 %
epoch 231, minibatch 250/250, validation error 14.640000 %
epoch 232, minibatch 250/250, validation error 14.640000 %
epoch 233, minibatch 250/250, validation error 14.630000 %
     epoch 233, minibatch 250/250, test error of best model 15.380000 %
epoch 234, minibatch 250/250, validation error 14.630000 %
epoch 235, minibatch 250/250, validation error 14.630000 %
epoch 236, minibatch 250/250, validation error 14.630000 %
epoch 237, minibatch 250/250, validation error 14.640000 %
epoch 238, minibatch 250/250, validation error 14.640000 %
epoch 239, minibatch 250/250, validation error 14.630000 %
epoch 240, minibatch 250/250, validation error 14.630000 %
epoch 241, minibatch 250/250, validation error 14.630000 %
epoch 242, minibatch 250/250, validation error 14.630000 %
epoch 243, minibatch 250/250, validation error 14.610000 %
     epoch 243, minibatch 250/250, test error of best model 15.360000 %
epoch 244, minibatch 250/250, validation error 14.610000 %
epoch 245, minibatch 250/250, validation error 14.610000 %
epoch 246, minibatch 250/250, validation error 14.590000 %
     epoch 246, minibatch 250/250, test error of best model 15.350000 %
epoch 247, minibatch 250/250, validation error 14.580000 %
     epoch 247, minibatch 250/250, test error of best model 15.350000 %
epoch 248, minibatch 250/250, validation error 14.570000 %
     epoch 248, minibatch 250/250, test error of best model 15.350000 %
epoch 249, minibatch 250/250, validation error 14.570000 %
epoch 250, minibatch 250/250, validation error 14.570000 %
epoch 251, minibatch 250/250, validation error 14.560000 %
     epoch 251, minibatch 250/250, test error of best model 15.350000 %
epoch 252, minibatch 250/250, validation error 14.560000 %
epoch 253, minibatch 250/250, validation error 14.560000 %
epoch 254, minibatch 250/250, validation error 14.560000 %
epoch 255, minibatch 250/250, validation error 14.560000 %
epoch 256, minibatch 250/250, validation error 14.560000 %
epoch 257, minibatch 250/250, validation error 14.560000 %
epoch 258, minibatch 250/250, validation error 14.560000 %
epoch 259, minibatch 250/250, validation error 14.560000 %
epoch 260, minibatch 250/250, validation error 14.560000 %
epoch 261, minibatch 250/250, validation error 14.550000 %
     epoch 261, minibatch 250/250, test error of best model 15.320000 %
epoch 262, minibatch 250/250, validation error 14.570000 %
epoch 263, minibatch 250/250, validation error 14.570000 %
epoch 264, minibatch 250/250, validation error 14.570000 %
epoch 265, minibatch 250/250, validation error 14.560000 %
epoch 266, minibatch 250/250, validation error 14.570000 %
epoch 267, minibatch 250/250, validation error 14.570000 %
epoch 268, minibatch 250/250, validation error 14.570000 %
epoch 269, minibatch 250/250, validation error 14.560000 %
epoch 270, minibatch 250/250, validation error 14.550000 %
epoch 271, minibatch 250/250, validation error 14.540000 %
     epoch 271, minibatch 250/250, test error of best model 15.320000 %
epoch 272, minibatch 250/250, validation error 14.540000 %
epoch 273, minibatch 250/250, validation error 14.540000 %
epoch 274, minibatch 250/250, validation error 14.540000 %
epoch 275, minibatch 250/250, validation error 14.530000 %
     epoch 275, minibatch 250/250, test error of best model 15.310000 %
