... building the model
... training
epoch 1, minibatch 1200/1200, validation error 7.316667 %
     epoch 1, minibatch 1200/1200, test error of best model 7.252525 %
epoch 2, minibatch 1200/1200, validation error 5.531667 %
     epoch 2, minibatch 1200/1200, test error of best model 5.585859 %
epoch 3, minibatch 1200/1200, validation error 4.406667 %
     epoch 3, minibatch 1200/1200, test error of best model 4.484848 %
epoch 4, minibatch 1200/1200, validation error 3.198333 %
     epoch 4, minibatch 1200/1200, test error of best model 3.151515 %
epoch 5, minibatch 1200/1200, validation error 2.923333 %
     epoch 5, minibatch 1200/1200, test error of best model 3.262626 %
epoch 6, minibatch 1200/1200, validation error 2.548333 %
     epoch 6, minibatch 1200/1200, test error of best model 2.696970 %
epoch 7, minibatch 1200/1200, validation error 2.418333 %
     epoch 7, minibatch 1200/1200, test error of best model 2.646465 %
epoch 8, minibatch 1200/1200, validation error 2.468333 %
epoch 9, minibatch 1200/1200, validation error 2.346667 %
     epoch 9, minibatch 1200/1200, test error of best model 2.424242 %
epoch 10, minibatch 1200/1200, validation error 2.420000 %
epoch 11, minibatch 1200/1200, validation error 2.160000 %
     epoch 11, minibatch 1200/1200, test error of best model 2.272727 %
epoch 12, minibatch 1200/1200, validation error 1.975000 %
     epoch 12, minibatch 1200/1200, test error of best model 2.141414 %
epoch 13, minibatch 1200/1200, validation error 1.955000 %
     epoch 13, minibatch 1200/1200, test error of best model 2.070707 %
epoch 14, minibatch 1200/1200, validation error 2.241667 %
epoch 15, minibatch 1200/1200, validation error 1.838333 %
     epoch 15, minibatch 1200/1200, test error of best model 1.929293 %
epoch 16, minibatch 1200/1200, validation error 2.010000 %
epoch 17, minibatch 1200/1200, validation error 1.886667 %
epoch 18, minibatch 1200/1200, validation error 1.781667 %
     epoch 18, minibatch 1200/1200, test error of best model 2.050505 %
epoch 19, minibatch 1200/1200, validation error 1.783333 %
epoch 20, minibatch 1200/1200, validation error 2.120000 %
epoch 21, minibatch 1200/1200, validation error 1.751667 %
     epoch 21, minibatch 1200/1200, test error of best model 1.808081 %
epoch 22, minibatch 1200/1200, validation error 1.736667 %
     epoch 22, minibatch 1200/1200, test error of best model 1.747475 %
epoch 23, minibatch 1200/1200, validation error 1.843333 %
epoch 24, minibatch 1200/1200, validation error 1.841667 %
epoch 25, minibatch 1200/1200, validation error 1.690000 %
     epoch 25, minibatch 1200/1200, test error of best model 1.818182 %
epoch 26, minibatch 1200/1200, validation error 2.060000 %
epoch 27, minibatch 1200/1200, validation error 1.736667 %
epoch 28, minibatch 1200/1200, validation error 1.853333 %
epoch 29, minibatch 1200/1200, validation error 1.738333 %
epoch 30, minibatch 1200/1200, validation error 1.736667 %
epoch 31, minibatch 1200/1200, validation error 1.891667 %
epoch 32, minibatch 1200/1200, validation error 1.658333 %
     epoch 32, minibatch 1200/1200, test error of best model 1.747475 %
epoch 33, minibatch 1200/1200, validation error 1.730000 %
epoch 34, minibatch 1200/1200, validation error 1.763333 %
epoch 35, minibatch 1200/1200, validation error 1.796667 %
epoch 36, minibatch 1200/1200, validation error 1.793333 %
epoch 37, minibatch 1200/1200, validation error 1.815000 %
epoch 38, minibatch 1200/1200, validation error 1.890000 %
epoch 39, minibatch 1200/1200, validation error 1.728333 %
epoch 40, minibatch 1200/1200, validation error 1.871667 %
epoch 41, minibatch 1200/1200, validation error 1.721667 %
epoch 42, minibatch 1200/1200, validation error 1.705000 %
epoch 43, minibatch 1200/1200, validation error 1.803333 %
epoch 44, minibatch 1200/1200, validation error 1.748333 %
epoch 45, minibatch 1200/1200, validation error 1.751667 %
epoch 46, minibatch 1200/1200, validation error 1.711667 %
epoch 47, minibatch 1200/1200, validation error 1.638333 %
     epoch 47, minibatch 1200/1200, test error of best model 1.696970 %
epoch 48, minibatch 1200/1200, validation error 1.660000 %
epoch 49, minibatch 1200/1200, validation error 1.718333 %
epoch 50, minibatch 1200/1200, validation error 1.683333 %
epoch 51, minibatch 1200/1200, validation error 1.673333 %
epoch 52, minibatch 1200/1200, validation error 1.800000 %
epoch 53, minibatch 1200/1200, validation error 1.761667 %
epoch 54, minibatch 1200/1200, validation error 1.746667 %
epoch 55, minibatch 1200/1200, validation error 1.901667 %
epoch 56, minibatch 1200/1200, validation error 1.788333 %
epoch 57, minibatch 1200/1200, validation error 1.723333 %
epoch 58, minibatch 1200/1200, validation error 1.708333 %
epoch 59, minibatch 1200/1200, validation error 1.781667 %
epoch 60, minibatch 1200/1200, validation error 1.755000 %
epoch 61, minibatch 1200/1200, validation error 1.700000 %
epoch 62, minibatch 1200/1200, validation error 1.703333 %
epoch 63, minibatch 1200/1200, validation error 1.756667 %
epoch 64, minibatch 1200/1200, validation error 1.650000 %
epoch 65, minibatch 1200/1200, validation error 1.813333 %
epoch 66, minibatch 1200/1200, validation error 1.715000 %
epoch 67, minibatch 1200/1200, validation error 1.816667 %
epoch 68, minibatch 1200/1200, validation error 1.696667 %
epoch 69, minibatch 1200/1200, validation error 1.903333 %
epoch 70, minibatch 1200/1200, validation error 1.833333 %
epoch 71, minibatch 1200/1200, validation error 1.746667 %
epoch 72, minibatch 1200/1200, validation error 1.750000 %
epoch 73, minibatch 1200/1200, validation error 1.701667 %
epoch 74, minibatch 1200/1200, validation error 1.841667 %
epoch 75, minibatch 1200/1200, validation error 1.968333 %
epoch 76, minibatch 1200/1200, validation error 1.745000 %
epoch 77, minibatch 1200/1200, validation error 1.866667 %
epoch 78, minibatch 1200/1200, validation error 1.751667 %
epoch 79, minibatch 1200/1200, validation error 1.726667 %
epoch 80, minibatch 1200/1200, validation error 1.678333 %
epoch 81, minibatch 1200/1200, validation error 1.750000 %
epoch 82, minibatch 1200/1200, validation error 1.821667 %
epoch 83, minibatch 1200/1200, validation error 1.810000 %
epoch 84, minibatch 1200/1200, validation error 1.701667 %
epoch 85, minibatch 1200/1200, validation error 1.745000 %
epoch 86, minibatch 1200/1200, validation error 1.880000 %
epoch 87, minibatch 1200/1200, validation error 1.780000 %
epoch 88, minibatch 1200/1200, validation error 1.810000 %
epoch 89, minibatch 1200/1200, validation error 1.836667 %
epoch 90, minibatch 1200/1200, validation error 1.746667 %
epoch 91, minibatch 1200/1200, validation error 1.790000 %
epoch 92, minibatch 1200/1200, validation error 2.023333 %
epoch 93, minibatch 1200/1200, validation error 1.841667 %
epoch 94, minibatch 1200/1200, validation error 1.851667 %
epoch 95, minibatch 1200/1200, validation error 1.883333 %
epoch 96, minibatch 1200/1200, validation error 1.661667 %
epoch 97, minibatch 1200/1200, validation error 1.823333 %
epoch 98, minibatch 1200/1200, validation error 1.708333 %
epoch 99, minibatch 1200/1200, validation error 1.685000 %
epoch 100, minibatch 1200/1200, validation error 1.733333 %
epoch 101, minibatch 1200/1200, validation error 1.785000 %
epoch 102, minibatch 1200/1200, validation error 1.758333 %
epoch 103, minibatch 1200/1200, validation error 1.870000 %
epoch 104, minibatch 1200/1200, validation error 1.771667 %
epoch 105, minibatch 1200/1200, validation error 1.931667 %
epoch 106, minibatch 1200/1200, validation error 1.851667 %
epoch 107, minibatch 1200/1200, validation error 1.878333 %
epoch 108, minibatch 1200/1200, validation error 1.820000 %
epoch 109, minibatch 1200/1200, validation error 1.791667 %
epoch 110, minibatch 1200/1200, validation error 1.761667 %
epoch 111, minibatch 1200/1200, validation error 1.828333 %
epoch 112, minibatch 1200/1200, validation error 1.791667 %
epoch 113, minibatch 1200/1200, validation error 1.803333 %
epoch 114, minibatch 1200/1200, validation error 1.811667 %
epoch 115, minibatch 1200/1200, validation error 1.871667 %
epoch 116, minibatch 1200/1200, validation error 2.055000 %
epoch 117, minibatch 1200/1200, validation error 1.920000 %
epoch 118, minibatch 1200/1200, validation error 1.838333 %
epoch 119, minibatch 1200/1200, validation error 1.903333 %
epoch 120, minibatch 1200/1200, validation error 1.838333 %
epoch 121, minibatch 1200/1200, validation error 1.886667 %
epoch 122, minibatch 1200/1200, validation error 1.923333 %
epoch 123, minibatch 1200/1200, validation error 1.878333 %
epoch 124, minibatch 1200/1200, validation error 1.953333 %
epoch 125, minibatch 1200/1200, validation error 1.845000 %
epoch 126, minibatch 1200/1200, validation error 1.926667 %
epoch 127, minibatch 1200/1200, validation error 1.881667 %
epoch 128, minibatch 1200/1200, validation error 1.805000 %
epoch 129, minibatch 1200/1200, validation error 1.836667 %
epoch 130, minibatch 1200/1200, validation error 1.871667 %
epoch 131, minibatch 1200/1200, validation error 1.913333 %
epoch 132, minibatch 1200/1200, validation error 1.831667 %
epoch 133, minibatch 1200/1200, validation error 1.861667 %
epoch 134, minibatch 1200/1200, validation error 1.801667 %
epoch 135, minibatch 1200/1200, validation error 1.855000 %
epoch 136, minibatch 1200/1200, validation error 1.863333 %
epoch 137, minibatch 1200/1200, validation error 1.828333 %
epoch 138, minibatch 1200/1200, validation error 1.948333 %
epoch 139, minibatch 1200/1200, validation error 1.958333 %
epoch 140, minibatch 1200/1200, validation error 1.886667 %
epoch 141, minibatch 1200/1200, validation error 1.860000 %
epoch 142, minibatch 1200/1200, validation error 1.925000 %
epoch 143, minibatch 1200/1200, validation error 1.793333 %
epoch 144, minibatch 1200/1200, validation error 1.913333 %
epoch 145, minibatch 1200/1200, validation error 1.921667 %
epoch 146, minibatch 1200/1200, validation error 1.863333 %
epoch 147, minibatch 1200/1200, validation error 1.865000 %
epoch 148, minibatch 1200/1200, validation error 1.808333 %
epoch 149, minibatch 1200/1200, validation error 1.943333 %
epoch 150, minibatch 1200/1200, validation error 1.948333 %
epoch 151, minibatch 1200/1200, validation error 1.888333 %
epoch 152, minibatch 1200/1200, validation error 1.901667 %
epoch 153, minibatch 1200/1200, validation error 1.933333 %
epoch 154, minibatch 1200/1200, validation error 1.981667 %
epoch 155, minibatch 1200/1200, validation error 1.935000 %
epoch 156, minibatch 1200/1200, validation error 1.871667 %
epoch 157, minibatch 1200/1200, validation error 1.940000 %
epoch 158, minibatch 1200/1200, validation error 1.960000 %
epoch 159, minibatch 1200/1200, validation error 1.833333 %
epoch 160, minibatch 1200/1200, validation error 1.778333 %
epoch 161, minibatch 1200/1200, validation error 1.928333 %
epoch 162, minibatch 1200/1200, validation error 1.905000 %
epoch 163, minibatch 1200/1200, validation error 1.843333 %
epoch 164, minibatch 1200/1200, validation error 1.778333 %
epoch 165, minibatch 1200/1200, validation error 1.951667 %
epoch 166, minibatch 1200/1200, validation error 1.933333 %
epoch 167, minibatch 1200/1200, validation error 2.083333 %
epoch 168, minibatch 1200/1200, validation error 1.871667 %
epoch 169, minibatch 1200/1200, validation error 1.841667 %
epoch 170, minibatch 1200/1200, validation error 1.920000 %
epoch 171, minibatch 1200/1200, validation error 1.810000 %
epoch 172, minibatch 1200/1200, validation error 1.853333 %
epoch 173, minibatch 1200/1200, validation error 1.763333 %
epoch 174, minibatch 1200/1200, validation error 1.713333 %
epoch 175, minibatch 1200/1200, validation error 1.876667 %
epoch 176, minibatch 1200/1200, validation error 1.965000 %
epoch 177, minibatch 1200/1200, validation error 1.895000 %
epoch 178, minibatch 1200/1200, validation error 1.910000 %
epoch 179, minibatch 1200/1200, validation error 1.786667 %
epoch 180, minibatch 1200/1200, validation error 1.895000 %
epoch 181, minibatch 1200/1200, validation error 1.898333 %
epoch 182, minibatch 1200/1200, validation error 1.850000 %
epoch 183, minibatch 1200/1200, validation error 1.916667 %
epoch 184, minibatch 1200/1200, validation error 1.851667 %
epoch 185, minibatch 1200/1200, validation error 1.845000 %
epoch 186, minibatch 1200/1200, validation error 2.050000 %
epoch 187, minibatch 1200/1200, validation error 1.878333 %
epoch 188, minibatch 1200/1200, validation error 1.888333 %
epoch 189, minibatch 1200/1200, validation error 1.925000 %
epoch 190, minibatch 1200/1200, validation error 1.955000 %
epoch 191, minibatch 1200/1200, validation error 1.855000 %
epoch 192, minibatch 1200/1200, validation error 1.866667 %
epoch 193, minibatch 1200/1200, validation error 2.025000 %
epoch 194, minibatch 1200/1200, validation error 2.135000 %
epoch 195, minibatch 1200/1200, validation error 1.968333 %
epoch 196, minibatch 1200/1200, validation error 2.018333 %
epoch 197, minibatch 1200/1200, validation error 1.928333 %
epoch 198, minibatch 1200/1200, validation error 1.830000 %
epoch 199, minibatch 1200/1200, validation error 1.880000 %
epoch 200, minibatch 1200/1200, validation error 1.900000 %
epoch 201, minibatch 1200/1200, validation error 1.933333 %
epoch 202, minibatch 1200/1200, validation error 1.878333 %
epoch 203, minibatch 1200/1200, validation error 1.843333 %
epoch 204, minibatch 1200/1200, validation error 2.073333 %
epoch 205, minibatch 1200/1200, validation error 2.148333 %
epoch 206, minibatch 1200/1200, validation error 1.996667 %
epoch 207, minibatch 1200/1200, validation error 2.036667 %
epoch 208, minibatch 1200/1200, validation error 1.918333 %
epoch 209, minibatch 1200/1200, validation error 2.005000 %
epoch 210, minibatch 1200/1200, validation error 1.868333 %
epoch 211, minibatch 1200/1200, validation error 1.868333 %
epoch 212, minibatch 1200/1200, validation error 1.935000 %
epoch 213, minibatch 1200/1200, validation error 1.961667 %
epoch 214, minibatch 1200/1200, validation error 1.981667 %
epoch 215, minibatch 1200/1200, validation error 1.953333 %
epoch 216, minibatch 1200/1200, validation error 1.911667 %
epoch 217, minibatch 1200/1200, validation error 1.816667 %
epoch 218, minibatch 1200/1200, validation error 2.015000 %
epoch 219, minibatch 1200/1200, validation error 1.886667 %
epoch 220, minibatch 1200/1200, validation error 1.840000 %
epoch 221, minibatch 1200/1200, validation error 1.990000 %
epoch 222, minibatch 1200/1200, validation error 1.986667 %
epoch 223, minibatch 1200/1200, validation error 1.880000 %
epoch 224, minibatch 1200/1200, validation error 1.871667 %
epoch 225, minibatch 1200/1200, validation error 1.971667 %
epoch 226, minibatch 1200/1200, validation error 2.070000 %
epoch 227, minibatch 1200/1200, validation error 2.075000 %
epoch 228, minibatch 1200/1200, validation error 2.080000 %
epoch 229, minibatch 1200/1200, validation error 1.851667 %
epoch 230, minibatch 1200/1200, validation error 2.010000 %
epoch 231, minibatch 1200/1200, validation error 1.948333 %
epoch 232, minibatch 1200/1200, validation error 1.958333 %
epoch 233, minibatch 1200/1200, validation error 2.093333 %
epoch 234, minibatch 1200/1200, validation error 1.895000 %
epoch 235, minibatch 1200/1200, validation error 1.895000 %
epoch 236, minibatch 1200/1200, validation error 2.031667 %
epoch 237, minibatch 1200/1200, validation error 1.780000 %
epoch 238, minibatch 1200/1200, validation error 1.958333 %
epoch 239, minibatch 1200/1200, validation error 2.036667 %
epoch 240, minibatch 1200/1200, validation error 1.978333 %
epoch 241, minibatch 1200/1200, validation error 2.046667 %
epoch 242, minibatch 1200/1200, validation error 1.856667 %
epoch 243, minibatch 1200/1200, validation error 1.955000 %
epoch 244, minibatch 1200/1200, validation error 1.825000 %
epoch 245, minibatch 1200/1200, validation error 1.891667 %
epoch 246, minibatch 1200/1200, validation error 1.920000 %
epoch 247, minibatch 1200/1200, validation error 1.995000 %
epoch 248, minibatch 1200/1200, validation error 1.968333 %
epoch 249, minibatch 1200/1200, validation error 2.008333 %
epoch 250, minibatch 1200/1200, validation error 1.836667 %
epoch 251, minibatch 1200/1200, validation error 1.858333 %
epoch 252, minibatch 1200/1200, validation error 1.958333 %
epoch 253, minibatch 1200/1200, validation error 1.946667 %
epoch 254, minibatch 1200/1200, validation error 1.911667 %
epoch 255, minibatch 1200/1200, validation error 1.985000 %
epoch 256, minibatch 1200/1200, validation error 1.905000 %
epoch 257, minibatch 1200/1200, validation error 1.988333 %
epoch 258, minibatch 1200/1200, validation error 1.976667 %
epoch 259, minibatch 1200/1200, validation error 1.930000 %
epoch 260, minibatch 1200/1200, validation error 2.106667 %
epoch 261, minibatch 1200/1200, validation error 2.161667 %
epoch 262, minibatch 1200/1200, validation error 1.928333 %
epoch 263, minibatch 1200/1200, validation error 1.961667 %
epoch 264, minibatch 1200/1200, validation error 1.898333 %
epoch 265, minibatch 1200/1200, validation error 1.976667 %
epoch 266, minibatch 1200/1200, validation error 1.963333 %
epoch 267, minibatch 1200/1200, validation error 1.868333 %
epoch 268, minibatch 1200/1200, validation error 2.075000 %
epoch 269, minibatch 1200/1200, validation error 1.926667 %
epoch 270, minibatch 1200/1200, validation error 1.873333 %
epoch 271, minibatch 1200/1200, validation error 1.910000 %
epoch 272, minibatch 1200/1200, validation error 1.916667 %
epoch 273, minibatch 1200/1200, validation error 2.041667 %
epoch 274, minibatch 1200/1200, validation error 1.860000 %
epoch 275, minibatch 1200/1200, validation error 1.916667 %
epoch 276, minibatch 1200/1200, validation error 1.933333 %
epoch 277, minibatch 1200/1200, validation error 2.090000 %
epoch 278, minibatch 1200/1200, validation error 2.006667 %
epoch 279, minibatch 1200/1200, validation error 1.890000 %
epoch 280, minibatch 1200/1200, validation error 1.901667 %
epoch 281, minibatch 1200/1200, validation error 2.013333 %
epoch 282, minibatch 1200/1200, validation error 1.976667 %
epoch 283, minibatch 1200/1200, validation error 1.928333 %
epoch 284, minibatch 1200/1200, validation error 2.088333 %
epoch 285, minibatch 1200/1200, validation error 1.798333 %
epoch 286, minibatch 1200/1200, validation error 2.071667 %
epoch 287, minibatch 1200/1200, validation error 1.891667 %
epoch 288, minibatch 1200/1200, validation error 2.033333 %
epoch 289, minibatch 1200/1200, validation error 1.825000 %
epoch 290, minibatch 1200/1200, validation error 1.881667 %
epoch 291, minibatch 1200/1200, validation error 1.910000 %
epoch 292, minibatch 1200/1200, validation error 2.161667 %
epoch 293, minibatch 1200/1200, validation error 1.981667 %
epoch 294, minibatch 1200/1200, validation error 1.885000 %
epoch 295, minibatch 1200/1200, validation error 2.023333 %
epoch 296, minibatch 1200/1200, validation error 1.948333 %
epoch 297, minibatch 1200/1200, validation error 1.938333 %
epoch 298, minibatch 1200/1200, validation error 1.861667 %
epoch 299, minibatch 1200/1200, validation error 1.858333 %
epoch 300, minibatch 1200/1200, validation error 1.923333 %
epoch 301, minibatch 1200/1200, validation error 1.865000 %
epoch 302, minibatch 1200/1200, validation error 1.913333 %
epoch 303, minibatch 1200/1200, validation error 1.940000 %
epoch 304, minibatch 1200/1200, validation error 1.836667 %
epoch 305, minibatch 1200/1200, validation error 1.961667 %
epoch 306, minibatch 1200/1200, validation error 1.908333 %
epoch 307, minibatch 1200/1200, validation error 1.965000 %
epoch 308, minibatch 1200/1200, validation error 1.978333 %
epoch 309, minibatch 1200/1200, validation error 2.095000 %
epoch 310, minibatch 1200/1200, validation error 2.113333 %
epoch 311, minibatch 1200/1200, validation error 2.130000 %
epoch 312, minibatch 1200/1200, validation error 2.258333 %
epoch 313, minibatch 1200/1200, validation error 1.990000 %
epoch 314, minibatch 1200/1200, validation error 2.028333 %
epoch 315, minibatch 1200/1200, validation error 2.050000 %
epoch 316, minibatch 1200/1200, validation error 2.106667 %
epoch 317, minibatch 1200/1200, validation error 2.043333 %
epoch 318, minibatch 1200/1200, validation error 2.021667 %
epoch 319, minibatch 1200/1200, validation error 1.951667 %
epoch 320, minibatch 1200/1200, validation error 2.183333 %
epoch 321, minibatch 1200/1200, validation error 2.123333 %
epoch 322, minibatch 1200/1200, validation error 1.991667 %
epoch 323, minibatch 1200/1200, validation error 2.205000 %
epoch 324, minibatch 1200/1200, validation error 1.960000 %
epoch 325, minibatch 1200/1200, validation error 2.015000 %
epoch 326, minibatch 1200/1200, validation error 1.840000 %
epoch 327, minibatch 1200/1200, validation error 2.171667 %
epoch 328, minibatch 1200/1200, validation error 2.070000 %
epoch 329, minibatch 1200/1200, validation error 2.051667 %
epoch 330, minibatch 1200/1200, validation error 2.108333 %
epoch 331, minibatch 1200/1200, validation error 2.101667 %
epoch 332, minibatch 1200/1200, validation error 1.958333 %
epoch 333, minibatch 1200/1200, validation error 1.990000 %
epoch 334, minibatch 1200/1200, validation error 2.076667 %
epoch 335, minibatch 1200/1200, validation error 1.936667 %
epoch 336, minibatch 1200/1200, validation error 2.065000 %
epoch 337, minibatch 1200/1200, validation error 2.013333 %
epoch 338, minibatch 1200/1200, validation error 2.065000 %
epoch 339, minibatch 1200/1200, validation error 2.273333 %
epoch 340, minibatch 1200/1200, validation error 1.973333 %
epoch 341, minibatch 1200/1200, validation error 1.975000 %
epoch 342, minibatch 1200/1200, validation error 2.015000 %
epoch 343, minibatch 1200/1200, validation error 2.083333 %
epoch 344, minibatch 1200/1200, validation error 2.020000 %
epoch 345, minibatch 1200/1200, validation error 2.408333 %
epoch 346, minibatch 1200/1200, validation error 2.066667 %
epoch 347, minibatch 1200/1200, validation error 2.265000 %
epoch 348, minibatch 1200/1200, validation error 2.121667 %
epoch 349, minibatch 1200/1200, validation error 2.066667 %
epoch 350, minibatch 1200/1200, validation error 2.085000 %
epoch 351, minibatch 1200/1200, validation error 1.955000 %
epoch 352, minibatch 1200/1200, validation error 1.918333 %
epoch 353, minibatch 1200/1200, validation error 2.033333 %
epoch 354, minibatch 1200/1200, validation error 2.153333 %
epoch 355, minibatch 1200/1200, validation error 1.965000 %
epoch 356, minibatch 1200/1200, validation error 2.040000 %
epoch 357, minibatch 1200/1200, validation error 2.171667 %
epoch 358, minibatch 1200/1200, validation error 2.021667 %
epoch 359, minibatch 1200/1200, validation error 1.946667 %
epoch 360, minibatch 1200/1200, validation error 2.008333 %
epoch 361, minibatch 1200/1200, validation error 2.086667 %
epoch 362, minibatch 1200/1200, validation error 2.051667 %
epoch 363, minibatch 1200/1200, validation error 1.911667 %
epoch 364, minibatch 1200/1200, validation error 1.991667 %
epoch 365, minibatch 1200/1200, validation error 2.053333 %
epoch 366, minibatch 1200/1200, validation error 2.055000 %
epoch 367, minibatch 1200/1200, validation error 2.005000 %
epoch 368, minibatch 1200/1200, validation error 2.193333 %
epoch 369, minibatch 1200/1200, validation error 1.923333 %
epoch 370, minibatch 1200/1200, validation error 2.071667 %
epoch 371, minibatch 1200/1200, validation error 2.058333 %
epoch 372, minibatch 1200/1200, validation error 2.001667 %
epoch 373, minibatch 1200/1200, validation error 2.146667 %
epoch 374, minibatch 1200/1200, validation error 2.085000 %
epoch 375, minibatch 1200/1200, validation error 2.086667 %
epoch 376, minibatch 1200/1200, validation error 2.210000 %
epoch 377, minibatch 1200/1200, validation error 2.120000 %
epoch 378, minibatch 1200/1200, validation error 2.091667 %
epoch 379, minibatch 1200/1200, validation error 2.223333 %
epoch 380, minibatch 1200/1200, validation error 2.120000 %
epoch 381, minibatch 1200/1200, validation error 2.143333 %
epoch 382, minibatch 1200/1200, validation error 2.048333 %
epoch 383, minibatch 1200/1200, validation error 2.186667 %
epoch 384, minibatch 1200/1200, validation error 1.948333 %
epoch 385, minibatch 1200/1200, validation error 2.025000 %
epoch 386, minibatch 1200/1200, validation error 2.045000 %
epoch 387, minibatch 1200/1200, validation error 1.928333 %
epoch 388, minibatch 1200/1200, validation error 2.093333 %
epoch 389, minibatch 1200/1200, validation error 2.071667 %
epoch 390, minibatch 1200/1200, validation error 2.048333 %
epoch 391, minibatch 1200/1200, validation error 2.096667 %
epoch 392, minibatch 1200/1200, validation error 2.031667 %
epoch 393, minibatch 1200/1200, validation error 1.995000 %
epoch 394, minibatch 1200/1200, validation error 1.928333 %
epoch 395, minibatch 1200/1200, validation error 2.090000 %
epoch 396, minibatch 1200/1200, validation error 1.990000 %
epoch 397, minibatch 1200/1200, validation error 2.120000 %
epoch 398, minibatch 1200/1200, validation error 2.215000 %
epoch 399, minibatch 1200/1200, validation error 2.003333 %
epoch 400, minibatch 1200/1200, validation error 1.961667 %
epoch 401, minibatch 1200/1200, validation error 2.045000 %
epoch 402, minibatch 1200/1200, validation error 2.275000 %
epoch 403, minibatch 1200/1200, validation error 2.056667 %
epoch 404, minibatch 1200/1200, validation error 2.070000 %
epoch 405, minibatch 1200/1200, validation error 2.130000 %
epoch 406, minibatch 1200/1200, validation error 2.095000 %
epoch 407, minibatch 1200/1200, validation error 2.158333 %
epoch 408, minibatch 1200/1200, validation error 2.038333 %
epoch 409, minibatch 1200/1200, validation error 2.046667 %
epoch 410, minibatch 1200/1200, validation error 1.990000 %
epoch 411, minibatch 1200/1200, validation error 1.998333 %
epoch 412, minibatch 1200/1200, validation error 1.998333 %
epoch 413, minibatch 1200/1200, validation error 1.971667 %
epoch 414, minibatch 1200/1200, validation error 2.025000 %
epoch 415, minibatch 1200/1200, validation error 1.980000 %
epoch 416, minibatch 1200/1200, validation error 2.068333 %
epoch 417, minibatch 1200/1200, validation error 1.913333 %
epoch 418, minibatch 1200/1200, validation error 1.858333 %
epoch 419, minibatch 1200/1200, validation error 2.028333 %
epoch 420, minibatch 1200/1200, validation error 2.030000 %
epoch 421, minibatch 1200/1200, validation error 2.091667 %
epoch 422, minibatch 1200/1200, validation error 2.056667 %
epoch 423, minibatch 1200/1200, validation error 1.961667 %
epoch 424, minibatch 1200/1200, validation error 2.378333 %
epoch 425, minibatch 1200/1200, validation error 2.148333 %
epoch 426, minibatch 1200/1200, validation error 2.115000 %
epoch 427, minibatch 1200/1200, validation error 2.285000 %
epoch 428, minibatch 1200/1200, validation error 2.063333 %
epoch 429, minibatch 1200/1200, validation error 2.185000 %
epoch 430, minibatch 1200/1200, validation error 2.218333 %
epoch 431, minibatch 1200/1200, validation error 2.346667 %
epoch 432, minibatch 1200/1200, validation error 2.130000 %
epoch 433, minibatch 1200/1200, validation error 2.075000 %
epoch 434, minibatch 1200/1200, validation error 2.010000 %
epoch 435, minibatch 1200/1200, validation error 2.053333 %
epoch 436, minibatch 1200/1200, validation error 2.153333 %
epoch 437, minibatch 1200/1200, validation error 2.071667 %
epoch 438, minibatch 1200/1200, validation error 2.075000 %
epoch 439, minibatch 1200/1200, validation error 2.271667 %
epoch 440, minibatch 1200/1200, validation error 2.198333 %
epoch 441, minibatch 1200/1200, validation error 2.105000 %
epoch 442, minibatch 1200/1200, validation error 2.115000 %
epoch 443, minibatch 1200/1200, validation error 2.300000 %
epoch 444, minibatch 1200/1200, validation error 2.128333 %
epoch 445, minibatch 1200/1200, validation error 2.365000 %
epoch 446, minibatch 1200/1200, validation error 2.308333 %
epoch 447, minibatch 1200/1200, validation error 2.158333 %
epoch 448, minibatch 1200/1200, validation error 1.996667 %
epoch 449, minibatch 1200/1200, validation error 2.081667 %
epoch 450, minibatch 1200/1200, validation error 1.956667 %
epoch 451, minibatch 1200/1200, validation error 2.045000 %
epoch 452, minibatch 1200/1200, validation error 2.030000 %
epoch 453, minibatch 1200/1200, validation error 1.950000 %
epoch 454, minibatch 1200/1200, validation error 2.070000 %
epoch 455, minibatch 1200/1200, validation error 1.986667 %
epoch 456, minibatch 1200/1200, validation error 2.111667 %
epoch 457, minibatch 1200/1200, validation error 2.040000 %
epoch 458, minibatch 1200/1200, validation error 1.860000 %
epoch 459, minibatch 1200/1200, validation error 1.961667 %
epoch 460, minibatch 1200/1200, validation error 1.903333 %
epoch 461, minibatch 1200/1200, validation error 2.001667 %
epoch 462, minibatch 1200/1200, validation error 1.958333 %
epoch 463, minibatch 1200/1200, validation error 1.951667 %
epoch 464, minibatch 1200/1200, validation error 1.961667 %
epoch 465, minibatch 1200/1200, validation error 2.020000 %
epoch 466, minibatch 1200/1200, validation error 1.925000 %
epoch 467, minibatch 1200/1200, validation error 1.891667 %
epoch 468, minibatch 1200/1200, validation error 1.981667 %
epoch 469, minibatch 1200/1200, validation error 1.860000 %
epoch 470, minibatch 1200/1200, validation error 2.030000 %
epoch 471, minibatch 1200/1200, validation error 1.868333 %
epoch 472, minibatch 1200/1200, validation error 1.926667 %
epoch 473, minibatch 1200/1200, validation error 1.855000 %
epoch 474, minibatch 1200/1200, validation error 1.998333 %
epoch 475, minibatch 1200/1200, validation error 1.968333 %
epoch 476, minibatch 1200/1200, validation error 1.905000 %
epoch 477, minibatch 1200/1200, validation error 2.036667 %
epoch 478, minibatch 1200/1200, validation error 1.971667 %
epoch 479, minibatch 1200/1200, validation error 1.996667 %
epoch 480, minibatch 1200/1200, validation error 2.001667 %
epoch 481, minibatch 1200/1200, validation error 1.910000 %
epoch 482, minibatch 1200/1200, validation error 2.006667 %
epoch 483, minibatch 1200/1200, validation error 2.138333 %
epoch 484, minibatch 1200/1200, validation error 2.018333 %
epoch 485, minibatch 1200/1200, validation error 2.148333 %
epoch 486, minibatch 1200/1200, validation error 2.000000 %
epoch 487, minibatch 1200/1200, validation error 2.050000 %
epoch 488, minibatch 1200/1200, validation error 2.148333 %
epoch 489, minibatch 1200/1200, validation error 2.105000 %
epoch 490, minibatch 1200/1200, validation error 2.006667 %
epoch 491, minibatch 1200/1200, validation error 2.030000 %
epoch 492, minibatch 1200/1200, validation error 2.096667 %
epoch 493, minibatch 1200/1200, validation error 2.106667 %
epoch 494, minibatch 1200/1200, validation error 2.218333 %
epoch 495, minibatch 1200/1200, validation error 2.008333 %
epoch 496, minibatch 1200/1200, validation error 2.201667 %
epoch 497, minibatch 1200/1200, validation error 2.120000 %
epoch 498, minibatch 1200/1200, validation error 2.261667 %
epoch 499, minibatch 1200/1200, validation error 1.913333 %
epoch 500, minibatch 1200/1200, validation error 2.010000 %
Optimization complete. Best validation score of 1.638333 % obtained at iteration 56400, with test performance 1.696970 %
