... loading data
training samples: 60000
... building the model
... normal training
.... generating models
..... eval
..... train
..... test
.... started
..transforming dataset
epoch 1, minibatch 600/600, validation error 16.664995 %
     epoch 1, minibatch 600/600, test error of best model 16.670004 %
..transforming dataset
epoch 2, minibatch 600/600, validation error 8.970010 %
     epoch 2, minibatch 600/600, test error of best model 8.870001 %
..transforming dataset
epoch 3, minibatch 600/600, validation error 7.181672 %
     epoch 3, minibatch 600/600, test error of best model 7.120001 %
..transforming dataset
epoch 4, minibatch 600/600, validation error 7.188343 %
..transforming dataset
epoch 5, minibatch 600/600, validation error 5.066673 %
     epoch 5, minibatch 600/600, test error of best model 4.990001 %
..transforming dataset
epoch 6, minibatch 600/600, validation error 4.113344 %
     epoch 6, minibatch 600/600, test error of best model 4.509999 %
..transforming dataset
epoch 7, minibatch 600/600, validation error 5.803335 %
..transforming dataset
epoch 8, minibatch 600/600, validation error 3.955011 %
     epoch 8, minibatch 600/600, test error of best model 4.269999 %
..transforming dataset
epoch 9, minibatch 600/600, validation error 5.401672 %
..transforming dataset
epoch 10, minibatch 600/600, validation error 4.341679 %
..transforming dataset
epoch 11, minibatch 600/600, validation error 2.711676 %
     epoch 11, minibatch 600/600, test error of best model 3.179998 %
..transforming dataset
epoch 12, minibatch 600/600, validation error 2.995009 %
..transforming dataset
epoch 13, minibatch 600/600, validation error 4.320011 %
..transforming dataset
epoch 14, minibatch 600/600, validation error 2.251675 %
     epoch 14, minibatch 600/600, test error of best model 2.799999 %
..transforming dataset
epoch 15, minibatch 600/600, validation error 1.950007 %
     epoch 15, minibatch 600/600, test error of best model 2.719999 %
..transforming dataset
epoch 16, minibatch 600/600, validation error 4.250012 %
..transforming dataset
epoch 17, minibatch 600/600, validation error 4.753345 %
..transforming dataset
epoch 18, minibatch 600/600, validation error 3.141677 %
..transforming dataset
epoch 19, minibatch 600/600, validation error 2.621675 %
..transforming dataset
epoch 20, minibatch 600/600, validation error 1.870007 %
     epoch 20, minibatch 600/600, test error of best model 2.359999 %
..transforming dataset
epoch 21, minibatch 600/600, validation error 2.196674 %
..transforming dataset
epoch 22, minibatch 600/600, validation error 1.591673 %
     epoch 22, minibatch 600/600, test error of best model 2.359999 %
..transforming dataset
epoch 23, minibatch 600/600, validation error 2.178341 %
..transforming dataset
epoch 24, minibatch 600/600, validation error 2.396674 %
..transforming dataset
epoch 25, minibatch 600/600, validation error 1.566672 %
     epoch 25, minibatch 600/600, test error of best model 2.119999 %
..transforming dataset
epoch 26, minibatch 600/600, validation error 2.866676 %
..transforming dataset
epoch 27, minibatch 600/600, validation error 1.355005 %
     epoch 27, minibatch 600/600, test error of best model 1.899999 %
..transforming dataset
epoch 28, minibatch 600/600, validation error 1.391672 %
..transforming dataset
epoch 29, minibatch 600/600, validation error 2.535008 %
..transforming dataset
epoch 30, minibatch 600/600, validation error 2.146676 %
..transforming dataset
epoch 31, minibatch 600/600, validation error 1.216671 %
     epoch 31, minibatch 600/600, test error of best model 2.049999 %
..transforming dataset
epoch 32, minibatch 600/600, validation error 1.060003 %
     epoch 32, minibatch 600/600, test error of best model 1.849999 %
..transforming dataset
epoch 33, minibatch 600/600, validation error 1.716674 %
..transforming dataset
epoch 34, minibatch 600/600, validation error 2.196673 %
..transforming dataset
epoch 35, minibatch 600/600, validation error 1.010002 %
     epoch 35, minibatch 600/600, test error of best model 1.859999 %
..transforming dataset
epoch 36, minibatch 600/600, validation error 1.303338 %
..transforming dataset
epoch 37, minibatch 600/600, validation error 2.801675 %
..transforming dataset
epoch 38, minibatch 600/600, validation error 1.335005 %
..transforming dataset
epoch 39, minibatch 600/600, validation error 0.908335 %
     epoch 39, minibatch 600/600, test error of best model 1.779999 %
..transforming dataset
epoch 40, minibatch 600/600, validation error 1.041669 %
..transforming dataset
epoch 41, minibatch 600/600, validation error 1.011669 %
..transforming dataset
epoch 42, minibatch 600/600, validation error 2.433341 %
..transforming dataset
epoch 43, minibatch 600/600, validation error 1.026670 %
..transforming dataset
epoch 44, minibatch 600/600, validation error 1.153336 %
..transforming dataset
epoch 45, minibatch 600/600, validation error 2.025007 %
..transforming dataset
epoch 46, minibatch 600/600, validation error 1.065003 %
..transforming dataset
epoch 47, minibatch 600/600, validation error 0.928335 %
..transforming dataset
epoch 48, minibatch 600/600, validation error 0.930002 %
..transforming dataset
epoch 49, minibatch 600/600, validation error 0.634999 %
     epoch 49, minibatch 600/600, test error of best model 1.559999 %
..transforming dataset
epoch 50, minibatch 600/600, validation error 1.980008 %
..transforming dataset
epoch 51, minibatch 600/600, validation error 1.498339 %
..transforming dataset
epoch 52, minibatch 600/600, validation error 1.066670 %
..transforming dataset
epoch 53, minibatch 600/600, validation error 1.620007 %
..transforming dataset
epoch 54, minibatch 600/600, validation error 1.506673 %
..transforming dataset
epoch 55, minibatch 600/600, validation error 0.781667 %
..transforming dataset
epoch 56, minibatch 600/600, validation error 0.528333 %
     epoch 56, minibatch 600/600, test error of best model 1.469999 %
..transforming dataset
epoch 57, minibatch 600/600, validation error 1.166670 %
..transforming dataset
epoch 58, minibatch 600/600, validation error 1.748340 %
..transforming dataset
epoch 59, minibatch 600/600, validation error 0.690000 %
..transforming dataset
epoch 60, minibatch 600/600, validation error 0.921669 %
..transforming dataset
epoch 61, minibatch 600/600, validation error 1.515006 %
..transforming dataset
epoch 62, minibatch 600/600, validation error 0.805001 %
..transforming dataset
epoch 63, minibatch 600/600, validation error 0.751667 %
..transforming dataset
epoch 64, minibatch 600/600, validation error 0.600000 %
..transforming dataset
epoch 65, minibatch 600/600, validation error 0.823335 %
..transforming dataset
epoch 66, minibatch 600/600, validation error 0.773334 %
..transforming dataset
epoch 67, minibatch 600/600, validation error 0.386666 %
     epoch 67, minibatch 600/600, test error of best model 1.280000 %
..transforming dataset
epoch 68, minibatch 600/600, validation error 0.431666 %
..transforming dataset
epoch 69, minibatch 600/600, validation error 0.725000 %
..transforming dataset
epoch 70, minibatch 600/600, validation error 0.780001 %
..transforming dataset
epoch 71, minibatch 600/600, validation error 1.043336 %
..transforming dataset
epoch 72, minibatch 600/600, validation error 0.725000 %
..transforming dataset
epoch 73, minibatch 600/600, validation error 0.629999 %
..transforming dataset
epoch 74, minibatch 600/600, validation error 0.540000 %
..transforming dataset
epoch 75, minibatch 600/600, validation error 0.515000 %
..transforming dataset
epoch 76, minibatch 600/600, validation error 0.678333 %
..transforming dataset
epoch 77, minibatch 600/600, validation error 0.485000 %
..transforming dataset
epoch 78, minibatch 600/600, validation error 0.521666 %
..transforming dataset
epoch 79, minibatch 600/600, validation error 0.358333 %
     epoch 79, minibatch 600/600, test error of best model 1.300000 %
..transforming dataset
epoch 80, minibatch 600/600, validation error 0.571666 %
..transforming dataset
epoch 81, minibatch 600/600, validation error 0.535000 %
..transforming dataset
epoch 82, minibatch 600/600, validation error 0.430000 %
..transforming dataset
epoch 83, minibatch 600/600, validation error 0.701667 %
..transforming dataset
epoch 84, minibatch 600/600, validation error 0.808334 %
..transforming dataset
epoch 85, minibatch 600/600, validation error 1.163337 %
..transforming dataset
epoch 86, minibatch 600/600, validation error 0.323333 %
     epoch 86, minibatch 600/600, test error of best model 1.289999 %
..transforming dataset
epoch 87, minibatch 600/600, validation error 0.623333 %
..transforming dataset
epoch 88, minibatch 600/600, validation error 0.383333 %
..transforming dataset
epoch 89, minibatch 600/600, validation error 0.976669 %
..transforming dataset
epoch 90, minibatch 600/600, validation error 0.575000 %
..transforming dataset
epoch 91, minibatch 600/600, validation error 0.633333 %
..transforming dataset
epoch 92, minibatch 600/600, validation error 0.263333 %
     epoch 92, minibatch 600/600, test error of best model 1.230000 %
..transforming dataset
epoch 93, minibatch 600/600, validation error 0.505000 %
..transforming dataset
epoch 94, minibatch 600/600, validation error 0.475000 %
..transforming dataset
epoch 95, minibatch 600/600, validation error 0.231667 %
     epoch 95, minibatch 600/600, test error of best model 1.339999 %
..transforming dataset
epoch 96, minibatch 600/600, validation error 0.375000 %
..transforming dataset
epoch 97, minibatch 600/600, validation error 0.420000 %
..transforming dataset
epoch 98, minibatch 600/600, validation error 0.960002 %
..transforming dataset
epoch 99, minibatch 600/600, validation error 0.515000 %
..transforming dataset
epoch 100, minibatch 600/600, validation error 0.265000 %
..transforming dataset
epoch 101, minibatch 600/600, validation error 0.548333 %
..transforming dataset
epoch 102, minibatch 600/600, validation error 0.351666 %
..transforming dataset
epoch 103, minibatch 600/600, validation error 0.570000 %
..transforming dataset
epoch 104, minibatch 600/600, validation error 0.705000 %
..transforming dataset
epoch 105, minibatch 600/600, validation error 0.571666 %
..transforming dataset
epoch 106, minibatch 600/600, validation error 0.378333 %
..transforming dataset
epoch 107, minibatch 600/600, validation error 0.403333 %
..transforming dataset
epoch 108, minibatch 600/600, validation error 0.246666 %
..transforming dataset
epoch 109, minibatch 600/600, validation error 0.323333 %
..transforming dataset
epoch 110, minibatch 600/600, validation error 0.483333 %
..transforming dataset
epoch 111, minibatch 600/600, validation error 0.326666 %
..transforming dataset
epoch 112, minibatch 600/600, validation error 0.550000 %
..transforming dataset
epoch 113, minibatch 600/600, validation error 0.585000 %
..transforming dataset
epoch 114, minibatch 600/600, validation error 0.406666 %
..transforming dataset
epoch 115, minibatch 600/600, validation error 0.295000 %
..transforming dataset
epoch 116, minibatch 600/600, validation error 0.241666 %
..transforming dataset
epoch 117, minibatch 600/600, validation error 0.261666 %
..transforming dataset
epoch 118, minibatch 600/600, validation error 0.245000 %
..transforming dataset
epoch 119, minibatch 600/600, validation error 0.380000 %
..transforming dataset
epoch 120, minibatch 600/600, validation error 0.330000 %
..transforming dataset
epoch 121, minibatch 600/600, validation error 0.525000 %
..transforming dataset
epoch 122, minibatch 600/600, validation error 0.293333 %
..transforming dataset
epoch 123, minibatch 600/600, validation error 0.358333 %
..transforming dataset
epoch 124, minibatch 600/600, validation error 0.450000 %
..transforming dataset
epoch 125, minibatch 600/600, validation error 0.418333 %
..transforming dataset
epoch 126, minibatch 600/600, validation error 0.286666 %
..transforming dataset
epoch 127, minibatch 600/600, validation error 0.325000 %
..transforming dataset
epoch 128, minibatch 600/600, validation error 0.143333 %
     epoch 128, minibatch 600/600, test error of best model 1.239999 %
..transforming dataset
epoch 129, minibatch 600/600, validation error 0.263333 %
..transforming dataset
epoch 130, minibatch 600/600, validation error 0.385000 %
..transforming dataset
epoch 131, minibatch 600/600, validation error 0.358333 %
..transforming dataset
epoch 132, minibatch 600/600, validation error 0.176667 %
..transforming dataset
epoch 133, minibatch 600/600, validation error 0.250000 %
..transforming dataset
epoch 134, minibatch 600/600, validation error 0.490000 %
..transforming dataset
epoch 135, minibatch 600/600, validation error 0.161667 %
..transforming dataset
epoch 136, minibatch 600/600, validation error 0.240000 %
..transforming dataset
epoch 137, minibatch 600/600, validation error 0.386666 %
..transforming dataset
epoch 138, minibatch 600/600, validation error 0.176667 %
..transforming dataset
epoch 139, minibatch 600/600, validation error 0.233333 %
..transforming dataset
epoch 140, minibatch 600/600, validation error 0.325000 %
..transforming dataset
epoch 141, minibatch 600/600, validation error 0.203333 %
..transforming dataset
epoch 142, minibatch 600/600, validation error 0.173333 %
..transforming dataset
epoch 143, minibatch 600/600, validation error 0.441666 %
..transforming dataset
epoch 144, minibatch 600/600, validation error 0.158333 %
..transforming dataset
epoch 145, minibatch 600/600, validation error 0.310000 %
..transforming dataset
epoch 146, minibatch 600/600, validation error 0.155000 %
..transforming dataset
epoch 147, minibatch 600/600, validation error 0.230000 %
..transforming dataset
epoch 148, minibatch 600/600, validation error 0.340000 %
..transforming dataset
epoch 149, minibatch 600/600, validation error 0.403333 %
..transforming dataset
epoch 150, minibatch 600/600, validation error 0.423333 %
..transforming dataset
epoch 151, minibatch 600/600, validation error 0.211667 %
..transforming dataset
epoch 152, minibatch 600/600, validation error 0.228333 %
..transforming dataset
epoch 153, minibatch 600/600, validation error 0.160000 %
..transforming dataset
epoch 154, minibatch 600/600, validation error 0.238333 %
..transforming dataset
epoch 155, minibatch 600/600, validation error 0.170000 %
..transforming dataset
epoch 156, minibatch 600/600, validation error 0.268333 %
..transforming dataset
epoch 157, minibatch 600/600, validation error 0.205000 %
..transforming dataset
epoch 158, minibatch 600/600, validation error 0.131667 %
     epoch 158, minibatch 600/600, test error of best model 1.110000 %
..transforming dataset
epoch 159, minibatch 600/600, validation error 0.301666 %
..transforming dataset
epoch 160, minibatch 600/600, validation error 0.388333 %
..transforming dataset
epoch 161, minibatch 600/600, validation error 0.180000 %
..transforming dataset
epoch 162, minibatch 600/600, validation error 0.200000 %
..transforming dataset
epoch 163, minibatch 600/600, validation error 0.186667 %
..transforming dataset
epoch 164, minibatch 600/600, validation error 0.226667 %
..transforming dataset
epoch 165, minibatch 600/600, validation error 0.166667 %
..transforming dataset
epoch 166, minibatch 600/600, validation error 0.085000 %
     epoch 166, minibatch 600/600, test error of best model 0.930000 %
..transforming dataset
epoch 167, minibatch 600/600, validation error 0.203333 %
..transforming dataset
epoch 168, minibatch 600/600, validation error 0.181667 %
..transforming dataset
epoch 169, minibatch 600/600, validation error 0.433333 %
..transforming dataset
epoch 170, minibatch 600/600, validation error 0.151667 %
..transforming dataset
epoch 171, minibatch 600/600, validation error 0.116667 %
..transforming dataset
epoch 172, minibatch 600/600, validation error 0.115000 %
..transforming dataset
epoch 173, minibatch 600/600, validation error 0.283333 %
..transforming dataset
epoch 174, minibatch 600/600, validation error 0.156667 %
..transforming dataset
epoch 175, minibatch 600/600, validation error 0.116667 %
..transforming dataset
epoch 176, minibatch 600/600, validation error 0.166667 %
..transforming dataset
epoch 177, minibatch 600/600, validation error 0.116667 %
..transforming dataset
epoch 178, minibatch 600/600, validation error 0.186667 %
..transforming dataset
epoch 179, minibatch 600/600, validation error 0.211667 %
..transforming dataset
epoch 180, minibatch 600/600, validation error 0.083333 %
     epoch 180, minibatch 600/600, test error of best model 1.040000 %
..transforming dataset
epoch 181, minibatch 600/600, validation error 0.150000 %
..transforming dataset
