training member 0
training samples: 40000
... building the model
... normal training
.... generating models
..... eval
..... train
..... test
.... started
epoch 1, minibatch 312/312, validation error 71.925080 %
     epoch 1, minibatch 312/312, test error of best model 71.654648 %
t: 14.59
epoch 2, minibatch 312/312, validation error 65.364581 %
     epoch 2, minibatch 312/312, test error of best model 65.254408 %
t: 14.59
epoch 3, minibatch 312/312, validation error 59.595352 %
     epoch 3, minibatch 312/312, test error of best model 59.475160 %
t: 14.6
epoch 4, minibatch 312/312, validation error 52.413863 %
     epoch 4, minibatch 312/312, test error of best model 53.014821 %
t: 14.6
epoch 5, minibatch 312/312, validation error 50.520831 %
     epoch 5, minibatch 312/312, test error of best model 50.420672 %
t: 14.61
epoch 6, minibatch 312/312, validation error 47.676283 %
     epoch 6, minibatch 312/312, test error of best model 48.347357 %
t: 14.63
epoch 7, minibatch 312/312, validation error 44.130608 %
     epoch 7, minibatch 312/312, test error of best model 44.180688 %
t: 14.62
epoch 8, minibatch 312/312, validation error 43.549681 %
     epoch 8, minibatch 312/312, test error of best model 44.230768 %
t: 14.62
epoch 9, minibatch 312/312, validation error 40.434694 %
     epoch 9, minibatch 312/312, test error of best model 40.945512 %
t: 14.64
epoch 10, minibatch 312/312, validation error 39.172676 %
     epoch 10, minibatch 312/312, test error of best model 39.873797 %
t: 14.65
epoch 11, minibatch 312/312, validation error 38.301283 %
     epoch 11, minibatch 312/312, test error of best model 39.042467 %
t: 14.64
epoch 12, minibatch 312/312, validation error 37.520033 %
     epoch 12, minibatch 312/312, test error of best model 38.141027 %
t: 14.63
epoch 13, minibatch 312/312, validation error 36.939102 %
     epoch 13, minibatch 312/312, test error of best model 37.700319 %
t: 14.64
epoch 14, minibatch 312/312, validation error 35.667068 %
     epoch 14, minibatch 312/312, test error of best model 36.828926 %
t: 14.64
epoch 15, minibatch 312/312, validation error 35.466745 %
     epoch 15, minibatch 312/312, test error of best model 36.368188 %
t: 14.65
epoch 16, minibatch 312/312, validation error 35.196313 %
     epoch 16, minibatch 312/312, test error of best model 36.087739 %
t: 14.64
epoch 17, minibatch 312/312, validation error 35.196313 %
     epoch 17, minibatch 312/312, test error of best model 36.318108 %
t: 14.49
epoch 18, minibatch 312/312, validation error 35.216346 %
     epoch 18, minibatch 312/312, test error of best model 35.957533 %
t: 14.49
epoch 19, minibatch 312/312, validation error 34.955931 %
     epoch 19, minibatch 312/312, test error of best model 36.097756 %
t: 14.63
epoch 20, minibatch 312/312, validation error 35.056090 %
     epoch 20, minibatch 312/312, test error of best model 36.077723 %
t: 14.5
epoch 21, minibatch 312/312, validation error 34.875801 %
     epoch 21, minibatch 312/312, test error of best model 35.917467 %
t: 14.65
epoch 22, minibatch 312/312, validation error 34.935898 %
     epoch 22, minibatch 312/312, test error of best model 35.867387 %
t: 14.51
epoch 23, minibatch 312/312, validation error 34.885818 %
     epoch 23, minibatch 312/312, test error of best model 35.827324 %
t: 14.49
epoch 24, minibatch 312/312, validation error 34.865785 %
     epoch 24, minibatch 312/312, test error of best model 35.837340 %
t: 14.63
epoch 25, minibatch 312/312, validation error 34.815705 %
     epoch 25, minibatch 312/312, test error of best model 35.837340 %
t: 14.65
epoch 26, minibatch 312/312, validation error 34.765625 %
     epoch 26, minibatch 312/312, test error of best model 35.787261 %
t: 14.64
epoch 27, minibatch 312/312, validation error 34.785658 %
     epoch 27, minibatch 312/312, test error of best model 35.777244 %
t: 14.47
epoch 28, minibatch 312/312, validation error 34.815705 %
     epoch 28, minibatch 312/312, test error of best model 35.797277 %
t: 14.5
epoch 29, minibatch 312/312, validation error 34.835738 %
     epoch 29, minibatch 312/312, test error of best model 35.737181 %
t: 14.5
epoch 30, minibatch 312/312, validation error 34.865785 %
     epoch 30, minibatch 312/312, test error of best model 35.777244 %
t: 14.5
epoch 31, minibatch 312/312, validation error 34.845755 %
     epoch 31, minibatch 312/312, test error of best model 35.807291 %
t: 14.52
epoch 32, minibatch 312/312, validation error 34.805688 %
     epoch 32, minibatch 312/312, test error of best model 35.847357 %
t: 14.49
epoch 33, minibatch 312/312, validation error 34.795672 %
     epoch 33, minibatch 312/312, test error of best model 35.847357 %
t: 14.5
epoch 34, minibatch 312/312, validation error 34.745592 %
     epoch 34, minibatch 312/312, test error of best model 35.837340 %
t: 14.65
epoch 35, minibatch 312/312, validation error 34.725562 %
     epoch 35, minibatch 312/312, test error of best model 35.877404 %
t: 14.63
epoch 36, minibatch 312/312, validation error 34.745592 %
     epoch 36, minibatch 312/312, test error of best model 35.827324 %
t: 14.49
epoch 37, minibatch 312/312, validation error 34.795672 %
     epoch 37, minibatch 312/312, test error of best model 35.797277 %
t: 14.49
epoch 38, minibatch 312/312, validation error 34.755608 %
     epoch 38, minibatch 312/312, test error of best model 35.757211 %
t: 14.52
epoch 39, minibatch 312/312, validation error 34.735578 %
     epoch 39, minibatch 312/312, test error of best model 35.797277 %
t: 14.5
epoch 40, minibatch 312/312, validation error 34.665465 %
     epoch 40, minibatch 312/312, test error of best model 35.787261 %
t: 14.66
epoch 41, minibatch 312/312, validation error 34.675482 %
     epoch 41, minibatch 312/312, test error of best model 35.727164 %
t: 14.48
epoch 42, minibatch 312/312, validation error 34.675482 %
     epoch 42, minibatch 312/312, test error of best model 35.727164 %
t: 14.52
epoch 43, minibatch 312/312, validation error 34.605369 %
     epoch 43, minibatch 312/312, test error of best model 35.757211 %
t: 14.65
epoch 44, minibatch 312/312, validation error 34.555289 %
     epoch 44, minibatch 312/312, test error of best model 35.697114 %
t: 14.63
epoch 45, minibatch 312/312, validation error 34.535256 %
     epoch 45, minibatch 312/312, test error of best model 35.757211 %
t: 14.63
epoch 46, minibatch 312/312, validation error 34.545273 %
     epoch 46, minibatch 312/312, test error of best model 35.757211 %
t: 14.49
epoch 47, minibatch 312/312, validation error 34.545273 %
     epoch 47, minibatch 312/312, test error of best model 35.727164 %
t: 14.51
epoch 48, minibatch 312/312, validation error 34.505209 %
     epoch 48, minibatch 312/312, test error of best model 35.757211 %
t: 14.65
epoch 49, minibatch 312/312, validation error 34.495193 %
     epoch 49, minibatch 312/312, test error of best model 35.747194 %
t: 14.64
epoch 50, minibatch 312/312, validation error 34.515223 %
     epoch 50, minibatch 312/312, test error of best model 35.757211 %
t: 14.49
Optimization complete. Best validation score of 34.495193 % obtained at iteration 15288, epoch 49, with test performance 35.747194 %
training member 1
training samples: 40000
... building the model
... normal training
.... generating models
..... eval
..... train
..... test
.... started
epoch 1, minibatch 312/312, validation error 71.334136 %
     epoch 1, minibatch 312/312, test error of best model 71.344149 %
t: 14.69
epoch 2, minibatch 312/312, validation error 62.680286 %
     epoch 2, minibatch 312/312, test error of best model 63.070911 %
t: 14.69
epoch 3, minibatch 312/312, validation error 60.316509 %
     epoch 3, minibatch 312/312, test error of best model 60.126203 %
t: 14.7
epoch 4, minibatch 312/312, validation error 56.229967 %
     epoch 4, minibatch 312/312, test error of best model 56.280047 %
t: 14.71
epoch 5, minibatch 312/312, validation error 48.347357 %
     epoch 5, minibatch 312/312, test error of best model 48.267227 %
t: 14.71
epoch 6, minibatch 312/312, validation error 47.636217 %
     epoch 6, minibatch 312/312, test error of best model 47.916666 %
t: 14.69
epoch 7, minibatch 312/312, validation error 42.107370 %
     epoch 7, minibatch 312/312, test error of best model 42.688301 %
t: 14.68
epoch 8, minibatch 312/312, validation error 42.057291 %
     epoch 8, minibatch 312/312, test error of best model 42.107370 %
t: 14.69
epoch 9, minibatch 312/312, validation error 40.845352 %
     epoch 9, minibatch 312/312, test error of best model 41.666666 %
t: 14.7
epoch 10, minibatch 312/312, validation error 38.491586 %
     epoch 10, minibatch 312/312, test error of best model 38.822114 %
t: 14.7
epoch 11, minibatch 312/312, validation error 37.580130 %
     epoch 11, minibatch 312/312, test error of best model 38.040864 %
t: 14.71
epoch 12, minibatch 312/312, validation error 36.478364 %
     epoch 12, minibatch 312/312, test error of best model 36.969152 %
t: 14.7
epoch 13, minibatch 312/312, validation error 36.428285 %
     epoch 13, minibatch 312/312, test error of best model 36.708733 %
t: 14.7
epoch 14, minibatch 312/312, validation error 35.797277 %
     epoch 14, minibatch 312/312, test error of best model 36.288062 %
t: 14.71
epoch 15, minibatch 312/312, validation error 35.647035 %
     epoch 15, minibatch 312/312, test error of best model 35.987580 %
t: 14.72
epoch 16, minibatch 312/312, validation error 35.356569 %
     epoch 16, minibatch 312/312, test error of best model 35.717148 %
t: 14.71
epoch 17, minibatch 312/312, validation error 35.376602 %
     epoch 17, minibatch 312/312, test error of best model 35.526842 %
t: 14.56
epoch 18, minibatch 312/312, validation error 34.935898 %
     epoch 18, minibatch 312/312, test error of best model 35.276443 %
t: 14.68
epoch 19, minibatch 312/312, validation error 35.106170 %
     epoch 19, minibatch 312/312, test error of best model 35.266426 %
t: 14.57
epoch 20, minibatch 312/312, validation error 34.755608 %
     epoch 20, minibatch 312/312, test error of best model 35.276443 %
t: 14.7
epoch 21, minibatch 312/312, validation error 34.745592 %
     epoch 21, minibatch 312/312, test error of best model 35.036057 %
t: 14.71
epoch 22, minibatch 312/312, validation error 34.765625 %
     epoch 22, minibatch 312/312, test error of best model 34.865785 %
t: 14.57
epoch 23, minibatch 312/312, validation error 34.735578 %
     epoch 23, minibatch 312/312, test error of best model 34.895834 %
t: 14.69
epoch 24, minibatch 312/312, validation error 34.655449 %
     epoch 24, minibatch 312/312, test error of best model 34.835738 %
t: 14.71
epoch 25, minibatch 312/312, validation error 34.725562 %
     epoch 25, minibatch 312/312, test error of best model 35.006011 %
t: 14.57
epoch 26, minibatch 312/312, validation error 34.635416 %
     epoch 26, minibatch 312/312, test error of best model 34.955931 %
t: 14.72
epoch 27, minibatch 312/312, validation error 34.605369 %
     epoch 27, minibatch 312/312, test error of best model 34.965944 %
t: 14.7
epoch 28, minibatch 312/312, validation error 34.555289 %
     epoch 28, minibatch 312/312, test error of best model 34.895834 %
t: 14.7
epoch 29, minibatch 312/312, validation error 34.535256 %
     epoch 29, minibatch 312/312, test error of best model 34.885818 %
t: 14.69
epoch 30, minibatch 312/312, validation error 34.535256 %
     epoch 30, minibatch 312/312, test error of best model 34.845755 %
t: 14.56
epoch 31, minibatch 312/312, validation error 34.525239 %
     epoch 31, minibatch 312/312, test error of best model 34.775642 %
t: 14.71
epoch 32, minibatch 312/312, validation error 34.555289 %
     epoch 32, minibatch 312/312, test error of best model 34.855768 %
t: 14.54
epoch 33, minibatch 312/312, validation error 34.615386 %
     epoch 33, minibatch 312/312, test error of best model 34.825721 %
t: 14.56
epoch 34, minibatch 312/312, validation error 34.635416 %
     epoch 34, minibatch 312/312, test error of best model 34.775642 %
t: 14.55
epoch 35, minibatch 312/312, validation error 34.585336 %
     epoch 35, minibatch 312/312, test error of best model 34.705529 %
t: 14.58
epoch 36, minibatch 312/312, validation error 34.615386 %
     epoch 36, minibatch 312/312, test error of best model 34.765625 %
t: 14.57
epoch 37, minibatch 312/312, validation error 34.555289 %
     epoch 37, minibatch 312/312, test error of best model 34.705529 %
t: 14.55
epoch 38, minibatch 312/312, validation error 34.475160 %
     epoch 38, minibatch 312/312, test error of best model 34.655449 %
t: 14.71
epoch 39, minibatch 312/312, validation error 34.465143 %
     epoch 39, minibatch 312/312, test error of best model 34.615386 %
t: 14.7
epoch 40, minibatch 312/312, validation error 34.445113 %
     epoch 40, minibatch 312/312, test error of best model 34.625402 %
t: 14.71
epoch 41, minibatch 312/312, validation error 34.395033 %
     epoch 41, minibatch 312/312, test error of best model 34.585336 %
t: 14.7
epoch 42, minibatch 312/312, validation error 34.415063 %
     epoch 42, minibatch 312/312, test error of best model 34.605369 %
t: 14.55
epoch 43, minibatch 312/312, validation error 34.344953 %
     epoch 43, minibatch 312/312, test error of best model 34.755608 %
t: 14.69
epoch 44, minibatch 312/312, validation error 34.324920 %
     epoch 44, minibatch 312/312, test error of best model 34.685495 %
t: 14.7
epoch 45, minibatch 312/312, validation error 34.324920 %
     epoch 45, minibatch 312/312, test error of best model 34.645432 %
t: 14.56
epoch 46, minibatch 312/312, validation error 34.314904 %
     epoch 46, minibatch 312/312, test error of best model 34.725562 %
t: 14.7
epoch 47, minibatch 312/312, validation error 34.274840 %
     epoch 47, minibatch 312/312, test error of best model 34.705529 %
t: 14.69
epoch 48, minibatch 312/312, validation error 34.304887 %
     epoch 48, minibatch 312/312, test error of best model 34.715545 %
t: 14.55
epoch 49, minibatch 312/312, validation error 34.304887 %
     epoch 49, minibatch 312/312, test error of best model 34.695512 %
t: 14.57
epoch 50, minibatch 312/312, validation error 34.274840 %
     epoch 50, minibatch 312/312, test error of best model 34.675482 %
t: 14.57
Optimization complete. Best validation score of 34.274840 % obtained at iteration 14664, epoch 47, with test performance 34.705529 %
training member 2
training samples: 40000
... building the model
... normal training
.... generating models
..... eval
..... train
..... test
.... started
epoch 1, minibatch 312/312, validation error 72.656250 %
     epoch 1, minibatch 312/312, test error of best model 71.995193 %
t: 14.72
epoch 2, minibatch 312/312, validation error 64.793670 %
     epoch 2, minibatch 312/312, test error of best model 65.374601 %
t: 14.69
epoch 3, minibatch 312/312, validation error 63.641828 %
     epoch 3, minibatch 312/312, test error of best model 64.543271 %
t: 14.68
epoch 4, minibatch 312/312, validation error 58.313304 %
     epoch 4, minibatch 312/312, test error of best model 58.593750 %
t: 14.69
epoch 5, minibatch 312/312, validation error 54.557294 %
     epoch 5, minibatch 312/312, test error of best model 54.577321 %
t: 14.68
epoch 6, minibatch 312/312, validation error 51.953125 %
     epoch 6, minibatch 312/312, test error of best model 52.133411 %
t: 14.69
epoch 7, minibatch 312/312, validation error 50.851363 %
     epoch 7, minibatch 312/312, test error of best model 51.542467 %
t: 14.69
epoch 8, minibatch 312/312, validation error 46.714744 %
     epoch 8, minibatch 312/312, test error of best model 46.394232 %
t: 14.68
epoch 9, minibatch 312/312, validation error 45.252404 %
     epoch 9, minibatch 312/312, test error of best model 45.232370 %
t: 14.68
epoch 10, minibatch 312/312, validation error 43.018830 %
     epoch 10, minibatch 312/312, test error of best model 43.309295 %
t: 14.68
epoch 11, minibatch 312/312, validation error 42.187500 %
     epoch 11, minibatch 312/312, test error of best model 42.608172 %
t: 14.69
epoch 12, minibatch 312/312, validation error 40.885416 %
     epoch 12, minibatch 312/312, test error of best model 41.225961 %
t: 14.69
epoch 13, minibatch 312/312, validation error 39.913863 %
     epoch 13, minibatch 312/312, test error of best model 40.264422 %
t: 14.7
epoch 14, minibatch 312/312, validation error 39.282852 %
     epoch 14, minibatch 312/312, test error of best model 39.793670 %
t: 14.69
epoch 15, minibatch 312/312, validation error 38.741988 %
     epoch 15, minibatch 312/312, test error of best model 39.222756 %
t: 14.7
epoch 16, minibatch 312/312, validation error 38.271233 %
     epoch 16, minibatch 312/312, test error of best model 38.812098 %
t: 14.71
epoch 17, minibatch 312/312, validation error 38.010818 %
     epoch 17, minibatch 312/312, test error of best model 37.970755 %
t: 14.69
epoch 18, minibatch 312/312, validation error 37.930688 %
     epoch 18, minibatch 312/312, test error of best model 37.870592 %
t: 14.7
epoch 19, minibatch 312/312, validation error 37.389824 %
     epoch 19, minibatch 312/312, test error of best model 37.600160 %
t: 14.7
epoch 20, minibatch 312/312, validation error 37.149438 %
     epoch 20, minibatch 312/312, test error of best model 37.660256 %
t: 14.7
epoch 21, minibatch 312/312, validation error 36.999199 %
     epoch 21, minibatch 312/312, test error of best model 37.459937 %
t: 14.68
epoch 22, minibatch 312/312, validation error 36.939102 %
     epoch 22, minibatch 312/312, test error of best model 37.560096 %
t: 14.69
epoch 23, minibatch 312/312, validation error 36.929086 %
     epoch 23, minibatch 312/312, test error of best model 37.409857 %
t: 14.68
epoch 24, minibatch 312/312, validation error 36.858973 %
     epoch 24, minibatch 312/312, test error of best model 37.389824 %
t: 14.69
epoch 25, minibatch 312/312, validation error 36.858973 %
     epoch 25, minibatch 312/312, test error of best model 37.339744 %
t: 14.55
epoch 26, minibatch 312/312, validation error 36.879006 %
     epoch 26, minibatch 312/312, test error of best model 37.349761 %
t: 14.56
epoch 27, minibatch 312/312, validation error 36.838943 %
     epoch 27, minibatch 312/312, test error of best model 37.289664 %
t: 14.71
epoch 28, minibatch 312/312, validation error 36.858973 %
     epoch 28, minibatch 312/312, test error of best model 37.289664 %
t: 14.57
epoch 29, minibatch 312/312, validation error 36.858973 %
     epoch 29, minibatch 312/312, test error of best model 37.239584 %
t: 14.56
epoch 30, minibatch 312/312, validation error 36.718750 %
     epoch 30, minibatch 312/312, test error of best model 37.119392 %
t: 14.7
epoch 31, minibatch 312/312, validation error 36.748797 %
     epoch 31, minibatch 312/312, test error of best model 37.029245 %
t: 14.54
epoch 32, minibatch 312/312, validation error 36.668670 %
     epoch 32, minibatch 312/312, test error of best model 36.929086 %
t: 14.69
epoch 33, minibatch 312/312, validation error 36.608574 %
     epoch 33, minibatch 312/312, test error of best model 36.929086 %
t: 14.71
epoch 34, minibatch 312/312, validation error 36.578527 %
     epoch 34, minibatch 312/312, test error of best model 36.899039 %
t: 14.69
epoch 35, minibatch 312/312, validation error 36.588541 %
     epoch 35, minibatch 312/312, test error of best model 36.919069 %
t: 14.55
epoch 36, minibatch 312/312, validation error 36.668670 %
     epoch 36, minibatch 312/312, test error of best model 36.919069 %
t: 14.55
epoch 37, minibatch 312/312, validation error 36.578527 %
     epoch 37, minibatch 312/312, test error of best model 36.899039 %
t: 14.56
epoch 38, minibatch 312/312, validation error 36.568511 %
     epoch 38, minibatch 312/312, test error of best model 36.919069 %
t: 14.71
epoch 39, minibatch 312/312, validation error 36.538461 %
     epoch 39, minibatch 312/312, test error of best model 36.969152 %
t: 14.71
epoch 40, minibatch 312/312, validation error 36.558494 %
     epoch 40, minibatch 312/312, test error of best model 36.949119 %
t: 14.56
epoch 41, minibatch 312/312, validation error 36.538461 %
     epoch 41, minibatch 312/312, test error of best model 36.939102 %
t: 14.56
epoch 42, minibatch 312/312, validation error 36.508414 %
     epoch 42, minibatch 312/312, test error of best model 36.858973 %
t: 14.7
epoch 43, minibatch 312/312, validation error 36.558494 %
     epoch 43, minibatch 312/312, test error of best model 36.838943 %
t: 14.54
epoch 44, minibatch 312/312, validation error 36.548477 %
     epoch 44, minibatch 312/312, test error of best model 36.848959 %
t: 14.55
epoch 45, minibatch 312/312, validation error 36.498398 %
     epoch 45, minibatch 312/312, test error of best model 36.768830 %
t: 14.69
epoch 46, minibatch 312/312, validation error 36.488381 %
     epoch 46, minibatch 312/312, test error of best model 36.758813 %
t: 14.71
epoch 47, minibatch 312/312, validation error 36.498398 %
     epoch 47, minibatch 312/312, test error of best model 36.718750 %
t: 14.56
epoch 48, minibatch 312/312, validation error 36.458334 %
     epoch 48, minibatch 312/312, test error of best model 36.728767 %
t: 14.69
epoch 49, minibatch 312/312, validation error 36.378205 %
     epoch 49, minibatch 312/312, test error of best model 36.678687 %
t: 14.71
epoch 50, minibatch 312/312, validation error 36.438301 %
     epoch 50, minibatch 312/312, test error of best model 36.648637 %
t: 14.58
Optimization complete. Best validation score of 36.378205 % obtained at iteration 15288, epoch 49, with test performance 36.678687 %
training member 3
training samples: 40000
... building the model
... normal training
.... generating models
..... eval
..... train
..... test
.... started
epoch 1, minibatch 312/312, validation error 73.858172 %
     epoch 1, minibatch 312/312, test error of best model 73.557693 %
t: 14.71
epoch 2, minibatch 312/312, validation error 61.979169 %
     epoch 2, minibatch 312/312, test error of best model 62.059295 %
t: 14.68
epoch 3, minibatch 312/312, validation error 62.279648 %
     epoch 3, minibatch 312/312, test error of best model 62.890625 %
t: 14.53
epoch 4, minibatch 312/312, validation error 53.966343 %
     epoch 4, minibatch 312/312, test error of best model 54.457134 %
t: 14.66
epoch 5, minibatch 312/312, validation error 52.333736 %
     epoch 5, minibatch 312/312, test error of best model 52.654248 %
t: 14.68
epoch 6, minibatch 312/312, validation error 51.872998 %
     epoch 6, minibatch 312/312, test error of best model 52.333736 %
t: 14.68
epoch 7, minibatch 312/312, validation error 43.529648 %
     epoch 7, minibatch 312/312, test error of best model 43.349358 %
t: 14.68
epoch 8, minibatch 312/312, validation error 46.163863 %
     epoch 8, minibatch 312/312, test error of best model 46.514422 %
t: 14.55
epoch 9, minibatch 312/312, validation error 42.958733 %
     epoch 9, minibatch 312/312, test error of best model 43.209136 %
t: 14.68
epoch 10, minibatch 312/312, validation error 40.735176 %
     epoch 10, minibatch 312/312, test error of best model 40.925482 %
t: 14.66
epoch 11, minibatch 312/312, validation error 39.593348 %
     epoch 11, minibatch 312/312, test error of best model 40.024039 %
t: 14.69
epoch 12, minibatch 312/312, validation error 37.520033 %
     epoch 12, minibatch 312/312, test error of best model 38.321313 %
t: 14.69
epoch 13, minibatch 312/312, validation error 36.438301 %
     epoch 13, minibatch 312/312, test error of best model 37.650239 %
t: 14.7
epoch 14, minibatch 312/312, validation error 36.137819 %
     epoch 14, minibatch 312/312, test error of best model 37.169471 %
t: 14.69
epoch 15, minibatch 312/312, validation error 35.977563 %
     epoch 15, minibatch 312/312, test error of best model 36.688703 %
t: 14.69
epoch 16, minibatch 312/312, validation error 35.486779 %
     epoch 16, minibatch 312/312, test error of best model 36.398238 %
t: 14.67
epoch 17, minibatch 312/312, validation error 35.566908 %
     epoch 17, minibatch 312/312, test error of best model 35.997596 %
t: 14.56
epoch 18, minibatch 312/312, validation error 35.326523 %
     epoch 18, minibatch 312/312, test error of best model 35.817307 %
t: 14.68
epoch 19, minibatch 312/312, validation error 35.046074 %
     epoch 19, minibatch 312/312, test error of best model 35.767227 %
t: 14.69
epoch 20, minibatch 312/312, validation error 35.066107 %
     epoch 20, minibatch 312/312, test error of best model 35.616988 %
t: 14.55
epoch 21, minibatch 312/312, validation error 35.116187 %
     epoch 21, minibatch 312/312, test error of best model 35.566908 %
t: 14.52
epoch 22, minibatch 312/312, validation error 34.995994 %
     epoch 22, minibatch 312/312, test error of best model 35.576922 %
t: 14.69
epoch 23, minibatch 312/312, validation error 34.955931 %
     epoch 23, minibatch 312/312, test error of best model 35.516828 %
t: 14.69
epoch 24, minibatch 312/312, validation error 34.895834 %
     epoch 24, minibatch 312/312, test error of best model 35.446715 %
t: 14.69
epoch 25, minibatch 312/312, validation error 34.875801 %
     epoch 25, minibatch 312/312, test error of best model 35.386619 %
t: 14.69
epoch 26, minibatch 312/312, validation error 34.825721 %
     epoch 26, minibatch 312/312, test error of best model 35.436699 %
t: 14.69
epoch 27, minibatch 312/312, validation error 34.795672 %
     epoch 27, minibatch 312/312, test error of best model 35.436699 %
t: 14.68
epoch 28, minibatch 312/312, validation error 34.755608 %
     epoch 28, minibatch 312/312, test error of best model 35.416666 %
t: 14.69
epoch 29, minibatch 312/312, validation error 34.705529 %
     epoch 29, minibatch 312/312, test error of best model 35.446715 %
t: 14.69
epoch 30, minibatch 312/312, validation error 34.785658 %
     epoch 30, minibatch 312/312, test error of best model 35.476762 %
t: 14.53
epoch 31, minibatch 312/312, validation error 34.765625 %
     epoch 31, minibatch 312/312, test error of best model 35.436699 %
t: 14.54
epoch 32, minibatch 312/312, validation error 34.675482 %
     epoch 32, minibatch 312/312, test error of best model 35.466745 %
t: 14.68
epoch 33, minibatch 312/312, validation error 34.685495 %
     epoch 33, minibatch 312/312, test error of best model 35.466745 %
t: 14.53
epoch 34, minibatch 312/312, validation error 34.695512 %
     epoch 34, minibatch 312/312, test error of best model 35.406652 %
t: 14.56
epoch 35, minibatch 312/312, validation error 34.705529 %
     epoch 35, minibatch 312/312, test error of best model 35.426682 %
t: 14.54
epoch 36, minibatch 312/312, validation error 34.615386 %
     epoch 36, minibatch 312/312, test error of best model 35.446715 %
t: 14.68
epoch 37, minibatch 312/312, validation error 34.705529 %
     epoch 37, minibatch 312/312, test error of best model 35.416666 %
t: 14.54
epoch 38, minibatch 312/312, validation error 34.635416 %
     epoch 38, minibatch 312/312, test error of best model 35.396636 %
t: 14.54
epoch 39, minibatch 312/312, validation error 34.655449 %
     epoch 39, minibatch 312/312, test error of best model 35.506812 %
t: 14.54
epoch 40, minibatch 312/312, validation error 34.605369 %
     epoch 40, minibatch 312/312, test error of best model 35.466745 %
t: 14.68
epoch 41, minibatch 312/312, validation error 34.565306 %
     epoch 41, minibatch 312/312, test error of best model 35.486779 %
t: 14.67
epoch 42, minibatch 312/312, validation error 34.605369 %
     epoch 42, minibatch 312/312, test error of best model 35.496795 %
t: 14.54
epoch 43, minibatch 312/312, validation error 34.495193 %
     epoch 43, minibatch 312/312, test error of best model 35.476762 %
t: 14.7
epoch 44, minibatch 312/312, validation error 34.485176 %
     epoch 44, minibatch 312/312, test error of best model 35.466745 %
t: 14.67
epoch 45, minibatch 312/312, validation error 34.485176 %
     epoch 45, minibatch 312/312, test error of best model 35.426682 %
t: 14.55
epoch 46, minibatch 312/312, validation error 34.495193 %
     epoch 46, minibatch 312/312, test error of best model 35.396636 %
t: 14.54
epoch 47, minibatch 312/312, validation error 34.435096 %
     epoch 47, minibatch 312/312, test error of best model 35.336539 %
t: 14.67
epoch 48, minibatch 312/312, validation error 34.415063 %
     epoch 48, minibatch 312/312, test error of best model 35.336539 %
t: 14.7
epoch 49, minibatch 312/312, validation error 34.395033 %
     epoch 49, minibatch 312/312, test error of best model 35.366586 %
t: 14.68
epoch 50, minibatch 312/312, validation error 34.334937 %
     epoch 50, minibatch 312/312, test error of best model 35.386619 %
t: 14.67
Optimization complete. Best validation score of 34.334937 % obtained at iteration 15600, epoch 50, with test performance 35.386619 %
training member 4
training samples: 40000
... building the model
... normal training
.... generating models
..... eval
..... train
..... test
.... started
epoch 1, minibatch 312/312, validation error 74.889821 %
     epoch 1, minibatch 312/312, test error of best model 74.769634 %
t: 14.68
epoch 2, minibatch 312/312, validation error 69.551283 %
     epoch 2, minibatch 312/312, test error of best model 68.679887 %
t: 14.66
epoch 3, minibatch 312/312, validation error 63.000804 %
     epoch 3, minibatch 312/312, test error of best model 63.531649 %
t: 14.68
epoch 4, minibatch 312/312, validation error 53.205127 %
     epoch 4, minibatch 312/312, test error of best model 52.964741 %
t: 14.66
epoch 5, minibatch 312/312, validation error 50.080127 %
     epoch 5, minibatch 312/312, test error of best model 49.759614 %
t: 14.68
epoch 6, minibatch 312/312, validation error 46.053687 %
     epoch 6, minibatch 312/312, test error of best model 46.183893 %
t: 14.66
epoch 7, minibatch 312/312, validation error 44.090545 %
     epoch 7, minibatch 312/312, test error of best model 44.020432 %
t: 14.66
epoch 8, minibatch 312/312, validation error 43.209136 %
     epoch 8, minibatch 312/312, test error of best model 42.668268 %
t: 14.7
epoch 9, minibatch 312/312, validation error 40.334535 %
     epoch 9, minibatch 312/312, test error of best model 40.484777 %
t: 14.7
epoch 10, minibatch 312/312, validation error 39.823717 %
     epoch 10, minibatch 312/312, test error of best model 40.034056 %
t: 14.67
epoch 11, minibatch 312/312, validation error 39.533255 %
     epoch 11, minibatch 312/312, test error of best model 40.374598 %
t: 14.67
epoch 12, minibatch 312/312, validation error 37.730369 %
     epoch 12, minibatch 312/312, test error of best model 38.331330 %
t: 14.66
epoch 13, minibatch 312/312, validation error 37.059295 %
     epoch 13, minibatch 312/312, test error of best model 37.930688 %
t: 14.67
epoch 14, minibatch 312/312, validation error 37.319711 %
     epoch 14, minibatch 312/312, test error of best model 37.770432 %
t: 14.52
epoch 15, minibatch 312/312, validation error 37.129408 %
     epoch 15, minibatch 312/312, test error of best model 38.010818 %
t: 14.52
epoch 16, minibatch 312/312, validation error 37.159455 %
     epoch 16, minibatch 312/312, test error of best model 37.560096 %
t: 14.52
epoch 17, minibatch 312/312, validation error 36.578527 %
     epoch 17, minibatch 312/312, test error of best model 37.249598 %
t: 14.66
epoch 18, minibatch 312/312, validation error 36.187902 %
     epoch 18, minibatch 312/312, test error of best model 36.858973 %
t: 14.65
epoch 19, minibatch 312/312, validation error 36.308092 %
     epoch 19, minibatch 312/312, test error of best model 37.059295 %
t: 14.55
epoch 20, minibatch 312/312, validation error 35.987580 %
     epoch 20, minibatch 312/312, test error of best model 36.618590 %
t: 14.67
epoch 21, minibatch 312/312, validation error 36.037660 %
     epoch 21, minibatch 312/312, test error of best model 36.478364 %
t: 14.51
epoch 22, minibatch 312/312, validation error 35.907453 %
     epoch 22, minibatch 312/312, test error of best model 36.448318 %
t: 14.65
epoch 23, minibatch 312/312, validation error 35.927483 %
     epoch 23, minibatch 312/312, test error of best model 36.468348 %
t: 14.53
epoch 24, minibatch 312/312, validation error 35.817307 %
     epoch 24, minibatch 312/312, test error of best model 36.398238 %
t: 14.66
epoch 25, minibatch 312/312, validation error 35.797277 %
     epoch 25, minibatch 312/312, test error of best model 36.368188 %
t: 14.67
epoch 26, minibatch 312/312, validation error 35.827324 %
     epoch 26, minibatch 312/312, test error of best model 36.428285 %
t: 14.52
epoch 27, minibatch 312/312, validation error 35.747194 %
     epoch 27, minibatch 312/312, test error of best model 36.388221 %
t: 14.66
epoch 28, minibatch 312/312, validation error 35.757211 %
     epoch 28, minibatch 312/312, test error of best model 36.388221 %
t: 14.53
epoch 29, minibatch 312/312, validation error 35.787261 %
     epoch 29, minibatch 312/312, test error of best model 36.358172 %
t: 14.53
epoch 30, minibatch 312/312, validation error 35.737181 %
     epoch 30, minibatch 312/312, test error of best model 36.378205 %
t: 14.67
epoch 31, minibatch 312/312, validation error 35.727164 %
     epoch 31, minibatch 312/312, test error of best model 36.308092 %
t: 14.65
epoch 32, minibatch 312/312, validation error 35.707131 %
     epoch 32, minibatch 312/312, test error of best model 36.268029 %
t: 14.65
epoch 33, minibatch 312/312, validation error 35.697114 %
     epoch 33, minibatch 312/312, test error of best model 36.278045 %
t: 14.66
epoch 34, minibatch 312/312, validation error 35.677084 %
     epoch 34, minibatch 312/312, test error of best model 36.237982 %
t: 14.68
epoch 35, minibatch 312/312, validation error 35.627005 %
     epoch 35, minibatch 312/312, test error of best model 36.258012 %
t: 14.66
epoch 36, minibatch 312/312, validation error 35.596955 %
     epoch 36, minibatch 312/312, test error of best model 36.268029 %
t: 14.65
epoch 37, minibatch 312/312, validation error 35.616988 %
     epoch 37, minibatch 312/312, test error of best model 36.288062 %
t: 14.52
epoch 38, minibatch 312/312, validation error 35.566908 %
     epoch 38, minibatch 312/312, test error of best model 36.348158 %
t: 14.64
epoch 39, minibatch 312/312, validation error 35.566908 %
     epoch 39, minibatch 312/312, test error of best model 36.378205 %
t: 14.52
epoch 40, minibatch 312/312, validation error 35.687098 %
     epoch 40, minibatch 312/312, test error of best model 36.448318 %
t: 14.52
epoch 41, minibatch 312/312, validation error 35.647035 %
     epoch 41, minibatch 312/312, test error of best model 36.388221 %
t: 14.5
epoch 42, minibatch 312/312, validation error 35.697114 %
     epoch 42, minibatch 312/312, test error of best model 36.348158 %
t: 14.51
epoch 43, minibatch 312/312, validation error 35.707131 %
     epoch 43, minibatch 312/312, test error of best model 36.368188 %
t: 14.53
epoch 44, minibatch 312/312, validation error 35.657051 %
     epoch 44, minibatch 312/312, test error of best model 36.368188 %
t: 14.51
epoch 45, minibatch 312/312, validation error 35.677084 %
     epoch 45, minibatch 312/312, test error of best model 36.458334 %
t: 14.52
epoch 46, minibatch 312/312, validation error 35.657051 %
     epoch 46, minibatch 312/312, test error of best model 36.448318 %
t: 14.5
epoch 47, minibatch 312/312, validation error 35.616988 %
     epoch 47, minibatch 312/312, test error of best model 36.378205 %
t: 14.5
epoch 48, minibatch 312/312, validation error 35.586938 %
     epoch 48, minibatch 312/312, test error of best model 36.368188 %
t: 14.53
epoch 49, minibatch 312/312, validation error 35.677084 %
     epoch 49, minibatch 312/312, test error of best model 36.358172 %
t: 14.51
epoch 50, minibatch 312/312, validation error 35.707131 %
     epoch 50, minibatch 312/312, test error of best model 36.348158 %
t: 14.51
Optimization complete. Best validation score of 35.566908 % obtained at iteration 11856, epoch 38, with test performance 36.348158 %
training member 5
training samples: 40000
... building the model
... normal training
.... generating models
..... eval
..... train
..... test
.... started
epoch 1, minibatch 312/312, validation error 72.996795 %
     epoch 1, minibatch 312/312, test error of best model 72.485977 %
t: 14.69
epoch 2, minibatch 312/312, validation error 64.863783 %
     epoch 2, minibatch 312/312, test error of best model 65.284455 %
t: 14.67
epoch 3, minibatch 312/312, validation error 58.944309 %
     epoch 3, minibatch 312/312, test error of best model 59.144634 %
t: 14.68
epoch 4, minibatch 312/312, validation error 59.845752 %
     epoch 4, minibatch 312/312, test error of best model 59.925884 %
t: 14.53
epoch 5, minibatch 312/312, validation error 56.911057 %
     epoch 5, minibatch 312/312, test error of best model 56.510419 %
t: 14.69
epoch 6, minibatch 312/312, validation error 48.517630 %
     epoch 6, minibatch 312/312, test error of best model 48.687902 %
t: 14.68
epoch 7, minibatch 312/312, validation error 46.915063 %
     epoch 7, minibatch 312/312, test error of best model 47.045273 %
t: 14.67
epoch 8, minibatch 312/312, validation error 44.711539 %
     epoch 8, minibatch 312/312, test error of best model 45.232370 %
t: 14.68
epoch 9, minibatch 312/312, validation error 42.858574 %
     epoch 9, minibatch 312/312, test error of best model 42.738381 %
t: 14.7
epoch 10, minibatch 312/312, validation error 41.135818 %
     epoch 10, minibatch 312/312, test error of best model 40.995592 %
t: 14.68
epoch 11, minibatch 312/312, validation error 39.573318 %
     epoch 11, minibatch 312/312, test error of best model 39.533255 %
t: 14.69
epoch 12, minibatch 312/312, validation error 38.752005 %
     epoch 12, minibatch 312/312, test error of best model 39.052483 %
t: 14.69
epoch 13, minibatch 312/312, validation error 38.060898 %
     epoch 13, minibatch 312/312, test error of best model 38.872194 %
t: 14.69
epoch 14, minibatch 312/312, validation error 37.500000 %
     epoch 14, minibatch 312/312, test error of best model 37.790465 %
t: 14.69
epoch 15, minibatch 312/312, validation error 37.269631 %
     epoch 15, minibatch 312/312, test error of best model 37.690306 %
t: 14.71
epoch 16, minibatch 312/312, validation error 36.788863 %
     epoch 16, minibatch 312/312, test error of best model 37.550080 %
t: 14.68
epoch 17, minibatch 312/312, validation error 36.678687 %
     epoch 17, minibatch 312/312, test error of best model 37.429887 %
t: 14.67
epoch 18, minibatch 312/312, validation error 36.278045 %
     epoch 18, minibatch 312/312, test error of best model 37.149438 %
t: 14.68
epoch 19, minibatch 312/312, validation error 36.418268 %
     epoch 19, minibatch 312/312, test error of best model 37.119392 %
t: 14.56
epoch 20, minibatch 312/312, validation error 36.097756 %
     epoch 20, minibatch 312/312, test error of best model 37.199518 %
t: 14.69
epoch 21, minibatch 312/312, validation error 36.177886 %
     epoch 21, minibatch 312/312, test error of best model 37.339744 %
t: 14.55
epoch 22, minibatch 312/312, validation error 36.217949 %
     epoch 22, minibatch 312/312, test error of best model 37.259614 %
t: 14.56
epoch 23, minibatch 312/312, validation error 36.137819 %
     epoch 23, minibatch 312/312, test error of best model 37.319711 %
t: 14.55
epoch 24, minibatch 312/312, validation error 36.057693 %
     epoch 24, minibatch 312/312, test error of best model 37.279648 %
t: 14.7
epoch 25, minibatch 312/312, validation error 35.987580 %
     epoch 25, minibatch 312/312, test error of best model 37.199518 %
t: 14.69
epoch 26, minibatch 312/312, validation error 36.047676 %
     epoch 26, minibatch 312/312, test error of best model 37.179488 %
t: 14.55
epoch 27, minibatch 312/312, validation error 36.047676 %
     epoch 27, minibatch 312/312, test error of best model 37.139422 %
t: 14.54
epoch 28, minibatch 312/312, validation error 36.087739 %
     epoch 28, minibatch 312/312, test error of best model 37.059295 %
t: 14.55
epoch 29, minibatch 312/312, validation error 36.017630 %
     epoch 29, minibatch 312/312, test error of best model 37.029245 %
t: 14.55
epoch 30, minibatch 312/312, validation error 35.937500 %
     epoch 30, minibatch 312/312, test error of best model 37.109375 %
t: 14.69
epoch 31, minibatch 312/312, validation error 35.867387 %
     epoch 31, minibatch 312/312, test error of best model 37.019232 %
t: 14.69
epoch 32, minibatch 312/312, validation error 35.767227 %
     epoch 32, minibatch 312/312, test error of best model 37.049279 %
t: 14.71
epoch 33, minibatch 312/312, validation error 35.767227 %
     epoch 33, minibatch 312/312, test error of best model 36.999199 %
t: 14.57
epoch 34, minibatch 312/312, validation error 35.847357 %
     epoch 34, minibatch 312/312, test error of best model 36.989182 %
t: 14.54
epoch 35, minibatch 312/312, validation error 35.777244 %
     epoch 35, minibatch 312/312, test error of best model 36.848959 %
t: 14.55
epoch 36, minibatch 312/312, validation error 35.767227 %
     epoch 36, minibatch 312/312, test error of best model 36.798880 %
t: 14.54
epoch 37, minibatch 312/312, validation error 35.757211 %
     epoch 37, minibatch 312/312, test error of best model 36.838943 %
t: 14.68
epoch 38, minibatch 312/312, validation error 35.727164 %
     epoch 38, minibatch 312/312, test error of best model 36.868989 %
t: 14.72
epoch 39, minibatch 312/312, validation error 35.707131 %
     epoch 39, minibatch 312/312, test error of best model 36.858973 %
t: 14.69
epoch 40, minibatch 312/312, validation error 35.697114 %
     epoch 40, minibatch 312/312, test error of best model 36.818910 %
t: 14.71
epoch 41, minibatch 312/312, validation error 35.606971 %
     epoch 41, minibatch 312/312, test error of best model 36.788863 %
t: 14.69
epoch 42, minibatch 312/312, validation error 35.606971 %
     epoch 42, minibatch 312/312, test error of best model 36.768830 %
t: 14.56
epoch 43, minibatch 312/312, validation error 35.526842 %
     epoch 43, minibatch 312/312, test error of best model 36.718750 %
t: 14.7
epoch 44, minibatch 312/312, validation error 35.466745 %
     epoch 44, minibatch 312/312, test error of best model 36.668670 %
t: 14.7
epoch 45, minibatch 312/312, validation error 35.436699 %
     epoch 45, minibatch 312/312, test error of best model 36.688703 %
t: 14.68
epoch 46, minibatch 312/312, validation error 35.456732 %
     epoch 46, minibatch 312/312, test error of best model 36.688703 %
t: 14.54
epoch 47, minibatch 312/312, validation error 35.446715 %
     epoch 47, minibatch 312/312, test error of best model 36.658654 %
t: 14.56
epoch 48, minibatch 312/312, validation error 35.376602 %
     epoch 48, minibatch 312/312, test error of best model 36.598557 %
t: 14.7
epoch 49, minibatch 312/312, validation error 35.396636 %
     epoch 49, minibatch 312/312, test error of best model 36.548477 %
t: 14.55
epoch 50, minibatch 312/312, validation error 35.376602 %
     epoch 50, minibatch 312/312, test error of best model 36.518431 %
t: 14.56
Optimization complete. Best validation score of 35.376602 % obtained at iteration 14976, epoch 48, with test performance 36.598557 %
training member 6
training samples: 40000
... building the model
... normal training
.... generating models
..... eval
..... train
..... test
.... started
epoch 1, minibatch 312/312, validation error 70.442706 %
     epoch 1, minibatch 312/312, test error of best model 70.212340 %
t: 14.72
epoch 2, minibatch 312/312, validation error 63.301283 %
     epoch 2, minibatch 312/312, test error of best model 63.291264 %
t: 14.74
epoch 3, minibatch 312/312, validation error 57.572114 %
     epoch 3, minibatch 312/312, test error of best model 57.471955 %
t: 14.71
epoch 4, minibatch 312/312, validation error 53.094953 %
     epoch 4, minibatch 312/312, test error of best model 52.453929 %
t: 14.73
epoch 5, minibatch 312/312, validation error 51.672679 %
     epoch 5, minibatch 312/312, test error of best model 51.732773 %
t: 14.73
epoch 6, minibatch 312/312, validation error 46.704727 %
     epoch 6, minibatch 312/312, test error of best model 46.264023 %
t: 14.73
epoch 7, minibatch 312/312, validation error 43.619791 %
     epoch 7, minibatch 312/312, test error of best model 43.379408 %
t: 14.72
epoch 8, minibatch 312/312, validation error 43.920273 %
     epoch 8, minibatch 312/312, test error of best model 44.220755 %
t: 14.59
epoch 9, minibatch 312/312, validation error 41.205931 %
     epoch 9, minibatch 312/312, test error of best model 41.205931 %
t: 14.72
epoch 10, minibatch 312/312, validation error 39.763620 %
     epoch 10, minibatch 312/312, test error of best model 39.713541 %
t: 14.75
epoch 11, minibatch 312/312, validation error 40.044069 %
     epoch 11, minibatch 312/312, test error of best model 40.665063 %
t: 14.6
epoch 12, minibatch 312/312, validation error 37.980768 %
     epoch 12, minibatch 312/312, test error of best model 38.311297 %
t: 14.74
epoch 13, minibatch 312/312, validation error 36.909056 %
     epoch 13, minibatch 312/312, test error of best model 36.828926 %
t: 14.72
epoch 14, minibatch 312/312, validation error 36.368188 %
     epoch 14, minibatch 312/312, test error of best model 37.019232 %
t: 14.72
epoch 15, minibatch 312/312, validation error 36.027643 %
     epoch 15, minibatch 312/312, test error of best model 36.288062 %
t: 14.73
epoch 16, minibatch 312/312, validation error 35.456732 %
     epoch 16, minibatch 312/312, test error of best model 36.167869 %
t: 14.73
epoch 17, minibatch 312/312, validation error 35.476762 %
     epoch 17, minibatch 312/312, test error of best model 35.977563 %
t: 14.61
epoch 18, minibatch 312/312, validation error 35.016027 %
     epoch 18, minibatch 312/312, test error of best model 35.897437 %
t: 14.74
epoch 19, minibatch 312/312, validation error 34.965944 %
     epoch 19, minibatch 312/312, test error of best model 35.797277 %
t: 14.72
epoch 20, minibatch 312/312, validation error 34.855768 %
     epoch 20, minibatch 312/312, test error of best model 35.556892 %
t: 14.73
epoch 21, minibatch 312/312, validation error 34.765625 %
     epoch 21, minibatch 312/312, test error of best model 35.496795 %
t: 14.74
epoch 22, minibatch 312/312, validation error 34.785658 %
     epoch 22, minibatch 312/312, test error of best model 35.326523 %
t: 14.58
epoch 23, minibatch 312/312, validation error 34.705529 %
     epoch 23, minibatch 312/312, test error of best model 35.386619 %
t: 14.73
epoch 24, minibatch 312/312, validation error 34.675482 %
     epoch 24, minibatch 312/312, test error of best model 35.356569 %
t: 14.73
epoch 25, minibatch 312/312, validation error 34.605369 %
     epoch 25, minibatch 312/312, test error of best model 35.346556 %
t: 14.73
epoch 26, minibatch 312/312, validation error 34.595352 %
     epoch 26, minibatch 312/312, test error of best model 35.326523 %
t: 14.74
epoch 27, minibatch 312/312, validation error 34.565306 %
     epoch 27, minibatch 312/312, test error of best model 35.326523 %
t: 14.77
epoch 28, minibatch 312/312, validation error 34.525239 %
     epoch 28, minibatch 312/312, test error of best model 35.246393 %
t: 14.75
epoch 29, minibatch 312/312, validation error 34.535256 %
     epoch 29, minibatch 312/312, test error of best model 35.216346 %
t: 14.57
epoch 30, minibatch 312/312, validation error 34.505209 %
     epoch 30, minibatch 312/312, test error of best model 35.236380 %
t: 14.74
epoch 31, minibatch 312/312, validation error 34.435096 %
     epoch 31, minibatch 312/312, test error of best model 35.246393 %
t: 14.73
epoch 32, minibatch 312/312, validation error 34.445113 %
     epoch 32, minibatch 312/312, test error of best model 35.116187 %
t: 14.59
epoch 33, minibatch 312/312, validation error 34.405047 %
     epoch 33, minibatch 312/312, test error of best model 35.076120 %
t: 14.72
epoch 34, minibatch 312/312, validation error 34.324920 %
     epoch 34, minibatch 312/312, test error of best model 35.066107 %
t: 14.72
epoch 35, minibatch 312/312, validation error 34.234777 %
     epoch 35, minibatch 312/312, test error of best model 34.995994 %
t: 14.75
epoch 36, minibatch 312/312, validation error 34.244791 %
     epoch 36, minibatch 312/312, test error of best model 35.026041 %
t: 14.58
epoch 37, minibatch 312/312, validation error 34.284857 %
     epoch 37, minibatch 312/312, test error of best model 34.945914 %
t: 14.61
epoch 38, minibatch 312/312, validation error 34.304887 %
     epoch 38, minibatch 312/312, test error of best model 34.915864 %
t: 14.59
epoch 39, minibatch 312/312, validation error 34.264824 %
     epoch 39, minibatch 312/312, test error of best model 34.965944 %
t: 14.57
epoch 40, minibatch 312/312, validation error 34.244791 %
     epoch 40, minibatch 312/312, test error of best model 35.016027 %
t: 14.61
epoch 41, minibatch 312/312, validation error 34.224761 %
     epoch 41, minibatch 312/312, test error of best model 34.995994 %
t: 14.73
epoch 42, minibatch 312/312, validation error 34.294870 %
     epoch 42, minibatch 312/312, test error of best model 35.046074 %
t: 14.57
epoch 43, minibatch 312/312, validation error 34.385017 %
     epoch 43, minibatch 312/312, test error of best model 35.016027 %
t: 14.58
epoch 44, minibatch 312/312, validation error 34.344953 %
     epoch 44, minibatch 312/312, test error of best model 35.026041 %
t: 14.6
epoch 45, minibatch 312/312, validation error 34.324920 %
     epoch 45, minibatch 312/312, test error of best model 35.066107 %
t: 14.58
epoch 46, minibatch 312/312, validation error 34.294870 %
     epoch 46, minibatch 312/312, test error of best model 35.016027 %
t: 14.58
epoch 47, minibatch 312/312, validation error 34.244791 %
     epoch 47, minibatch 312/312, test error of best model 34.965944 %
t: 14.6
epoch 48, minibatch 312/312, validation error 34.264824 %
     epoch 48, minibatch 312/312, test error of best model 34.985977 %
t: 14.57
epoch 49, minibatch 312/312, validation error 34.234777 %
     epoch 49, minibatch 312/312, test error of best model 35.016027 %
t: 14.6
epoch 50, minibatch 312/312, validation error 34.194711 %
     epoch 50, minibatch 312/312, test error of best model 34.985977 %
t: 14.74
Optimization complete. Best validation score of 34.194711 % obtained at iteration 15600, epoch 50, with test performance 34.985977 %
training member 7
training samples: 40000
... building the model
... normal training
.... generating models
..... eval
..... train
..... test
.... started
epoch 1, minibatch 312/312, validation error 79.767627 %
     epoch 1, minibatch 312/312, test error of best model 80.408657 %
t: 14.73
epoch 2, minibatch 312/312, validation error 67.077321 %
     epoch 2, minibatch 312/312, test error of best model 67.257613 %
t: 14.72
epoch 3, minibatch 312/312, validation error 60.186297 %
     epoch 3, minibatch 312/312, test error of best model 60.276443 %
t: 14.73
epoch 4, minibatch 312/312, validation error 59.014422 %
     epoch 4, minibatch 312/312, test error of best model 59.475160 %
t: 14.75
epoch 5, minibatch 312/312, validation error 51.231968 %
     epoch 5, minibatch 312/312, test error of best model 52.463943 %
t: 14.76
epoch 6, minibatch 312/312, validation error 48.277244 %
     epoch 6, minibatch 312/312, test error of best model 48.106971 %
t: 14.76
epoch 7, minibatch 312/312, validation error 46.564505 %
     epoch 7, minibatch 312/312, test error of best model 46.945113 %
t: 14.73
epoch 8, minibatch 312/312, validation error 44.601363 %
     epoch 8, minibatch 312/312, test error of best model 44.811699 %
t: 14.74
epoch 9, minibatch 312/312, validation error 42.137420 %
     epoch 9, minibatch 312/312, test error of best model 42.277643 %
t: 14.74
epoch 10, minibatch 312/312, validation error 41.516426 %
     epoch 10, minibatch 312/312, test error of best model 41.606569 %
t: 14.76
epoch 11, minibatch 312/312, validation error 39.733574 %
     epoch 11, minibatch 312/312, test error of best model 39.362982 %
t: 14.75
epoch 12, minibatch 312/312, validation error 38.902244 %
     epoch 12, minibatch 312/312, test error of best model 38.651842 %
t: 14.75
epoch 13, minibatch 312/312, validation error 38.451523 %
     epoch 13, minibatch 312/312, test error of best model 38.261217 %
t: 14.74
epoch 14, minibatch 312/312, validation error 38.421473 %
     epoch 14, minibatch 312/312, test error of best model 38.251203 %
t: 14.74
epoch 15, minibatch 312/312, validation error 38.120994 %
     epoch 15, minibatch 312/312, test error of best model 37.720352 %
t: 14.74
epoch 16, minibatch 312/312, validation error 37.600160 %
     epoch 16, minibatch 312/312, test error of best model 37.810495 %
t: 14.76
epoch 17, minibatch 312/312, validation error 37.510017 %
     epoch 17, minibatch 312/312, test error of best model 37.560096 %
t: 14.75
epoch 18, minibatch 312/312, validation error 37.379807 %
     epoch 18, minibatch 312/312, test error of best model 37.229568 %
t: 14.74
epoch 19, minibatch 312/312, validation error 37.239584 %
     epoch 19, minibatch 312/312, test error of best model 37.139422 %
t: 14.75
epoch 20, minibatch 312/312, validation error 37.149438 %
     epoch 20, minibatch 312/312, test error of best model 37.089342 %
t: 14.78
epoch 21, minibatch 312/312, validation error 37.029245 %
     epoch 21, minibatch 312/312, test error of best model 37.119392 %
t: 14.77
epoch 22, minibatch 312/312, validation error 37.069312 %
     epoch 22, minibatch 312/312, test error of best model 36.808893 %
t: 14.6
epoch 23, minibatch 312/312, validation error 36.979166 %
     epoch 23, minibatch 312/312, test error of best model 36.828926 %
t: 14.74
epoch 24, minibatch 312/312, validation error 36.818910 %
     epoch 24, minibatch 312/312, test error of best model 36.778846 %
t: 14.74
epoch 25, minibatch 312/312, validation error 36.959136 %
     epoch 25, minibatch 312/312, test error of best model 36.728767 %
t: 14.62
epoch 26, minibatch 312/312, validation error 37.019232 %
     epoch 26, minibatch 312/312, test error of best model 36.768830 %
t: 14.62
epoch 27, minibatch 312/312, validation error 36.838943 %
     epoch 27, minibatch 312/312, test error of best model 36.758813 %
t: 14.6
epoch 28, minibatch 312/312, validation error 36.808893 %
     epoch 28, minibatch 312/312, test error of best model 36.628607 %
t: 14.74
epoch 29, minibatch 312/312, validation error 36.788863 %
     epoch 29, minibatch 312/312, test error of best model 36.528444 %
t: 14.75
epoch 30, minibatch 312/312, validation error 36.698717 %
     epoch 30, minibatch 312/312, test error of best model 36.568511 %
t: 14.76
epoch 31, minibatch 312/312, validation error 36.588541 %
     epoch 31, minibatch 312/312, test error of best model 36.558494 %
t: 14.74
epoch 32, minibatch 312/312, validation error 36.528444 %
     epoch 32, minibatch 312/312, test error of best model 36.498398 %
t: 14.75
epoch 33, minibatch 312/312, validation error 36.408255 %
     epoch 33, minibatch 312/312, test error of best model 36.488381 %
t: 14.73
epoch 34, minibatch 312/312, validation error 36.438301 %
     epoch 34, minibatch 312/312, test error of best model 36.418268 %
t: 14.61
epoch 35, minibatch 312/312, validation error 36.328125 %
     epoch 35, minibatch 312/312, test error of best model 36.388221 %
t: 14.76
epoch 36, minibatch 312/312, validation error 36.278045 %
     epoch 36, minibatch 312/312, test error of best model 36.428285 %
t: 14.76
epoch 37, minibatch 312/312, validation error 36.258012 %
     epoch 37, minibatch 312/312, test error of best model 36.478364 %
t: 14.73
epoch 38, minibatch 312/312, validation error 36.167869 %
     epoch 38, minibatch 312/312, test error of best model 36.468348 %
t: 14.75
epoch 39, minibatch 312/312, validation error 36.177886 %
     epoch 39, minibatch 312/312, test error of best model 36.448318 %
t: 14.62
epoch 40, minibatch 312/312, validation error 36.197916 %
     epoch 40, minibatch 312/312, test error of best model 36.398238 %
t: 14.6
epoch 41, minibatch 312/312, validation error 36.157852 %
     epoch 41, minibatch 312/312, test error of best model 36.298078 %
t: 14.74
epoch 42, minibatch 312/312, validation error 36.167869 %
     epoch 42, minibatch 312/312, test error of best model 36.288062 %
t: 14.59
epoch 43, minibatch 312/312, validation error 36.077723 %
     epoch 43, minibatch 312/312, test error of best model 36.268029 %
t: 14.75
epoch 44, minibatch 312/312, validation error 36.057693 %
     epoch 44, minibatch 312/312, test error of best model 36.237982 %
t: 14.74
epoch 45, minibatch 312/312, validation error 36.007613 %
     epoch 45, minibatch 312/312, test error of best model 36.157852 %
t: 14.77
epoch 46, minibatch 312/312, validation error 36.037660 %
     epoch 46, minibatch 312/312, test error of best model 36.197916 %
t: 14.61
epoch 47, minibatch 312/312, validation error 36.047676 %
     epoch 47, minibatch 312/312, test error of best model 36.117789 %
t: 14.6
epoch 48, minibatch 312/312, validation error 35.997596 %
     epoch 48, minibatch 312/312, test error of best model 36.167869 %
t: 14.75
epoch 49, minibatch 312/312, validation error 35.907453 %
     epoch 49, minibatch 312/312, test error of best model 36.157852 %
t: 14.75
epoch 50, minibatch 312/312, validation error 35.877404 %
     epoch 50, minibatch 312/312, test error of best model 36.197916 %
t: 14.75
Optimization complete. Best validation score of 35.877404 % obtained at iteration 15600, epoch 50, with test performance 36.197916 %
training member 8
training samples: 40000
... building the model
... normal training
.... generating models
..... eval
..... train
..... test
.... started
epoch 1, minibatch 312/312, validation error 80.448717 %
     epoch 1, minibatch 312/312, test error of best model 80.308491 %
t: 14.7
epoch 2, minibatch 312/312, validation error 61.748797 %
     epoch 2, minibatch 312/312, test error of best model 62.239581 %
t: 14.68
epoch 3, minibatch 312/312, validation error 57.972759 %
     epoch 3, minibatch 312/312, test error of best model 58.543670 %
t: 14.67
epoch 4, minibatch 312/312, validation error 57.491988 %
     epoch 4, minibatch 312/312, test error of best model 56.951123 %
t: 14.68
epoch 5, minibatch 312/312, validation error 50.160259 %
     epoch 5, minibatch 312/312, test error of best model 50.691104 %
t: 14.69
epoch 6, minibatch 312/312, validation error 48.727965 %
     epoch 6, minibatch 312/312, test error of best model 48.938301 %
t: 14.69
epoch 7, minibatch 312/312, validation error 48.938301 %
     epoch 7, minibatch 312/312, test error of best model 48.888221 %
t: 14.56
epoch 8, minibatch 312/312, validation error 47.155449 %
     epoch 8, minibatch 312/312, test error of best model 47.666267 %
t: 14.7
epoch 9, minibatch 312/312, validation error 40.645033 %
     epoch 9, minibatch 312/312, test error of best model 41.065705 %
t: 14.68
epoch 10, minibatch 312/312, validation error 38.711938 %
     epoch 10, minibatch 312/312, test error of best model 39.012420 %
t: 14.7
epoch 11, minibatch 312/312, validation error 38.812098 %
     epoch 11, minibatch 312/312, test error of best model 38.842148 %
t: 14.55
epoch 12, minibatch 312/312, validation error 37.059295 %
     epoch 12, minibatch 312/312, test error of best model 37.780449 %
t: 14.68
epoch 13, minibatch 312/312, validation error 36.808893 %
     epoch 13, minibatch 312/312, test error of best model 37.349761 %
t: 14.69
epoch 14, minibatch 312/312, validation error 36.568511 %
     epoch 14, minibatch 312/312, test error of best model 37.089342 %
t: 14.7
epoch 15, minibatch 312/312, validation error 36.548477 %
     epoch 15, minibatch 312/312, test error of best model 36.508414 %
t: 14.71
epoch 16, minibatch 312/312, validation error 36.037660 %
     epoch 16, minibatch 312/312, test error of best model 36.378205 %
t: 14.7
epoch 17, minibatch 312/312, validation error 36.137819 %
     epoch 17, minibatch 312/312, test error of best model 36.378205 %
t: 14.55
epoch 18, minibatch 312/312, validation error 36.107773 %
     epoch 18, minibatch 312/312, test error of best model 36.227965 %
t: 14.56
epoch 19, minibatch 312/312, validation error 35.897437 %
     epoch 19, minibatch 312/312, test error of best model 36.147836 %
t: 14.68
epoch 20, minibatch 312/312, validation error 35.667068 %
     epoch 20, minibatch 312/312, test error of best model 36.167869 %
t: 14.69
epoch 21, minibatch 312/312, validation error 35.677084 %
     epoch 21, minibatch 312/312, test error of best model 36.087739 %
t: 14.54
epoch 22, minibatch 312/312, validation error 35.566908 %
     epoch 22, minibatch 312/312, test error of best model 36.047676 %
t: 14.7
epoch 23, minibatch 312/312, validation error 35.596955 %
     epoch 23, minibatch 312/312, test error of best model 35.997596 %
t: 14.55
epoch 24, minibatch 312/312, validation error 35.486779 %
     epoch 24, minibatch 312/312, test error of best model 35.907453 %
t: 14.72
epoch 25, minibatch 312/312, validation error 35.486779 %
     epoch 25, minibatch 312/312, test error of best model 35.907453 %
t: 14.54
epoch 26, minibatch 312/312, validation error 35.396636 %
     epoch 26, minibatch 312/312, test error of best model 35.837340 %
t: 14.69
epoch 27, minibatch 312/312, validation error 35.366586 %
     epoch 27, minibatch 312/312, test error of best model 35.757211 %
t: 14.7
epoch 28, minibatch 312/312, validation error 35.376602 %
     epoch 28, minibatch 312/312, test error of best model 35.717148 %
t: 14.55
epoch 29, minibatch 312/312, validation error 35.316506 %
     epoch 29, minibatch 312/312, test error of best model 35.667068 %
t: 14.7
epoch 30, minibatch 312/312, validation error 35.256410 %
     epoch 30, minibatch 312/312, test error of best model 35.677084 %
t: 14.71
epoch 31, minibatch 312/312, validation error 35.266426 %
     epoch 31, minibatch 312/312, test error of best model 35.627005 %
t: 14.55
epoch 32, minibatch 312/312, validation error 35.246393 %
     epoch 32, minibatch 312/312, test error of best model 35.586938 %
t: 14.71
epoch 33, minibatch 312/312, validation error 35.246393 %
     epoch 33, minibatch 312/312, test error of best model 35.606971 %
t: 14.55
epoch 34, minibatch 312/312, validation error 35.206330 %
     epoch 34, minibatch 312/312, test error of best model 35.657051 %
t: 14.69
epoch 35, minibatch 312/312, validation error 35.216346 %
     epoch 35, minibatch 312/312, test error of best model 35.637018 %
t: 14.55
epoch 36, minibatch 312/312, validation error 35.186297 %
     epoch 36, minibatch 312/312, test error of best model 35.596955 %
t: 14.7
epoch 37, minibatch 312/312, validation error 35.146233 %
     epoch 37, minibatch 312/312, test error of best model 35.566908 %
t: 14.71
epoch 38, minibatch 312/312, validation error 35.186297 %
     epoch 38, minibatch 312/312, test error of best model 35.606971 %
t: 14.57
epoch 39, minibatch 312/312, validation error 35.156250 %
     epoch 39, minibatch 312/312, test error of best model 35.606971 %
t: 14.56
epoch 40, minibatch 312/312, validation error 35.106170 %
     epoch 40, minibatch 312/312, test error of best model 35.657051 %
t: 14.68
epoch 41, minibatch 312/312, validation error 35.126203 %
     epoch 41, minibatch 312/312, test error of best model 35.667068 %
t: 14.56
epoch 42, minibatch 312/312, validation error 35.086137 %
     epoch 42, minibatch 312/312, test error of best model 35.657051 %
t: 14.7
epoch 43, minibatch 312/312, validation error 35.106170 %
     epoch 43, minibatch 312/312, test error of best model 35.687098 %
t: 14.56
epoch 44, minibatch 312/312, validation error 35.096154 %
     epoch 44, minibatch 312/312, test error of best model 35.687098 %
t: 14.55
epoch 45, minibatch 312/312, validation error 34.985977 %
     epoch 45, minibatch 312/312, test error of best model 35.596955 %
t: 14.7
epoch 46, minibatch 312/312, validation error 34.975961 %
     epoch 46, minibatch 312/312, test error of best model 35.637018 %
t: 14.71
epoch 47, minibatch 312/312, validation error 34.975961 %
     epoch 47, minibatch 312/312, test error of best model 35.637018 %
t: 14.57
epoch 48, minibatch 312/312, validation error 34.945914 %
     epoch 48, minibatch 312/312, test error of best model 35.616988 %
t: 14.7
epoch 49, minibatch 312/312, validation error 35.006011 %
     epoch 49, minibatch 312/312, test error of best model 35.586938 %
t: 14.56
epoch 50, minibatch 312/312, validation error 35.006011 %
     epoch 50, minibatch 312/312, test error of best model 35.606971 %
t: 14.55
Optimization complete. Best validation score of 34.945914 % obtained at iteration 14976, epoch 48, with test performance 35.616988 %
training member 9
training samples: 40000
... building the model
... normal training
.... generating models
..... eval
..... train
..... test
.... started
epoch 1, minibatch 312/312, validation error 76.151842 %
     epoch 1, minibatch 312/312, test error of best model 75.731170 %
t: 14.68
epoch 2, minibatch 312/312, validation error 61.067706 %
     epoch 2, minibatch 312/312, test error of best model 61.077726 %
t: 14.68
epoch 3, minibatch 312/312, validation error 55.558896 %
     epoch 3, minibatch 312/312, test error of best model 55.739182 %
t: 14.68
epoch 4, minibatch 312/312, validation error 56.720752 %
     epoch 4, minibatch 312/312, test error of best model 56.941104 %
t: 14.54
epoch 5, minibatch 312/312, validation error 46.624598 %
     epoch 5, minibatch 312/312, test error of best model 46.995193 %
t: 14.69
epoch 6, minibatch 312/312, validation error 45.032051 %
     epoch 6, minibatch 312/312, test error of best model 44.741586 %
t: 14.7
epoch 7, minibatch 312/312, validation error 42.658255 %
     epoch 7, minibatch 312/312, test error of best model 42.678285 %
t: 14.67
epoch 8, minibatch 312/312, validation error 41.596556 %
     epoch 8, minibatch 312/312, test error of best model 41.546473 %
t: 14.68
epoch 9, minibatch 312/312, validation error 39.933893 %
     epoch 9, minibatch 312/312, test error of best model 40.134215 %
t: 14.68
epoch 10, minibatch 312/312, validation error 39.853767 %
     epoch 10, minibatch 312/312, test error of best model 39.803687 %
t: 14.68
epoch 11, minibatch 312/312, validation error 38.301283 %
     epoch 11, minibatch 312/312, test error of best model 38.181090 %
t: 14.7
epoch 12, minibatch 312/312, validation error 37.900642 %
     epoch 12, minibatch 312/312, test error of best model 37.990785 %
t: 14.68
epoch 13, minibatch 312/312, validation error 37.229568 %
     epoch 13, minibatch 312/312, test error of best model 37.690306 %
t: 14.68
epoch 14, minibatch 312/312, validation error 36.177886 %
     epoch 14, minibatch 312/312, test error of best model 36.478364 %
t: 14.67
epoch 15, minibatch 312/312, validation error 35.987580 %
     epoch 15, minibatch 312/312, test error of best model 36.147836 %
t: 14.68
epoch 16, minibatch 312/312, validation error 35.326523 %
     epoch 16, minibatch 312/312, test error of best model 35.857370 %
t: 14.7
epoch 17, minibatch 312/312, validation error 35.326523 %
     epoch 17, minibatch 312/312, test error of best model 35.807291 %
t: 14.55
epoch 18, minibatch 312/312, validation error 35.076120 %
     epoch 18, minibatch 312/312, test error of best model 35.847357 %
t: 14.69
epoch 19, minibatch 312/312, validation error 35.226363 %
     epoch 19, minibatch 312/312, test error of best model 35.767227 %
t: 14.55
epoch 20, minibatch 312/312, validation error 35.006011 %
     epoch 20, minibatch 312/312, test error of best model 35.897437 %
t: 14.68
epoch 21, minibatch 312/312, validation error 34.835738 %
     epoch 21, minibatch 312/312, test error of best model 35.757211 %
t: 14.69
epoch 22, minibatch 312/312, validation error 34.755608 %
     epoch 22, minibatch 312/312, test error of best model 35.657051 %
t: 14.69
epoch 23, minibatch 312/312, validation error 34.715545 %
     epoch 23, minibatch 312/312, test error of best model 35.627005 %
t: 14.68
epoch 24, minibatch 312/312, validation error 34.575319 %
     epoch 24, minibatch 312/312, test error of best model 35.596955 %
t: 14.66
epoch 25, minibatch 312/312, validation error 34.615386 %
     epoch 25, minibatch 312/312, test error of best model 35.637018 %
t: 14.53
epoch 26, minibatch 312/312, validation error 34.615386 %
     epoch 26, minibatch 312/312, test error of best model 35.647035 %
t: 14.54
epoch 27, minibatch 312/312, validation error 34.575319 %
     epoch 27, minibatch 312/312, test error of best model 35.556892 %
t: 14.55
epoch 28, minibatch 312/312, validation error 34.515223 %
     epoch 28, minibatch 312/312, test error of best model 35.516828 %
t: 14.68
epoch 29, minibatch 312/312, validation error 34.465143 %
     epoch 29, minibatch 312/312, test error of best model 35.496795 %
t: 14.69
epoch 30, minibatch 312/312, validation error 34.405047 %
     epoch 30, minibatch 312/312, test error of best model 35.576922 %
t: 14.68
epoch 31, minibatch 312/312, validation error 34.445113 %
     epoch 31, minibatch 312/312, test error of best model 35.506812 %
t: 14.55
epoch 32, minibatch 312/312, validation error 34.395033 %
     epoch 32, minibatch 312/312, test error of best model 35.416666 %
t: 14.68
epoch 33, minibatch 312/312, validation error 34.415063 %
     epoch 33, minibatch 312/312, test error of best model 35.406652 %
t: 14.54
epoch 34, minibatch 312/312, validation error 34.395033 %
     epoch 34, minibatch 312/312, test error of best model 35.416666 %
t: 14.54
epoch 35, minibatch 312/312, validation error 34.395033 %
     epoch 35, minibatch 312/312, test error of best model 35.376602 %
t: 14.52
epoch 36, minibatch 312/312, validation error 34.375000 %
     epoch 36, minibatch 312/312, test error of best model 35.396636 %
t: 14.67
epoch 37, minibatch 312/312, validation error 34.425080 %
     epoch 37, minibatch 312/312, test error of best model 35.346556 %
t: 14.53
epoch 38, minibatch 312/312, validation error 34.435096 %
     epoch 38, minibatch 312/312, test error of best model 35.406652 %
t: 14.55
epoch 39, minibatch 312/312, validation error 34.354967 %
     epoch 39, minibatch 312/312, test error of best model 35.356569 %
t: 14.67
epoch 40, minibatch 312/312, validation error 34.344953 %
     epoch 40, minibatch 312/312, test error of best model 35.406652 %
t: 14.68
epoch 41, minibatch 312/312, validation error 34.304887 %
     epoch 41, minibatch 312/312, test error of best model 35.396636 %
t: 14.69
epoch 42, minibatch 312/312, validation error 34.294870 %
     epoch 42, minibatch 312/312, test error of best model 35.336539 %
t: 14.68
epoch 43, minibatch 312/312, validation error 34.314904 %
     epoch 43, minibatch 312/312, test error of best model 35.316506 %
t: 14.54
epoch 44, minibatch 312/312, validation error 34.264824 %
     epoch 44, minibatch 312/312, test error of best model 35.306489 %
t: 14.68
epoch 45, minibatch 312/312, validation error 34.284857 %
     epoch 45, minibatch 312/312, test error of best model 35.306489 %
t: 14.52
epoch 46, minibatch 312/312, validation error 34.214744 %
     epoch 46, minibatch 312/312, test error of best model 35.246393 %
t: 14.67
epoch 47, minibatch 312/312, validation error 34.234777 %
     epoch 47, minibatch 312/312, test error of best model 35.266426 %
t: 14.54
epoch 48, minibatch 312/312, validation error 34.234777 %
     epoch 48, minibatch 312/312, test error of best model 35.286459 %
t: 14.53
epoch 49, minibatch 312/312, validation error 34.164664 %
     epoch 49, minibatch 312/312, test error of best model 35.266426 %
t: 14.69
epoch 50, minibatch 312/312, validation error 34.144631 %
     epoch 50, minibatch 312/312, test error of best model 35.236380 %
t: 14.68
Optimization complete. Best validation score of 34.144631 % obtained at iteration 15600, epoch 50, with test performance 35.236380 %
