... loading data
... building the model
... training
epoch 1, minibatch 500/500, validation error 7.420000 %
     epoch 1, minibatch 500/500, test error of best model 8.030000 %
epoch 2, minibatch 500/500, validation error 5.400000 %
     epoch 2, minibatch 500/500, test error of best model 5.850000 %
epoch 3, minibatch 500/500, validation error 4.970000 %
     epoch 3, minibatch 500/500, test error of best model 5.600000 %
epoch 4, minibatch 500/500, validation error 4.330000 %
     epoch 4, minibatch 500/500, test error of best model 5.120000 %
epoch 5, minibatch 500/500, validation error 4.060000 %
     epoch 5, minibatch 500/500, test error of best model 4.820000 %
epoch 6, minibatch 500/500, validation error 3.740000 %
     epoch 6, minibatch 500/500, test error of best model 4.210000 %
epoch 7, minibatch 500/500, validation error 3.630000 %
     epoch 7, minibatch 500/500, test error of best model 3.960000 %
epoch 8, minibatch 500/500, validation error 3.600000 %
     epoch 8, minibatch 500/500, test error of best model 3.960000 %
epoch 9, minibatch 500/500, validation error 3.160000 %
     epoch 9, minibatch 500/500, test error of best model 3.530000 %
epoch 10, minibatch 500/500, validation error 3.140000 %
     epoch 10, minibatch 500/500, test error of best model 3.330000 %
epoch 11, minibatch 500/500, validation error 3.090000 %
     epoch 11, minibatch 500/500, test error of best model 3.350000 %
epoch 12, minibatch 500/500, validation error 3.450000 %
epoch 13, minibatch 500/500, validation error 3.440000 %
epoch 14, minibatch 500/500, validation error 3.070000 %
     epoch 14, minibatch 500/500, test error of best model 3.240000 %
epoch 15, minibatch 500/500, validation error 2.950000 %
     epoch 15, minibatch 500/500, test error of best model 3.110000 %
epoch 16, minibatch 500/500, validation error 2.890000 %
     epoch 16, minibatch 500/500, test error of best model 2.940000 %
epoch 17, minibatch 500/500, validation error 2.950000 %
epoch 18, minibatch 500/500, validation error 2.590000 %
     epoch 18, minibatch 500/500, test error of best model 3.020000 %
epoch 19, minibatch 500/500, validation error 3.040000 %
epoch 20, minibatch 500/500, validation error 2.850000 %
epoch 21, minibatch 500/500, validation error 2.890000 %
epoch 22, minibatch 500/500, validation error 2.700000 %
epoch 23, minibatch 500/500, validation error 2.580000 %
     epoch 23, minibatch 500/500, test error of best model 2.940000 %
epoch 24, minibatch 500/500, validation error 2.780000 %
epoch 25, minibatch 500/500, validation error 2.760000 %
epoch 26, minibatch 500/500, validation error 2.930000 %
epoch 27, minibatch 500/500, validation error 2.600000 %
epoch 28, minibatch 500/500, validation error 2.790000 %
epoch 29, minibatch 500/500, validation error 2.390000 %
     epoch 29, minibatch 500/500, test error of best model 2.590000 %
epoch 30, minibatch 500/500, validation error 2.390000 %
epoch 31, minibatch 500/500, validation error 2.550000 %
epoch 32, minibatch 500/500, validation error 2.350000 %
     epoch 32, minibatch 500/500, test error of best model 2.400000 %
epoch 33, minibatch 500/500, validation error 2.530000 %
epoch 34, minibatch 500/500, validation error 2.500000 %
epoch 35, minibatch 500/500, validation error 2.290000 %
     epoch 35, minibatch 500/500, test error of best model 2.570000 %
epoch 36, minibatch 500/500, validation error 2.340000 %
epoch 37, minibatch 500/500, validation error 2.540000 %
epoch 38, minibatch 500/500, validation error 2.330000 %
epoch 39, minibatch 500/500, validation error 2.540000 %
epoch 40, minibatch 500/500, validation error 2.490000 %
epoch 41, minibatch 500/500, validation error 2.340000 %
epoch 42, minibatch 500/500, validation error 2.530000 %
epoch 43, minibatch 500/500, validation error 2.600000 %
epoch 44, minibatch 500/500, validation error 2.760000 %
epoch 45, minibatch 500/500, validation error 2.740000 %
epoch 46, minibatch 500/500, validation error 2.630000 %
epoch 47, minibatch 500/500, validation error 2.580000 %
epoch 48, minibatch 500/500, validation error 2.710000 %
epoch 49, minibatch 500/500, validation error 2.660000 %
epoch 50, minibatch 500/500, validation error 2.670000 %
epoch 51, minibatch 500/500, validation error 2.890000 %
epoch 52, minibatch 500/500, validation error 2.720000 %
epoch 53, minibatch 500/500, validation error 2.930000 %
epoch 54, minibatch 500/500, validation error 2.530000 %
epoch 55, minibatch 500/500, validation error 2.790000 %
epoch 56, minibatch 500/500, validation error 2.840000 %
epoch 57, minibatch 500/500, validation error 2.610000 %
epoch 58, minibatch 500/500, validation error 2.760000 %
epoch 59, minibatch 500/500, validation error 3.060000 %
epoch 60, minibatch 500/500, validation error 2.560000 %
epoch 61, minibatch 500/500, validation error 2.670000 %
epoch 62, minibatch 500/500, validation error 2.830000 %
epoch 63, minibatch 500/500, validation error 3.020000 %
epoch 64, minibatch 500/500, validation error 2.640000 %
epoch 65, minibatch 500/500, validation error 2.820000 %
epoch 66, minibatch 500/500, validation error 2.810000 %
epoch 67, minibatch 500/500, validation error 2.980000 %
epoch 68, minibatch 500/500, validation error 3.040000 %
epoch 69, minibatch 500/500, validation error 2.770000 %
epoch 70, minibatch 500/500, validation error 2.960000 %
epoch 71, minibatch 500/500, validation error 2.750000 %
epoch 72, minibatch 500/500, validation error 3.040000 %
epoch 73, minibatch 500/500, validation error 2.880000 %
epoch 74, minibatch 500/500, validation error 2.830000 %
epoch 75, minibatch 500/500, validation error 2.840000 %
epoch 76, minibatch 500/500, validation error 3.030000 %
epoch 77, minibatch 500/500, validation error 3.060000 %
epoch 78, minibatch 500/500, validation error 3.190000 %
epoch 79, minibatch 500/500, validation error 2.960000 %
epoch 80, minibatch 500/500, validation error 3.150000 %
epoch 81, minibatch 500/500, validation error 3.000000 %
epoch 82, minibatch 500/500, validation error 2.980000 %
epoch 83, minibatch 500/500, validation error 3.230000 %
epoch 84, minibatch 500/500, validation error 3.140000 %
epoch 85, minibatch 500/500, validation error 3.400000 %
epoch 86, minibatch 500/500, validation error 3.470000 %
epoch 87, minibatch 500/500, validation error 3.200000 %
epoch 88, minibatch 500/500, validation error 3.240000 %
epoch 89, minibatch 500/500, validation error 3.050000 %
epoch 90, minibatch 500/500, validation error 3.150000 %
epoch 91, minibatch 500/500, validation error 3.190000 %
epoch 92, minibatch 500/500, validation error 3.210000 %
epoch 93, minibatch 500/500, validation error 3.290000 %
epoch 94, minibatch 500/500, validation error 3.070000 %
epoch 95, minibatch 500/500, validation error 3.070000 %
epoch 96, minibatch 500/500, validation error 3.280000 %
epoch 97, minibatch 500/500, validation error 3.200000 %
epoch 98, minibatch 500/500, validation error 3.140000 %
epoch 99, minibatch 500/500, validation error 3.040000 %
epoch 100, minibatch 500/500, validation error 3.200000 %
epoch 101, minibatch 500/500, validation error 3.170000 %
epoch 102, minibatch 500/500, validation error 3.140000 %
epoch 103, minibatch 500/500, validation error 3.190000 %
epoch 104, minibatch 500/500, validation error 3.050000 %
epoch 105, minibatch 500/500, validation error 3.180000 %
epoch 106, minibatch 500/500, validation error 3.090000 %
epoch 107, minibatch 500/500, validation error 3.390000 %
epoch 108, minibatch 500/500, validation error 2.660000 %
epoch 109, minibatch 500/500, validation error 3.340000 %
epoch 110, minibatch 500/500, validation error 2.960000 %
epoch 111, minibatch 500/500, validation error 2.970000 %
epoch 112, minibatch 500/500, validation error 2.860000 %
epoch 113, minibatch 500/500, validation error 3.470000 %
epoch 114, minibatch 500/500, validation error 3.260000 %
epoch 115, minibatch 500/500, validation error 3.250000 %
epoch 116, minibatch 500/500, validation error 3.510000 %
epoch 117, minibatch 500/500, validation error 3.430000 %
epoch 118, minibatch 500/500, validation error 3.620000 %
epoch 119, minibatch 500/500, validation error 3.590000 %
epoch 120, minibatch 500/500, validation error 3.340000 %
epoch 121, minibatch 500/500, validation error 3.320000 %
epoch 122, minibatch 500/500, validation error 3.350000 %
epoch 123, minibatch 500/500, validation error 3.210000 %
epoch 124, minibatch 500/500, validation error 3.230000 %
epoch 125, minibatch 500/500, validation error 3.350000 %
epoch 126, minibatch 500/500, validation error 3.340000 %
epoch 127, minibatch 500/500, validation error 3.110000 %
epoch 128, minibatch 500/500, validation error 3.240000 %
epoch 129, minibatch 500/500, validation error 3.240000 %
epoch 130, minibatch 500/500, validation error 3.500000 %
epoch 131, minibatch 500/500, validation error 3.450000 %
epoch 132, minibatch 500/500, validation error 2.990000 %
epoch 133, minibatch 500/500, validation error 2.960000 %
epoch 134, minibatch 500/500, validation error 3.100000 %
epoch 135, minibatch 500/500, validation error 3.390000 %
epoch 136, minibatch 500/500, validation error 3.410000 %
epoch 137, minibatch 500/500, validation error 3.410000 %
epoch 138, minibatch 500/500, validation error 3.270000 %
epoch 139, minibatch 500/500, validation error 3.110000 %
epoch 140, minibatch 500/500, validation error 3.350000 %
epoch 141, minibatch 500/500, validation error 3.090000 %
epoch 142, minibatch 500/500, validation error 3.310000 %
epoch 143, minibatch 500/500, validation error 3.330000 %
epoch 144, minibatch 500/500, validation error 3.200000 %
epoch 145, minibatch 500/500, validation error 3.300000 %
epoch 146, minibatch 500/500, validation error 3.450000 %
epoch 147, minibatch 500/500, validation error 3.270000 %
epoch 148, minibatch 500/500, validation error 3.330000 %
epoch 149, minibatch 500/500, validation error 3.310000 %
epoch 150, minibatch 500/500, validation error 3.860000 %
epoch 151, minibatch 500/500, validation error 2.870000 %
epoch 152, minibatch 500/500, validation error 3.080000 %
epoch 153, minibatch 500/500, validation error 3.370000 %
epoch 154, minibatch 500/500, validation error 3.630000 %
epoch 155, minibatch 500/500, validation error 3.260000 %
epoch 156, minibatch 500/500, validation error 3.190000 %
epoch 157, minibatch 500/500, validation error 3.360000 %
epoch 158, minibatch 500/500, validation error 3.330000 %
epoch 159, minibatch 500/500, validation error 3.630000 %
epoch 160, minibatch 500/500, validation error 3.160000 %
epoch 161, minibatch 500/500, validation error 3.470000 %
epoch 162, minibatch 500/500, validation error 3.280000 %
epoch 163, minibatch 500/500, validation error 3.480000 %
epoch 164, minibatch 500/500, validation error 3.320000 %
epoch 165, minibatch 500/500, validation error 3.270000 %
epoch 166, minibatch 500/500, validation error 3.270000 %
epoch 167, minibatch 500/500, validation error 3.090000 %
epoch 168, minibatch 500/500, validation error 3.140000 %
epoch 169, minibatch 500/500, validation error 3.340000 %
epoch 170, minibatch 500/500, validation error 3.210000 %
epoch 171, minibatch 500/500, validation error 3.440000 %
epoch 172, minibatch 500/500, validation error 3.460000 %
epoch 173, minibatch 500/500, validation error 3.200000 %
epoch 174, minibatch 500/500, validation error 3.420000 %
epoch 175, minibatch 500/500, validation error 3.430000 %
epoch 176, minibatch 500/500, validation error 3.330000 %
epoch 177, minibatch 500/500, validation error 3.010000 %
epoch 178, minibatch 500/500, validation error 3.200000 %
epoch 179, minibatch 500/500, validation error 2.910000 %
epoch 180, minibatch 500/500, validation error 3.150000 %
epoch 181, minibatch 500/500, validation error 3.130000 %
epoch 182, minibatch 500/500, validation error 3.090000 %
epoch 183, minibatch 500/500, validation error 3.390000 %
epoch 184, minibatch 500/500, validation error 3.360000 %
epoch 185, minibatch 500/500, validation error 3.240000 %
epoch 186, minibatch 500/500, validation error 3.200000 %
epoch 187, minibatch 500/500, validation error 3.200000 %
epoch 188, minibatch 500/500, validation error 3.300000 %
epoch 189, minibatch 500/500, validation error 3.430000 %
epoch 190, minibatch 500/500, validation error 3.740000 %
epoch 191, minibatch 500/500, validation error 3.230000 %
epoch 192, minibatch 500/500, validation error 3.270000 %
epoch 193, minibatch 500/500, validation error 3.250000 %
epoch 194, minibatch 500/500, validation error 3.420000 %
epoch 195, minibatch 500/500, validation error 2.990000 %
epoch 196, minibatch 500/500, validation error 3.230000 %
epoch 197, minibatch 500/500, validation error 3.420000 %
epoch 198, minibatch 500/500, validation error 3.270000 %
epoch 199, minibatch 500/500, validation error 3.000000 %
epoch 200, minibatch 500/500, validation error 3.260000 %
epoch 201, minibatch 500/500, validation error 3.670000 %
epoch 202, minibatch 500/500, validation error 3.560000 %
epoch 203, minibatch 500/500, validation error 3.240000 %
epoch 204, minibatch 500/500, validation error 3.430000 %
epoch 205, minibatch 500/500, validation error 3.380000 %
epoch 206, minibatch 500/500, validation error 3.410000 %
epoch 207, minibatch 500/500, validation error 3.220000 %
epoch 208, minibatch 500/500, validation error 3.500000 %
epoch 209, minibatch 500/500, validation error 3.640000 %
epoch 210, minibatch 500/500, validation error 3.460000 %
epoch 211, minibatch 500/500, validation error 3.100000 %
epoch 212, minibatch 500/500, validation error 3.290000 %
epoch 213, minibatch 500/500, validation error 3.720000 %
epoch 214, minibatch 500/500, validation error 3.230000 %
epoch 215, minibatch 500/500, validation error 3.050000 %
epoch 216, minibatch 500/500, validation error 3.040000 %
epoch 217, minibatch 500/500, validation error 2.970000 %
epoch 218, minibatch 500/500, validation error 3.100000 %
epoch 219, minibatch 500/500, validation error 3.340000 %
epoch 220, minibatch 500/500, validation error 3.150000 %
epoch 221, minibatch 500/500, validation error 3.090000 %
epoch 222, minibatch 500/500, validation error 2.910000 %
epoch 223, minibatch 500/500, validation error 3.120000 %
epoch 224, minibatch 500/500, validation error 3.280000 %
epoch 225, minibatch 500/500, validation error 3.660000 %
epoch 226, minibatch 500/500, validation error 3.010000 %
epoch 227, minibatch 500/500, validation error 3.330000 %
epoch 228, minibatch 500/500, validation error 3.270000 %
epoch 229, minibatch 500/500, validation error 3.360000 %
epoch 230, minibatch 500/500, validation error 3.380000 %
epoch 231, minibatch 500/500, validation error 3.510000 %
epoch 232, minibatch 500/500, validation error 3.530000 %
epoch 233, minibatch 500/500, validation error 3.270000 %
epoch 234, minibatch 500/500, validation error 3.410000 %
epoch 235, minibatch 500/500, validation error 3.310000 %
epoch 236, minibatch 500/500, validation error 3.490000 %
epoch 237, minibatch 500/500, validation error 3.720000 %
epoch 238, minibatch 500/500, validation error 3.280000 %
epoch 239, minibatch 500/500, validation error 3.430000 %
epoch 240, minibatch 500/500, validation error 3.690000 %
epoch 241, minibatch 500/500, validation error 3.040000 %
epoch 242, minibatch 500/500, validation error 3.170000 %
epoch 243, minibatch 500/500, validation error 3.470000 %
epoch 244, minibatch 500/500, validation error 3.270000 %
epoch 245, minibatch 500/500, validation error 3.180000 %
epoch 246, minibatch 500/500, validation error 3.340000 %
epoch 247, minibatch 500/500, validation error 3.360000 %
epoch 248, minibatch 500/500, validation error 3.240000 %
epoch 249, minibatch 500/500, validation error 3.210000 %
epoch 250, minibatch 500/500, validation error 3.590000 %
epoch 251, minibatch 500/500, validation error 3.600000 %
epoch 252, minibatch 500/500, validation error 3.330000 %
epoch 253, minibatch 500/500, validation error 3.610000 %
epoch 254, minibatch 500/500, validation error 3.220000 %
epoch 255, minibatch 500/500, validation error 3.320000 %
epoch 256, minibatch 500/500, validation error 3.710000 %
epoch 257, minibatch 500/500, validation error 3.750000 %
epoch 258, minibatch 500/500, validation error 3.410000 %
epoch 259, minibatch 500/500, validation error 3.300000 %
epoch 260, minibatch 500/500, validation error 3.360000 %
epoch 261, minibatch 500/500, validation error 3.400000 %
epoch 262, minibatch 500/500, validation error 3.440000 %
epoch 263, minibatch 500/500, validation error 3.740000 %
epoch 264, minibatch 500/500, validation error 3.590000 %
epoch 265, minibatch 500/500, validation error 3.430000 %
epoch 266, minibatch 500/500, validation error 3.750000 %
epoch 267, minibatch 500/500, validation error 3.060000 %
epoch 268, minibatch 500/500, validation error 3.340000 %
epoch 269, minibatch 500/500, validation error 3.440000 %
epoch 270, minibatch 500/500, validation error 4.050000 %
epoch 271, minibatch 500/500, validation error 3.240000 %
epoch 272, minibatch 500/500, validation error 3.550000 %
epoch 273, minibatch 500/500, validation error 3.350000 %
epoch 274, minibatch 500/500, validation error 3.990000 %
epoch 275, minibatch 500/500, validation error 3.520000 %
epoch 276, minibatch 500/500, validation error 3.460000 %
epoch 277, minibatch 500/500, validation error 3.130000 %
epoch 278, minibatch 500/500, validation error 3.480000 %
epoch 279, minibatch 500/500, validation error 3.360000 %
epoch 280, minibatch 500/500, validation error 3.630000 %
epoch 281, minibatch 500/500, validation error 3.530000 %
epoch 282, minibatch 500/500, validation error 3.500000 %
epoch 283, minibatch 500/500, validation error 3.700000 %
epoch 284, minibatch 500/500, validation error 3.630000 %
epoch 285, minibatch 500/500, validation error 3.390000 %
epoch 286, minibatch 500/500, validation error 3.430000 %
epoch 287, minibatch 500/500, validation error 3.270000 %
epoch 288, minibatch 500/500, validation error 3.240000 %
epoch 289, minibatch 500/500, validation error 3.400000 %
epoch 290, minibatch 500/500, validation error 3.150000 %
epoch 291, minibatch 500/500, validation error 3.570000 %
epoch 292, minibatch 500/500, validation error 3.340000 %
epoch 293, minibatch 500/500, validation error 3.520000 %
epoch 294, minibatch 500/500, validation error 3.380000 %
epoch 295, minibatch 500/500, validation error 3.520000 %
epoch 296, minibatch 500/500, validation error 3.440000 %
epoch 297, minibatch 500/500, validation error 3.460000 %
epoch 298, minibatch 500/500, validation error 3.220000 %
epoch 299, minibatch 500/500, validation error 3.240000 %
epoch 300, minibatch 500/500, validation error 2.980000 %
epoch 301, minibatch 500/500, validation error 3.540000 %
epoch 302, minibatch 500/500, validation error 3.470000 %
epoch 303, minibatch 500/500, validation error 3.260000 %
epoch 304, minibatch 500/500, validation error 3.540000 %
epoch 305, minibatch 500/500, validation error 3.620000 %
epoch 306, minibatch 500/500, validation error 3.360000 %
epoch 307, minibatch 500/500, validation error 3.690000 %
epoch 308, minibatch 500/500, validation error 3.460000 %
epoch 309, minibatch 500/500, validation error 3.210000 %
epoch 310, minibatch 500/500, validation error 3.370000 %
epoch 311, minibatch 500/500, validation error 3.550000 %
epoch 312, minibatch 500/500, validation error 3.210000 %
epoch 313, minibatch 500/500, validation error 3.310000 %
epoch 314, minibatch 500/500, validation error 3.580000 %
epoch 315, minibatch 500/500, validation error 3.510000 %
epoch 316, minibatch 500/500, validation error 3.520000 %
epoch 317, minibatch 500/500, validation error 3.580000 %
epoch 318, minibatch 500/500, validation error 4.080000 %
epoch 319, minibatch 500/500, validation error 3.890000 %
epoch 320, minibatch 500/500, validation error 3.590000 %
epoch 321, minibatch 500/500, validation error 3.540000 %
epoch 322, minibatch 500/500, validation error 3.280000 %
epoch 323, minibatch 500/500, validation error 3.330000 %
epoch 324, minibatch 500/500, validation error 3.470000 %
epoch 325, minibatch 500/500, validation error 3.300000 %
epoch 326, minibatch 500/500, validation error 4.140000 %
epoch 327, minibatch 500/500, validation error 4.340000 %
epoch 328, minibatch 500/500, validation error 3.420000 %
epoch 329, minibatch 500/500, validation error 4.780000 %
epoch 330, minibatch 500/500, validation error 3.400000 %
epoch 331, minibatch 500/500, validation error 3.680000 %
epoch 332, minibatch 500/500, validation error 3.710000 %
epoch 333, minibatch 500/500, validation error 3.710000 %
epoch 334, minibatch 500/500, validation error 3.740000 %
epoch 335, minibatch 500/500, validation error 4.010000 %
epoch 336, minibatch 500/500, validation error 3.300000 %
epoch 337, minibatch 500/500, validation error 3.710000 %
epoch 338, minibatch 500/500, validation error 4.330000 %
epoch 339, minibatch 500/500, validation error 3.820000 %
epoch 340, minibatch 500/500, validation error 4.030000 %
epoch 341, minibatch 500/500, validation error 3.690000 %
epoch 342, minibatch 500/500, validation error 4.300000 %
epoch 343, minibatch 500/500, validation error 3.650000 %
epoch 344, minibatch 500/500, validation error 3.600000 %
epoch 345, minibatch 500/500, validation error 4.220000 %
epoch 346, minibatch 500/500, validation error 4.970000 %
epoch 347, minibatch 500/500, validation error 4.710000 %
epoch 348, minibatch 500/500, validation error 4.280000 %
epoch 349, minibatch 500/500, validation error 3.700000 %
epoch 350, minibatch 500/500, validation error 4.310000 %
epoch 351, minibatch 500/500, validation error 3.980000 %
epoch 352, minibatch 500/500, validation error 3.530000 %
epoch 353, minibatch 500/500, validation error 4.350000 %
epoch 354, minibatch 500/500, validation error 4.800000 %
epoch 355, minibatch 500/500, validation error 3.830000 %
epoch 356, minibatch 500/500, validation error 4.120000 %
epoch 357, minibatch 500/500, validation error 3.950000 %
epoch 358, minibatch 500/500, validation error 5.370000 %
epoch 359, minibatch 500/500, validation error 4.370000 %
epoch 360, minibatch 500/500, validation error 3.950000 %
epoch 361, minibatch 500/500, validation error 4.420000 %
epoch 362, minibatch 500/500, validation error 3.580000 %
epoch 363, minibatch 500/500, validation error 3.890000 %
epoch 364, minibatch 500/500, validation error 3.900000 %
epoch 365, minibatch 500/500, validation error 3.930000 %
epoch 366, minibatch 500/500, validation error 3.960000 %
epoch 367, minibatch 500/500, validation error 3.900000 %
epoch 368, minibatch 500/500, validation error 3.690000 %
epoch 369, minibatch 500/500, validation error 6.090000 %
epoch 370, minibatch 500/500, validation error 4.290000 %
epoch 371, minibatch 500/500, validation error 3.510000 %
epoch 372, minibatch 500/500, validation error 4.890000 %
epoch 373, minibatch 500/500, validation error 3.820000 %
epoch 374, minibatch 500/500, validation error 4.370000 %
epoch 375, minibatch 500/500, validation error 4.750000 %
epoch 376, minibatch 500/500, validation error 4.180000 %
epoch 377, minibatch 500/500, validation error 4.710000 %
epoch 378, minibatch 500/500, validation error 3.760000 %
epoch 379, minibatch 500/500, validation error 4.460000 %
epoch 380, minibatch 500/500, validation error 4.050000 %
epoch 381, minibatch 500/500, validation error 5.000000 %
epoch 382, minibatch 500/500, validation error 3.940000 %
epoch 383, minibatch 500/500, validation error 5.800000 %
epoch 384, minibatch 500/500, validation error 3.890000 %
epoch 385, minibatch 500/500, validation error 4.420000 %
epoch 386, minibatch 500/500, validation error 4.860000 %
epoch 387, minibatch 500/500, validation error 4.050000 %
epoch 388, minibatch 500/500, validation error 4.050000 %
epoch 389, minibatch 500/500, validation error 4.310000 %
epoch 390, minibatch 500/500, validation error 5.370000 %
epoch 391, minibatch 500/500, validation error 4.680000 %
epoch 392, minibatch 500/500, validation error 3.140000 %
epoch 393, minibatch 500/500, validation error 4.040000 %
epoch 394, minibatch 500/500, validation error 3.720000 %
epoch 395, minibatch 500/500, validation error 3.660000 %
epoch 396, minibatch 500/500, validation error 4.050000 %
epoch 397, minibatch 500/500, validation error 4.490000 %
epoch 398, minibatch 500/500, validation error 3.850000 %
epoch 399, minibatch 500/500, validation error 3.570000 %
epoch 400, minibatch 500/500, validation error 3.710000 %
epoch 401, minibatch 500/500, validation error 3.370000 %
epoch 402, minibatch 500/500, validation error 4.690000 %
epoch 403, minibatch 500/500, validation error 3.930000 %
epoch 404, minibatch 500/500, validation error 3.710000 %
epoch 405, minibatch 500/500, validation error 4.020000 %
epoch 406, minibatch 500/500, validation error 3.680000 %
epoch 407, minibatch 500/500, validation error 4.430000 %
epoch 408, minibatch 500/500, validation error 3.970000 %
epoch 409, minibatch 500/500, validation error 3.390000 %
epoch 410, minibatch 500/500, validation error 4.160000 %
epoch 411, minibatch 500/500, validation error 3.720000 %
epoch 412, minibatch 500/500, validation error 5.400000 %
epoch 413, minibatch 500/500, validation error 3.720000 %
epoch 414, minibatch 500/500, validation error 4.490000 %
epoch 415, minibatch 500/500, validation error 3.430000 %
epoch 416, minibatch 500/500, validation error 6.020000 %
epoch 417, minibatch 500/500, validation error 3.760000 %
epoch 418, minibatch 500/500, validation error 3.590000 %
epoch 419, minibatch 500/500, validation error 4.150000 %
epoch 420, minibatch 500/500, validation error 3.870000 %
epoch 421, minibatch 500/500, validation error 3.560000 %
epoch 422, minibatch 500/500, validation error 3.670000 %
epoch 423, minibatch 500/500, validation error 3.470000 %
epoch 424, minibatch 500/500, validation error 3.430000 %
epoch 425, minibatch 500/500, validation error 7.930000 %
epoch 426, minibatch 500/500, validation error 3.750000 %
epoch 427, minibatch 500/500, validation error 3.910000 %
epoch 428, minibatch 500/500, validation error 3.470000 %
epoch 429, minibatch 500/500, validation error 4.750000 %
epoch 430, minibatch 500/500, validation error 4.680000 %
epoch 431, minibatch 500/500, validation error 4.400000 %
epoch 432, minibatch 500/500, validation error 4.120000 %
epoch 433, minibatch 500/500, validation error 3.670000 %
epoch 434, minibatch 500/500, validation error 4.250000 %
epoch 435, minibatch 500/500, validation error 4.030000 %
epoch 436, minibatch 500/500, validation error 3.590000 %
epoch 437, minibatch 500/500, validation error 5.160000 %
epoch 438, minibatch 500/500, validation error 3.650000 %
epoch 439, minibatch 500/500, validation error 4.380000 %
epoch 440, minibatch 500/500, validation error 4.220000 %
epoch 441, minibatch 500/500, validation error 4.730000 %
epoch 442, minibatch 500/500, validation error 3.810000 %
epoch 443, minibatch 500/500, validation error 4.030000 %
epoch 444, minibatch 500/500, validation error 3.520000 %
epoch 445, minibatch 500/500, validation error 4.950000 %
epoch 446, minibatch 500/500, validation error 4.140000 %
epoch 447, minibatch 500/500, validation error 3.790000 %
epoch 448, minibatch 500/500, validation error 4.880000 %
epoch 449, minibatch 500/500, validation error 4.110000 %
epoch 450, minibatch 500/500, validation error 4.520000 %
epoch 451, minibatch 500/500, validation error 3.580000 %
epoch 452, minibatch 500/500, validation error 3.590000 %
epoch 453, minibatch 500/500, validation error 5.170000 %
epoch 454, minibatch 500/500, validation error 4.110000 %
epoch 455, minibatch 500/500, validation error 3.700000 %
epoch 456, minibatch 500/500, validation error 4.720000 %
epoch 457, minibatch 500/500, validation error 4.380000 %
epoch 458, minibatch 500/500, validation error 4.220000 %
epoch 459, minibatch 500/500, validation error 4.120000 %
epoch 460, minibatch 500/500, validation error 4.440000 %
epoch 461, minibatch 500/500, validation error 4.630000 %
epoch 462, minibatch 500/500, validation error 4.100000 %
epoch 463, minibatch 500/500, validation error 6.690000 %
epoch 464, minibatch 500/500, validation error 3.960000 %
epoch 465, minibatch 500/500, validation error 3.840000 %
epoch 466, minibatch 500/500, validation error 4.020000 %
epoch 467, minibatch 500/500, validation error 5.120000 %
epoch 468, minibatch 500/500, validation error 3.640000 %
epoch 469, minibatch 500/500, validation error 4.720000 %
epoch 470, minibatch 500/500, validation error 3.360000 %
epoch 471, minibatch 500/500, validation error 3.630000 %
epoch 472, minibatch 500/500, validation error 3.870000 %
epoch 473, minibatch 500/500, validation error 5.310000 %
epoch 474, minibatch 500/500, validation error 3.590000 %
epoch 475, minibatch 500/500, validation error 4.010000 %
epoch 476, minibatch 500/500, validation error 3.310000 %
epoch 477, minibatch 500/500, validation error 3.500000 %
epoch 478, minibatch 500/500, validation error 4.450000 %
epoch 479, minibatch 500/500, validation error 3.950000 %
epoch 480, minibatch 500/500, validation error 3.690000 %
epoch 481, minibatch 500/500, validation error 3.420000 %
epoch 482, minibatch 500/500, validation error 3.950000 %
epoch 483, minibatch 500/500, validation error 4.830000 %
epoch 484, minibatch 500/500, validation error 4.060000 %
epoch 485, minibatch 500/500, validation error 3.600000 %
epoch 486, minibatch 500/500, validation error 4.000000 %
epoch 487, minibatch 500/500, validation error 5.090000 %
epoch 488, minibatch 500/500, validation error 4.070000 %
epoch 489, minibatch 500/500, validation error 4.660000 %
epoch 490, minibatch 500/500, validation error 4.690000 %
epoch 491, minibatch 500/500, validation error 4.780000 %
epoch 492, minibatch 500/500, validation error 4.600000 %
epoch 493, minibatch 500/500, validation error 3.430000 %
epoch 494, minibatch 500/500, validation error 3.650000 %
epoch 495, minibatch 500/500, validation error 3.580000 %
epoch 496, minibatch 500/500, validation error 3.320000 %
epoch 497, minibatch 500/500, validation error 4.160000 %
epoch 498, minibatch 500/500, validation error 3.960000 %
epoch 499, minibatch 500/500, validation error 3.740000 %
epoch 500, minibatch 500/500, validation error 3.580000 %
epoch 501, minibatch 500/500, validation error 3.830000 %
epoch 502, minibatch 500/500, validation error 3.470000 %
epoch 503, minibatch 500/500, validation error 3.820000 %
epoch 504, minibatch 500/500, validation error 3.720000 %
epoch 505, minibatch 500/500, validation error 3.480000 %
epoch 506, minibatch 500/500, validation error 3.950000 %
epoch 507, minibatch 500/500, validation error 4.290000 %
epoch 508, minibatch 500/500, validation error 3.880000 %
epoch 509, minibatch 500/500, validation error 4.570000 %
epoch 510, minibatch 500/500, validation error 3.790000 %
epoch 511, minibatch 500/500, validation error 12.770000 %
epoch 512, minibatch 500/500, validation error 3.750000 %
epoch 513, minibatch 500/500, validation error 3.120000 %
epoch 514, minibatch 500/500, validation error 3.250000 %
epoch 515, minibatch 500/500, validation error 3.490000 %
epoch 516, minibatch 500/500, validation error 3.240000 %
epoch 517, minibatch 500/500, validation error 3.560000 %
epoch 518, minibatch 500/500, validation error 3.880000 %
epoch 519, minibatch 500/500, validation error 3.850000 %
epoch 520, minibatch 500/500, validation error 3.080000 %
epoch 521, minibatch 500/500, validation error 3.960000 %
epoch 522, minibatch 500/500, validation error 4.070000 %
epoch 523, minibatch 500/500, validation error 3.430000 %
epoch 524, minibatch 500/500, validation error 4.790000 %
epoch 525, minibatch 500/500, validation error 3.390000 %
epoch 526, minibatch 500/500, validation error 3.600000 %
epoch 527, minibatch 500/500, validation error 3.810000 %
epoch 528, minibatch 500/500, validation error 3.530000 %
epoch 529, minibatch 500/500, validation error 3.580000 %
epoch 530, minibatch 500/500, validation error 11.600000 %
epoch 531, minibatch 500/500, validation error 3.940000 %
epoch 532, minibatch 500/500, validation error 4.290000 %
epoch 533, minibatch 500/500, validation error 5.470000 %
epoch 534, minibatch 500/500, validation error 3.810000 %
epoch 535, minibatch 500/500, validation error 3.860000 %
epoch 536, minibatch 500/500, validation error 4.960000 %
epoch 537, minibatch 500/500, validation error 3.600000 %
epoch 538, minibatch 500/500, validation error 3.520000 %
epoch 539, minibatch 500/500, validation error 4.780000 %
epoch 540, minibatch 500/500, validation error 3.500000 %
epoch 541, minibatch 500/500, validation error 5.060000 %
epoch 542, minibatch 500/500, validation error 3.740000 %
epoch 543, minibatch 500/500, validation error 3.360000 %
epoch 544, minibatch 500/500, validation error 5.430000 %
epoch 545, minibatch 500/500, validation error 3.580000 %
epoch 546, minibatch 500/500, validation error 3.470000 %
epoch 547, minibatch 500/500, validation error 3.740000 %
epoch 548, minibatch 500/500, validation error 3.860000 %
epoch 549, minibatch 500/500, validation error 3.330000 %
epoch 550, minibatch 500/500, validation error 5.010000 %
epoch 551, minibatch 500/500, validation error 4.300000 %
epoch 552, minibatch 500/500, validation error 4.020000 %
epoch 553, minibatch 500/500, validation error 3.430000 %
epoch 554, minibatch 500/500, validation error 4.000000 %
epoch 555, minibatch 500/500, validation error 3.000000 %
epoch 556, minibatch 500/500, validation error 3.240000 %
epoch 557, minibatch 500/500, validation error 4.310000 %
epoch 558, minibatch 500/500, validation error 3.660000 %
epoch 559, minibatch 500/500, validation error 3.350000 %
epoch 560, minibatch 500/500, validation error 3.350000 %
epoch 561, minibatch 500/500, validation error 3.540000 %
epoch 562, minibatch 500/500, validation error 3.610000 %
epoch 563, minibatch 500/500, validation error 3.580000 %
epoch 564, minibatch 500/500, validation error 3.290000 %
epoch 565, minibatch 500/500, validation error 3.480000 %
epoch 566, minibatch 500/500, validation error 3.210000 %
epoch 567, minibatch 500/500, validation error 5.080000 %
epoch 568, minibatch 500/500, validation error 3.400000 %
epoch 569, minibatch 500/500, validation error 3.380000 %
epoch 570, minibatch 500/500, validation error 3.270000 %
epoch 571, minibatch 500/500, validation error 3.350000 %
epoch 572, minibatch 500/500, validation error 3.020000 %
epoch 573, minibatch 500/500, validation error 3.580000 %
epoch 574, minibatch 500/500, validation error 3.380000 %
epoch 575, minibatch 500/500, validation error 2.910000 %
epoch 576, minibatch 500/500, validation error 3.470000 %
epoch 577, minibatch 500/500, validation error 3.440000 %
epoch 578, minibatch 500/500, validation error 3.180000 %
epoch 579, minibatch 500/500, validation error 3.070000 %
epoch 580, minibatch 500/500, validation error 3.480000 %
epoch 581, minibatch 500/500, validation error 5.060000 %
epoch 582, minibatch 500/500, validation error 3.920000 %
epoch 583, minibatch 500/500, validation error 3.600000 %
epoch 584, minibatch 500/500, validation error 3.960000 %
epoch 585, minibatch 500/500, validation error 4.220000 %
epoch 586, minibatch 500/500, validation error 3.820000 %
epoch 587, minibatch 500/500, validation error 3.070000 %
epoch 588, minibatch 500/500, validation error 3.250000 %
epoch 589, minibatch 500/500, validation error 3.910000 %
epoch 590, minibatch 500/500, validation error 4.320000 %
epoch 591, minibatch 500/500, validation error 3.250000 %
epoch 592, minibatch 500/500, validation error 4.310000 %
epoch 593, minibatch 500/500, validation error 3.790000 %
epoch 594, minibatch 500/500, validation error 3.050000 %
epoch 595, minibatch 500/500, validation error 3.450000 %
epoch 596, minibatch 500/500, validation error 3.530000 %
epoch 597, minibatch 500/500, validation error 4.080000 %
epoch 598, minibatch 500/500, validation error 3.440000 %
epoch 599, minibatch 500/500, validation error 3.450000 %
epoch 600, minibatch 500/500, validation error 5.890000 %
epoch 601, minibatch 500/500, validation error 14.320000 %
epoch 602, minibatch 500/500, validation error 4.320000 %
epoch 603, minibatch 500/500, validation error 3.060000 %
epoch 604, minibatch 500/500, validation error 3.210000 %
epoch 605, minibatch 500/500, validation error 4.130000 %
epoch 606, minibatch 500/500, validation error 4.300000 %
epoch 607, minibatch 500/500, validation error 4.550000 %
epoch 608, minibatch 500/500, validation error 3.960000 %
epoch 609, minibatch 500/500, validation error 3.510000 %
epoch 610, minibatch 500/500, validation error 4.220000 %
epoch 611, minibatch 500/500, validation error 3.990000 %
epoch 612, minibatch 500/500, validation error 3.780000 %
epoch 613, minibatch 500/500, validation error 5.780000 %
epoch 614, minibatch 500/500, validation error 3.930000 %
epoch 615, minibatch 500/500, validation error 3.060000 %
epoch 616, minibatch 500/500, validation error 3.420000 %
epoch 617, minibatch 500/500, validation error 3.550000 %
epoch 618, minibatch 500/500, validation error 3.370000 %
epoch 619, minibatch 500/500, validation error 5.140000 %
epoch 620, minibatch 500/500, validation error 3.420000 %
epoch 621, minibatch 500/500, validation error 3.720000 %
epoch 622, minibatch 500/500, validation error 3.240000 %
epoch 623, minibatch 500/500, validation error 3.340000 %
epoch 624, minibatch 500/500, validation error 3.850000 %
epoch 625, minibatch 500/500, validation error 3.540000 %
epoch 626, minibatch 500/500, validation error 5.400000 %
epoch 627, minibatch 500/500, validation error 3.600000 %
epoch 628, minibatch 500/500, validation error 4.900000 %
epoch 629, minibatch 500/500, validation error 3.150000 %
epoch 630, minibatch 500/500, validation error 3.740000 %
epoch 631, minibatch 500/500, validation error 4.090000 %
epoch 632, minibatch 500/500, validation error 6.180000 %
epoch 633, minibatch 500/500, validation error 2.960000 %
epoch 634, minibatch 500/500, validation error 4.060000 %
epoch 635, minibatch 500/500, validation error 4.200000 %
epoch 636, minibatch 500/500, validation error 4.170000 %
epoch 637, minibatch 500/500, validation error 3.370000 %
epoch 638, minibatch 500/500, validation error 4.660000 %
epoch 639, minibatch 500/500, validation error 3.760000 %
epoch 640, minibatch 500/500, validation error 10.210000 %
epoch 641, minibatch 500/500, validation error 4.240000 %
epoch 642, minibatch 500/500, validation error 3.110000 %
epoch 643, minibatch 500/500, validation error 3.020000 %
epoch 644, minibatch 500/500, validation error 4.380000 %
epoch 645, minibatch 500/500, validation error 3.940000 %
epoch 646, minibatch 500/500, validation error 4.880000 %
epoch 647, minibatch 500/500, validation error 3.360000 %
epoch 648, minibatch 500/500, validation error 3.450000 %
epoch 649, minibatch 500/500, validation error 3.640000 %
epoch 650, minibatch 500/500, validation error 3.940000 %
epoch 651, minibatch 500/500, validation error 4.740000 %
epoch 652, minibatch 500/500, validation error 3.250000 %
epoch 653, minibatch 500/500, validation error 3.340000 %
epoch 654, minibatch 500/500, validation error 5.300000 %
epoch 655, minibatch 500/500, validation error 6.380000 %
epoch 656, minibatch 500/500, validation error 3.570000 %
epoch 657, minibatch 500/500, validation error 5.990000 %
epoch 658, minibatch 500/500, validation error 3.350000 %
epoch 659, minibatch 500/500, validation error 3.340000 %
epoch 660, minibatch 500/500, validation error 4.110000 %
epoch 661, minibatch 500/500, validation error 4.310000 %
epoch 662, minibatch 500/500, validation error 3.190000 %
epoch 663, minibatch 500/500, validation error 4.550000 %
epoch 664, minibatch 500/500, validation error 3.720000 %
epoch 665, minibatch 500/500, validation error 3.670000 %
epoch 666, minibatch 500/500, validation error 12.600000 %
epoch 667, minibatch 500/500, validation error 3.570000 %
epoch 668, minibatch 500/500, validation error 6.080000 %
epoch 669, minibatch 500/500, validation error 3.860000 %
epoch 670, minibatch 500/500, validation error 11.210000 %
epoch 671, minibatch 500/500, validation error 3.560000 %
epoch 672, minibatch 500/500, validation error 4.690000 %
epoch 673, minibatch 500/500, validation error 3.590000 %
epoch 674, minibatch 500/500, validation error 4.000000 %
epoch 675, minibatch 500/500, validation error 3.190000 %
epoch 676, minibatch 500/500, validation error 4.260000 %
epoch 677, minibatch 500/500, validation error 4.860000 %
epoch 678, minibatch 500/500, validation error 3.240000 %
epoch 679, minibatch 500/500, validation error 5.220000 %
epoch 680, minibatch 500/500, validation error 3.520000 %
epoch 681, minibatch 500/500, validation error 3.740000 %
epoch 682, minibatch 500/500, validation error 4.400000 %
epoch 683, minibatch 500/500, validation error 3.860000 %
epoch 684, minibatch 500/500, validation error 3.810000 %
epoch 685, minibatch 500/500, validation error 4.900000 %
epoch 686, minibatch 500/500, validation error 5.550000 %
epoch 687, minibatch 500/500, validation error 3.650000 %
epoch 688, minibatch 500/500, validation error 11.700000 %
epoch 689, minibatch 500/500, validation error 5.500000 %
epoch 690, minibatch 500/500, validation error 4.250000 %
epoch 691, minibatch 500/500, validation error 4.590000 %
epoch 692, minibatch 500/500, validation error 11.110000 %
epoch 693, minibatch 500/500, validation error 3.990000 %
epoch 694, minibatch 500/500, validation error 3.490000 %
epoch 695, minibatch 500/500, validation error 3.700000 %
epoch 696, minibatch 500/500, validation error 3.970000 %
epoch 697, minibatch 500/500, validation error 3.860000 %
epoch 698, minibatch 500/500, validation error 4.690000 %
epoch 699, minibatch 500/500, validation error 3.860000 %
finished patience
Optimization complete. Best validation score of 2.290000 % obtained at iteration 17500, with test performance 2.570000 %
