training member 0
training samples: 40000
... normal training
.... generating models
.... started
epoch 1, minibatch 312/312:
  train err: 60.183793 %
  valid err: 73.347354 %
  test  err: 71.804887 %
  current best
t: 80.152151
epoch 2, minibatch 312/312:
  train err: 31.568009 %
  valid err: 66.586536 %
  test  err: 66.276044 %
  current best
t: 80.960756
epoch 3, minibatch 312/312:
  train err: 15.189303 %
  valid err: 65.845352 %
  test  err: 65.464741 %
  current best
t: 81.45039
epoch 4, minibatch 312/312:
  train err: 7.028746 %
  valid err: 66.416264 %
  test  err: 65.444714 %
t: 80.841746
epoch 5, minibatch 312/312:
  train err: 2.736879 %
  valid err: 65.274441 %
  test  err: 64.863783 %
  current best
t: 81.713418
epoch 6, minibatch 312/312:
  train err: 1.089243 %
  valid err: 64.693511 %
  test  err: 64.683491 %
  current best
t: 81.753391
epoch 7, minibatch 312/312:
  train err: 0.465745 %
  valid err: 64.933896 %
  test  err: 64.493191 %
t: 80.88628
epoch 8, minibatch 312/312:
  train err: 0.182792 %
  valid err: 64.993989 %
  test  err: 64.483172 %
t: 81.035173
epoch 9, minibatch 312/312:
  train err: 0.082632 %
  valid err: 65.084136 %
  test  err: 64.393032 %
t: 81.315968
epoch 10, minibatch 312/312:
  train err: 0.032552 %
  valid err: 64.903843 %
  test  err: 64.403045 %
t: 81.199449
epoch 11, minibatch 312/312:
  train err: 0.017528 %
  valid err: 64.743590 %
  test  err: 64.232773 %
t: 81.178719
epoch 12, minibatch 312/312:
  train err: 0.010016 %
  valid err: 64.733571 %
  test  err: 64.403045 %
t: 81.082536
epoch 13, minibatch 312/312:
  train err: 0.005008 %
  valid err: 64.833736 %
  test  err: 64.413059 %
t: 81.180667
epoch 14, minibatch 312/312:
  train err: 0.005008 %
  valid err: 64.883816 %
  test  err: 64.362979 %
t: 81.200703
epoch 15, minibatch 312/312:
  train err: 0.005008 %
  valid err: 64.913863 %
  test  err: 64.292866 %
t: 81.098298
epoch 16, minibatch 312/312:
  train err: 0.005008 %
  valid err: 64.883816 %
  test  err: 64.332932 %
t: 81.098638
epoch 17, minibatch 312/312:
  train err: 0.002504 %
  valid err: 64.863783 %
  test  err: 64.393032 %
t: 81.214257
epoch 18, minibatch 312/312:
  train err: 0.002504 %
  valid err: 64.943910 %
  test  err: 64.423078 %
t: 81.135228
epoch 19, minibatch 312/312:
  train err: 0.002504 %
  valid err: 64.973956 %
  test  err: 64.423078 %
t: 81.111911
epoch 20, minibatch 312/312:
  train err: 0.002504 %
  valid err: 64.993989 %
  test  err: 64.483172 %
t: 81.126867
epoch 21, minibatch 312/312:
  train err: 0.000000 %
  valid err: 64.983976 %
  test  err: 64.483172 %
t: 81.074826
epoch 22, minibatch 312/312:
  train err: 0.000000 %
  valid err: 64.963943 %
  test  err: 64.493191 %
t: 81.20166
epoch 23, minibatch 312/312:
  train err: 0.000000 %
  valid err: 64.853764 %
  test  err: 64.543271 %
t: 81.101233
epoch 24, minibatch 312/312:
  train err: 0.000000 %
  valid err: 64.903843 %
  test  err: 64.563304 %
t: 81.074182
epoch 25, minibatch 312/312:
  train err: 0.000000 %
  valid err: 64.943910 %
  test  err: 64.473158 %
t: 81.235392
epoch 26, minibatch 312/312:
  train err: 0.000000 %
  valid err: 64.913863 %
  test  err: 64.463139 %
t: 81.192586
epoch 27, minibatch 312/312:
  train err: 0.000000 %
  valid err: 64.903843 %
  test  err: 64.473158 %
t: 80.988595
epoch 28, minibatch 312/312:
  train err: 0.000000 %
  valid err: 64.853764 %
  test  err: 64.463139 %
t: 81.18154
epoch 29, minibatch 312/312:
  train err: 0.000000 %
  valid err: 64.753604 %
  test  err: 64.423078 %
t: 81.033497
epoch 30, minibatch 312/312:
  train err: 0.000000 %
  valid err: 64.823717 %
  test  err: 64.413059 %
t: 81.258863
epoch 31, minibatch 312/312:
  train err: 0.000000 %
  valid err: 64.853764 %
  test  err: 64.423078 %
t: 81.055341
epoch 32, minibatch 312/312:
  train err: 0.000000 %
  valid err: 64.863783 %
  test  err: 64.413059 %
t: 81.082576
epoch 33, minibatch 312/312:
  train err: 0.000000 %
  valid err: 64.883816 %
  test  err: 64.433092 %
t: 81.139929
epoch 34, minibatch 312/312:
  train err: 0.000000 %
  valid err: 64.943910 %
  test  err: 64.453125 %
t: 81.179115
epoch 35, minibatch 312/312:
  train err: 0.000000 %
  valid err: 64.943910 %
  test  err: 64.473158 %
t: 81.107302
epoch 36, minibatch 312/312:
  train err: 0.000000 %
  valid err: 64.903843 %
  test  err: 64.493191 %
t: 81.182224
epoch 37, minibatch 312/312:
  train err: 0.000000 %
  valid err: 64.933896 %
  test  err: 64.483172 %
t: 81.048868
epoch 38, minibatch 312/312:
  train err: 0.000000 %
  valid err: 64.953929 %
  test  err: 64.463139 %
t: 81.253773
epoch 39, minibatch 312/312:
  train err: 0.000000 %
  valid err: 64.953929 %
  test  err: 64.483172 %
t: 81.140983
epoch 40, minibatch 312/312:
  train err: 0.000000 %
  valid err: 64.933896 %
  test  err: 64.493191 %
t: 81.007129
Optimization complete. Best valid score of 64.693511 % obtained at iteration 1872, epoch 6, with test performance 64.683491 %
training member 1
training samples: 40000
... normal training
.... generating models
.... started
epoch 1, minibatch 312/312:
  train err: 57.962739 %
  valid err: 71.364182 %
  test  err: 70.783252 %
  current best
t: 81.157624
epoch 2, minibatch 312/312:
  train err: 30.038062 %
  valid err: 65.034056 %
  test  err: 65.074116 %
  current best
t: 81.912222
epoch 3, minibatch 312/312:
  train err: 12.362280 %
  valid err: 63.802081 %
  test  err: 63.070911 %
  current best
t: 81.889967
epoch 4, minibatch 312/312:
  train err: 4.509715 %
  valid err: 63.601762 %
  test  err: 62.409854 %
  current best
t: 81.853887
epoch 5, minibatch 312/312:
  train err: 1.765325 %
  valid err: 63.581729 %
  test  err: 62.670273 %
  current best
t: 81.768772
epoch 6, minibatch 312/312:
  train err: 0.773738 %
  valid err: 63.381410 %
  test  err: 62.630206 %
  current best
t: 81.849634
epoch 7, minibatch 312/312:
  train err: 0.370593 %
  valid err: 63.191104 %
  test  err: 62.329727 %
  current best
t: 81.70431
epoch 8, minibatch 312/312:
  train err: 0.202825 %
  valid err: 63.191104 %
  test  err: 62.349761 %
t: 81.042548
epoch 9, minibatch 312/312:
  train err: 0.112680 %
  valid err: 63.371396 %
  test  err: 62.500000 %
t: 81.067313
epoch 10, minibatch 312/312:
  train err: 0.037560 %
  valid err: 63.311297 %
  test  err: 62.620193 %
t: 81.119724
epoch 11, minibatch 312/312:
  train err: 0.017528 %
  valid err: 63.451523 %
  test  err: 62.570113 %
t: 80.973128
epoch 12, minibatch 312/312:
  train err: 0.007512 %
  valid err: 63.471556 %
  test  err: 62.550080 %
t: 81.174508
epoch 13, minibatch 312/312:
  train err: 0.002504 %
  valid err: 63.481569 %
  test  err: 62.640226 %
t: 80.995479
epoch 14, minibatch 312/312:
  train err: 0.002504 %
  valid err: 63.511616 %
  test  err: 62.670273 %
t: 81.110017
epoch 15, minibatch 312/312:
  train err: 0.000000 %
  valid err: 63.501602 %
  test  err: 62.800479 %
t: 81.063165
epoch 16, minibatch 312/312:
  train err: 0.000000 %
  valid err: 63.631809 %
  test  err: 62.910658 %
t: 81.078491
epoch 17, minibatch 312/312:
  train err: 0.000000 %
  valid err: 63.671875 %
  test  err: 62.840545 %
t: 80.980002
epoch 18, minibatch 312/312:
  train err: 0.000000 %
  valid err: 63.762021 %
  test  err: 62.830532 %
t: 81.097446
epoch 19, minibatch 312/312:
  train err: 0.000000 %
  valid err: 63.782054 %
  test  err: 62.840545 %
t: 81.210097
epoch 20, minibatch 312/312:
  train err: 0.000000 %
  valid err: 63.802081 %
  test  err: 62.830532 %
t: 81.142994
epoch 21, minibatch 312/312:
  train err: 0.000000 %
  valid err: 63.772035 %
  test  err: 62.920672 %
t: 81.162131
epoch 22, minibatch 312/312:
  train err: 0.000000 %
  valid err: 63.872194 %
  test  err: 62.940705 %
t: 81.131092
epoch 23, minibatch 312/312:
  train err: 0.000000 %
  valid err: 63.952321 %
  test  err: 62.980771 %
t: 81.136597
epoch 24, minibatch 312/312:
  train err: 0.000000 %
  valid err: 63.962340 %
  test  err: 62.940705 %
t: 81.044405
epoch 25, minibatch 312/312:
  train err: 0.000000 %
  valid err: 63.982373 %
  test  err: 62.950718 %
t: 81.23729
epoch 26, minibatch 312/312:
  train err: 0.000000 %
  valid err: 64.042467 %
  test  err: 62.990785 %
t: 81.210657
epoch 27, minibatch 312/312:
  train err: 0.000000 %
  valid err: 64.012420 %
  test  err: 62.930691 %
t: 81.173031
epoch 28, minibatch 312/312:
  train err: 0.000000 %
  valid err: 63.962340 %
  test  err: 62.960738 %
t: 81.106055
epoch 29, minibatch 312/312:
  train err: 0.000000 %
  valid err: 63.962340 %
  test  err: 62.950718 %
t: 80.99979
epoch 30, minibatch 312/312:
  train err: 0.000000 %
  valid err: 64.022434 %
  test  err: 62.940705 %
t: 81.207415
epoch 31, minibatch 312/312:
  train err: 0.000000 %
  valid err: 64.042467 %
  test  err: 62.950718 %
t: 81.158214
epoch 32, minibatch 312/312:
  train err: 0.000000 %
  valid err: 64.042467 %
  test  err: 62.970752 %
t: 81.202451
epoch 33, minibatch 312/312:
  train err: 0.000000 %
  valid err: 64.052486 %
  test  err: 63.010818 %
t: 81.164868
epoch 34, minibatch 312/312:
  train err: 0.000000 %
  valid err: 64.062500 %
  test  err: 63.050884 %
t: 81.271749
epoch 35, minibatch 312/312:
  train err: 0.000000 %
  valid err: 64.062500 %
  test  err: 63.040864 %
t: 81.020105
epoch 36, minibatch 312/312:
  train err: 0.000000 %
  valid err: 64.052486 %
  test  err: 63.080931 %
t: 81.167362
epoch 37, minibatch 312/312:
  train err: 0.000000 %
  valid err: 64.072514 %
  test  err: 63.080931 %
t: 81.08962
epoch 38, minibatch 312/312:
  train err: 0.000000 %
  valid err: 64.062500 %
  test  err: 63.100964 %
t: 81.174414
epoch 39, minibatch 312/312:
  train err: 0.000000 %
  valid err: 64.052486 %
  test  err: 63.080931 %
t: 81.137818
epoch 40, minibatch 312/312:
  train err: 0.000000 %
  valid err: 64.062500 %
  test  err: 63.110977 %
t: 81.085095
Optimization complete. Best valid score of 63.191104 % obtained at iteration 2184, epoch 7, with test performance 62.329727 %
training member 2
training samples: 40000
... normal training
.... generating models
.... started
epoch 1, minibatch 312/312:
  train err: 60.389125 %
  valid err: 73.127002 %
  test  err: 71.864986 %
  current best
t: 81.386939
epoch 2, minibatch 312/312:
  train err: 32.196516 %
  valid err: 66.576523 %
  test  err: 66.336137 %
  current best
t: 82.098047
epoch 3, minibatch 312/312:
  train err: 14.450622 %
  valid err: 65.865386 %
  test  err: 64.252806 %
  current best
t: 81.927455
epoch 4, minibatch 312/312:
  train err: 6.545473 %
  valid err: 65.755206 %
  test  err: 64.393032 %
  current best
t: 81.834822
epoch 5, minibatch 312/312:
  train err: 2.764423 %
  valid err: 64.923877 %
  test  err: 64.292866 %
  current best
t: 81.91623
epoch 6, minibatch 312/312:
  train err: 1.239483 %
  valid err: 64.963943 %
  test  err: 64.252806 %
t: 81.13761
epoch 7, minibatch 312/312:
  train err: 0.620994 %
  valid err: 65.044069 %
  test  err: 64.272839 %
t: 81.23404
epoch 8, minibatch 312/312:
  train err: 0.235377 %
  valid err: 65.104169 %
  test  err: 64.222759 %
t: 81.163048
epoch 9, minibatch 312/312:
  train err: 0.090144 %
  valid err: 64.903843 %
  test  err: 64.032453 %
  current best
t: 81.954899
epoch 10, minibatch 312/312:
  train err: 0.040064 %
  valid err: 64.933896 %
  test  err: 64.002407 %
t: 81.233298
epoch 11, minibatch 312/312:
  train err: 0.020032 %
  valid err: 65.114182 %
  test  err: 63.972354 %
t: 81.161158
epoch 12, minibatch 312/312:
  train err: 0.012520 %
  valid err: 65.154248 %
  test  err: 63.942307 %
t: 81.214358
epoch 13, minibatch 312/312:
  train err: 0.007512 %
  valid err: 65.154248 %
  test  err: 63.942307 %
t: 81.117722
epoch 14, minibatch 312/312:
  train err: 0.005008 %
  valid err: 65.064102 %
  test  err: 63.882214 %
t: 81.226126
epoch 15, minibatch 312/312:
  train err: 0.005008 %
  valid err: 64.903843 %
  test  err: 63.782054 %
t: 81.263704
epoch 16, minibatch 312/312:
  train err: 0.002504 %
  valid err: 64.913863 %
  test  err: 63.882214 %
t: 81.329623
epoch 17, minibatch 312/312:
  train err: 0.000000 %
  valid err: 64.913863 %
  test  err: 63.862181 %
t: 81.119201
epoch 18, minibatch 312/312:
  train err: 0.000000 %
  valid err: 64.933896 %
  test  err: 63.822114 %
t: 81.177832
epoch 19, minibatch 312/312:
  train err: 0.000000 %
  valid err: 64.913863 %
  test  err: 63.792068 %
t: 81.291234
epoch 20, minibatch 312/312:
  train err: 0.000000 %
  valid err: 64.923877 %
  test  err: 63.741988 %
t: 81.37506
epoch 21, minibatch 312/312:
  train err: 0.000000 %
  valid err: 64.893830 %
  test  err: 63.691908 %
  current best
t: 82.132619
epoch 22, minibatch 312/312:
  train err: 0.000000 %
  valid err: 64.973956 %
  test  err: 63.571715 %
t: 81.209279
epoch 23, minibatch 312/312:
  train err: 0.000000 %
  valid err: 64.973956 %
  test  err: 63.631809 %
t: 81.312044
epoch 24, minibatch 312/312:
  train err: 0.000000 %
  valid err: 65.044069 %
  test  err: 63.661861 %
t: 81.272936
epoch 25, minibatch 312/312:
  train err: 0.000000 %
  valid err: 64.983976 %
  test  err: 63.741988 %
t: 81.193137
epoch 26, minibatch 312/312:
  train err: 0.000000 %
  valid err: 64.983976 %
  test  err: 63.782054 %
t: 81.252145
epoch 27, minibatch 312/312:
  train err: 0.000000 %
  valid err: 64.993989 %
  test  err: 63.822114 %
t: 81.206848
epoch 28, minibatch 312/312:
  train err: 0.000000 %
  valid err: 64.983976 %
  test  err: 63.792068 %
t: 81.230866
epoch 29, minibatch 312/312:
  train err: 0.000000 %
  valid err: 65.044069 %
  test  err: 63.812101 %
t: 81.199355
epoch 30, minibatch 312/312:
  train err: 0.000000 %
  valid err: 65.054089 %
  test  err: 63.832134 %
t: 81.15566
epoch 31, minibatch 312/312:
  train err: 0.000000 %
  valid err: 65.084136 %
  test  err: 63.822114 %
t: 81.224928
epoch 32, minibatch 312/312:
  train err: 0.000000 %
  valid err: 65.124196 %
  test  err: 63.832134 %
t: 81.265001
epoch 33, minibatch 312/312:
  train err: 0.000000 %
  valid err: 65.084136 %
  test  err: 63.862181 %
t: 81.047896
epoch 34, minibatch 312/312:
  train err: 0.000000 %
  valid err: 65.064102 %
  test  err: 63.882214 %
t: 81.334947
epoch 35, minibatch 312/312:
  train err: 0.000000 %
  valid err: 65.084136 %
  test  err: 63.892227 %
t: 81.158058
epoch 36, minibatch 312/312:
  train err: 0.000000 %
  valid err: 65.084136 %
  test  err: 63.912261 %
t: 81.372577
epoch 37, minibatch 312/312:
  train err: 0.000000 %
  valid err: 65.074116 %
  test  err: 63.912261 %
t: 81.295382
epoch 38, minibatch 312/312:
  train err: 0.000000 %
  valid err: 65.074116 %
  test  err: 63.902241 %
t: 81.136421
epoch 39, minibatch 312/312:
  train err: 0.000000 %
  valid err: 65.104169 %
  test  err: 63.902241 %
t: 81.259185
epoch 40, minibatch 312/312:
  train err: 0.000000 %
  valid err: 65.124196 %
  test  err: 63.922274 %
t: 81.244798
Optimization complete. Best valid score of 64.893830 % obtained at iteration 6552, epoch 21, with test performance 63.691908 %
Final Ensemble error: 57.6923072338 %
training samples: 40000
... normal training
.... generating models
.... started
epoch 1, minibatch 312/312:
  train err: 67.032254 %
  valid err: 72.806489 %
  test  err: 72.395831 %
  current best
t: 79.116666
epoch 2, minibatch 312/312:
  train err: 51.807892 %
  valid err: 65.404648 %
  test  err: 64.683491 %
  current best
t: 79.941536
epoch 3, minibatch 312/312:
  train err: 39.615884 %
  valid err: 62.710339 %
  test  err: 62.229568 %
  current best
t: 79.834347
epoch 4, minibatch 312/312:
  train err: 29.319412 %
  valid err: 62.149441 %
  test  err: 61.388218 %
  current best
t: 79.959772
epoch 5, minibatch 312/312:
  train err: 21.143830 %
  valid err: 61.768830 %
  test  err: 60.947514 %
  current best
t: 79.853042
epoch 6, minibatch 312/312:
  train err: 14.873798 %
  valid err: 61.478364 %
  test  err: 60.647035 %
  current best
t: 79.868653
epoch 7, minibatch 312/312:
  train err: 10.889924 %
  valid err: 61.308092 %
  test  err: 60.606968 %
  current best
t: 79.763896
epoch 8, minibatch 312/312:
  train err: 7.967748 %
  valid err: 61.057693 %
  test  err: 60.476762 %
  current best
t: 79.875898
epoch 9, minibatch 312/312:
  train err: 6.139824 %
  valid err: 61.007613 %
  test  err: 60.817307 %
  current best
t: 79.833639
epoch 10, minibatch 312/312:
  train err: 4.539764 %
  valid err: 60.867387 %
  test  err: 60.576922 %
  current best
t: 79.912318
epoch 11, minibatch 312/312:
  train err: 3.438001 %
  valid err: 60.637021 %
  test  err: 60.236377 %
  current best
t: 79.896304
epoch 12, minibatch 312/312:
  train err: 2.426382 %
  valid err: 60.306489 %
  test  err: 59.905851 %
  current best
t: 79.833811
epoch 13, minibatch 312/312:
  train err: 1.983173 %
  valid err: 60.126203 %
  test  err: 59.735578 %
  current best
t: 79.894565
epoch 14, minibatch 312/312:
  train err: 1.895533 %
  valid err: 60.236377 %
  test  err: 59.965944 %
t: 79.172425
epoch 15, minibatch 312/312:
  train err: 1.800381 %
  valid err: 60.436696 %
  test  err: 60.126203 %
t: 79.0384
epoch 16, minibatch 312/312:
  train err: 1.557492 %
  valid err: 60.476762 %
  test  err: 59.985977 %
t: 79.065026
epoch 17, minibatch 312/312:
  train err: 1.209435 %
  valid err: 60.406649 %
  test  err: 59.845752 %
t: 79.127882
epoch 18, minibatch 312/312:
  train err: 0.964042 %
  valid err: 60.346556 %
  test  err: 60.086137 %
t: 79.186998
epoch 19, minibatch 312/312:
  train err: 0.633514 %
  valid err: 60.446715 %
  test  err: 59.795672 %
t: 79.204211
epoch 20, minibatch 312/312:
  train err: 0.333033 %
  valid err: 60.336536 %
  test  err: 59.425080 %
t: 79.303369
epoch 21, minibatch 312/312:
  train err: 0.162760 %
  valid err: 60.186297 %
  test  err: 59.054488 %
t: 79.095829
epoch 22, minibatch 312/312:
  train err: 0.122696 %
  valid err: 60.026044 %
  test  err: 58.944309 %
  current best
t: 79.992684
epoch 23, minibatch 312/312:
  train err: 0.090144 %
  valid err: 59.815705 %
  test  err: 58.824116 %
  current best
t: 79.899083
epoch 24, minibatch 312/312:
  train err: 0.077624 %
  valid err: 59.835738 %
  test  err: 58.814102 %
t: 79.055511
epoch 25, minibatch 312/312:
  train err: 0.052584 %
  valid err: 59.755611 %
  test  err: 58.713943 %
  current best
t: 80.019632
epoch 26, minibatch 312/312:
  train err: 0.037560 %
  valid err: 59.695512 %
  test  err: 58.784056 %
  current best
t: 79.870448
epoch 27, minibatch 312/312:
  train err: 0.030048 %
  valid err: 59.715545 %
  test  err: 58.683896 %
t: 79.195851
epoch 28, minibatch 312/312:
  train err: 0.020032 %
  valid err: 59.605366 %
  test  err: 58.633816 %
  current best
t: 80.151159
epoch 29, minibatch 312/312:
  train err: 0.010016 %
  valid err: 59.615386 %
  test  err: 58.643830 %
t: 79.103506
epoch 30, minibatch 312/312:
  train err: 0.007512 %
  valid err: 59.575319 %
  test  err: 58.663863 %
  current best
t: 80.053735
epoch 31, minibatch 312/312:
  train err: 0.007512 %
  valid err: 59.535259 %
  test  err: 58.663863 %
  current best
t: 79.867123
epoch 32, minibatch 312/312:
  train err: 0.007512 %
  valid err: 59.535259 %
  test  err: 58.663863 %
t: 79.118219
epoch 33, minibatch 312/312:
  train err: 0.007512 %
  valid err: 59.535259 %
  test  err: 58.703929 %
t: 79.174631
epoch 34, minibatch 312/312:
  train err: 0.007512 %
  valid err: 59.535259 %
  test  err: 58.713943 %
t: 79.299324
epoch 35, minibatch 312/312:
  train err: 0.007512 %
  valid err: 59.555286 %
  test  err: 58.683896 %
t: 79.052439
epoch 36, minibatch 312/312:
  train err: 0.007512 %
  valid err: 59.545273 %
  test  err: 58.663863 %
t: 79.139845
epoch 37, minibatch 312/312:
  train err: 0.007512 %
  valid err: 59.555286 %
  test  err: 58.643830 %
t: 79.211224
epoch 38, minibatch 312/312:
  train err: 0.007512 %
  valid err: 59.575319 %
  test  err: 58.663863 %
t: 79.168047
epoch 39, minibatch 312/312:
  train err: 0.007512 %
  valid err: 59.595352 %
  test  err: 58.653843 %
t: 79.285427
epoch 40, minibatch 312/312:
  train err: 0.005008 %
  valid err: 59.595352 %
  test  err: 58.693910 %
t: 79.133599
Optimization complete. Best valid score of 59.535259 % obtained at iteration 9672, epoch 31, with test performance 58.663863 %
