training member 0
training examples: 16000
validation examples: 2000
... normal training
.... generating models
.... started
epoch 1, minibatch 125/125:
  last cost: 1.202356 %
  train err: 34.468750 %
  valid err: 40.250000 %
  current best
t: 2.34
epoch 2, minibatch 125/125:
  last cost: 1.181372 %
  train err: 27.025000 %
  valid err: 32.000000 %
  current best
t: 2.29
epoch 3, minibatch 125/125:
  last cost: 0.696412 %
  train err: 19.781250 %
  valid err: 25.950000 %
  current best
t: 2.25
epoch 4, minibatch 125/125:
  last cost: 0.448370 %
  train err: 17.618750 %
  valid err: 23.500000 %
  current best
t: 2.24
epoch 5, minibatch 125/125:
  last cost: 0.471939 %
  train err: 13.262500 %
  valid err: 20.400000 %
  current best
t: 2.26
epoch 6, minibatch 125/125:
  last cost: 0.395959 %
  train err: 12.831250 %
  valid err: 20.250000 %
  current best
t: 2.36
epoch 7, minibatch 125/125:
  last cost: 0.329155 %
  train err: 9.550000 %
  valid err: 19.100000 %
  current best
t: 2.25
epoch 8, minibatch 125/125:
  last cost: 0.151146 %
  train err: 7.287500 %
  valid err: 16.100000 %
  current best
t: 2.25
epoch 9, minibatch 125/125:
  last cost: 0.187053 %
  train err: 4.250000 %
  valid err: 15.450000 %
  current best
t: 2.25
epoch 10, minibatch 125/125:
  last cost: 0.112380 %
  train err: 3.775000 %
  valid err: 15.100000 %
  current best
t: 2.37
epoch 11, minibatch 125/125:
  last cost: 0.124541 %
  train err: 5.168750 %
  valid err: 17.050000 %
t: 1.15
epoch 12, minibatch 125/125:
  last cost: 0.108811 %
  train err: 1.718750 %
  valid err: 14.050000 %
  current best
t: 2.17
epoch 13, minibatch 125/125:
  last cost: 0.082589 %
  train err: 1.437500 %
  valid err: 14.250000 %
t: 1.16
epoch 14, minibatch 125/125:
  last cost: 0.059466 %
  train err: 1.093750 %
  valid err: 13.750000 %
  current best
t: 2.18
epoch 15, minibatch 125/125:
  last cost: 0.055813 %
  train err: 1.062500 %
  valid err: 14.050000 %
t: 1.31
epoch 16, minibatch 125/125:
  last cost: 0.036194 %
  train err: 0.312500 %
  valid err: 13.950000 %
t: 1.45
epoch 17, minibatch 125/125:
  last cost: 0.021030 %
  train err: 0.243750 %
  valid err: 14.050000 %
t: 1.43
epoch 18, minibatch 125/125:
  last cost: 0.052383 %
  train err: 0.225000 %
  valid err: 13.950000 %
t: 1.32
epoch 19, minibatch 125/125:
  last cost: 0.029219 %
  train err: 0.106250 %
  valid err: 13.150000 %
  current best
t: 2.38
epoch 20, minibatch 125/125:
  last cost: 0.014067 %
  train err: 0.081250 %
  valid err: 13.000000 %
  current best
t: 2.36
epoch 21, minibatch 125/125:
  last cost: 0.015927 %
  train err: 0.081250 %
  valid err: 13.600000 %
t: 1.27
epoch 22, minibatch 125/125:
  last cost: 0.021642 %
  train err: 0.056250 %
  valid err: 13.750000 %
t: 1.19
epoch 23, minibatch 125/125:
  last cost: 0.022806 %
  train err: 0.100000 %
  valid err: 13.550000 %
t: 1.43
epoch 24, minibatch 125/125:
  last cost: 0.017071 %
  train err: 0.025000 %
  valid err: 13.800000 %
t: 1.3
epoch 25, minibatch 125/125:
  last cost: 0.010448 %
  train err: 0.000000 %
  valid err: 13.450000 %
t: 1.23
epoch 26, minibatch 125/125:
  last cost: 0.012902 %
  train err: 0.000000 %
  valid err: 13.750000 %
t: 1.02
epoch 27, minibatch 125/125:
  last cost: 0.007383 %
  train err: 0.000000 %
  valid err: 13.500000 %
t: 0.97
epoch 28, minibatch 125/125:
  last cost: 0.011679 %
  train err: 0.000000 %
  valid err: 13.900000 %
t: 0.99
epoch 29, minibatch 125/125:
  last cost: 0.007762 %
  train err: 0.000000 %
  valid err: 13.300000 %
t: 0.98
