... loading data
training member 0
training samples: 50000
... normal training
.... generating models
.... started
epoch 1, minibatch 390/390:
  train err: 0.518830 %
  valid err: 1.011619 %
  test  err: 1.001603 %
  current best
t: 19.41
epoch 2, minibatch 390/390:
  train err: 0.144231 %
  valid err: 0.761218 %
  test  err: 0.731170 %
  current best
t: 17.82
epoch 3, minibatch 390/390:
  train err: 0.034054 %
  valid err: 0.731170 %
  test  err: 0.631010 %
  current best
t: 18.0
epoch 4, minibatch 390/390:
  train err: 0.004006 %
  valid err: 0.731170 %
  test  err: 0.691106 %
t: 16.96
epoch 5, minibatch 390/390:
  train err: 0.000000 %
  valid err: 0.620994 %
  test  err: 0.691106 %
  current best
t: 19.26
epoch 6, minibatch 390/390:
  train err: 0.000000 %
  valid err: 0.691106 %
  test  err: 0.641026 %
t: 16.96
epoch 7, minibatch 390/390:
  train err: 0.000000 %
  valid err: 0.641026 %
  test  err: 0.651042 %
t: 18.29
epoch 8, minibatch 390/390:
  train err: 0.000000 %
  valid err: 0.620994 %
  test  err: 0.631010 %
t: 17.05
epoch 9, minibatch 390/390:
  train err: 0.000000 %
  valid err: 0.620994 %
  test  err: 0.600962 %
t: 18.76
epoch 10, minibatch 390/390:
  train err: 0.000000 %
  valid err: 0.651042 %
  test  err: 0.620994 %
t: 17.08
epoch 11, minibatch 390/390:
  train err: 0.000000 %
  valid err: 0.610978 %
  test  err: 0.600962 %
  current best
t: 19.81
epoch 12, minibatch 390/390:
  train err: 0.000000 %
  valid err: 0.590946 %
  test  err: 0.580929 %
  current best
t: 18.3
epoch 13, minibatch 390/390:
  train err: 0.000000 %
  valid err: 0.600962 %
  test  err: 0.600962 %
t: 17.37
epoch 14, minibatch 390/390:
  train err: 0.000000 %
  valid err: 0.600962 %
  test  err: 0.580929 %
t: 18.34
epoch 15, minibatch 390/390:
  train err: 0.000000 %
  valid err: 0.580929 %
  test  err: 0.610978 %
  current best
t: 18.48
epoch 16, minibatch 390/390:
  train err: 0.000000 %
  valid err: 0.590946 %
  test  err: 0.631010 %
t: 17.25
epoch 17, minibatch 390/390:
  train err: 0.000000 %
  valid err: 0.620994 %
  test  err: 0.631010 %
t: 18.58
epoch 18, minibatch 390/390:
  train err: 0.000000 %
  valid err: 0.610978 %
  test  err: 0.631010 %
t: 17.34
epoch 19, minibatch 390/390:
  train err: 0.000000 %
  valid err: 0.590946 %
  test  err: 0.620994 %
t: 18.76
epoch 20, minibatch 390/390:
  train err: 0.000000 %
  valid err: 0.590946 %
  test  err: 0.631010 %
t: 17.4
Optimization complete. Best valid score of 0.580929 % obtained at iteration 5850, epoch 15, with test performance 0.610978 %
training member 1
training samples: 50000
... normal training
.... generating models
.... started
epoch 1, minibatch 390/390:
  train err: 0.554888 %
  valid err: 1.001603 %
  test  err: 1.051683 %
  current best
t: 19.28
epoch 2, minibatch 390/390:
  train err: 0.138221 %
  valid err: 0.701122 %
  test  err: 0.691106 %
  current best
t: 18.56
epoch 3, minibatch 390/390:
  train err: 0.032051 %
  valid err: 0.691106 %
  test  err: 0.600962 %
  current best
t: 18.5
epoch 4, minibatch 390/390:
  train err: 0.004006 %
  valid err: 0.671074 %
  test  err: 0.651042 %
  current best
t: 18.65
epoch 5, minibatch 390/390:
  train err: 0.000000 %
  valid err: 0.620994 %
  test  err: 0.661058 %
  current best
t: 18.61
epoch 6, minibatch 390/390:
  train err: 0.000000 %
  valid err: 0.641026 %
  test  err: 0.691106 %
t: 17.78
epoch 7, minibatch 390/390:
  train err: 0.000000 %
  valid err: 0.600962 %
  test  err: 0.620994 %
  current best
t: 19.71
epoch 8, minibatch 390/390:
  train err: 0.000000 %
  valid err: 0.631010 %
  test  err: 0.590946 %
t: 17.84
epoch 9, minibatch 390/390:
  train err: 0.000000 %
  valid err: 0.641026 %
  test  err: 0.641026 %
t: 18.81
epoch 10, minibatch 390/390:
  train err: 0.000000 %
  valid err: 0.631010 %
  test  err: 0.600962 %
t: 17.89
epoch 11, minibatch 390/390:
  train err: 0.000000 %
  valid err: 0.620994 %
  test  err: 0.610978 %
t: 19.11
epoch 12, minibatch 390/390:
  train err: 0.000000 %
  valid err: 0.610978 %
  test  err: 0.641026 %
t: 17.99
epoch 13, minibatch 390/390:
  train err: 0.000000 %
  valid err: 0.631010 %
  test  err: 0.620994 %
t: 19.31
epoch 14, minibatch 390/390:
  train err: 0.000000 %
  valid err: 0.610978 %
  test  err: 0.620994 %
t: 19.29
epoch 15, minibatch 390/390:
  train err: 0.000000 %
  valid err: 0.641026 %
  test  err: 0.631010 %
t: 18.0
epoch 16, minibatch 390/390:
  train err: 0.000000 %
  valid err: 0.620994 %
  test  err: 0.620994 %
t: 19.45
epoch 17, minibatch 390/390:
  train err: 0.000000 %
  valid err: 0.610978 %
  test  err: 0.620994 %
t: 18.1
epoch 18, minibatch 390/390:
  train err: 0.000000 %
  valid err: 0.631010 %
  test  err: 0.610978 %
t: 19.58
epoch 19, minibatch 390/390:
  train err: 0.000000 %
  valid err: 0.600962 %
  test  err: 0.600962 %
t: 18.13
epoch 20, minibatch 390/390:
  train err: 0.000000 %
  valid err: 0.600962 %
  test  err: 0.600962 %
t: 19.77
Optimization complete. Best valid score of 0.600962 % obtained at iteration 2730, epoch 7, with test performance 0.620994 %
training member 2
training samples: 50000
... normal training
.... generating models
.... started
epoch 1, minibatch 390/390:
  train err: 0.490785 %
  valid err: 1.051683 %
  test  err: 0.951522 %
  current best
t: 20.28
epoch 2, minibatch 390/390:
  train err: 0.144231 %
  valid err: 0.701122 %
  test  err: 0.751202 %
  current best
t: 19.22
epoch 3, minibatch 390/390:
  train err: 0.024038 %
  valid err: 0.681090 %
  test  err: 0.721154 %
  current best
t: 19.44
epoch 4, minibatch 390/390:
  train err: 0.010016 %
  valid err: 0.631010 %
  test  err: 0.631010 %
  current best
t: 19.32
epoch 5, minibatch 390/390:
  train err: 0.000000 %
  valid err: 0.580929 %
  test  err: 0.641026 %
  current best
t: 19.53
epoch 6, minibatch 390/390:
  train err: 0.000000 %
  valid err: 0.530849 %
  test  err: 0.651042 %
  current best
t: 19.45
epoch 7, minibatch 390/390:
  train err: 0.000000 %
  valid err: 0.500801 %
  test  err: 0.641026 %
  current best
t: 19.55
epoch 8, minibatch 390/390:
  train err: 0.000000 %
  valid err: 0.510817 %
  test  err: 0.641026 %
t: 18.47
epoch 9, minibatch 390/390:
  train err: 0.000000 %
  valid err: 0.490785 %
  test  err: 0.631010 %
  current best
t: 20.8
epoch 10, minibatch 390/390:
  train err: 0.000000 %
  valid err: 0.500801 %
  test  err: 0.631010 %
t: 18.57
epoch 11, minibatch 390/390:
  train err: 0.000000 %
  valid err: 0.520833 %
  test  err: 0.681090 %
t: 19.79
epoch 12, minibatch 390/390:
  train err: 0.000000 %
  valid err: 0.520833 %
  test  err: 0.641026 %
t: 18.5
epoch 13, minibatch 390/390:
  train err: 0.000000 %
  valid err: 0.540865 %
  test  err: 0.631010 %
t: 20.18
epoch 14, minibatch 390/390:
  train err: 0.000000 %
  valid err: 0.530849 %
  test  err: 0.631010 %
t: 18.86
epoch 15, minibatch 390/390:
  train err: 0.000000 %
  valid err: 0.540865 %
  test  err: 0.620994 %
t: 20.22
epoch 16, minibatch 390/390:
  train err: 0.000000 %
  valid err: 0.530849 %
  test  err: 0.631010 %
t: 18.64
epoch 17, minibatch 390/390:
  train err: 0.000000 %
  valid err: 0.530849 %
  test  err: 0.651042 %
t: 20.27
epoch 18, minibatch 390/390:
  train err: 0.000000 %
  valid err: 0.530849 %
  test  err: 0.620994 %
t: 20.0
epoch 19, minibatch 390/390:
  train err: 0.000000 %
  valid err: 0.530849 %
  test  err: 0.661058 %
t: 18.87
epoch 20, minibatch 390/390:
  train err: 0.000000 %
  valid err: 0.530849 %
  test  err: 0.641026 %
t: 20.25
Optimization complete. Best valid score of 0.490785 % obtained at iteration 3510, epoch 9, with test performance 0.631010 %
Final Ensemble error: 0.58092949912 %
training samples: 50000
... normal training
.... generating models
.... started
epoch 1, minibatch 390/390:
  train err: 0.691106 %
  valid err: 0.991587 %
  test  err: 0.961538 %
  current best
t: 21.09
epoch 2, minibatch 390/390:
  train err: 0.266426 %
  valid err: 0.671074 %
  test  err: 0.741186 %
  current best
t: 20.23
epoch 3, minibatch 390/390:
  train err: 0.102163 %
  valid err: 0.510817 %
  test  err: 0.610978 %
  current best
t: 20.15
epoch 4, minibatch 390/390:
  train err: 0.034054 %
  valid err: 0.560897 %
  test  err: 0.620994 %
t: 19.21
epoch 5, minibatch 390/390:
  train err: 0.006010 %
  valid err: 0.490785 %
  test  err: 0.560897 %
  current best
t: 21.37
epoch 6, minibatch 390/390:
  train err: 0.002003 %
  valid err: 0.470753 %
  test  err: 0.570913 %
  current best
t: 20.4
epoch 7, minibatch 390/390:
  train err: 0.000000 %
  valid err: 0.510817 %
  test  err: 0.550881 %
t: 19.14
epoch 8, minibatch 390/390:
  train err: 0.000000 %
  valid err: 0.490785 %
  test  err: 0.600962 %
t: 20.5
epoch 9, minibatch 390/390:
  train err: 0.000000 %
  valid err: 0.490785 %
  test  err: 0.580929 %
t: 19.2
epoch 10, minibatch 390/390:
  train err: 0.000000 %
  valid err: 0.470753 %
  test  err: 0.580929 %
t: 20.78
epoch 11, minibatch 390/390:
  train err: 0.000000 %
  valid err: 0.460737 %
  test  err: 0.560897 %
  current best
t: 20.66
epoch 12, minibatch 390/390:
  train err: 0.000000 %
  valid err: 0.490785 %
  test  err: 0.580929 %
t: 19.49
epoch 13, minibatch 390/390:
  train err: 0.000000 %
  valid err: 0.440705 %
  test  err: 0.560897 %
  current best
t: 21.75
epoch 14, minibatch 390/390:
  train err: 0.000000 %
  valid err: 0.470753 %
  test  err: 0.570913 %
t: 19.48
epoch 15, minibatch 390/390:
  train err: 0.000000 %
  valid err: 0.480769 %
  test  err: 0.580929 %
t: 20.5
epoch 16, minibatch 390/390:
  train err: 0.000000 %
  valid err: 0.460737 %
  test  err: 0.540865 %
t: 19.39
epoch 17, minibatch 390/390:
  train err: 0.000000 %
  valid err: 0.510817 %
  test  err: 0.560897 %
t: 20.72
epoch 18, minibatch 390/390:
  train err: 0.000000 %
  valid err: 0.470753 %
  test  err: 0.550881 %
t: 19.51
epoch 19, minibatch 390/390:
  train err: 0.000000 %
  valid err: 0.480769 %
  test  err: 0.560897 %
t: 20.9
epoch 20, minibatch 390/390:
  train err: 0.000000 %
  valid err: 0.470753 %
  test  err: 0.540865 %
t: 19.58
Optimization complete. Best valid score of 0.440705 % obtained at iteration 5070, epoch 13, with test performance 0.560897 %
